[18:11:55.553] [INFO   ] thread main starting.
[18:11:55.562] [SEVERE ] cannot read configuration file config.properties trying from resources.
[18:11:55.565] [SEVERE ] configuration file was loaded from resources directory.
[18:11:56.542] [INFO   ] thread dealer starting.
[18:11:56.544] [INFO   ] thread dealer starting.
[18:11:56.546] [INFO   ] thread player 0 starting.
[18:11:56.547] [INFO   ] thread player 1 starting.
[18:11:56.670] [SEVERE ] placing card 23 in slot 0
[18:11:56.778] [SEVERE ] placing card 4 in slot 1
[18:11:56.886] [SEVERE ] placing card 52 in slot 2
[18:11:56.996] [SEVERE ] placing card 69 in slot 3
[18:11:57.103] [SEVERE ] placing card 78 in slot 4
[18:11:57.211] [SEVERE ] placing card 68 in slot 5
[18:11:57.320] [SEVERE ] placing card 75 in slot 6
[18:11:57.428] [SEVERE ] placing card 72 in slot 7
[18:11:57.536] [SEVERE ] placing card 65 in slot 8
[18:11:57.644] [SEVERE ] placing card 10 in slot 9
[18:11:57.752] [SEVERE ] placing card 76 in slot 10
[18:11:57.861] [SEVERE ] placing card 6 in slot 11
[18:11:58.873] [SEVERE ] updating countdown to 58994
[18:11:59.883] [SEVERE ] updating countdown to 57984
[18:12:00.894] [SEVERE ] updating countdown to 56973
[18:12:01.895] [SEVERE ] updating countdown to 55972
[18:12:02.907] [SEVERE ] updating countdown to 54960
[18:12:03.917] [SEVERE ] updating countdown to 53950
[18:12:04.919] [SEVERE ] updating countdown to 52948
[18:12:05.930] [SEVERE ] updating countdown to 51937
[18:12:06.941] [SEVERE ] updating countdown to 50926
[18:12:07.944] [SEVERE ] updating countdown to 49923
[18:12:08.951] [SEVERE ] updating countdown to 48916
[18:12:09.964] [SEVERE ] updating countdown to 47903
[18:12:10.965] [SEVERE ] updating countdown to 46902
[18:12:11.977] [SEVERE ] updating countdown to 45890
[18:12:12.991] [SEVERE ] updating countdown to 44876
[18:12:14.005] [SEVERE ] updating countdown to 43862
[18:12:15.017] [SEVERE ] updating countdown to 42850
[18:12:16.028] [SEVERE ] updating countdown to 41839
[18:12:17.037] [SEVERE ] updating countdown to 40830
[18:12:18.044] [SEVERE ] updating countdown to 39823
[18:12:19.050] [SEVERE ] updating countdown to 38817
[18:12:19.226] [SEVERE ] key 81 was pressed by player 1
[18:12:19.226] [SEVERE ] player 1 placing token on slot 0
[18:12:20.051] [SEVERE ] updating countdown to 37816
[18:12:21.054] [SEVERE ] updating countdown to 36813
[18:12:21.353] [SEVERE ] key 70 was pressed by player 1
[18:12:21.353] [SEVERE ] player 1 placing token on slot 7
[18:12:21.921] [SEVERE ] key 70 was pressed by player 1
[18:12:21.921] [SEVERE ] removing player 1 token from slot 7
[18:12:22.066] [SEVERE ] updating countdown to 35801
[18:12:22.377] [SEVERE ] key 67 was pressed by player 1
[18:12:22.377] [SEVERE ] player 1 placing token on slot 10
[18:12:23.071] [SEVERE ] updating countdown to 34796
[18:12:23.098] [SEVERE ] key 67 was pressed by player 1
[18:12:23.098] [SEVERE ] removing player 1 token from slot 10
[18:12:23.481] [SEVERE ] key 86 was pressed by player 1
[18:12:23.482] [SEVERE ] player 1 placing token on slot 11
[18:12:24.081] [SEVERE ] updating countdown to 33786
[18:12:24.354] [SEVERE ] key 88 was pressed by player 1
[18:12:24.354] [SEVERE ] player 1 placing token on slot 9
[18:12:24.363] [SEVERE ] updating countdown to 33504
[18:12:25.375] [SEVERE ] updating countdown to 32492
[18:12:26.383] [SEVERE ] updating countdown to 31484
[18:12:26.505] [SEVERE ] key 88 was pressed by player 1
[18:12:26.505] [SEVERE ] removing player 1 token from slot 9
[18:12:27.397] [SEVERE ] updating countdown to 30470
[18:12:27.458] [SEVERE ] key 88 was pressed by player 1
[18:12:27.458] [SEVERE ] player 1 placing token on slot 9
[18:12:28.399] [SEVERE ] updating countdown to 29468
[18:12:29.413] [SEVERE ] updating countdown to 28454
[18:12:30.414] [SEVERE ] updating countdown to 27453
[18:12:31.423] [SEVERE ] updating countdown to 26444
[18:12:32.433] [SEVERE ] updating countdown to 25434
[18:12:33.443] [SEVERE ] updating countdown to 24424
[18:12:34.451] [SEVERE ] updating countdown to 23416
[18:12:35.460] [SEVERE ] updating countdown to 22407
[18:12:36.471] [SEVERE ] updating countdown to 21396
[18:12:37.482] [SEVERE ] updating countdown to 20385
[18:12:38.496] [SEVERE ] updating countdown to 19371
[18:12:39.507] [SEVERE ] updating countdown to 18360
[18:12:40.517] [SEVERE ] updating countdown to 17350
[18:12:41.529] [SEVERE ] updating countdown to 16339
[18:12:42.536] [SEVERE ] updating countdown to 15331
[18:12:43.550] [SEVERE ] updating countdown to 14317
[18:12:44.562] [SEVERE ] updating countdown to 13305
[18:12:45.573] [SEVERE ] updating countdown to 12294
[18:12:46.582] [SEVERE ] updating countdown to 11285
[18:12:47.596] [SEVERE ] updating countdown to 10271
[18:12:48.606] [SEVERE ] updating countdown to 9261
[18:12:49.615] [SEVERE ] updating countdown to 8252
[18:12:50.626] [SEVERE ] updating countdown to 7241
[18:12:51.635] [SEVERE ] updating countdown to 6232
[18:12:52.645] [SEVERE ] updating countdown to 5222
[18:12:58.857] [SEVERE ] updating countdown to 60000
[18:12:58.964] [SEVERE ] removing card from slot 0
[18:12:59.070] [SEVERE ] removing card from slot 1
[18:12:59.177] [SEVERE ] removing card from slot 2
[18:12:59.284] [SEVERE ] removing card from slot 3
[18:12:59.391] [SEVERE ] removing card from slot 4
[18:12:59.501] [SEVERE ] removing card from slot 5
[18:12:59.611] [SEVERE ] removing card from slot 6
[18:12:59.721] [SEVERE ] removing card from slot 7
[18:12:59.831] [SEVERE ] removing card from slot 8
[18:12:59.941] [SEVERE ] removing card from slot 9
[18:13:00.051] [SEVERE ] removing card from slot 10
[18:13:00.158] [SEVERE ] removing card from slot 11
[18:13:00.264] [SEVERE ] placing card 52 in slot 0
[18:13:00.372] [SEVERE ] placing card 71 in slot 1
[18:13:00.482] [SEVERE ] placing card 78 in slot 2
[18:13:00.590] [SEVERE ] placing card 51 in slot 3
[18:13:00.698] [SEVERE ] placing card 12 in slot 4
[18:13:00.806] [SEVERE ] placing card 75 in slot 5
[18:13:00.913] [SEVERE ] placing card 13 in slot 6
[18:13:01.021] [SEVERE ] placing card 54 in slot 7
[18:13:01.128] [SEVERE ] placing card 37 in slot 8
[18:13:01.238] [SEVERE ] placing card 44 in slot 9
[18:13:01.346] [SEVERE ] placing card 35 in slot 10
[18:13:01.456] [SEVERE ] placing card 38 in slot 11
[18:13:02.464] [SEVERE ] updating countdown to 58994
[18:13:03.471] [SEVERE ] updating countdown to 57987
[18:13:04.482] [SEVERE ] updating countdown to 56976
[18:13:05.493] [SEVERE ] updating countdown to 55965
[18:13:06.502] [SEVERE ] updating countdown to 54956
[18:13:07.512] [SEVERE ] updating countdown to 53946
[18:13:08.520] [SEVERE ] updating countdown to 52938
[18:13:09.530] [SEVERE ] updating countdown to 51928
[18:13:10.535] [SEVERE ] updating countdown to 50923
[18:13:11.544] [SEVERE ] updating countdown to 49914
[18:13:12.545] [SEVERE ] updating countdown to 48913
[18:13:13.556] [SEVERE ] updating countdown to 47902
[18:13:14.570] [SEVERE ] updating countdown to 46888
[18:13:15.402] [SEVERE ] key 65 was pressed by player 1
[18:13:15.584] [SEVERE ] updating countdown to 45874
[18:13:16.097] [SEVERE ] key 65 was pressed by player 1
[18:13:16.599] [SEVERE ] updating countdown to 44859
[18:13:16.922] [SEVERE ] key 81 was pressed by player 1
[18:13:16.922] [SEVERE ] removing player 1 token from slot 0
[18:13:17.611] [SEVERE ] updating countdown to 43847
[18:13:18.027] [SEVERE ] key 83 was pressed by player 1
[18:13:18.027] [SEVERE ] player 1 placing token on slot 5
[18:13:18.553] [SEVERE ] key 83 was pressed by player 1
[18:13:18.553] [SEVERE ] removing player 1 token from slot 5
[18:13:18.614] [SEVERE ] updating countdown to 42844
[18:13:18.810] [SEVERE ] key 65 was pressed by player 1
[18:13:18.810] [SEVERE ] player 1 placing token on slot 4
[18:13:19.622] [SEVERE ] updating countdown to 41836
[18:13:20.636] [SEVERE ] updating countdown to 40822
[18:13:21.161] [SEVERE ] key 65 was pressed by player 1
[18:13:21.161] [SEVERE ] removing player 1 token from slot 4
[18:13:21.646] [SEVERE ] updating countdown to 39812
[18:13:21.722] [SEVERE ] key 67 was pressed by player 1
[18:13:21.722] [SEVERE ] player 1 placing token on slot 10
[18:13:22.121] [SEVERE ] key 67 was pressed by player 1
[18:13:22.122] [SEVERE ] removing player 1 token from slot 10
[18:13:22.656] [SEVERE ] updating countdown to 38802
[18:13:23.097] [SEVERE ] key 86 was pressed by player 1
[18:13:23.097] [SEVERE ] removing player 1 token from slot 11
[18:13:23.553] [SEVERE ] key 86 was pressed by player 1
[18:13:23.553] [SEVERE ] player 1 placing token on slot 11
[18:13:23.669] [SEVERE ] updating countdown to 37789
[18:13:23.857] [SEVERE ] key 67 was pressed by player 1
[18:13:23.857] [SEVERE ] player 1 placing token on slot 10
[18:13:24.322] [SEVERE ] key 88 was pressed by player 1
[18:13:24.322] [SEVERE ] removing player 1 token from slot 9
[18:13:24.675] [SEVERE ] updating countdown to 36783
[18:13:24.817] [SEVERE ] key 88 was pressed by player 1
[18:13:24.817] [SEVERE ] player 1 placing token on slot 9
[18:13:25.313] [SEVERE ] key 68 was pressed by player 1
[18:13:25.684] [SEVERE ] updating countdown to 35774
[18:13:25.745] [SEVERE ] key 83 was pressed by player 1
[18:13:26.074] [SEVERE ] key 65 was pressed by player 1
[18:13:26.685] [SEVERE ] updating countdown to 34773
[18:13:27.529] [SEVERE ] key 88 was pressed by player 1
[18:13:27.529] [SEVERE ] removing player 1 token from slot 9
[18:13:27.698] [SEVERE ] updating countdown to 33760
[18:13:27.866] [SEVERE ] key 67 was pressed by player 1
[18:13:27.866] [SEVERE ] removing player 1 token from slot 10
[18:13:28.193] [SEVERE ] key 86 was pressed by player 1
[18:13:28.193] [SEVERE ] removing player 1 token from slot 11
[18:13:28.705] [SEVERE ] updating countdown to 32753
[18:13:29.716] [SEVERE ] updating countdown to 31742
[18:13:30.724] [SEVERE ] updating countdown to 30734
[18:13:31.733] [SEVERE ] updating countdown to 29725
[18:13:32.744] [SEVERE ] updating countdown to 28714
[18:13:33.752] [SEVERE ] updating countdown to 27706
[18:13:34.765] [SEVERE ] updating countdown to 26693
[18:13:35.766] [SEVERE ] updating countdown to 25692
[18:13:36.772] [SEVERE ] updating countdown to 24686
[18:13:37.782] [SEVERE ] updating countdown to 23676
[18:13:38.783] [SEVERE ] updating countdown to 22675
[18:13:39.798] [SEVERE ] updating countdown to 21660
[18:13:40.810] [SEVERE ] updating countdown to 20648
[18:13:41.822] [SEVERE ] updating countdown to 19636
[18:13:42.825] [SEVERE ] updating countdown to 18633
[18:13:43.828] [SEVERE ] updating countdown to 17630
[18:13:44.831] [SEVERE ] updating countdown to 16627
[18:13:45.840] [SEVERE ] updating countdown to 15618
[18:13:46.848] [SEVERE ] updating countdown to 14610
[18:13:47.859] [SEVERE ] updating countdown to 13599
[18:13:48.873] [SEVERE ] updating countdown to 12585
[18:13:49.878] [SEVERE ] updating countdown to 11580
[18:13:50.887] [SEVERE ] updating countdown to 10571
[18:13:51.891] [SEVERE ] updating countdown to 9567
[18:13:52.902] [SEVERE ] updating countdown to 8556
[18:13:53.912] [SEVERE ] updating countdown to 7546
[18:13:54.919] [SEVERE ] updating countdown to 6539
[18:13:55.931] [SEVERE ] updating countdown to 5527
[18:14:01.982] [SEVERE ] updating countdown to 60000
[18:14:02.092] [SEVERE ] removing card from slot 0
[18:14:02.200] [SEVERE ] removing card from slot 1
[18:14:02.309] [SEVERE ] removing card from slot 2
[18:14:02.415] [SEVERE ] removing card from slot 3
[18:14:02.524] [SEVERE ] removing card from slot 4
[18:14:02.633] [SEVERE ] removing card from slot 5
[18:14:02.740] [SEVERE ] removing card from slot 6
[18:14:02.848] [SEVERE ] removing card from slot 7
[18:14:02.957] [SEVERE ] removing card from slot 8
[18:14:03.065] [SEVERE ] removing card from slot 9
[18:14:03.174] [SEVERE ] removing card from slot 10
[18:14:03.283] [SEVERE ] removing card from slot 11
[18:14:03.391] [SEVERE ] placing card 33 in slot 0
[18:14:03.501] [SEVERE ] placing card 18 in slot 1
[18:14:03.610] [SEVERE ] placing card 36 in slot 2
[18:14:03.718] [SEVERE ] placing card 21 in slot 3
[18:14:03.827] [SEVERE ] placing card 69 in slot 4
[18:14:03.937] [SEVERE ] placing card 40 in slot 5
[18:14:04.043] [SEVERE ] placing card 25 in slot 6
[18:14:04.149] [SEVERE ] placing card 63 in slot 7
[18:14:04.256] [SEVERE ] placing card 29 in slot 8
[18:14:04.363] [SEVERE ] placing card 60 in slot 9
[18:14:04.473] [SEVERE ] placing card 54 in slot 10
[18:14:04.583] [SEVERE ] placing card 41 in slot 11
[18:14:05.592] [SEVERE ] updating countdown to 58992
[18:14:06.600] [SEVERE ] updating countdown to 57984
[18:14:07.607] [SEVERE ] updating countdown to 56977
[18:14:08.611] [SEVERE ] updating countdown to 55973
[18:14:09.626] [SEVERE ] updating countdown to 54958
[18:14:10.640] [SEVERE ] updating countdown to 53944
[18:14:11.651] [SEVERE ] updating countdown to 52933
[18:14:12.658] [SEVERE ] updating countdown to 51926
[18:14:13.667] [SEVERE ] updating countdown to 50917
[18:14:14.676] [SEVERE ] updating countdown to 49908
[18:14:15.690] [SEVERE ] updating countdown to 48894
[18:14:16.698] [SEVERE ] updating countdown to 47886
[18:14:16.905] [SEVERE ] key 87 was pressed by player 1
[18:14:16.905] [SEVERE ] player 1 placing token on slot 1
[18:14:17.709] [SEVERE ] updating countdown to 46875
[18:14:18.715] [SEVERE ] updating countdown to 45869
[18:14:19.257] [SEVERE ] key 69 was pressed by player 1
[18:14:19.257] [SEVERE ] player 1 placing token on slot 2
[18:14:19.730] [SEVERE ] updating countdown to 44854
[18:14:20.741] [SEVERE ] updating countdown to 43843
[18:14:21.751] [SEVERE ] updating countdown to 42833
[18:14:22.506] [SEVERE ] key 86 was pressed by player 1
[18:14:22.506] [SEVERE ] player 1 placing token on slot 11
[18:14:22.757] [SEVERE ] updating countdown to 41827
[18:14:23.137] [SEVERE ] key 86 was pressed by player 1
[18:14:23.138] [SEVERE ] removing player 1 token from slot 11
[18:14:23.641] [SEVERE ] key 67 was pressed by player 1
[18:14:23.641] [SEVERE ] player 1 placing token on slot 10
[18:14:23.765] [SEVERE ] updating countdown to 40819
[18:14:24.775] [SEVERE ] updating countdown to 39809
[18:14:25.778] [SEVERE ] updating countdown to 38806
[18:14:26.789] [SEVERE ] updating countdown to 37795
[18:14:27.792] [SEVERE ] updating countdown to 36792
[18:14:28.798] [SEVERE ] updating countdown to 35786
[18:14:29.809] [SEVERE ] updating countdown to 34775
[18:14:30.819] [SEVERE ] updating countdown to 33765
[18:14:31.826] [SEVERE ] updating countdown to 32758
[18:14:32.832] [SEVERE ] updating countdown to 31752
[18:14:33.836] [SEVERE ] updating countdown to 30748
[18:14:34.845] [SEVERE ] updating countdown to 29739
[18:14:35.859] [SEVERE ] updating countdown to 28725
[18:14:36.868] [SEVERE ] updating countdown to 27716
[18:14:37.871] [SEVERE ] updating countdown to 26713
[18:14:38.880] [SEVERE ] updating countdown to 25704
[18:14:39.521] [SEVERE ] key 87 was pressed by player 1
[18:14:39.521] [SEVERE ] removing player 1 token from slot 1
[18:14:39.886] [SEVERE ] updating countdown to 24698
[18:14:39.896] [SEVERE ] key 69 was pressed by player 1
[18:14:39.896] [SEVERE ] removing player 1 token from slot 2
[18:14:40.265] [SEVERE ] key 67 was pressed by player 1
[18:14:40.265] [SEVERE ] removing player 1 token from slot 10
[18:14:40.890] [SEVERE ] updating countdown to 23694
[18:14:41.894] [SEVERE ] updating countdown to 22690
[18:14:42.904] [SEVERE ] updating countdown to 21680
[18:14:43.908] [SEVERE ] updating countdown to 20676
[18:14:44.915] [SEVERE ] updating countdown to 19669
[18:14:45.918] [SEVERE ] updating countdown to 18666
[18:14:46.928] [SEVERE ] updating countdown to 17656
[18:14:47.934] [SEVERE ] updating countdown to 16650
[18:14:48.946] [SEVERE ] updating countdown to 15638
[18:14:49.956] [SEVERE ] updating countdown to 14628
[18:14:50.969] [SEVERE ] updating countdown to 13615
[18:14:51.981] [SEVERE ] updating countdown to 12603
[18:14:52.987] [SEVERE ] updating countdown to 11597
[18:14:53.997] [SEVERE ] updating countdown to 10587
[18:14:55.002] [SEVERE ] updating countdown to 9582
[18:14:56.010] [SEVERE ] updating countdown to 8574
[18:14:57.019] [SEVERE ] updating countdown to 7565
[18:14:58.031] [SEVERE ] updating countdown to 6553
[18:14:59.034] [SEVERE ] updating countdown to 5550
[18:15:05.081] [SEVERE ] updating countdown to 60000
[18:15:05.188] [SEVERE ] removing card from slot 0
[18:15:05.294] [SEVERE ] removing card from slot 1
[18:15:05.400] [SEVERE ] removing card from slot 2
[18:15:05.508] [SEVERE ] removing card from slot 3
[18:15:05.618] [SEVERE ] removing card from slot 4
[18:15:05.728] [SEVERE ] removing card from slot 5
[18:15:05.838] [SEVERE ] removing card from slot 6
[18:15:05.948] [SEVERE ] removing card from slot 7
[18:15:06.058] [SEVERE ] removing card from slot 8
[18:15:06.168] [SEVERE ] removing card from slot 9
[18:15:06.276] [SEVERE ] removing card from slot 10
[18:15:06.383] [SEVERE ] removing card from slot 11
[18:15:06.492] [SEVERE ] placing card 26 in slot 0
[18:15:06.601] [SEVERE ] placing card 46 in slot 1
[18:15:06.709] [SEVERE ] placing card 71 in slot 2
[18:15:06.819] [SEVERE ] placing card 58 in slot 3
[18:15:06.926] [SEVERE ] placing card 15 in slot 4
[18:15:07.035] [SEVERE ] placing card 53 in slot 5
[18:15:07.144] [SEVERE ] placing card 24 in slot 6
[18:15:07.252] [SEVERE ] placing card 39 in slot 7
[18:15:07.360] [SEVERE ] placing card 62 in slot 8
[18:15:07.469] [SEVERE ] placing card 6 in slot 9
[18:15:07.577] [SEVERE ] placing card 66 in slot 10
[18:15:07.684] [SEVERE ] placing card 1 in slot 11
[18:15:08.687] [SEVERE ] updating countdown to 58998
[18:15:09.694] [SEVERE ] updating countdown to 57991
[18:15:10.708] [SEVERE ] updating countdown to 56977
[18:15:11.720] [SEVERE ] updating countdown to 55965
[18:15:12.732] [SEVERE ] updating countdown to 54953
[18:15:13.738] [SEVERE ] updating countdown to 53947
[18:15:14.739] [SEVERE ] updating countdown to 52946
[18:15:15.752] [SEVERE ] updating countdown to 51933
[18:15:16.761] [SEVERE ] updating countdown to 50924
[18:15:17.771] [SEVERE ] updating countdown to 49914
[18:15:18.778] [SEVERE ] updating countdown to 48907
[18:15:19.178] [SEVERE ] key 83 was pressed by player 1
[18:15:19.178] [SEVERE ] player 1 placing token on slot 5
[18:15:19.786] [SEVERE ] updating countdown to 47899
[18:15:20.657] [SEVERE ] key 86 was pressed by player 1
[18:15:20.657] [SEVERE ] player 1 placing token on slot 11
[18:15:20.797] [SEVERE ] updating countdown to 46888
[18:15:21.618] [SEVERE ] key 67 was pressed by player 1
[18:15:21.618] [SEVERE ] player 1 placing token on slot 10
[18:15:21.810] [SEVERE ] updating countdown to 45875
[18:15:22.821] [SEVERE ] updating countdown to 44864
[18:15:23.828] [SEVERE ] updating countdown to 43857
[18:15:24.831] [SEVERE ] updating countdown to 42854
[18:15:25.832] [SEVERE ] updating countdown to 41853
[18:15:26.841] [SEVERE ] updating countdown to 40844
[18:15:27.855] [SEVERE ] updating countdown to 39830
[18:15:28.857] [SEVERE ] updating countdown to 38828
[18:15:29.865] [SEVERE ] updating countdown to 37820
[18:15:30.869] [SEVERE ] updating countdown to 36816
[18:15:31.876] [SEVERE ] updating countdown to 35809
[18:15:32.886] [SEVERE ] updating countdown to 34799
[18:15:33.892] [SEVERE ] updating countdown to 33793
[18:15:34.902] [SEVERE ] updating countdown to 32783
[18:15:35.910] [SEVERE ] updating countdown to 31775
[18:15:36.918] [SEVERE ] updating countdown to 30767
[18:15:37.926] [SEVERE ] updating countdown to 29759
[18:15:38.940] [SEVERE ] updating countdown to 28745
[18:15:39.944] [SEVERE ] updating countdown to 27741
[18:15:40.955] [SEVERE ] updating countdown to 26730
[18:15:41.968] [SEVERE ] updating countdown to 25717
[18:15:42.983] [SEVERE ] updating countdown to 24702
[18:15:43.990] [SEVERE ] updating countdown to 23695
[18:15:44.997] [SEVERE ] updating countdown to 22688
[18:15:46.010] [SEVERE ] updating countdown to 21675
[18:15:47.023] [SEVERE ] updating countdown to 20662
[18:15:48.033] [SEVERE ] updating countdown to 19652
[18:15:49.046] [SEVERE ] updating countdown to 18639
[18:15:50.060] [SEVERE ] updating countdown to 17625
[18:15:51.072] [SEVERE ] updating countdown to 16613
[18:15:52.082] [SEVERE ] updating countdown to 15603
[18:15:53.092] [SEVERE ] updating countdown to 14593
[18:15:54.100] [SEVERE ] updating countdown to 13585
[18:15:55.104] [SEVERE ] updating countdown to 12581
[18:15:56.114] [SEVERE ] updating countdown to 11571
[18:15:57.118] [SEVERE ] updating countdown to 10567
[18:15:58.127] [SEVERE ] updating countdown to 9558
[18:15:59.134] [SEVERE ] updating countdown to 8551
[18:16:00.139] [SEVERE ] updating countdown to 7546
[18:16:01.148] [SEVERE ] updating countdown to 6537
[18:16:02.154] [SEVERE ] updating countdown to 5531
[18:16:08.211] [SEVERE ] updating countdown to 60000
[18:16:08.320] [SEVERE ] removing card from slot 0
[18:16:08.428] [SEVERE ] removing card from slot 1
[18:16:08.536] [SEVERE ] removing card from slot 2
[18:16:08.643] [SEVERE ] removing card from slot 3
[18:16:08.752] [SEVERE ] removing card from slot 4
[18:16:08.861] [SEVERE ] removing card from slot 5
[18:16:08.970] [SEVERE ] removing card from slot 6
[18:16:09.079] [SEVERE ] removing card from slot 7
[18:16:09.188] [SEVERE ] removing card from slot 8
[18:16:09.295] [SEVERE ] removing card from slot 9
[18:16:09.404] [SEVERE ] removing card from slot 10
[18:16:09.512] [SEVERE ] removing card from slot 11
[18:16:09.622] [SEVERE ] placing card 60 in slot 0
[18:16:09.731] [SEVERE ] placing card 34 in slot 1
[18:16:09.840] [SEVERE ] placing card 39 in slot 2
[18:16:09.949] [SEVERE ] placing card 14 in slot 3
[18:16:10.056] [SEVERE ] placing card 13 in slot 4
[18:16:10.165] [SEVERE ] placing card 72 in slot 5
[18:16:10.273] [SEVERE ] placing card 7 in slot 6
[18:16:10.382] [SEVERE ] placing card 11 in slot 7
[18:16:10.492] [SEVERE ] placing card 37 in slot 8
[18:16:10.600] [SEVERE ] placing card 59 in slot 9
[18:16:10.710] [SEVERE ] placing card 23 in slot 10
[18:16:10.818] [SEVERE ] placing card 67 in slot 11
[18:16:11.824] [SEVERE ] updating countdown to 58995
[18:16:12.830] [SEVERE ] updating countdown to 57989
[18:16:13.840] [SEVERE ] updating countdown to 56979
[18:16:14.847] [SEVERE ] updating countdown to 55972
[18:16:15.861] [SEVERE ] updating countdown to 54958
[18:16:16.862] [SEVERE ] updating countdown to 53957
[18:16:17.869] [SEVERE ] updating countdown to 52950
[18:16:18.881] [SEVERE ] updating countdown to 51938
[18:16:19.891] [SEVERE ] updating countdown to 50928
[18:16:20.906] [SEVERE ] updating countdown to 49913
[18:16:21.917] [SEVERE ] updating countdown to 48902
[18:16:22.926] [SEVERE ] updating countdown to 47893
[18:16:23.650] [SEVERE ] key 82 was pressed by player 1
[18:16:23.932] [SEVERE ] updating countdown to 46887
[18:16:24.393] [SEVERE ] key 82 was pressed by player 1
[18:16:24.946] [SEVERE ] updating countdown to 45873
[18:16:25.913] [SEVERE ] key 86 was pressed by player 1
[18:16:25.913] [SEVERE ] removing player 1 token from slot 11
[18:16:25.951] [SEVERE ] updating countdown to 44868
[18:16:26.322] [SEVERE ] key 67 was pressed by player 1
[18:16:26.322] [SEVERE ] removing player 1 token from slot 10
[18:16:26.778] [SEVERE ] key 83 was pressed by player 1
[18:16:26.778] [SEVERE ] removing player 1 token from slot 5
[18:16:26.958] [SEVERE ] updating countdown to 43861
[18:16:27.969] [SEVERE ] updating countdown to 42850
[18:16:28.313] [SEVERE ] key 70 was pressed by player 1
[18:16:28.313] [SEVERE ] player 1 placing token on slot 7
[18:16:28.713] [SEVERE ] key 70 was pressed by player 1
[18:16:28.714] [SEVERE ] removing player 1 token from slot 7
[18:16:28.975] [SEVERE ] updating countdown to 41844
[18:16:29.200] [SEVERE ] key 69 was pressed by player 1
[18:16:29.201] [SEVERE ] player 1 placing token on slot 2
[18:16:29.989] [SEVERE ] updating countdown to 40830
[18:16:30.999] [SEVERE ] updating countdown to 39820
[18:16:31.305] [SEVERE ] key 82 was pressed by player 1
[18:16:31.305] [SEVERE ] player 1 placing token on slot 3
[18:16:32.008] [SEVERE ] updating countdown to 38811
[18:16:33.014] [SEVERE ] updating countdown to 37805
[18:16:34.021] [SEVERE ] updating countdown to 36798
[18:16:34.544] [SEVERE ] key 82 was pressed by player 1
[18:16:34.545] [SEVERE ] removing player 1 token from slot 3
[18:16:34.800] [SEVERE ] key 69 was pressed by player 1
[18:16:34.801] [SEVERE ] removing player 1 token from slot 2
[18:16:35.032] [SEVERE ] updating countdown to 35787
[18:16:36.038] [SEVERE ] updating countdown to 34781
[18:16:37.046] [SEVERE ] updating countdown to 33773
[18:16:38.047] [SEVERE ] updating countdown to 32772
[18:16:39.054] [SEVERE ] updating countdown to 31765
[18:16:40.060] [SEVERE ] updating countdown to 30759
[18:16:41.063] [SEVERE ] updating countdown to 29756
[18:16:42.074] [SEVERE ] updating countdown to 28745
[18:16:43.088] [SEVERE ] updating countdown to 27731
[18:16:44.095] [SEVERE ] updating countdown to 26724
[18:16:45.104] [SEVERE ] updating countdown to 25715
[18:16:46.112] [SEVERE ] updating countdown to 24707
[18:16:47.124] [SEVERE ] updating countdown to 23695
[18:16:48.134] [SEVERE ] updating countdown to 22685
[18:16:49.146] [SEVERE ] updating countdown to 21673
[18:16:50.148] [SEVERE ] updating countdown to 20671
[18:16:51.159] [SEVERE ] updating countdown to 19660
[18:16:52.159] [SEVERE ] updating countdown to 18660
[18:16:53.169] [SEVERE ] updating countdown to 17650
[18:16:54.183] [SEVERE ] updating countdown to 16636
[18:16:55.190] [SEVERE ] updating countdown to 15629
[18:16:56.198] [SEVERE ] updating countdown to 14621
[18:16:57.207] [SEVERE ] updating countdown to 13612
[18:16:57.376] [SEVERE ] key 69 was pressed by player 1
[18:16:57.378] [SEVERE ] player 1 placing token on slot 2
[18:16:57.921] [SEVERE ] key 69 was pressed by player 1
[18:16:57.921] [SEVERE ] removing player 1 token from slot 2
[18:16:58.217] [SEVERE ] updating countdown to 12602
[18:16:58.305] [SEVERE ] key 87 was pressed by player 1
[18:16:58.305] [SEVERE ] player 1 placing token on slot 1
[18:16:58.906] [SEVERE ] key 81 was pressed by player 1
[18:16:58.906] [SEVERE ] player 1 placing token on slot 0
[18:16:59.223] [SEVERE ] updating countdown to 11596
[18:17:00.236] [SEVERE ] updating countdown to 10583
[18:17:01.245] [SEVERE ] updating countdown to 9574
[18:17:02.252] [SEVERE ] updating countdown to 8567
[18:17:03.258] [SEVERE ] updating countdown to 7561
[18:17:04.261] [SEVERE ] updating countdown to 6558
[18:17:05.274] [SEVERE ] updating countdown to 5545
[18:17:11.331] [SEVERE ] updating countdown to 60000
[18:17:11.441] [SEVERE ] removing card from slot 0
[18:17:11.548] [SEVERE ] removing card from slot 1
[18:17:11.658] [SEVERE ] removing card from slot 2
[18:17:11.767] [SEVERE ] removing card from slot 3
[18:17:11.875] [SEVERE ] removing card from slot 4
[18:17:11.983] [SEVERE ] removing card from slot 5
[18:17:12.091] [SEVERE ] removing card from slot 6
[18:17:12.200] [SEVERE ] removing card from slot 7
[18:17:12.310] [SEVERE ] removing card from slot 8
[18:17:12.417] [SEVERE ] removing card from slot 9
[18:17:12.524] [SEVERE ] removing card from slot 10
[18:17:12.631] [SEVERE ] removing card from slot 11
[18:17:12.740] [SEVERE ] placing card 70 in slot 0
[18:17:12.849] [SEVERE ] placing card 57 in slot 1
[18:17:12.958] [SEVERE ] placing card 37 in slot 2
[18:17:13.067] [SEVERE ] placing card 68 in slot 3
[18:17:13.175] [SEVERE ] placing card 20 in slot 4
[18:17:13.284] [SEVERE ] placing card 41 in slot 5
[18:17:13.394] [SEVERE ] placing card 58 in slot 6
[18:17:13.504] [SEVERE ] placing card 56 in slot 7
[18:17:13.613] [SEVERE ] placing card 49 in slot 8
[18:17:13.724] [SEVERE ] placing card 19 in slot 9
[18:17:13.830] [SEVERE ] placing card 34 in slot 10
[18:17:13.937] [SEVERE ] placing card 32 in slot 11
[18:17:14.948] [SEVERE ] updating countdown to 58989
[18:17:15.959] [SEVERE ] updating countdown to 57978
[18:17:16.969] [SEVERE ] updating countdown to 56968
[18:17:17.977] [SEVERE ] updating countdown to 55960
[18:17:18.849] [SEVERE ] key 69 was pressed by player 1
[18:17:18.849] [SEVERE ] player 1 placing token on slot 2
[18:17:18.982] [SEVERE ] updating countdown to 54955
[18:17:19.688] [SEVERE ] key 69 was pressed by player 1
[18:17:19.689] [SEVERE ] removing player 1 token from slot 2
[18:17:19.961] [SEVERE ] key 87 was pressed by player 1
[18:17:19.961] [SEVERE ] removing player 1 token from slot 1
[18:17:19.992] [SEVERE ] updating countdown to 53945
[18:17:20.321] [SEVERE ] key 81 was pressed by player 1
[18:17:20.321] [SEVERE ] removing player 1 token from slot 0
[18:17:20.857] [SEVERE ] key 69 was pressed by player 1
[18:17:20.857] [SEVERE ] player 1 placing token on slot 2
[18:17:21.004] [SEVERE ] updating countdown to 52933
[18:17:22.015] [SEVERE ] updating countdown to 51922
[18:17:23.023] [SEVERE ] updating countdown to 50914
[18:17:24.036] [SEVERE ] updating countdown to 49901
[18:17:25.047] [SEVERE ] updating countdown to 48890
[18:17:26.058] [SEVERE ] updating countdown to 47879
[18:17:26.979] [SEVERE ] key 88 was pressed by player 1
[18:17:26.979] [SEVERE ] player 1 placing token on slot 9
[18:17:27.069] [SEVERE ] updating countdown to 46868
[18:17:27.448] [SEVERE ] key 88 was pressed by player 1
[18:17:27.449] [SEVERE ] removing player 1 token from slot 9
[18:17:27.721] [SEVERE ] key 90 was pressed by player 1
[18:17:27.721] [SEVERE ] player 1 placing token on slot 8
[18:17:28.076] [SEVERE ] updating countdown to 45861
[18:17:29.088] [SEVERE ] updating countdown to 44849
[18:17:30.098] [SEVERE ] updating countdown to 43839
[18:17:30.240] [SEVERE ] key 67 was pressed by player 1
[18:17:30.240] [SEVERE ] player 1 placing token on slot 10
[18:17:31.108] [SEVERE ] updating countdown to 42829
[18:17:32.109] [SEVERE ] updating countdown to 41828
[18:17:33.111] [SEVERE ] updating countdown to 40826
[18:17:34.124] [SEVERE ] updating countdown to 39813
[18:17:35.129] [SEVERE ] updating countdown to 38808
[18:17:36.134] [SEVERE ] updating countdown to 37803
[18:17:37.142] [SEVERE ] updating countdown to 36795
[18:17:38.156] [SEVERE ] updating countdown to 35781
[18:17:39.159] [SEVERE ] updating countdown to 34778
[18:17:40.170] [SEVERE ] updating countdown to 33767
[18:17:41.183] [SEVERE ] updating countdown to 32754
[18:17:42.190] [SEVERE ] updating countdown to 31747
[18:17:43.193] [SEVERE ] updating countdown to 30744
[18:17:44.196] [SEVERE ] updating countdown to 29741
[18:17:45.200] [SEVERE ] updating countdown to 28737
[18:17:46.209] [SEVERE ] updating countdown to 27728
[18:17:47.220] [SEVERE ] updating countdown to 26717
[18:17:48.232] [SEVERE ] updating countdown to 25705
[18:17:49.245] [SEVERE ] updating countdown to 24692
[18:17:50.255] [SEVERE ] updating countdown to 23682
[18:17:51.266] [SEVERE ] updating countdown to 22671
[18:17:52.268] [SEVERE ] updating countdown to 21669
[18:17:53.279] [SEVERE ] updating countdown to 20658
[18:17:54.285] [SEVERE ] updating countdown to 19652
[18:17:55.297] [SEVERE ] updating countdown to 18640
[18:17:56.303] [SEVERE ] updating countdown to 17634
[18:17:57.312] [SEVERE ] updating countdown to 16625
[18:17:58.324] [SEVERE ] updating countdown to 15613
[18:17:59.333] [SEVERE ] updating countdown to 14604
[18:18:00.339] [SEVERE ] updating countdown to 13598
[18:18:01.353] [SEVERE ] updating countdown to 12584
[18:18:02.363] [SEVERE ] updating countdown to 11574
[18:18:03.373] [SEVERE ] updating countdown to 10564
[18:18:04.387] [SEVERE ] updating countdown to 9550
[18:18:05.395] [SEVERE ] updating countdown to 8542
[18:18:06.402] [SEVERE ] updating countdown to 7535
[18:18:07.413] [SEVERE ] updating countdown to 6524
[18:18:08.420] [SEVERE ] updating countdown to 5517
[18:18:14.474] [SEVERE ] updating countdown to 60000
[18:18:14.582] [SEVERE ] removing card from slot 0
[18:18:14.691] [SEVERE ] removing card from slot 1
[18:18:14.801] [SEVERE ] removing card from slot 2
[18:18:14.911] [SEVERE ] removing card from slot 3
[18:18:15.019] [SEVERE ] removing card from slot 4
[18:18:15.128] [SEVERE ] removing card from slot 5
[18:18:15.235] [SEVERE ] removing card from slot 6
[18:18:15.297] [SEVERE ] key 90 was pressed by player 1
[18:18:15.297] [SEVERE ] removing player 1 token from slot 8
[18:18:15.344] [SEVERE ] removing card from slot 7
[18:18:15.449] [SEVERE ] removing card from slot 8
[18:18:15.558] [SEVERE ] removing card from slot 9
[18:18:15.666] [SEVERE ] removing card from slot 10
[18:18:15.773] [SEVERE ] removing card from slot 11
[18:18:15.882] [SEVERE ] placing card 3 in slot 0
[18:18:15.990] [SEVERE ] placing card 37 in slot 1
[18:18:16.101] [SEVERE ] placing card 32 in slot 2
[18:18:16.211] [SEVERE ] placing card 25 in slot 3
[18:18:16.249] [SEVERE ] key 86 was pressed by player 1
[18:18:16.249] [SEVERE ] player 1 placing token on slot 11
[18:18:16.320] [SEVERE ] placing card 66 in slot 4
[18:18:16.428] [SEVERE ] placing card 28 in slot 5
[18:18:16.538] [SEVERE ] placing card 34 in slot 6
[18:18:16.646] [SEVERE ] placing card 71 in slot 7
[18:18:16.756] [SEVERE ] placing card 77 in slot 8
[18:18:16.863] [SEVERE ] placing card 57 in slot 9
[18:18:16.973] [SEVERE ] placing card 45 in slot 10
[18:18:17.009] [SEVERE ] key 67 was pressed by player 1
[18:18:17.009] [SEVERE ] removing player 1 token from slot 10
[18:18:17.081] [SEVERE ] placing card 8 in slot 11
[18:18:17.864] [SEVERE ] key 86 was pressed by player 1
[18:18:17.864] [SEVERE ] removing player 1 token from slot 11
[18:18:18.095] [SEVERE ] updating countdown to 58986
[18:18:19.109] [SEVERE ] updating countdown to 57972
[18:18:19.273] [SEVERE ] key 82 was pressed by player 1
[18:18:19.273] [SEVERE ] player 1 placing token on slot 3
[18:18:19.688] [SEVERE ] key 82 was pressed by player 1
[18:18:19.688] [SEVERE ] removing player 1 token from slot 3
[18:18:20.119] [SEVERE ] updating countdown to 56962
[18:18:20.241] [SEVERE ] key 69 was pressed by player 1
[18:18:20.241] [SEVERE ] removing player 1 token from slot 2
[18:18:21.132] [SEVERE ] updating countdown to 55949
[18:18:22.145] [SEVERE ] updating countdown to 54936
[18:18:23.151] [SEVERE ] updating countdown to 53930
[18:18:24.162] [SEVERE ] updating countdown to 52919
[18:18:25.173] [SEVERE ] updating countdown to 51908
[18:18:26.187] [SEVERE ] updating countdown to 50894
[18:18:27.200] [SEVERE ] updating countdown to 49881
[18:18:28.214] [SEVERE ] updating countdown to 48867
[18:18:29.216] [SEVERE ] updating countdown to 47865
[18:18:30.218] [SEVERE ] updating countdown to 46863
[18:18:31.220] [SEVERE ] updating countdown to 45861
[18:18:32.016] [SEVERE ] key 83 was pressed by player 1
[18:18:32.016] [SEVERE ] player 1 placing token on slot 5
[18:18:32.223] [SEVERE ] updating countdown to 44858
[18:18:32.512] [SEVERE ] key 88 was pressed by player 1
[18:18:32.513] [SEVERE ] player 1 placing token on slot 9
[18:18:33.232] [SEVERE ] updating countdown to 43849
[18:18:33.634] [SEVERE ] key 86 was pressed by player 1
[18:18:33.634] [SEVERE ] player 1 placing token on slot 11
[18:18:34.243] [SEVERE ] updating countdown to 42838
[18:18:35.254] [SEVERE ] updating countdown to 41827
[18:18:36.263] [SEVERE ] updating countdown to 40818
[18:18:37.276] [SEVERE ] updating countdown to 39805
[18:18:38.286] [SEVERE ] updating countdown to 38795
[18:18:39.301] [SEVERE ] updating countdown to 37780
[18:18:40.311] [SEVERE ] updating countdown to 36770
[18:18:41.321] [SEVERE ] updating countdown to 35760
[18:18:42.323] [SEVERE ] updating countdown to 34758
[18:18:43.338] [SEVERE ] updating countdown to 33743
[18:18:44.347] [SEVERE ] updating countdown to 32734
[18:18:45.356] [SEVERE ] updating countdown to 31725
[18:18:46.370] [SEVERE ] updating countdown to 30711
[18:18:47.380] [SEVERE ] updating countdown to 29701
[18:18:48.383] [SEVERE ] updating countdown to 28698
[18:18:49.393] [SEVERE ] updating countdown to 27688
[18:18:50.402] [SEVERE ] updating countdown to 26679
[18:18:51.411] [SEVERE ] updating countdown to 25670
[18:18:52.426] [SEVERE ] updating countdown to 24655
[18:18:53.437] [SEVERE ] updating countdown to 23644
[18:18:54.453] [SEVERE ] updating countdown to 22628
[18:18:55.466] [SEVERE ] updating countdown to 21615
[18:18:56.473] [SEVERE ] updating countdown to 20608
[18:18:56.982] [SEVERE ] exit button pressed
[18:18:56.982] [INFO   ] thread player 1 terminated.
[18:18:57.487] [SEVERE ] updating countdown to 19594
[18:18:57.487] [SEVERE ] updating countdown to 60000
[18:18:57.596] [SEVERE ] removing card from slot 0
[18:18:57.705] [SEVERE ] removing card from slot 1
