[16:53:45.551] [INFO   ] thread main starting.
[16:53:45.560] [SEVERE ] cannot read configuration file config.properties trying from resources.
[16:53:45.564] [SEVERE ] configuration file was loaded from resources directory.
[16:53:47.495] [INFO   ] thread dealer starting.
[16:53:47.496] [INFO   ] thread dealer starting.
[16:53:47.498] [INFO   ] thread player 0 starting.
[16:53:47.500] [INFO   ] thread player 1 starting.
[16:53:47.605] [SEVERE ] placing card 77 in slot 0
[16:53:47.713] [SEVERE ] placing card 14 in slot 1
[16:53:47.820] [SEVERE ] placing card 66 in slot 2
[16:53:47.929] [SEVERE ] placing card 5 in slot 3
[16:53:48.039] [SEVERE ] placing card 64 in slot 4
[16:53:48.148] [SEVERE ] placing card 8 in slot 5
[16:53:48.256] [SEVERE ] placing card 34 in slot 6
[16:53:48.365] [SEVERE ] placing card 45 in slot 7
[16:53:48.473] [SEVERE ] placing card 1 in slot 8
[16:53:48.582] [SEVERE ] placing card 37 in slot 9
[16:53:48.690] [SEVERE ] placing card 16 in slot 10
[16:53:48.799] [SEVERE ] placing card 65 in slot 11
[16:53:49.808] [SEVERE ] updating countdown to 58991
[16:53:50.812] [SEVERE ] updating countdown to 57987
[16:53:51.813] [SEVERE ] updating countdown to 56986
[16:53:52.825] [SEVERE ] updating countdown to 55974
[16:53:53.840] [SEVERE ] updating countdown to 54959
