[17:01:05.191] [INFO   ] thread main starting.
[17:01:05.211] [SEVERE ] cannot read configuration file config.properties trying from resources.
[17:01:05.215] [SEVERE ] configuration file was loaded from resources directory.
[17:01:06.242] [INFO   ] thread dealer starting.
[17:01:06.247] [INFO   ] thread dealer starting.
[17:01:06.250] [INFO   ] thread player 0 starting.
[17:01:06.254] [INFO   ] thread player 1 starting.
[17:01:06.365] [SEVERE ] placing card 31 in slot 0
[17:01:06.473] [SEVERE ] placing card 12 in slot 1
[17:01:06.583] [SEVERE ] placing card 55 in slot 2
[17:01:06.691] [SEVERE ] placing card 48 in slot 3
[17:01:06.798] [SEVERE ] placing card 62 in slot 4
[17:01:06.906] [SEVERE ] placing card 44 in slot 5
[17:01:07.012] [SEVERE ] placing card 40 in slot 6
[17:01:07.121] [SEVERE ] placing card 3 in slot 7
[17:01:07.231] [SEVERE ] placing card 53 in slot 8
[17:01:07.340] [SEVERE ] placing card 7 in slot 9
[17:01:07.449] [SEVERE ] placing card 58 in slot 10
[17:01:07.558] [SEVERE ] placing card 52 in slot 11
[17:01:08.565] [SEVERE ] updating countdown to 58993
[17:01:09.571] [SEVERE ] updating countdown to 57987
[17:01:10.576] [SEVERE ] updating countdown to 56982
[17:01:11.580] [SEVERE ] updating countdown to 55978
[17:01:12.589] [SEVERE ] updating countdown to 54969
[17:01:13.591] [SEVERE ] updating countdown to 53967
[17:01:14.596] [SEVERE ] updating countdown to 52962
[17:01:15.601] [SEVERE ] updating countdown to 51957
[17:01:16.605] [SEVERE ] updating countdown to 50953
[17:01:17.616] [SEVERE ] updating countdown to 49942
[17:01:18.630] [SEVERE ] updating countdown to 48928
[17:01:19.635] [SEVERE ] updating countdown to 47923
[17:01:20.637] [SEVERE ] updating countdown to 46921
[17:01:21.645] [SEVERE ] updating countdown to 45913
[17:01:22.654] [SEVERE ] updating countdown to 44904
[17:01:23.661] [SEVERE ] updating countdown to 43897
[17:01:24.670] [SEVERE ] updating countdown to 42888
[17:01:25.672] [SEVERE ] updating countdown to 41886
[17:01:26.681] [SEVERE ] updating countdown to 40877
[17:01:27.691] [SEVERE ] updating countdown to 39867
[17:01:28.696] [SEVERE ] updating countdown to 38862
[17:01:29.702] [SEVERE ] updating countdown to 37856
[17:01:30.710] [SEVERE ] updating countdown to 36848
[17:01:31.713] [SEVERE ] updating countdown to 35845
[17:01:32.722] [SEVERE ] updating countdown to 34836
[17:01:33.726] [SEVERE ] updating countdown to 33832
[17:01:34.732] [SEVERE ] updating countdown to 32826
[17:01:35.741] [SEVERE ] updating countdown to 31817
[17:01:36.751] [SEVERE ] updating countdown to 30807
[17:01:37.756] [SEVERE ] updating countdown to 29802
[17:01:38.764] [SEVERE ] updating countdown to 28794
[17:01:39.767] [SEVERE ] updating countdown to 27791
[17:01:40.774] [SEVERE ] updating countdown to 26784
[17:01:41.779] [SEVERE ] updating countdown to 25779
[17:01:42.794] [SEVERE ] updating countdown to 24764
[17:01:43.798] [SEVERE ] updating countdown to 23760
[17:01:44.806] [SEVERE ] updating countdown to 22752
[17:01:45.814] [SEVERE ] updating countdown to 21744
[17:01:46.822] [SEVERE ] updating countdown to 20736
[17:01:47.835] [SEVERE ] updating countdown to 19723
[17:01:48.846] [SEVERE ] updating countdown to 18712
[17:01:49.847] [SEVERE ] updating countdown to 17711
[17:01:50.858] [SEVERE ] updating countdown to 16700
[17:01:51.864] [SEVERE ] updating countdown to 15694
[17:01:52.869] [SEVERE ] updating countdown to 14689
[17:01:53.879] [SEVERE ] updating countdown to 13679
[17:01:54.880] [SEVERE ] updating countdown to 12678
[17:01:55.891] [SEVERE ] updating countdown to 11667
[17:01:56.901] [SEVERE ] updating countdown to 10657
[17:01:57.913] [SEVERE ] updating countdown to 9645
[17:01:58.920] [SEVERE ] updating countdown to 8638
[17:01:59.928] [SEVERE ] updating countdown to 7630
[17:02:00.936] [SEVERE ] updating countdown to 6622
[17:02:01.947] [SEVERE ] updating countdown to 5611
[17:02:07.990] [SEVERE ] updating countdown to 60000
[17:02:08.098] [SEVERE ] removing card from slot 0
[17:02:08.205] [SEVERE ] removing card from slot 1
[17:02:08.313] [SEVERE ] removing card from slot 2
[17:02:08.422] [SEVERE ] removing card from slot 3
[17:02:08.532] [SEVERE ] removing card from slot 4
[17:02:08.641] [SEVERE ] removing card from slot 5
[17:02:08.748] [SEVERE ] removing card from slot 6
[17:02:08.857] [SEVERE ] removing card from slot 7
[17:02:08.966] [SEVERE ] removing card from slot 8
[17:02:09.074] [SEVERE ] removing card from slot 9
[17:02:09.183] [SEVERE ] removing card from slot 10
[17:02:09.292] [SEVERE ] removing card from slot 11
[17:02:09.399] [SEVERE ] placing card 60 in slot 0
[17:02:09.508] [SEVERE ] placing card 23 in slot 1
[17:02:09.616] [SEVERE ] placing card 22 in slot 2
[17:02:09.724] [SEVERE ] placing card 71 in slot 3
[17:02:09.833] [SEVERE ] placing card 67 in slot 4
[17:02:09.942] [SEVERE ] placing card 3 in slot 5
[17:02:10.050] [SEVERE ] placing card 65 in slot 6
[17:02:10.157] [SEVERE ] placing card 76 in slot 7
[17:02:10.267] [SEVERE ] placing card 16 in slot 8
[17:02:10.376] [SEVERE ] placing card 10 in slot 9
[17:02:10.483] [SEVERE ] placing card 4 in slot 10
[17:02:10.594] [SEVERE ] placing card 2 in slot 11
[17:02:11.598] [SEVERE ] updating countdown to 58997
[17:02:12.599] [SEVERE ] updating countdown to 57996
[17:02:13.613] [SEVERE ] updating countdown to 56982
[17:02:14.628] [SEVERE ] updating countdown to 55967
[17:02:15.635] [SEVERE ] updating countdown to 54960
[17:02:16.649] [SEVERE ] updating countdown to 53946
[17:02:17.656] [SEVERE ] updating countdown to 52939
[17:02:18.662] [SEVERE ] updating countdown to 51933
[17:02:19.670] [SEVERE ] updating countdown to 50925
[17:02:20.674] [SEVERE ] updating countdown to 49921
[17:02:21.686] [SEVERE ] updating countdown to 48909
[17:02:22.687] [SEVERE ] updating countdown to 47908
[17:02:23.694] [SEVERE ] updating countdown to 46901
[17:02:24.701] [SEVERE ] updating countdown to 45894
[17:02:25.704] [SEVERE ] updating countdown to 44891
[17:02:26.709] [SEVERE ] updating countdown to 43886
[17:02:27.720] [SEVERE ] updating countdown to 42875
[17:02:28.730] [SEVERE ] updating countdown to 41865
[17:02:29.736] [SEVERE ] updating countdown to 40859
[17:02:30.738] [SEVERE ] updating countdown to 39857
[17:02:31.742] [SEVERE ] updating countdown to 38853
[17:02:32.746] [SEVERE ] updating countdown to 37849
[17:02:33.751] [SEVERE ] updating countdown to 36844
[17:02:34.766] [SEVERE ] updating countdown to 35829
[17:02:35.778] [SEVERE ] updating countdown to 34817
[17:02:36.787] [SEVERE ] updating countdown to 33808
[17:02:37.797] [SEVERE ] updating countdown to 32798
[17:02:38.800] [SEVERE ] updating countdown to 31795
[17:02:39.804] [SEVERE ] updating countdown to 30791
[17:02:40.807] [SEVERE ] updating countdown to 29788
[17:02:41.818] [SEVERE ] updating countdown to 28777
[17:02:42.821] [SEVERE ] updating countdown to 27774
[17:02:43.823] [SEVERE ] updating countdown to 26772
[17:02:44.825] [SEVERE ] updating countdown to 25770
[17:02:45.834] [SEVERE ] updating countdown to 24761
[17:02:46.844] [SEVERE ] updating countdown to 23751
[17:02:47.847] [SEVERE ] updating countdown to 22748
[17:02:48.858] [SEVERE ] updating countdown to 21737
[17:02:49.866] [SEVERE ] updating countdown to 20729
[17:02:50.872] [SEVERE ] updating countdown to 19723
[17:02:51.878] [SEVERE ] updating countdown to 18717
[17:02:52.887] [SEVERE ] updating countdown to 17708
[17:02:53.901] [SEVERE ] updating countdown to 16694
[17:02:54.902] [SEVERE ] updating countdown to 15693
[17:02:55.906] [SEVERE ] updating countdown to 14689
[17:02:56.918] [SEVERE ] updating countdown to 13677
[17:02:57.922] [SEVERE ] updating countdown to 12673
[17:02:58.928] [SEVERE ] updating countdown to 11667
[17:02:59.942] [SEVERE ] updating countdown to 10653
[17:03:00.944] [SEVERE ] updating countdown to 9651
[17:03:01.954] [SEVERE ] updating countdown to 8641
[17:03:02.959] [SEVERE ] updating countdown to 7636
[17:03:03.961] [SEVERE ] updating countdown to 6634
[17:03:04.963] [SEVERE ] updating countdown to 5632
[17:03:11.002] [SEVERE ] updating countdown to 60000
[17:03:11.111] [SEVERE ] removing card from slot 0
[17:03:11.220] [SEVERE ] removing card from slot 1
[17:03:11.330] [SEVERE ] removing card from slot 2
[17:03:11.439] [SEVERE ] removing card from slot 3
[17:03:11.547] [SEVERE ] removing card from slot 4
[17:03:11.656] [SEVERE ] removing card from slot 5
[17:03:11.764] [SEVERE ] removing card from slot 6
[17:03:11.871] [SEVERE ] removing card from slot 7
[17:03:11.979] [SEVERE ] removing card from slot 8
[17:03:12.086] [SEVERE ] removing card from slot 9
[17:03:12.197] [SEVERE ] removing card from slot 10
[17:03:12.306] [SEVERE ] removing card from slot 11
[17:03:12.414] [SEVERE ] placing card 5 in slot 0
[17:03:12.523] [SEVERE ] placing card 0 in slot 1
[17:03:12.631] [SEVERE ] placing card 53 in slot 2
[17:03:12.741] [SEVERE ] placing card 39 in slot 3
[17:03:12.850] [SEVERE ] placing card 68 in slot 4
[17:03:12.959] [SEVERE ] placing card 69 in slot 5
[17:03:13.067] [SEVERE ] placing card 14 in slot 6
[17:03:13.174] [SEVERE ] placing card 19 in slot 7
[17:03:13.281] [SEVERE ] placing card 77 in slot 8
[17:03:13.390] [SEVERE ] placing card 15 in slot 9
[17:03:13.499] [SEVERE ] placing card 61 in slot 10
[17:03:13.607] [SEVERE ] placing card 41 in slot 11
[17:03:14.612] [SEVERE ] updating countdown to 58995
[17:03:15.619] [SEVERE ] updating countdown to 57988
[17:03:16.625] [SEVERE ] updating countdown to 56982
[17:03:17.626] [SEVERE ] updating countdown to 55981
[17:03:18.635] [SEVERE ] updating countdown to 54972
[17:03:19.640] [SEVERE ] updating countdown to 53967
[17:03:20.649] [SEVERE ] updating countdown to 52958
[17:03:21.659] [SEVERE ] updating countdown to 51948
[17:03:22.666] [SEVERE ] updating countdown to 50941
[17:03:23.670] [SEVERE ] updating countdown to 49937
[17:03:24.679] [SEVERE ] updating countdown to 48928
[17:03:25.686] [SEVERE ] updating countdown to 47921
[17:03:26.695] [SEVERE ] updating countdown to 46912
[17:03:27.701] [SEVERE ] updating countdown to 45906
[17:03:28.708] [SEVERE ] updating countdown to 44899
[17:03:29.713] [SEVERE ] updating countdown to 43894
[17:03:30.718] [SEVERE ] updating countdown to 42889
[17:03:31.724] [SEVERE ] updating countdown to 41883
[17:03:32.733] [SEVERE ] updating countdown to 40874
[17:03:33.744] [SEVERE ] updating countdown to 39863
[17:03:34.749] [SEVERE ] updating countdown to 38858
[17:03:35.755] [SEVERE ] updating countdown to 37852
[17:03:36.769] [SEVERE ] updating countdown to 36838
[17:03:37.778] [SEVERE ] updating countdown to 35829
[17:03:38.784] [SEVERE ] updating countdown to 34823
[17:03:39.798] [SEVERE ] updating countdown to 33809
[17:03:40.801] [SEVERE ] updating countdown to 32806
[17:03:41.813] [SEVERE ] updating countdown to 31794
[17:03:42.814] [SEVERE ] updating countdown to 30793
[17:03:43.819] [SEVERE ] updating countdown to 29788
[17:03:44.831] [SEVERE ] updating countdown to 28776
[17:03:45.834] [SEVERE ] updating countdown to 27773
[17:03:46.841] [SEVERE ] updating countdown to 26766
[17:03:47.848] [SEVERE ] updating countdown to 25759
[17:03:48.858] [SEVERE ] updating countdown to 24749
[17:03:49.865] [SEVERE ] updating countdown to 23742
[17:03:50.866] [SEVERE ] updating countdown to 22741
[17:03:51.877] [SEVERE ] updating countdown to 21730
[17:03:52.885] [SEVERE ] updating countdown to 20722
[17:03:53.889] [SEVERE ] updating countdown to 19718
[17:03:54.895] [SEVERE ] updating countdown to 18712
[17:03:55.904] [SEVERE ] updating countdown to 17703
[17:03:56.910] [SEVERE ] updating countdown to 16697
[17:03:57.913] [SEVERE ] updating countdown to 15694
[17:03:58.919] [SEVERE ] updating countdown to 14688
[17:03:59.928] [SEVERE ] updating countdown to 13679
[17:04:00.939] [SEVERE ] updating countdown to 12668
[17:04:01.943] [SEVERE ] updating countdown to 11664
[17:04:02.946] [SEVERE ] updating countdown to 10661
[17:04:03.951] [SEVERE ] updating countdown to 9656
[17:04:04.953] [SEVERE ] updating countdown to 8654
[17:04:05.961] [SEVERE ] updating countdown to 7646
[17:04:06.970] [SEVERE ] updating countdown to 6637
[17:04:07.631] [SEVERE ] key 67 was pressed by player 1
[17:04:07.631] [SEVERE ] player 1 placing token on slot 10
[17:04:07.980] [SEVERE ] updating countdown to 5627
[17:04:08.387] [SEVERE ] key 67 was pressed by player 1
[17:04:08.387] [SEVERE ] removing player 1 token from slot 10
[17:04:08.731] [SEVERE ] key 88 was pressed by player 1
[17:04:08.731] [SEVERE ] player 1 placing token on slot 9
[17:04:12.035] [SEVERE ] key 69 was pressed by player 1
[17:04:12.036] [SEVERE ] player 1 placing token on slot 2
[17:04:12.516] [SEVERE ] key 69 was pressed by player 1
[17:04:12.516] [SEVERE ] removing player 1 token from slot 2
[17:04:13.059] [SEVERE ] key 87 was pressed by player 1
[17:04:13.059] [SEVERE ] player 1 placing token on slot 1
[17:04:13.763] [SEVERE ] key 81 was pressed by player 1
[17:04:13.763] [SEVERE ] player 1 placing token on slot 0
[17:04:13.765] [SEVERE ] setting player 1 freeze to 3000
[17:04:14.019] [SEVERE ] updating countdown to 60000
[17:04:14.127] [SEVERE ] removing card from slot 0
[17:04:14.236] [SEVERE ] removing card from slot 1
[17:04:14.342] [SEVERE ] removing card from slot 2
[17:04:14.450] [SEVERE ] removing card from slot 3
[17:04:14.558] [SEVERE ] removing card from slot 4
[17:04:14.665] [SEVERE ] removing card from slot 5
[17:04:14.774] [SEVERE ] removing card from slot 6
[17:04:14.882] [SEVERE ] removing card from slot 7
[17:04:14.993] [SEVERE ] removing card from slot 8
[17:04:15.100] [SEVERE ] removing card from slot 9
[17:04:15.209] [SEVERE ] removing card from slot 10
[17:04:15.318] [SEVERE ] removing card from slot 11
[17:04:15.427] [SEVERE ] placing card 59 in slot 0
[17:04:15.537] [SEVERE ] placing card 69 in slot 1
[17:04:15.644] [SEVERE ] placing card 28 in slot 2
[17:04:15.752] [SEVERE ] placing card 70 in slot 3
[17:04:15.862] [SEVERE ] placing card 62 in slot 4
[17:04:15.971] [SEVERE ] placing card 32 in slot 5
[17:04:16.079] [SEVERE ] placing card 40 in slot 6
[17:04:16.185] [SEVERE ] placing card 4 in slot 7
[17:04:16.295] [SEVERE ] placing card 20 in slot 8
[17:04:16.404] [SEVERE ] placing card 75 in slot 9
[17:04:16.511] [SEVERE ] placing card 79 in slot 10
[17:04:16.618] [SEVERE ] placing card 29 in slot 11
[17:04:17.625] [SEVERE ] updating countdown to 58993
[17:04:18.635] [SEVERE ] updating countdown to 57983
[17:04:19.644] [SEVERE ] updating countdown to 56974
[17:04:20.654] [SEVERE ] updating countdown to 55964
[17:04:21.657] [SEVERE ] updating countdown to 54961
[17:04:22.665] [SEVERE ] updating countdown to 53953
[17:04:23.678] [SEVERE ] updating countdown to 52940
[17:04:24.684] [SEVERE ] updating countdown to 51934
[17:04:25.691] [SEVERE ] updating countdown to 50927
[17:04:26.702] [SEVERE ] updating countdown to 49916
[17:04:27.710] [SEVERE ] updating countdown to 48908
[17:04:28.719] [SEVERE ] updating countdown to 47899
[17:04:29.733] [SEVERE ] updating countdown to 46885
[17:04:30.743] [SEVERE ] updating countdown to 45875
[17:04:31.751] [SEVERE ] updating countdown to 44867
[17:04:32.764] [SEVERE ] updating countdown to 43854
[17:04:33.776] [SEVERE ] updating countdown to 42842
[17:04:34.783] [SEVERE ] updating countdown to 41835
[17:04:35.790] [SEVERE ] updating countdown to 40828
[17:04:36.801] [SEVERE ] updating countdown to 39817
[17:04:37.809] [SEVERE ] updating countdown to 38809
[17:04:38.813] [SEVERE ] updating countdown to 37805
[17:04:39.828] [SEVERE ] updating countdown to 36790
[17:04:40.842] [SEVERE ] updating countdown to 35776
[17:04:41.854] [SEVERE ] updating countdown to 34764
[17:04:42.868] [SEVERE ] updating countdown to 33750
[17:04:43.876] [SEVERE ] updating countdown to 32742
[17:04:44.888] [SEVERE ] updating countdown to 31730
[17:04:45.899] [SEVERE ] updating countdown to 30719
[17:04:46.912] [SEVERE ] updating countdown to 29706
[17:04:47.923] [SEVERE ] updating countdown to 28695
[17:04:48.935] [SEVERE ] updating countdown to 27683
[17:04:49.945] [SEVERE ] updating countdown to 26673
[17:04:50.955] [SEVERE ] updating countdown to 25663
[17:04:51.964] [SEVERE ] updating countdown to 24654
[17:04:52.969] [SEVERE ] updating countdown to 23649
[17:04:53.978] [SEVERE ] updating countdown to 22640
[17:04:54.988] [SEVERE ] updating countdown to 21630
[17:04:55.998] [SEVERE ] updating countdown to 20620
[17:04:57.003] [SEVERE ] updating countdown to 19615
[17:04:58.013] [SEVERE ] updating countdown to 18605
[17:04:59.023] [SEVERE ] updating countdown to 17595
[17:05:00.027] [SEVERE ] updating countdown to 16591
[17:05:01.042] [SEVERE ] updating countdown to 15576
[17:05:02.045] [SEVERE ] updating countdown to 14573
[17:05:03.060] [SEVERE ] updating countdown to 13558
[17:05:04.070] [SEVERE ] updating countdown to 12548
