[18:28:24.737] [INFO   ] thread main starting.
[18:28:24.746] [SEVERE ] cannot read configuration file config.properties trying from resources.
[18:28:24.750] [SEVERE ] configuration file was loaded from resources directory.
[18:28:25.502] [INFO   ] thread dealer starting.
[18:28:25.503] [INFO   ] thread dealer starting.
[18:28:25.504] [INFO   ] thread player 0 starting.
[18:28:25.504] [INFO   ] thread player 1 starting.
[18:28:25.614] [SEVERE ] placing card 21 in slot 0
[18:28:25.723] [SEVERE ] placing card 42 in slot 1
[18:28:25.831] [SEVERE ] placing card 5 in slot 2
[18:28:25.938] [SEVERE ] placing card 22 in slot 3
[18:28:26.047] [SEVERE ] placing card 30 in slot 4
[18:28:26.157] [SEVERE ] placing card 32 in slot 5
[18:28:26.263] [SEVERE ] placing card 80 in slot 6
[18:28:26.372] [SEVERE ] placing card 18 in slot 7
[18:28:26.479] [SEVERE ] placing card 37 in slot 8
[18:28:26.587] [SEVERE ] placing card 8 in slot 9
[18:28:26.696] [SEVERE ] placing card 58 in slot 10
[18:28:26.804] [SEVERE ] placing card 4 in slot 11
[18:28:27.824] [SEVERE ] updating countdown to 58989
[18:28:28.832] [SEVERE ] updating countdown to 57981
[18:28:29.843] [SEVERE ] updating countdown to 56970
[18:28:30.858] [SEVERE ] updating countdown to 55955
[18:28:31.867] [SEVERE ] updating countdown to 54946
[18:28:32.192] [SEVERE ] key 82 was pressed by player 1
[18:28:32.193] [SEVERE ] player 1 placing token on slot 3
[18:28:32.591] [SEVERE ] key 82 was pressed by player 1
[18:28:32.592] [SEVERE ] removing player 1 token from slot 3
[18:28:32.815] [SEVERE ] key 69 was pressed by player 1
[18:28:32.815] [SEVERE ] player 1 placing token on slot 2
[18:28:32.873] [SEVERE ] updating countdown to 53940
[18:28:33.881] [SEVERE ] updating countdown to 52932
[18:28:33.903] [SEVERE ] key 65 was pressed by player 1
[18:28:33.903] [SEVERE ] player 1 placing token on slot 4
[18:28:34.887] [SEVERE ] updating countdown to 51926
[18:28:35.889] [SEVERE ] updating countdown to 50924
[18:28:36.905] [SEVERE ] updating countdown to 49908
[18:28:37.912] [SEVERE ] updating countdown to 48901
[18:28:38.919] [SEVERE ] updating countdown to 47894
[18:28:39.923] [SEVERE ] updating countdown to 46890
[18:28:40.931] [SEVERE ] updating countdown to 45882
[18:28:41.942] [SEVERE ] updating countdown to 44871
[18:28:42.947] [SEVERE ] updating countdown to 43866
[18:28:43.951] [SEVERE ] updating countdown to 42862
[18:28:44.231] [SEVERE ] key 65 was pressed by player 1
[18:28:44.232] [SEVERE ] removing player 1 token from slot 4
[18:28:44.791] [SEVERE ] key 82 was pressed by player 1
[18:28:44.792] [SEVERE ] player 1 placing token on slot 3
[18:28:44.958] [SEVERE ] updating countdown to 41855
[18:28:45.271] [SEVERE ] key 82 was pressed by player 1
[18:28:45.271] [SEVERE ] removing player 1 token from slot 3
[18:28:45.695] [SEVERE ] key 69 was pressed by player 1
[18:28:45.695] [SEVERE ] removing player 1 token from slot 2
[18:28:45.962] [SEVERE ] updating countdown to 40851
[18:28:46.971] [SEVERE ] updating countdown to 39842
[18:28:47.977] [SEVERE ] updating countdown to 38836
[18:28:48.985] [SEVERE ] updating countdown to 37828
[18:28:49.988] [SEVERE ] updating countdown to 36825
[18:28:50.990] [SEVERE ] updating countdown to 35823
[18:28:51.994] [SEVERE ] updating countdown to 34819
