[17:00:15.441] [INFO   ] thread main starting.
[17:00:15.452] [SEVERE ] cannot read configuration file config.properties trying from resources.
[17:00:15.455] [SEVERE ] configuration file was loaded from resources directory.
[17:00:16.674] [INFO   ] thread dealer starting.
[17:00:16.675] [INFO   ] thread dealer starting.
[17:00:16.679] [INFO   ] thread player 1 starting.
[17:00:16.679] [INFO   ] thread player 0 starting.
[17:00:16.791] [SEVERE ] placing card 6 in slot 0
[17:00:16.899] [SEVERE ] placing card 59 in slot 1
[17:00:17.008] [SEVERE ] placing card 29 in slot 2
[17:00:17.118] [SEVERE ] placing card 46 in slot 3
[17:00:17.227] [SEVERE ] placing card 79 in slot 4
[17:00:17.335] [SEVERE ] placing card 39 in slot 5
[17:00:17.442] [SEVERE ] placing card 16 in slot 6
[17:00:17.551] [SEVERE ] placing card 1 in slot 7
[17:00:17.660] [SEVERE ] placing card 70 in slot 8
[17:00:17.767] [SEVERE ] placing card 45 in slot 9
[17:00:17.877] [SEVERE ] placing card 8 in slot 10
[17:00:17.986] [SEVERE ] placing card 61 in slot 11
[17:00:18.994] [SEVERE ] updating countdown to 58992
