[16:54:51.773] [INFO   ] thread main starting.
[16:54:51.785] [SEVERE ] cannot read configuration file config.properties trying from resources.
[16:54:51.788] [SEVERE ] configuration file was loaded from resources directory.
[16:54:52.590] [INFO   ] thread dealer starting.
[16:54:52.591] [INFO   ] thread dealer starting.
[16:54:52.591] [INFO   ] thread player 1 starting.
[16:54:52.591] [INFO   ] thread player 0 starting.
[16:54:52.710] [SEVERE ] placing card 4 in slot 0
[16:54:52.818] [SEVERE ] placing card 21 in slot 1
[16:54:52.926] [SEVERE ] placing card 11 in slot 2
[16:54:53.034] [SEVERE ] placing card 68 in slot 3
[16:54:53.143] [SEVERE ] placing card 14 in slot 4
[16:54:53.251] [SEVERE ] placing card 56 in slot 5
[16:54:53.359] [SEVERE ] placing card 9 in slot 6
[16:54:53.467] [SEVERE ] placing card 40 in slot 7
[16:54:53.576] [SEVERE ] placing card 77 in slot 8
[16:54:53.685] [SEVERE ] placing card 80 in slot 9
[16:54:53.792] [SEVERE ] placing card 38 in slot 10
[16:54:53.900] [SEVERE ] placing card 36 in slot 11
[16:54:54.908] [SEVERE ] updating countdown to 58992
[16:54:55.920] [SEVERE ] updating countdown to 57980
[16:54:56.928] [SEVERE ] updating countdown to 56972
[16:54:57.936] [SEVERE ] updating countdown to 55964
[16:54:58.943] [SEVERE ] updating countdown to 54957
[16:54:59.951] [SEVERE ] updating countdown to 53949
[16:55:00.961] [SEVERE ] updating countdown to 52939
[16:55:01.968] [SEVERE ] updating countdown to 51932
[16:55:02.975] [SEVERE ] updating countdown to 50925
[16:55:03.984] [SEVERE ] updating countdown to 49916
[16:55:04.999] [SEVERE ] updating countdown to 48901
[16:55:06.004] [SEVERE ] updating countdown to 47896
[16:55:07.019] [SEVERE ] updating countdown to 46881
[16:55:08.026] [SEVERE ] updating countdown to 45874
[16:55:09.032] [SEVERE ] updating countdown to 44868
[16:55:10.043] [SEVERE ] updating countdown to 43857
[16:55:11.045] [SEVERE ] updating countdown to 42855
[16:55:12.051] [SEVERE ] updating countdown to 41849
[16:55:13.062] [SEVERE ] updating countdown to 40838
[16:55:14.068] [SEVERE ] updating countdown to 39832
[16:55:15.077] [SEVERE ] updating countdown to 38823
[16:55:16.085] [SEVERE ] updating countdown to 37815
[16:55:17.099] [SEVERE ] updating countdown to 36801
[16:55:18.105] [SEVERE ] updating countdown to 35795
[16:55:19.111] [SEVERE ] updating countdown to 34789
[16:55:20.118] [SEVERE ] updating countdown to 33782
[16:55:21.126] [SEVERE ] updating countdown to 32774
[16:55:22.135] [SEVERE ] updating countdown to 31765
[16:55:23.145] [SEVERE ] updating countdown to 30755
[16:55:24.155] [SEVERE ] updating countdown to 29745
[16:55:25.162] [SEVERE ] updating countdown to 28738
[16:55:26.174] [SEVERE ] updating countdown to 27726
[16:55:27.183] [SEVERE ] updating countdown to 26717
[16:55:28.188] [SEVERE ] updating countdown to 25712
[16:55:29.198] [SEVERE ] updating countdown to 24702
[16:55:30.206] [SEVERE ] updating countdown to 23694
[16:55:31.215] [SEVERE ] updating countdown to 22685
[16:55:32.221] [SEVERE ] updating countdown to 21679
[16:55:33.223] [SEVERE ] updating countdown to 20677
[16:55:34.232] [SEVERE ] updating countdown to 19668
[16:55:35.236] [SEVERE ] updating countdown to 18664
[16:55:36.244] [SEVERE ] updating countdown to 17656
[16:55:37.253] [SEVERE ] updating countdown to 16647
[16:55:38.260] [SEVERE ] updating countdown to 15640
[16:55:38.269] [SEVERE ] key 83 was pressed by player 1
[16:55:38.269] [SEVERE ] player 1 placing token on slot 5
[16:55:39.272] [SEVERE ] updating countdown to 14628
[16:55:39.883] [SEVERE ] key 88 was pressed by player 1
[16:55:39.885] [SEVERE ] player 1 placing token on slot 9
[16:55:40.282] [SEVERE ] updating countdown to 13618
[16:55:41.148] [SEVERE ] key 82 was pressed by player 1
[16:55:41.148] [SEVERE ] player 1 placing token on slot 3
[16:55:41.149] [SEVERE ] setting player 1 score to 1
[16:55:41.149] [SEVERE ] updating countdown to 12751
[16:55:41.149] [SEVERE ] setting player 1 freeze to 1000
[16:55:42.163] [SEVERE ] updating countdown to 11737
[16:55:43.171] [SEVERE ] updating countdown to 10729
[16:55:44.181] [SEVERE ] updating countdown to 9719
[16:55:45.190] [SEVERE ] updating countdown to 8710
[16:55:46.204] [SEVERE ] updating countdown to 7696
[16:55:47.213] [SEVERE ] updating countdown to 6687
[16:55:48.227] [SEVERE ] updating countdown to 5673
[16:55:51.620] [SEVERE ] key 88 was pressed by player 1
[16:55:51.620] [SEVERE ] player 1 placing token on slot 9
[16:55:53.164] [SEVERE ] key 75 was pressed by player 2
[16:55:53.164] [SEVERE ] player 2 placing token on slot 5
[16:55:54.289] [SEVERE ] updating countdown to 60000
[16:55:54.380] [SEVERE ] key 75 was pressed by player 2
[16:55:54.380] [SEVERE ] removing player 2 token from slot 5
[16:55:54.399] [SEVERE ] removing card from slot 0
[16:55:54.507] [SEVERE ] removing card from slot 1
[16:55:54.615] [SEVERE ] removing card from slot 2
[16:55:54.721] [SEVERE ] removing card from slot 3
[16:55:54.830] [SEVERE ] removing card from slot 4
[16:55:54.940] [SEVERE ] removing card from slot 5
[16:55:55.051] [SEVERE ] removing card from slot 6
[16:55:55.157] [SEVERE ] removing card from slot 7
[16:55:55.264] [SEVERE ] removing card from slot 8
[16:55:55.371] [SEVERE ] removing card from slot 9
[16:55:55.479] [SEVERE ] removing card from slot 10
[16:55:55.584] [SEVERE ] removing card from slot 11
[16:55:55.692] [SEVERE ] placing card 21 in slot 0
[16:55:55.801] [SEVERE ] placing card 79 in slot 1
[16:55:55.910] [SEVERE ] placing card 12 in slot 2
[16:55:56.020] [SEVERE ] placing card 41 in slot 3
[16:55:56.128] [SEVERE ] placing card 20 in slot 4
[16:55:56.239] [SEVERE ] placing card 0 in slot 5
[16:55:56.349] [SEVERE ] placing card 43 in slot 6
[16:55:56.460] [SEVERE ] placing card 46 in slot 7
[16:55:56.570] [SEVERE ] placing card 39 in slot 8
[16:55:56.678] [SEVERE ] placing card 13 in slot 9
[16:55:56.788] [SEVERE ] placing card 66 in slot 10
[16:55:56.896] [SEVERE ] placing card 54 in slot 11
[16:55:57.907] [SEVERE ] updating countdown to 58989
[16:55:58.922] [SEVERE ] updating countdown to 57974
[16:55:59.928] [SEVERE ] updating countdown to 56968
[16:56:00.933] [SEVERE ] updating countdown to 55963
[16:56:01.943] [SEVERE ] updating countdown to 54953
[16:56:02.951] [SEVERE ] updating countdown to 53945
[16:56:03.963] [SEVERE ] updating countdown to 52933
[16:56:04.967] [SEVERE ] updating countdown to 51929
[16:56:05.978] [SEVERE ] updating countdown to 50918
[16:56:06.435] [SEVERE ] exit button pressed
[16:56:06.435] [INFO   ] thread player 1 terminated.
[16:56:06.435] [INFO   ] thread player 0 terminated.
[16:56:06.980] [SEVERE ] updating countdown to 49916
[16:56:06.980] [SEVERE ] updating countdown to 60000
[16:56:07.085] [SEVERE ] removing card from slot 0
[16:56:07.191] [SEVERE ] removing card from slot 1
