[16:59:25.389] [INFO   ] thread main starting.
[16:59:25.398] [SEVERE ] cannot read configuration file config.properties trying from resources.
[16:59:25.401] [SEVERE ] configuration file was loaded from resources directory.
[16:59:26.081] [INFO   ] thread dealer starting.
[16:59:26.081] [INFO   ] thread dealer starting.
[16:59:26.082] [INFO   ] thread player 1 starting.
[16:59:26.082] [INFO   ] thread player 0 starting.
[16:59:26.197] [SEVERE ] placing card 40 in slot 0
[16:59:26.305] [SEVERE ] placing card 4 in slot 1
[16:59:26.412] [SEVERE ] placing card 72 in slot 2
[16:59:26.521] [SEVERE ] placing card 45 in slot 3
[16:59:26.631] [SEVERE ] placing card 28 in slot 4
[16:59:26.739] [SEVERE ] placing card 18 in slot 5
[16:59:26.846] [SEVERE ] placing card 56 in slot 6
[16:59:26.953] [SEVERE ] placing card 35 in slot 7
[16:59:27.060] [SEVERE ] placing card 67 in slot 8
[16:59:27.168] [SEVERE ] placing card 30 in slot 9
[16:59:27.277] [SEVERE ] placing card 14 in slot 10
[16:59:27.387] [SEVERE ] placing card 58 in slot 11
[16:59:28.397] [SEVERE ] updating countdown to 58990
[16:59:29.408] [SEVERE ] updating countdown to 57979
[16:59:30.416] [SEVERE ] updating countdown to 56971
[16:59:31.420] [SEVERE ] updating countdown to 55967
[16:59:32.434] [SEVERE ] updating countdown to 54953
[16:59:33.439] [SEVERE ] updating countdown to 53948
[16:59:34.443] [SEVERE ] updating countdown to 52944
[16:59:35.450] [SEVERE ] updating countdown to 51937
[16:59:36.452] [SEVERE ] updating countdown to 50935
[16:59:37.453] [SEVERE ] updating countdown to 49934
[16:59:38.461] [SEVERE ] updating countdown to 48926
[16:59:39.466] [SEVERE ] updating countdown to 47921
[16:59:40.479] [SEVERE ] updating countdown to 46908
[16:59:41.486] [SEVERE ] updating countdown to 45901
[16:59:42.490] [SEVERE ] updating countdown to 44897
[16:59:43.501] [SEVERE ] updating countdown to 43886
[16:59:44.514] [SEVERE ] updating countdown to 42873
[16:59:45.522] [SEVERE ] updating countdown to 41865
[16:59:46.534] [SEVERE ] updating countdown to 40853
[16:59:47.538] [SEVERE ] updating countdown to 39849
[16:59:48.551] [SEVERE ] updating countdown to 38836
[16:59:49.558] [SEVERE ] updating countdown to 37829
[16:59:50.565] [SEVERE ] updating countdown to 36822
[16:59:51.579] [SEVERE ] updating countdown to 35808
[16:59:52.592] [SEVERE ] updating countdown to 34795
[16:59:53.600] [SEVERE ] updating countdown to 33787
[16:59:54.610] [SEVERE ] updating countdown to 32777
[16:59:55.616] [SEVERE ] updating countdown to 31771
[16:59:56.624] [SEVERE ] updating countdown to 30763
[16:59:57.633] [SEVERE ] updating countdown to 29754
[16:59:58.636] [SEVERE ] updating countdown to 28751
[16:59:59.627] [SEVERE ] key 82 was pressed by player 1
[16:59:59.627] [SEVERE ] player 1 placing token on slot 3
[16:59:59.645] [SEVERE ] updating countdown to 27742
[17:00:00.476] [SEVERE ] key 70 was pressed by player 1
[17:00:00.476] [SEVERE ] player 1 placing token on slot 7
[17:00:00.654] [SEVERE ] updating countdown to 26733
[17:00:01.524] [SEVERE ] key 81 was pressed by player 1
[17:00:01.524] [SEVERE ] player 1 placing token on slot 0
[17:00:01.525] [SEVERE ] setting player 1 score to 1
[17:00:01.525] [SEVERE ] updating countdown to 25862
[17:00:01.525] [SEVERE ] setting player 1 freeze to 1000
[17:00:02.533] [SEVERE ] updating countdown to 24854
[17:00:03.545] [SEVERE ] updating countdown to 23842
[17:00:04.551] [SEVERE ] updating countdown to 22836
[17:00:05.558] [SEVERE ] updating countdown to 21829
[17:00:06.559] [SEVERE ] updating countdown to 20828
[17:00:07.568] [SEVERE ] updating countdown to 19819
[17:00:08.355] [SEVERE ] exit button pressed
[17:00:08.356] [INFO   ] thread player 1 terminated.
[17:00:08.356] [INFO   ] thread player 0 terminated.
[17:00:08.574] [SEVERE ] updating countdown to 18813
[17:00:08.574] [SEVERE ] updating countdown to 60000
[17:00:08.684] [SEVERE ] removing card from slot 0
[17:00:08.793] [SEVERE ] removing card from slot 1
[17:00:08.900] [SEVERE ] removing card from slot 2
[17:00:09.011] [SEVERE ] removing card from slot 3
[17:00:09.119] [SEVERE ] removing card from slot 4
[17:00:09.228] [SEVERE ] removing card from slot 5
[17:00:09.337] [SEVERE ] removing card from slot 6
