[18:34:15.340] [INFO   ] thread main starting.
[18:34:15.353] [SEVERE ] cannot read configuration file config.properties trying from resources.
[18:34:15.357] [SEVERE ] configuration file was loaded from resources directory.
[18:34:16.326] [INFO   ] thread dealer starting.
[18:34:16.329] [INFO   ] thread dealer starting.
[18:34:16.330] [INFO   ] thread player 0 starting.
[18:34:16.331] [INFO   ] thread player 1 starting.
[18:34:16.454] [SEVERE ] placing card 66 in slot 0
[18:34:16.563] [SEVERE ] placing card 33 in slot 1
[18:34:16.671] [SEVERE ] placing card 43 in slot 2
[18:34:16.778] [SEVERE ] placing card 1 in slot 3
[18:34:16.885] [SEVERE ] placing card 75 in slot 4
[18:34:16.991] [SEVERE ] placing card 48 in slot 5
[18:34:17.101] [SEVERE ] placing card 8 in slot 6
[18:34:17.211] [SEVERE ] placing card 47 in slot 7
[18:34:17.320] [SEVERE ] placing card 15 in slot 8
[18:34:17.429] [SEVERE ] placing card 25 in slot 9
[18:34:17.537] [SEVERE ] placing card 62 in slot 10
[18:34:17.645] [SEVERE ] placing card 73 in slot 11
[18:34:18.656] [SEVERE ] updating countdown to 58996
[18:34:19.668] [SEVERE ] updating countdown to 57984
[18:34:20.677] [SEVERE ] updating countdown to 56975
[18:34:21.682] [SEVERE ] updating countdown to 55970
[18:34:22.690] [SEVERE ] updating countdown to 54962
[18:34:23.503] [SEVERE ] key 67 was pressed by player 1
[18:34:23.503] [SEVERE ] player 1 placing token on slot 10
[18:34:23.702] [SEVERE ] updating countdown to 53950
[18:34:23.982] [SEVERE ] key 67 was pressed by player 1
[18:34:23.982] [SEVERE ] removing player 1 token from slot 10
[18:34:24.207] [SEVERE ] key 88 was pressed by player 1
[18:34:24.207] [SEVERE ] player 1 placing token on slot 9
[18:34:24.708] [SEVERE ] updating countdown to 52944
[18:34:25.714] [SEVERE ] updating countdown to 51938
[18:34:26.054] [SEVERE ] key 90 was pressed by player 1
[18:34:26.054] [SEVERE ] player 1 placing token on slot 8
[18:34:26.728] [SEVERE ] updating countdown to 50924
[18:34:27.739] [SEVERE ] updating countdown to 49913
[18:34:27.984] [SEVERE ] key 70 was pressed by player 1
[18:34:27.984] [SEVERE ] player 1 placing token on slot 7
[18:34:56.001] [SEVERE ] updating countdown to 21651
[18:35:01.063] [SEVERE ] updating countdown to 16590
[18:35:02.154] [SEVERE ] updating countdown to 15498
[18:35:23.434] [SEVERE ] updating countdown to 60000
[18:35:36.891] [SEVERE ] removing card from slot 0
[18:35:44.503] [SEVERE ] removing card from slot 1
[18:35:45.535] [SEVERE ] setting player 1 freeze to 3000
[18:35:50.757] [SEVERE ] removing card from slot 2
[18:35:50.871] [SEVERE ] removing card from slot 3
[18:35:50.980] [SEVERE ] removing card from slot 4
[18:35:51.088] [SEVERE ] removing card from slot 5
[18:35:51.196] [SEVERE ] removing card from slot 6
[18:35:51.305] [SEVERE ] removing card from slot 7
[18:35:51.414] [SEVERE ] removing card from slot 8
[18:35:51.523] [SEVERE ] removing card from slot 9
[18:35:51.632] [SEVERE ] removing card from slot 10
[18:35:51.742] [SEVERE ] removing card from slot 11
[18:35:51.850] [SEVERE ] placing card 38 in slot 0
[18:35:51.958] [SEVERE ] placing card 41 in slot 1
[18:35:52.067] [SEVERE ] placing card 74 in slot 2
[18:35:52.175] [SEVERE ] placing card 75 in slot 3
[18:35:52.282] [SEVERE ] placing card 11 in slot 4
[18:35:52.390] [SEVERE ] placing card 77 in slot 5
[18:35:52.499] [SEVERE ] placing card 62 in slot 6
[18:35:52.608] [SEVERE ] placing card 56 in slot 7
[18:35:52.716] [SEVERE ] placing card 39 in slot 8
[18:35:52.825] [SEVERE ] placing card 71 in slot 9
[18:35:52.934] [SEVERE ] placing card 79 in slot 10
[18:35:53.041] [SEVERE ] placing card 53 in slot 11
[18:35:59.354] [SEVERE ] updating countdown to 53694
[18:36:02.903] [SEVERE ] updating countdown to 50144
[18:36:06.606] [SEVERE ] updating countdown to 46441
[18:36:34.668] [SEVERE ] updating countdown to 18379
[18:36:34.669] [SEVERE ] setting player 1 freeze to 3000
