[18:37:14.330] [INFO   ] thread main starting.
[18:37:14.338] [SEVERE ] cannot read configuration file config.properties trying from resources.
[18:37:14.341] [SEVERE ] configuration file was loaded from resources directory.
[18:37:15.324] [INFO   ] thread dealer starting.
[18:37:15.325] [INFO   ] thread dealer starting.
[18:37:15.325] [INFO   ] thread player 0 starting.
[18:37:15.325] [INFO   ] thread player 1 starting.
[18:37:15.440] [SEVERE ] placing card 48 in slot 0
[18:37:15.549] [SEVERE ] placing card 69 in slot 1
[18:37:15.658] [SEVERE ] placing card 31 in slot 2
[18:37:15.766] [SEVERE ] placing card 21 in slot 3
[18:37:15.876] [SEVERE ] placing card 74 in slot 4
[18:37:15.985] [SEVERE ] placing card 12 in slot 5
[18:37:16.093] [SEVERE ] placing card 78 in slot 6
[18:37:16.201] [SEVERE ] placing card 59 in slot 7
[18:37:16.311] [SEVERE ] placing card 6 in slot 8
[18:37:16.419] [SEVERE ] placing card 27 in slot 9
[18:37:16.527] [SEVERE ] placing card 61 in slot 10
[18:37:16.637] [SEVERE ] placing card 14 in slot 11
[18:37:17.656] [SEVERE ] updating countdown to 58989
[18:37:18.661] [SEVERE ] updating countdown to 57984
[18:37:19.669] [SEVERE ] updating countdown to 56976
[18:37:20.676] [SEVERE ] updating countdown to 55969
[18:37:21.684] [SEVERE ] updating countdown to 54961
[18:37:22.691] [SEVERE ] updating countdown to 53954
[18:37:23.702] [SEVERE ] updating countdown to 52943
[18:37:24.710] [SEVERE ] updating countdown to 51935
[18:37:24.958] [SEVERE ] key 68 was pressed by player 1
[18:37:24.960] [SEVERE ] player 1 placing token on slot 6
[18:37:25.478] [SEVERE ] key 83 was pressed by player 1
[18:37:25.478] [SEVERE ] player 1 placing token on slot 5
[18:37:25.720] [SEVERE ] updating countdown to 50925
[18:37:26.723] [SEVERE ] updating countdown to 49922
[18:37:26.949] [SEVERE ] key 67 was pressed by player 1
[18:37:26.951] [SEVERE ] player 1 placing token on slot 10
[18:37:26.953] [SEVERE ] setting player 1 freeze to 3000
[18:37:27.732] [SEVERE ] updating countdown to 48913
[18:37:28.740] [SEVERE ] updating countdown to 47905
[18:37:29.742] [SEVERE ] updating countdown to 46903
[18:37:29.957] [SEVERE ] setting player 1 freeze to 3000
[18:37:30.748] [SEVERE ] updating countdown to 45897
[18:37:31.752] [SEVERE ] updating countdown to 44893
[18:37:32.759] [SEVERE ] updating countdown to 43886
[18:37:32.962] [SEVERE ] setting player 1 freeze to 3000
[18:37:33.760] [SEVERE ] updating countdown to 42885
[18:37:34.479] [SEVERE ] key 74 was pressed by player 2
[18:37:34.479] [SEVERE ] player 2 placing token on slot 4
[18:37:34.769] [SEVERE ] updating countdown to 41876
[18:37:34.958] [SEVERE ] key 74 was pressed by player 2
[18:37:34.958] [SEVERE ] removing player 2 token from slot 4
[18:37:35.231] [SEVERE ] key 75 was pressed by player 2
[18:37:35.231] [SEVERE ] player 2 placing token on slot 5
[18:37:35.773] [SEVERE ] updating countdown to 40872
[18:37:35.974] [SEVERE ] setting player 1 freeze to 3000
[18:37:36.786] [SEVERE ] updating countdown to 39859
[18:37:37.126] [SEVERE ] key 76 was pressed by player 2
[18:37:37.126] [SEVERE ] player 2 placing token on slot 6
[18:37:37.800] [SEVERE ] updating countdown to 38845
[18:37:38.813] [SEVERE ] updating countdown to 37832
[18:37:38.982] [SEVERE ] setting player 1 freeze to 3000
[18:37:39.822] [SEVERE ] updating countdown to 36823
[18:37:40.832] [SEVERE ] updating countdown to 35813
[18:37:41.134] [SEVERE ] key 77 was pressed by player 2
[18:37:41.134] [SEVERE ] player 2 placing token on slot 8
[18:37:41.134] [SEVERE ] setting player 2 freeze to 3000
[18:37:41.835] [SEVERE ] updating countdown to 34810
[18:37:41.901] [SEVERE ] key 77 was pressed by player 2
[18:37:41.901] [SEVERE ] removing player 2 token from slot 8
[18:37:41.986] [SEVERE ] setting player 1 freeze to 3000
[18:37:42.840] [SEVERE ] updating countdown to 33805
[18:37:43.533] [SEVERE ] key 44 was pressed by player 2
[18:37:43.534] [SEVERE ] player 2 placing token on slot 9
[18:37:43.847] [SEVERE ] updating countdown to 32798
[18:38:04.116] [SEVERE ] updating countdown to 12529
[18:38:04.116] [SEVERE ] setting player 1 freeze to 3000
[18:38:09.361] [SEVERE ] setting player 1 freeze to 3000
[18:41:00.281] [SEVERE ] setting player 1 freeze to 3000
[18:41:00.284] [SEVERE ] removing player 1 token from slot 6
[18:41:00.285] [SEVERE ] removing card from slot 6
[18:41:00.286] [SEVERE ] removing player 1 token from slot 5
