[16:57:36.736] [INFO   ] thread main starting.
[16:57:36.746] [SEVERE ] cannot read configuration file config.properties trying from resources.
[16:57:36.748] [SEVERE ] configuration file was loaded from resources directory.
[16:57:37.440] [INFO   ] thread dealer starting.
[16:57:37.440] [INFO   ] thread dealer starting.
[16:57:37.441] [INFO   ] thread player 0 starting.
[16:57:37.441] [INFO   ] thread player 1 starting.
[16:57:37.550] [SEVERE ] placing card 19 in slot 0
[16:57:37.657] [SEVERE ] placing card 28 in slot 1
[16:57:37.766] [SEVERE ] placing card 63 in slot 2
[16:57:37.875] [SEVERE ] placing card 71 in slot 3
[16:57:37.981] [SEVERE ] placing card 43 in slot 4
[16:57:38.089] [SEVERE ] placing card 53 in slot 5
[16:57:38.197] [SEVERE ] placing card 4 in slot 6
[16:57:38.306] [SEVERE ] placing card 50 in slot 7
[16:57:38.416] [SEVERE ] placing card 79 in slot 8
[16:57:38.524] [SEVERE ] placing card 70 in slot 9
[16:57:38.632] [SEVERE ] placing card 35 in slot 10
[16:57:38.742] [SEVERE ] placing card 3 in slot 11
[16:57:39.748] [SEVERE ] updating countdown to 58994
[16:57:40.753] [SEVERE ] updating countdown to 57989
[16:57:41.762] [SEVERE ] updating countdown to 56980
[16:57:42.775] [SEVERE ] updating countdown to 55967
[16:57:43.778] [SEVERE ] updating countdown to 54964
[16:57:44.790] [SEVERE ] updating countdown to 53952
[16:57:45.796] [SEVERE ] updating countdown to 52946
[16:57:46.804] [SEVERE ] updating countdown to 51938
[16:57:47.807] [SEVERE ] updating countdown to 50935
[16:57:48.812] [SEVERE ] updating countdown to 49930
[16:57:49.823] [SEVERE ] updating countdown to 48919
[16:57:50.831] [SEVERE ] updating countdown to 47911
[16:57:51.842] [SEVERE ] updating countdown to 46900
[16:57:52.848] [SEVERE ] updating countdown to 45894
[16:57:53.858] [SEVERE ] updating countdown to 44884
[16:57:54.866] [SEVERE ] updating countdown to 43876
[16:57:55.872] [SEVERE ] updating countdown to 42870
[16:57:56.879] [SEVERE ] updating countdown to 41863
[16:57:57.886] [SEVERE ] updating countdown to 40856
[16:57:58.893] [SEVERE ] updating countdown to 39849
[16:57:59.906] [SEVERE ] updating countdown to 38836
[16:58:00.912] [SEVERE ] updating countdown to 37830
[16:58:01.922] [SEVERE ] updating countdown to 36820
[16:58:02.924] [SEVERE ] updating countdown to 35818
[16:58:03.931] [SEVERE ] updating countdown to 34811
[16:58:04.943] [SEVERE ] updating countdown to 33799
[16:58:05.949] [SEVERE ] updating countdown to 32793
[16:58:06.957] [SEVERE ] updating countdown to 31785
[16:58:07.962] [SEVERE ] updating countdown to 30780
[16:58:08.972] [SEVERE ] updating countdown to 29770
[16:58:09.978] [SEVERE ] updating countdown to 28764
[16:58:10.987] [SEVERE ] updating countdown to 27755
[16:58:11.991] [SEVERE ] updating countdown to 26751
[16:58:12.999] [SEVERE ] updating countdown to 25743
[16:58:14.015] [SEVERE ] updating countdown to 24727
[16:58:15.026] [SEVERE ] updating countdown to 23716
[16:58:16.032] [SEVERE ] updating countdown to 22710
[16:58:17.047] [SEVERE ] updating countdown to 21695
[16:58:18.056] [SEVERE ] updating countdown to 20686
[16:58:19.069] [SEVERE ] updating countdown to 19673
[16:58:20.081] [SEVERE ] updating countdown to 18661
[16:58:21.088] [SEVERE ] updating countdown to 17654
[16:58:22.096] [SEVERE ] updating countdown to 16646
[16:58:23.103] [SEVERE ] updating countdown to 15639
[16:58:24.118] [SEVERE ] updating countdown to 14624
[16:58:25.125] [SEVERE ] updating countdown to 13617
[16:58:26.135] [SEVERE ] updating countdown to 12607
[16:58:27.140] [SEVERE ] updating countdown to 11602
[16:58:28.146] [SEVERE ] updating countdown to 10596
[16:58:29.154] [SEVERE ] updating countdown to 9588
[16:58:30.162] [SEVERE ] updating countdown to 8580
[16:58:31.169] [SEVERE ] updating countdown to 7573
[16:58:31.613] [SEVERE ] key 69 was pressed by player 1
[16:58:31.613] [SEVERE ] player 1 placing token on slot 2
[16:58:31.988] [SEVERE ] key 68 was pressed by player 1
[16:58:31.988] [SEVERE ] player 1 placing token on slot 6
[16:58:32.155] [SEVERE ] key 83 was pressed by player 1
[16:58:32.156] [SEVERE ] player 1 placing token on slot 5
[16:58:32.158] [SEVERE ] setting player 1 score to 1
[16:58:32.159] [SEVERE ] updating countdown to 6583
[16:58:32.159] [SEVERE ] setting player 1 freeze to 1000
[16:58:33.165] [SEVERE ] updating countdown to 5577
[16:58:39.204] [SEVERE ] updating countdown to 60000
[16:58:39.312] [SEVERE ] removing card from slot 0
[16:58:39.420] [SEVERE ] removing card from slot 1
[16:58:39.530] [SEVERE ] removing card from slot 2
[16:58:39.638] [SEVERE ] removing card from slot 3
[16:58:39.746] [SEVERE ] removing card from slot 4
[16:58:39.853] [SEVERE ] removing card from slot 5
[16:58:39.961] [SEVERE ] removing card from slot 6
[16:58:40.069] [SEVERE ] removing card from slot 7
[16:58:40.178] [SEVERE ] removing card from slot 8
[16:58:40.285] [SEVERE ] removing card from slot 9
[16:58:40.395] [SEVERE ] removing card from slot 10
[16:58:40.504] [SEVERE ] removing card from slot 11
[16:58:40.612] [SEVERE ] placing card 64 in slot 0
[16:58:40.721] [SEVERE ] placing card 70 in slot 1
[16:58:40.830] [SEVERE ] placing card 32 in slot 2
[16:58:40.937] [SEVERE ] placing card 46 in slot 3
[16:58:41.044] [SEVERE ] placing card 45 in slot 4
[16:58:41.150] [SEVERE ] placing card 11 in slot 5
[16:58:41.258] [SEVERE ] placing card 41 in slot 6
[16:58:41.364] [SEVERE ] placing card 76 in slot 7
[16:58:41.472] [SEVERE ] placing card 56 in slot 8
[16:58:41.580] [SEVERE ] placing card 29 in slot 9
[16:58:41.687] [SEVERE ] placing card 63 in slot 10
[16:58:41.795] [SEVERE ] placing card 61 in slot 11
[16:58:42.799] [SEVERE ] updating countdown to 58996
[16:58:43.801] [SEVERE ] updating countdown to 57994
