[12:06:20.765] [INFO   ] thread main starting.
[12:06:20.783] [SEVERE ] cannot read configuration file config.properties trying from resources.
[12:06:20.789] [SEVERE ] configuration file was loaded from resources directory.
[12:06:21.611] [INFO   ] thread dealer starting.
[12:06:21.611] [INFO   ] thread dealer starting.
[12:06:21.611] [INFO   ] thread player 0 starting.
[12:06:21.611] [INFO   ] thread player 1 starting.
[12:06:21.718] [SEVERE ] placing card 65 in slot 0
[12:06:21.826] [SEVERE ] placing card 18 in slot 1
[12:06:21.934] [SEVERE ] placing card 75 in slot 2
[12:06:22.043] [SEVERE ] placing card 32 in slot 3
[12:06:22.153] [SEVERE ] placing card 71 in slot 4
[12:06:22.260] [SEVERE ] placing card 56 in slot 5
[12:06:22.370] [SEVERE ] placing card 78 in slot 6
[12:06:22.479] [SEVERE ] placing card 53 in slot 7
[12:06:22.589] [SEVERE ] placing card 17 in slot 8
[12:06:22.698] [SEVERE ] placing card 37 in slot 9
[12:06:22.808] [SEVERE ] placing card 72 in slot 10
[12:06:22.916] [SEVERE ] placing card 19 in slot 11
[12:06:23.931] [SEVERE ] updating countdown to 58991
[12:06:24.942] [SEVERE ] updating countdown to 57980
[12:06:25.943] [SEVERE ] updating countdown to 56979
[12:06:26.945] [SEVERE ] updating countdown to 55977
[12:06:27.951] [SEVERE ] updating countdown to 54971
[12:06:28.956] [SEVERE ] updating countdown to 53966
[12:06:29.914] [SEVERE ] key 68 was pressed by player 1
[12:06:29.915] [SEVERE ] player 1 placing token on slot 6
[12:06:29.968] [SEVERE ] updating countdown to 52954
[12:06:30.302] [SEVERE ] key 68 was pressed by player 1
[12:06:30.303] [SEVERE ] removing player 1 token from slot 6
[12:06:30.639] [SEVERE ] key 69 was pressed by player 1
[12:06:30.639] [SEVERE ] player 1 placing token on slot 2
[12:06:30.980] [SEVERE ] updating countdown to 51942
[12:06:31.987] [SEVERE ] updating countdown to 50935
[12:06:32.999] [SEVERE ] updating countdown to 49923
[12:06:34.011] [SEVERE ] updating countdown to 48911
[12:06:35.018] [SEVERE ] updating countdown to 47904
[12:06:35.518] [SEVERE ] key 70 was pressed by player 1
[12:06:35.519] [SEVERE ] player 1 placing token on slot 7
[12:06:36.028] [SEVERE ] updating countdown to 46894
[12:06:37.037] [SEVERE ] updating countdown to 45885
[12:06:38.041] [SEVERE ] updating countdown to 44881
[12:06:39.054] [SEVERE ] updating countdown to 43868
[12:06:39.870] [SEVERE ] key 86 was pressed by player 1
[12:06:39.870] [SEVERE ] player 1 placing token on slot 11
[12:07:02.960] [SEVERE ] updating countdown to 19962
[12:07:39.711] [SEVERE ] removing player 1 token from slot 2
[12:07:41.525] [SEVERE ] removing card from slot 2
[12:07:46.559] [SEVERE ] removing player 1 token from slot 7
[12:07:47.226] [SEVERE ] removing card from slot 7
[12:07:48.757] [SEVERE ] removing player 1 token from slot 11
[12:07:49.457] [SEVERE ] removing card from slot 11
[12:08:11.383] [SEVERE ] placing card 22 in slot 2
[12:08:11.489] [SEVERE ] placing card 68 in slot 7
[12:08:11.600] [SEVERE ] placing card 33 in slot 11
[12:08:42.814] [SEVERE ] updating countdown to 60000
[12:08:42.929] [SEVERE ] removing card from slot 0
[12:08:43.036] [SEVERE ] removing card from slot 1
[12:08:43.143] [SEVERE ] removing card from slot 2
[12:08:43.253] [SEVERE ] removing card from slot 3
[12:08:43.361] [SEVERE ] removing card from slot 4
[12:08:43.469] [SEVERE ] removing card from slot 5
[12:08:43.578] [SEVERE ] removing card from slot 6
[12:08:43.687] [SEVERE ] removing card from slot 7
[12:08:43.796] [SEVERE ] removing card from slot 8
[12:08:43.906] [SEVERE ] removing card from slot 9
[12:08:44.016] [SEVERE ] removing card from slot 10
[12:08:44.128] [SEVERE ] removing card from slot 11
[12:08:44.236] [SEVERE ] placing card 43 in slot 0
[12:08:44.345] [SEVERE ] placing card 72 in slot 1
[12:08:44.452] [SEVERE ] placing card 14 in slot 2
[12:08:44.559] [SEVERE ] placing card 59 in slot 3
[12:08:44.668] [SEVERE ] placing card 70 in slot 4
[12:08:44.776] [SEVERE ] placing card 8 in slot 5
[12:08:44.884] [SEVERE ] placing card 80 in slot 6
[12:08:44.993] [SEVERE ] placing card 26 in slot 7
[12:08:45.102] [SEVERE ] placing card 2 in slot 8
[12:08:45.209] [SEVERE ] placing card 54 in slot 9
[12:08:45.316] [SEVERE ] placing card 15 in slot 10
[12:08:45.425] [SEVERE ] placing card 63 in slot 11
[12:08:46.433] [SEVERE ] updating countdown to 58995
[12:08:47.436] [SEVERE ] updating countdown to 57992
[12:08:48.441] [SEVERE ] updating countdown to 56987
[12:08:49.447] [SEVERE ] updating countdown to 55981
[12:08:50.458] [SEVERE ] updating countdown to 54970
[12:08:51.471] [SEVERE ] updating countdown to 53957
[12:08:52.476] [SEVERE ] updating countdown to 52952
[12:08:53.484] [SEVERE ] updating countdown to 51944
[12:08:54.487] [SEVERE ] updating countdown to 50941
[12:08:55.501] [SEVERE ] updating countdown to 49927
[12:08:56.504] [SEVERE ] updating countdown to 48924
[12:08:57.511] [SEVERE ] updating countdown to 47917
[12:08:58.514] [SEVERE ] updating countdown to 46914
[12:08:59.530] [SEVERE ] updating countdown to 45898
[12:09:00.543] [SEVERE ] updating countdown to 44885
[12:09:00.959] [SEVERE ] key 69 was pressed by player 1
[12:09:00.959] [SEVERE ] removing player 1 token from slot 2
[12:09:01.547] [SEVERE ] updating countdown to 43881
[12:09:01.590] [SEVERE ] key 87 was pressed by player 1
[12:09:01.591] [SEVERE ] player 1 placing token on slot 1
[12:09:02.556] [SEVERE ] updating countdown to 42872
[12:09:02.902] [SEVERE ] key 87 was pressed by player 1
[12:09:02.902] [SEVERE ] removing player 1 token from slot 1
[12:09:03.200] [SEVERE ] key 69 was pressed by player 1
[12:09:03.200] [SEVERE ] player 1 placing token on slot 2
[12:09:03.568] [SEVERE ] updating countdown to 41860
[12:09:04.577] [SEVERE ] updating countdown to 40851
[12:09:05.586] [SEVERE ] updating countdown to 39842
[12:09:06.601] [SEVERE ] updating countdown to 38827
[12:09:07.206] [SEVERE ] key 70 was pressed by player 1
[12:09:07.206] [SEVERE ] removing player 1 token from slot 7
[12:09:07.614] [SEVERE ] updating countdown to 37814
[12:09:07.798] [SEVERE ] key 68 was pressed by player 1
[12:09:07.798] [SEVERE ] player 1 placing token on slot 6
[12:09:08.358] [SEVERE ] key 68 was pressed by player 1
[12:09:08.358] [SEVERE ] removing player 1 token from slot 6
[12:09:08.625] [SEVERE ] updating countdown to 36803
[12:09:08.911] [SEVERE ] key 70 was pressed by player 1
[12:09:08.911] [SEVERE ] player 1 placing token on slot 7
[12:09:09.634] [SEVERE ] updating countdown to 35794
[12:09:10.646] [SEVERE ] updating countdown to 34782
[12:09:11.659] [SEVERE ] updating countdown to 33769
[12:09:12.294] [SEVERE ] key 65 was pressed by player 1
[12:09:12.666] [SEVERE ] updating countdown to 32762
[12:09:13.510] [SEVERE ] key 83 was pressed by player 1
[12:09:13.675] [SEVERE ] updating countdown to 31753
[12:09:14.399] [SEVERE ] key 88 was pressed by player 1
[12:09:14.684] [SEVERE ] updating countdown to 30744
[12:09:15.694] [SEVERE ] updating countdown to 29734
[12:09:16.414] [SEVERE ] key 83 was pressed by player 1
[12:09:16.700] [SEVERE ] updating countdown to 28728
[12:09:17.102] [SEVERE ] key 68 was pressed by player 1
[12:09:17.712] [SEVERE ] updating countdown to 27716
[12:09:17.741] [SEVERE ] key 70 was pressed by player 1
[12:09:17.742] [SEVERE ] removing player 1 token from slot 7
[12:09:18.222] [SEVERE ] key 70 was pressed by player 1
[12:09:18.222] [SEVERE ] player 1 placing token on slot 7
[12:09:18.721] [SEVERE ] updating countdown to 26707
[12:09:19.158] [SEVERE ] key 69 was pressed by player 1
[12:09:19.158] [SEVERE ] removing player 1 token from slot 2
[12:09:19.573] [SEVERE ] key 70 was pressed by player 1
[12:09:19.573] [SEVERE ] removing player 1 token from slot 7
[12:09:19.725] [SEVERE ] updating countdown to 25703
[12:09:19.918] [SEVERE ] key 69 was pressed by player 1
[12:09:19.918] [SEVERE ] player 1 placing token on slot 2
[12:09:20.333] [SEVERE ] key 70 was pressed by player 1
[12:09:20.334] [SEVERE ] player 1 placing token on slot 7
[12:09:20.736] [SEVERE ] updating countdown to 24692
[12:09:21.229] [SEVERE ] key 68 was pressed by player 1
[12:09:21.745] [SEVERE ] updating countdown to 23683
[12:09:22.639] [SEVERE ] key 68 was pressed by player 1
[12:09:22.759] [SEVERE ] updating countdown to 22669
[12:09:23.254] [SEVERE ] key 70 was pressed by player 1
[12:09:23.254] [SEVERE ] removing player 1 token from slot 7
[12:09:23.573] [SEVERE ] key 69 was pressed by player 1
[12:09:23.573] [SEVERE ] removing player 1 token from slot 2
[12:09:23.771] [SEVERE ] updating countdown to 21657
[12:09:23.910] [SEVERE ] key 87 was pressed by player 1
[12:09:23.910] [SEVERE ] player 1 placing token on slot 1
[12:09:24.518] [SEVERE ] key 69 was pressed by player 1
[12:09:24.518] [SEVERE ] player 1 placing token on slot 2
[12:09:24.780] [SEVERE ] updating countdown to 20648
[12:09:24.982] [SEVERE ] key 82 was pressed by player 1
[12:09:25.789] [SEVERE ] updating countdown to 19639
[12:09:26.790] [SEVERE ] updating countdown to 18638
[12:09:27.109] [SEVERE ] key 82 was pressed by player 1
[12:09:27.277] [SEVERE ] key 69 was pressed by player 1
[12:09:27.277] [SEVERE ] removing player 1 token from slot 2
[12:09:27.590] [SEVERE ] key 87 was pressed by player 1
[12:09:27.590] [SEVERE ] removing player 1 token from slot 1
[12:09:27.795] [SEVERE ] updating countdown to 17633
[12:09:28.486] [SEVERE ] key 83 was pressed by player 1
[12:09:28.486] [SEVERE ] player 1 placing token on slot 5
[12:09:28.808] [SEVERE ] updating countdown to 16620
[12:09:28.813] [SEVERE ] key 68 was pressed by player 1
[12:09:28.814] [SEVERE ] player 1 placing token on slot 6
[12:09:29.222] [SEVERE ] key 70 was pressed by player 1
[12:09:29.798] [SEVERE ] key 70 was pressed by player 1
[12:09:29.813] [SEVERE ] updating countdown to 15615
[12:09:30.078] [SEVERE ] key 70 was pressed by player 1
[12:09:30.350] [SEVERE ] key 70 was pressed by player 1
[12:09:30.613] [SEVERE ] key 68 was pressed by player 1
[12:09:30.615] [SEVERE ] removing player 1 token from slot 6
[12:09:30.816] [SEVERE ] updating countdown to 14612
[12:09:30.925] [SEVERE ] key 83 was pressed by player 1
[12:09:30.925] [SEVERE ] removing player 1 token from slot 5
[12:09:31.824] [SEVERE ] updating countdown to 13604
[12:09:32.832] [SEVERE ] updating countdown to 12596
[12:09:33.839] [SEVERE ] updating countdown to 11589
[12:09:34.853] [SEVERE ] updating countdown to 10575
[12:09:35.862] [SEVERE ] updating countdown to 9566
[12:09:36.873] [SEVERE ] updating countdown to 8555
[12:09:37.881] [SEVERE ] updating countdown to 7547
[12:09:38.887] [SEVERE ] updating countdown to 6541
[12:09:39.896] [SEVERE ] updating countdown to 5532
[12:09:45.946] [SEVERE ] updating countdown to 60000
[12:09:46.054] [SEVERE ] removing card from slot 0
[12:09:46.162] [SEVERE ] removing card from slot 1
[12:09:46.272] [SEVERE ] removing card from slot 2
[12:09:46.380] [SEVERE ] removing card from slot 3
[12:09:46.487] [SEVERE ] removing card from slot 4
[12:09:46.595] [SEVERE ] removing card from slot 5
[12:09:46.703] [SEVERE ] removing card from slot 6
[12:09:46.811] [SEVERE ] removing card from slot 7
[12:09:46.920] [SEVERE ] removing card from slot 8
[12:09:47.028] [SEVERE ] removing card from slot 9
[12:09:47.137] [SEVERE ] removing card from slot 10
[12:09:47.246] [SEVERE ] removing card from slot 11
[12:09:47.355] [SEVERE ] placing card 48 in slot 0
[12:09:47.464] [SEVERE ] placing card 58 in slot 1
[12:09:47.573] [SEVERE ] placing card 45 in slot 2
[12:09:47.682] [SEVERE ] placing card 0 in slot 3
[12:09:47.790] [SEVERE ] placing card 47 in slot 4
[12:09:47.898] [SEVERE ] placing card 17 in slot 5
[12:09:48.005] [SEVERE ] placing card 12 in slot 6
[12:09:48.113] [SEVERE ] placing card 30 in slot 7
[12:09:48.222] [SEVERE ] placing card 34 in slot 8
[12:09:48.330] [SEVERE ] placing card 21 in slot 9
[12:09:48.437] [SEVERE ] placing card 31 in slot 10
[12:09:48.548] [SEVERE ] placing card 38 in slot 11
[12:09:49.558] [SEVERE ] updating countdown to 58992
[12:09:50.571] [SEVERE ] updating countdown to 57979
[12:09:51.579] [SEVERE ] updating countdown to 56971
[12:09:52.589] [SEVERE ] updating countdown to 55961
[12:09:53.596] [SEVERE ] updating countdown to 54954
[12:09:54.601] [SEVERE ] updating countdown to 53949
[12:09:55.614] [SEVERE ] updating countdown to 52936
[12:09:56.615] [SEVERE ] updating countdown to 51935
[12:09:57.627] [SEVERE ] updating countdown to 50923
[12:09:58.639] [SEVERE ] updating countdown to 49911
[12:09:59.649] [SEVERE ] updating countdown to 48901
[12:10:00.663] [SEVERE ] updating countdown to 47887
[12:10:01.672] [SEVERE ] updating countdown to 46878
[12:10:02.679] [SEVERE ] updating countdown to 45871
[12:10:03.629] [SEVERE ] key 69 was pressed by player 1
[12:10:03.629] [SEVERE ] player 1 placing token on slot 2
[12:10:03.693] [SEVERE ] updating countdown to 44857
[12:10:04.246] [SEVERE ] key 69 was pressed by player 1
[12:10:04.246] [SEVERE ] removing player 1 token from slot 2
[12:10:04.704] [SEVERE ] updating countdown to 43846
[12:10:04.774] [SEVERE ] key 73 was pressed by player 2
[12:10:04.774] [SEVERE ] player 2 placing token on slot 1
[12:10:05.712] [SEVERE ] updating countdown to 42838
[12:10:06.222] [SEVERE ] key 73 was pressed by player 2
[12:10:06.222] [SEVERE ] removing player 2 token from slot 1
[12:10:06.722] [SEVERE ] updating countdown to 41828
[12:10:07.731] [SEVERE ] updating countdown to 40819
[12:10:07.918] [SEVERE ] key 73 was pressed by player 2
[12:10:07.918] [SEVERE ] player 2 placing token on slot 1
[12:10:08.737] [SEVERE ] updating countdown to 39813
[12:10:08.870] [SEVERE ] key 79 was pressed by player 2
[12:10:08.870] [SEVERE ] player 2 placing token on slot 2
[12:10:09.742] [SEVERE ] updating countdown to 38808
[12:10:10.751] [SEVERE ] updating countdown to 37799
[12:10:11.605] [SEVERE ] key 75 was pressed by player 2
[12:10:11.605] [SEVERE ] player 2 placing token on slot 5
[12:10:31.877] [SEVERE ] updating countdown to 16673
[12:10:35.946] [SEVERE ] removing player 2 token from slot 1
[12:10:37.763] [SEVERE ] removing card from slot 1
[12:10:42.116] [SEVERE ] removing player 2 token from slot 2
[12:10:42.222] [SEVERE ] removing card from slot 2
[12:10:42.222] [SEVERE ] removing player 2 token from slot 5
[12:10:42.330] [SEVERE ] removing card from slot 5
[12:10:42.439] [SEVERE ] placing card 59 in slot 1
[12:10:42.547] [SEVERE ] placing card 35 in slot 2
[12:10:42.654] [SEVERE ] placing card 65 in slot 5
[12:10:48.704] [SEVERE ] updating countdown to 60000
[12:10:48.813] [SEVERE ] removing card from slot 0
[12:10:48.921] [SEVERE ] removing card from slot 1
[12:10:49.030] [SEVERE ] removing card from slot 2
[12:10:49.140] [SEVERE ] removing card from slot 3
[12:10:49.249] [SEVERE ] removing card from slot 4
[12:10:49.359] [SEVERE ] removing card from slot 5
[12:10:49.468] [SEVERE ] removing card from slot 6
[12:10:49.576] [SEVERE ] removing card from slot 7
[12:10:49.684] [SEVERE ] removing card from slot 8
[12:10:49.794] [SEVERE ] removing card from slot 9
[12:10:49.904] [SEVERE ] removing card from slot 10
[12:10:50.013] [SEVERE ] removing card from slot 11
[12:10:50.121] [SEVERE ] placing card 18 in slot 0
[12:10:50.228] [SEVERE ] placing card 73 in slot 1
[12:10:50.337] [SEVERE ] placing card 12 in slot 2
[12:10:50.445] [SEVERE ] placing card 68 in slot 3
[12:10:50.552] [SEVERE ] placing card 24 in slot 4
[12:10:50.662] [SEVERE ] placing card 0 in slot 5
[12:10:50.771] [SEVERE ] placing card 5 in slot 6
[12:10:50.879] [SEVERE ] placing card 51 in slot 7
[12:10:50.985] [SEVERE ] placing card 40 in slot 8
[12:10:51.094] [SEVERE ] placing card 54 in slot 9
[12:10:51.204] [SEVERE ] placing card 22 in slot 10
[12:10:51.313] [SEVERE ] placing card 47 in slot 11
[12:10:52.326] [SEVERE ] updating countdown to 58988
[12:10:53.330] [SEVERE ] updating countdown to 57984
[12:10:54.341] [SEVERE ] updating countdown to 56973
[12:10:55.348] [SEVERE ] updating countdown to 55966
[12:10:56.357] [SEVERE ] updating countdown to 54957
[12:10:57.367] [SEVERE ] updating countdown to 53947
[12:10:58.375] [SEVERE ] updating countdown to 52939
[12:10:59.383] [SEVERE ] updating countdown to 51931
[12:11:00.394] [SEVERE ] updating countdown to 50920
[12:11:01.403] [SEVERE ] updating countdown to 49911
[12:11:02.413] [SEVERE ] updating countdown to 48901
[12:11:03.423] [SEVERE ] updating countdown to 47891
[12:11:04.431] [SEVERE ] updating countdown to 46883
[12:11:05.443] [SEVERE ] updating countdown to 45871
[12:11:06.445] [SEVERE ] updating countdown to 44869
[12:11:07.452] [SEVERE ] updating countdown to 43862
[12:11:08.466] [SEVERE ] updating countdown to 42848
[12:11:09.481] [SEVERE ] updating countdown to 41833
[12:11:10.494] [SEVERE ] updating countdown to 40820
[12:11:11.502] [SEVERE ] updating countdown to 39812
[12:11:12.517] [SEVERE ] updating countdown to 38797
[12:11:13.526] [SEVERE ] updating countdown to 37788
[12:11:14.531] [SEVERE ] updating countdown to 36783
[12:11:15.541] [SEVERE ] updating countdown to 35773
[12:11:16.548] [SEVERE ] updating countdown to 34766
[12:11:17.556] [SEVERE ] updating countdown to 33758
[12:11:18.568] [SEVERE ] updating countdown to 32746
[12:11:19.578] [SEVERE ] updating countdown to 31736
[12:11:20.588] [SEVERE ] updating countdown to 30726
[12:11:21.602] [SEVERE ] updating countdown to 29712
[12:11:22.614] [SEVERE ] updating countdown to 28700
[12:11:23.626] [SEVERE ] updating countdown to 27688
[12:11:24.637] [SEVERE ] updating countdown to 26677
[12:11:25.646] [SEVERE ] updating countdown to 25668
[12:11:26.658] [SEVERE ] updating countdown to 24656
[12:11:27.669] [SEVERE ] updating countdown to 23645
[12:11:28.680] [SEVERE ] updating countdown to 22634
[12:11:29.692] [SEVERE ] updating countdown to 21622
[12:11:30.707] [SEVERE ] updating countdown to 20607
[12:11:31.721] [SEVERE ] updating countdown to 19593
[12:11:32.725] [SEVERE ] updating countdown to 18589
[12:11:33.736] [SEVERE ] updating countdown to 17578
[12:11:34.741] [SEVERE ] updating countdown to 16573
[12:11:35.752] [SEVERE ] updating countdown to 15562
[12:11:36.759] [SEVERE ] updating countdown to 14555
[12:11:37.770] [SEVERE ] updating countdown to 13544
[12:11:38.780] [SEVERE ] updating countdown to 12534
[12:11:39.785] [SEVERE ] updating countdown to 11529
[12:11:40.799] [SEVERE ] updating countdown to 10515
[12:11:41.810] [SEVERE ] updating countdown to 9504
[12:11:42.822] [SEVERE ] updating countdown to 8492
[12:11:43.830] [SEVERE ] updating countdown to 7484
[12:11:44.831] [SEVERE ] updating countdown to 6483
[12:11:45.840] [SEVERE ] updating countdown to 5474
[12:11:51.894] [SEVERE ] updating countdown to 60000
[12:11:52.001] [SEVERE ] removing card from slot 0
[12:11:52.111] [SEVERE ] removing card from slot 1
[12:11:52.218] [SEVERE ] removing card from slot 2
[12:11:52.328] [SEVERE ] removing card from slot 3
[12:11:52.437] [SEVERE ] removing card from slot 4
[12:11:52.546] [SEVERE ] removing card from slot 5
[12:11:52.655] [SEVERE ] removing card from slot 6
[12:11:52.764] [SEVERE ] removing card from slot 7
[12:11:52.873] [SEVERE ] removing card from slot 8
[12:11:52.981] [SEVERE ] removing card from slot 9
[12:11:53.091] [SEVERE ] removing card from slot 10
[12:11:53.199] [SEVERE ] removing card from slot 11
[12:11:53.310] [SEVERE ] placing card 41 in slot 0
[12:11:53.420] [SEVERE ] placing card 0 in slot 1
[12:11:53.529] [SEVERE ] placing card 77 in slot 2
[12:11:53.638] [SEVERE ] placing card 35 in slot 3
[12:11:53.747] [SEVERE ] placing card 5 in slot 4
[12:11:53.857] [SEVERE ] placing card 73 in slot 5
[12:11:53.968] [SEVERE ] placing card 7 in slot 6
[12:11:54.076] [SEVERE ] placing card 70 in slot 7
[12:11:54.184] [SEVERE ] placing card 60 in slot 8
[12:11:54.296] [SEVERE ] placing card 80 in slot 9
[12:11:54.405] [SEVERE ] placing card 20 in slot 10
[12:11:54.513] [SEVERE ] placing card 55 in slot 11
[12:11:55.530] [SEVERE ] updating countdown to 58985
[12:11:56.532] [SEVERE ] updating countdown to 57983
[12:11:57.538] [SEVERE ] updating countdown to 56977
[12:11:58.550] [SEVERE ] updating countdown to 55965
[12:11:59.563] [SEVERE ] updating countdown to 54952
[12:12:00.570] [SEVERE ] updating countdown to 53945
[12:12:01.578] [SEVERE ] updating countdown to 52937
[12:12:02.592] [SEVERE ] updating countdown to 51923
[12:12:03.605] [SEVERE ] updating countdown to 50910
[12:12:04.617] [SEVERE ] updating countdown to 49898
[12:12:05.627] [SEVERE ] updating countdown to 48888
[12:12:06.638] [SEVERE ] updating countdown to 47877
[12:12:07.648] [SEVERE ] updating countdown to 46867
[12:12:08.661] [SEVERE ] updating countdown to 45854
