[16:21:22.072] [INFO   ] thread main starting.
[16:21:22.081] [SEVERE ] cannot read configuration file config.properties trying from resources.
[16:21:22.083] [SEVERE ] configuration file was loaded from resources directory.
[16:21:22.710] [INFO   ] thread dealer starting.
[16:21:22.711] [INFO   ] thread dealer starting.
[16:21:22.711] [INFO   ] thread player 0 starting.
[16:21:22.711] [INFO   ] thread player 1 starting.
[16:21:22.828] [SEVERE ] placing card 45 in slot 0
[16:21:22.937] [SEVERE ] placing card 16 in slot 1
[16:21:23.044] [SEVERE ] placing card 23 in slot 2
[16:21:23.151] [SEVERE ] placing card 73 in slot 3
[16:21:23.263] [SEVERE ] placing card 48 in slot 4
[16:21:23.373] [SEVERE ] placing card 51 in slot 5
[16:21:23.482] [SEVERE ] placing card 12 in slot 6
[16:21:23.589] [SEVERE ] placing card 79 in slot 7
[16:21:23.699] [SEVERE ] placing card 53 in slot 8
[16:21:23.809] [SEVERE ] placing card 80 in slot 9
[16:21:23.917] [SEVERE ] placing card 1 in slot 10
[16:21:24.026] [SEVERE ] placing card 0 in slot 11
[16:21:25.046] [SEVERE ] updating countdown to 58985
[16:21:26.057] [SEVERE ] updating countdown to 57974
[16:21:27.070] [SEVERE ] updating countdown to 56961
[16:21:28.074] [SEVERE ] updating countdown to 55957
[16:21:29.083] [SEVERE ] updating countdown to 54948
[16:21:30.091] [SEVERE ] updating countdown to 53940
[16:21:31.099] [SEVERE ] updating countdown to 52932
[16:21:32.112] [SEVERE ] updating countdown to 51919
[16:21:33.121] [SEVERE ] updating countdown to 50910
[16:21:34.133] [SEVERE ] updating countdown to 49898
[16:21:34.225] [SEVERE ] key 69 was pressed by player 1
[16:21:34.226] [SEVERE ] player 1 placing token on slot 2
[16:21:35.142] [SEVERE ] updating countdown to 48889
[16:21:35.336] [SEVERE ] key 82 was pressed by player 1
[16:21:35.336] [SEVERE ] player 1 placing token on slot 3
[16:21:36.157] [SEVERE ] updating countdown to 47874
[16:21:36.648] [SEVERE ] key 79 was pressed by player 2
[16:21:36.648] [SEVERE ] player 2 placing token on slot 2
[16:21:37.168] [SEVERE ] updating countdown to 46863
[16:21:37.800] [SEVERE ] key 80 was pressed by player 2
[16:21:37.800] [SEVERE ] player 2 placing token on slot 3
[16:21:38.179] [SEVERE ] updating countdown to 45852
[16:21:39.190] [SEVERE ] updating countdown to 44841
[16:21:40.200] [SEVERE ] updating countdown to 43831
[16:21:41.213] [SEVERE ] updating countdown to 42818
[16:21:42.224] [SEVERE ] updating countdown to 41807
[16:21:43.025] [SEVERE ] key 65 was pressed by player 1
[16:21:43.025] [SEVERE ] player 1 placing token on slot 4
[16:21:43.025] [SEVERE ] key 74 was pressed by player 2
[16:21:43.025] [SEVERE ] player 2 placing token on slot 4
[16:21:43.027] [SEVERE ] setting player 2 freeze to 3000
[16:21:43.027] [SEVERE ] setting player 1 freeze to 3000
[16:21:43.229] [SEVERE ] updating countdown to 40802
[16:21:44.034] [SEVERE ] setting player 2 freeze to 2000
[16:21:44.034] [SEVERE ] setting player 1 freeze to 2000
[16:21:44.236] [SEVERE ] updating countdown to 39795
[16:21:45.042] [SEVERE ] setting player 1 freeze to 1000
[16:21:45.042] [SEVERE ] setting player 2 freeze to 1000
[16:21:45.242] [SEVERE ] updating countdown to 38789
[16:21:46.053] [SEVERE ] setting player 1 freeze to 0
[16:21:46.053] [SEVERE ] setting player 2 freeze to 0
[16:21:46.256] [SEVERE ] updating countdown to 37775
[16:21:47.263] [SEVERE ] updating countdown to 36768
[16:21:48.264] [SEVERE ] updating countdown to 35767
[16:21:49.160] [SEVERE ] key 65 was pressed by player 1
[16:21:49.160] [SEVERE ] removing player 1 token from slot 4
[16:21:49.192] [SEVERE ] key 74 was pressed by player 2
[16:21:49.192] [SEVERE ] removing player 2 token from slot 4
[16:21:49.274] [SEVERE ] updating countdown to 34757
[16:21:50.200] [SEVERE ] key 83 was pressed by player 1
[16:21:50.200] [SEVERE ] player 1 placing token on slot 5
[16:21:50.201] [SEVERE ] key 75 was pressed by player 2
[16:21:50.201] [SEVERE ] player 2 placing token on slot 5
[16:21:50.201] [SEVERE ] updating countdown to 33830
[16:21:50.201] [SEVERE ] removing player 1 token from slot 2
[16:21:50.202] [SEVERE ] removing card from slot 2
[16:21:50.202] [SEVERE ] removing player 1 token from slot 3
[16:21:50.314] [SEVERE ] removing card from slot 3
[16:21:50.314] [SEVERE ] removing player 1 token from slot 5
[16:21:50.420] [SEVERE ] removing card from slot 5
[16:21:50.420] [SEVERE ] setting player 1 score to 1
[16:21:50.420] [SEVERE ] setting player 2 score to 1
[16:21:50.420] [SEVERE ] setting player 1 freeze to 1000
[16:21:50.420] [SEVERE ] setting player 2 freeze to 1000
[16:21:50.527] [SEVERE ] placing card 71 in slot 2
[16:21:50.635] [SEVERE ] placing card 36 in slot 3
[16:21:50.744] [SEVERE ] placing card 28 in slot 5
[16:21:51.429] [SEVERE ] setting player 2 freeze to 0
[16:21:51.429] [SEVERE ] setting player 1 freeze to 0
[16:21:51.757] [SEVERE ] updating countdown to 32274
[16:21:52.765] [SEVERE ] updating countdown to 31266
[16:21:53.778] [SEVERE ] updating countdown to 30253
[16:21:54.779] [SEVERE ] updating countdown to 29252
[16:21:55.785] [SEVERE ] updating countdown to 28246
[16:21:56.795] [SEVERE ] updating countdown to 27236
[16:21:57.803] [SEVERE ] updating countdown to 26228
[16:21:58.814] [SEVERE ] updating countdown to 25217
[16:21:59.821] [SEVERE ] updating countdown to 24210
[16:22:00.828] [SEVERE ] updating countdown to 23203
[16:22:01.840] [SEVERE ] updating countdown to 22191
[16:22:02.842] [SEVERE ] updating countdown to 21189
[16:22:03.855] [SEVERE ] updating countdown to 20176
[16:22:04.866] [SEVERE ] updating countdown to 19165
[16:22:05.875] [SEVERE ] updating countdown to 18156
[16:22:06.884] [SEVERE ] updating countdown to 17147
[16:22:07.891] [SEVERE ] updating countdown to 16140
[16:22:08.903] [SEVERE ] updating countdown to 15128
[16:22:09.911] [SEVERE ] updating countdown to 14120
[16:22:10.917] [SEVERE ] updating countdown to 13114
[16:22:11.926] [SEVERE ] updating countdown to 12105
[16:22:12.932] [SEVERE ] updating countdown to 11099
[16:22:13.944] [SEVERE ] updating countdown to 10087
[16:22:14.950] [SEVERE ] updating countdown to 9081
[16:22:15.962] [SEVERE ] updating countdown to 8069
[16:22:16.975] [SEVERE ] updating countdown to 7056
[16:22:17.984] [SEVERE ] updating countdown to 6047
[16:22:18.991] [SEVERE ] updating countdown to 5040
[16:22:25.036] [SEVERE ] updating countdown to 60000
[16:22:25.145] [SEVERE ] removing card from slot 0
[16:22:25.145] [SEVERE ] removing player 2 token from slot 2
[16:22:25.146] [SEVERE ] removing player 2 token from slot 3
[16:22:25.146] [SEVERE ] removing player 2 token from slot 5
[16:22:25.254] [SEVERE ] removing card from slot 1
[16:22:25.361] [SEVERE ] removing card from slot 2
[16:22:25.471] [SEVERE ] removing card from slot 3
[16:22:25.581] [SEVERE ] removing card from slot 4
[16:22:25.689] [SEVERE ] removing card from slot 5
[16:22:25.797] [SEVERE ] removing card from slot 6
[16:22:25.906] [SEVERE ] removing card from slot 7
[16:22:26.015] [SEVERE ] removing card from slot 8
[16:22:26.125] [SEVERE ] removing card from slot 9
[16:22:26.233] [SEVERE ] removing card from slot 10
[16:22:26.341] [SEVERE ] removing card from slot 11
[16:22:26.450] [SEVERE ] placing card 44 in slot 0
[16:22:26.559] [SEVERE ] placing card 39 in slot 1
[16:22:26.669] [SEVERE ] placing card 46 in slot 2
[16:22:26.775] [SEVERE ] placing card 17 in slot 3
[16:22:26.882] [SEVERE ] placing card 79 in slot 4
[16:22:26.991] [SEVERE ] placing card 77 in slot 5
[16:22:27.098] [SEVERE ] placing card 74 in slot 6
[16:22:27.206] [SEVERE ] placing card 59 in slot 7
[16:22:27.316] [SEVERE ] placing card 45 in slot 8
[16:22:27.424] [SEVERE ] placing card 35 in slot 9
[16:22:27.531] [SEVERE ] placing card 57 in slot 10
[16:22:27.640] [SEVERE ] placing card 18 in slot 11
[16:22:27.648] [SEVERE ] exit button pressed
[16:22:27.648] [INFO   ] thread player 0 terminated.
[16:22:27.648] [INFO   ] thread player 1 terminated.
[16:22:28.649] [SEVERE ] updating countdown to 58994
[16:22:28.649] [SEVERE ] updating countdown to 60000
[16:22:28.757] [SEVERE ] removing card from slot 0
[16:22:28.865] [SEVERE ] removing card from slot 1
[16:22:28.974] [SEVERE ] removing card from slot 2
[16:22:29.081] [SEVERE ] removing card from slot 3
[16:22:29.190] [SEVERE ] removing card from slot 4
[16:22:29.298] [SEVERE ] removing card from slot 5
[16:22:29.405] [SEVERE ] removing card from slot 6
[16:22:29.513] [SEVERE ] removing card from slot 7
[16:22:29.620] [SEVERE ] removing card from slot 8
[16:22:29.728] [SEVERE ] removing card from slot 9
[16:22:29.835] [SEVERE ] removing card from slot 10
[16:22:29.944] [SEVERE ] removing card from slot 11
[16:22:29.945] [SEVERE ] announcing winner(s): player 1, player 2
[16:22:29.946] [INFO   ] thread dealer terminated.
[16:22:29.947] [INFO   ] thread dealer terminated.
[16:22:29.947] [SEVERE ] thanks for playing... it was fun!
[16:22:29.947] [INFO   ] thread main terminated.
