[20:12:44.931] [INFO   ] thread main starting.
[20:12:44.937] [SEVERE ] cannot read configuration file config.properties trying from resources.
[20:12:44.940] [SEVERE ] configuration file was loaded from resources directory.
[20:12:45.438] [INFO   ] thread dealer starting.
[20:12:45.438] [INFO   ] thread dealer starting.
[20:12:45.443] [INFO   ] thread player 0 starting.
[20:12:45.444] [INFO   ] thread player 1 starting.
[20:12:45.561] [SEVERE ] placing card 3 in slot 0
[20:12:45.671] [SEVERE ] placing card 4 in slot 1
[20:12:45.781] [SEVERE ] placing card 14 in slot 2
[20:12:45.891] [SEVERE ] placing card 26 in slot 3
[20:12:46.001] [SEVERE ] placing card 10 in slot 4
[20:12:46.112] [SEVERE ] placing card 9 in slot 5
[20:12:46.222] [SEVERE ] placing card 48 in slot 6
[20:12:46.331] [SEVERE ] placing card 7 in slot 7
[20:12:46.440] [SEVERE ] placing card 54 in slot 8
[20:12:46.549] [SEVERE ] placing card 40 in slot 9
[20:12:46.661] [SEVERE ] placing card 72 in slot 10
[20:12:46.770] [SEVERE ] placing card 65 in slot 11
[20:12:47.788] [SEVERE ] updating countdown to 58987
