[20:56:05.233] [INFO   ] thread main starting.
[20:56:05.240] [SEVERE ] cannot read configuration file config.properties trying from resources.
[20:56:05.243] [SEVERE ] configuration file was loaded from resources directory.
[20:56:05.812] [INFO   ] thread dealer starting.
[20:56:05.813] [INFO   ] thread dealer starting.
[20:56:05.814] [INFO   ] thread player 1 starting.
[20:56:05.814] [INFO   ] thread player 0 starting.
[20:56:05.939] [SEVERE ] placing card 22 in slot 0
[20:56:06.049] [SEVERE ] placing card 35 in slot 1
[20:56:06.158] [SEVERE ] placing card 8 in slot 2
[20:56:06.267] [SEVERE ] placing card 3 in slot 3
[20:56:06.377] [SEVERE ] placing card 80 in slot 4
[20:56:06.485] [SEVERE ] placing card 72 in slot 5
[20:56:06.594] [SEVERE ] placing card 6 in slot 6
[20:56:06.704] [SEVERE ] placing card 44 in slot 7
[20:56:06.812] [SEVERE ] placing card 66 in slot 8
[20:56:06.923] [SEVERE ] placing card 69 in slot 9
[20:56:07.031] [SEVERE ] placing card 0 in slot 10
[20:56:07.141] [SEVERE ] placing card 49 in slot 11
[20:56:08.159] [SEVERE ] updating countdown to 58987
[20:56:09.162] [SEVERE ] updating countdown to 57984
[20:56:10.168] [SEVERE ] updating countdown to 56978
[20:56:11.177] [SEVERE ] updating countdown to 55969
[20:56:12.034] [SEVERE ] key 69 was pressed by player 1
[20:56:12.034] [SEVERE ] player 1 placing token on slot 2
[20:56:12.041] [SEVERE ] key 79 was pressed by player 2
[20:56:12.041] [SEVERE ] player 2 placing token on slot 2
[20:56:12.186] [SEVERE ] updating countdown to 54960
[20:56:13.188] [SEVERE ] updating countdown to 53958
[20:56:14.193] [SEVERE ] updating countdown to 52953
[20:56:14.312] [SEVERE ] key 65 was pressed by player 1
[20:56:14.313] [SEVERE ] player 1 placing token on slot 4
[20:56:14.313] [SEVERE ] key 74 was pressed by player 2
[20:56:14.313] [SEVERE ] player 2 placing token on slot 4
[20:56:15.199] [SEVERE ] updating countdown to 51947
[20:56:16.205] [SEVERE ] updating countdown to 50941
[20:56:17.208] [SEVERE ] updating countdown to 49938
[20:56:17.488] [SEVERE ] key 59 was pressed by player 2
[20:56:17.488] [SEVERE ] player 2 placing token on slot 7
[20:56:23.750] [SEVERE ] updating countdown to 43396
[20:56:23.923] [SEVERE ] key 70 was pressed by player 1
[20:56:24.249] [SEVERE ] player 1 placing token on slot 7
[20:56:24.821] [SEVERE ] updating countdown to 42325
[20:56:33.014] [SEVERE ] updating countdown to 34132
[20:56:52.961] [SEVERE ] updating countdown to 14185
[20:56:53.970] [SEVERE ] updating countdown to 13176
[20:56:54.979] [SEVERE ] updating countdown to 12167
[20:56:55.990] [SEVERE ] updating countdown to 11156
[20:56:56.996] [SEVERE ] updating countdown to 10150
[20:56:58.006] [SEVERE ] updating countdown to 9140
[20:56:59.019] [SEVERE ] updating countdown to 8127
[20:57:00.032] [SEVERE ] updating countdown to 7114
[20:57:01.040] [SEVERE ] updating countdown to 6106
[20:57:02.048] [SEVERE ] updating countdown to 5098
[20:57:08.108] [SEVERE ] updating countdown to 60000
[20:57:08.217] [SEVERE ] removing card from slot 0
[20:57:08.217] [SEVERE ] removing player 1 token from slot 2
[20:57:08.217] [SEVERE ] removing player 1 token from slot 4
[20:57:08.217] [SEVERE ] removing player 1 token from slot 7
[20:57:08.217] [SEVERE ] removing player 2 token from slot 2
[20:57:08.218] [SEVERE ] removing player 2 token from slot 4
[20:57:08.218] [SEVERE ] removing player 2 token from slot 7
[20:57:08.327] [SEVERE ] removing card from slot 1
[20:57:08.437] [SEVERE ] removing card from slot 2
[20:57:08.547] [SEVERE ] removing card from slot 3
[20:57:08.656] [SEVERE ] removing card from slot 4
[20:57:08.764] [SEVERE ] removing card from slot 5
[20:57:08.874] [SEVERE ] removing card from slot 6
[20:57:08.982] [SEVERE ] removing card from slot 7
[20:57:09.090] [SEVERE ] removing card from slot 8
[20:57:09.201] [SEVERE ] removing card from slot 9
[20:57:09.310] [SEVERE ] removing card from slot 10
[20:57:09.420] [SEVERE ] removing card from slot 11
[20:57:09.529] [SEVERE ] placing card 4 in slot 0
[20:57:09.638] [SEVERE ] placing card 39 in slot 1
[20:57:09.748] [SEVERE ] placing card 58 in slot 2
[20:57:09.855] [SEVERE ] placing card 73 in slot 3
[20:57:09.965] [SEVERE ] placing card 3 in slot 4
[20:57:10.074] [SEVERE ] placing card 10 in slot 5
[20:57:10.185] [SEVERE ] placing card 23 in slot 6
[20:57:10.293] [SEVERE ] placing card 78 in slot 7
[20:57:10.402] [SEVERE ] placing card 69 in slot 8
[20:57:10.509] [SEVERE ] placing card 68 in slot 9
[20:57:10.618] [SEVERE ] placing card 35 in slot 10
[20:57:10.727] [SEVERE ] placing card 15 in slot 11
[20:57:11.737] [SEVERE ] updating countdown to 58994
[20:57:12.751] [SEVERE ] updating countdown to 57980
[20:57:13.761] [SEVERE ] key 81 was pressed by player 1
[20:57:13.766] [SEVERE ] updating countdown to 56965
[20:57:14.152] [SEVERE ] key 87 was pressed by player 1
[20:57:14.449] [SEVERE ] key 69 was pressed by player 1
[20:57:14.779] [SEVERE ] updating countdown to 55952
[20:57:15.794] [SEVERE ] updating countdown to 54937
[20:57:16.808] [SEVERE ] updating countdown to 53923
[20:57:17.810] [SEVERE ] updating countdown to 52921
[20:57:18.817] [SEVERE ] updating countdown to 51914
[20:57:19.826] [SEVERE ] updating countdown to 50905
[20:57:20.836] [SEVERE ] updating countdown to 49895
[20:57:21.846] [SEVERE ] updating countdown to 48885
