[15:35:08.677] [INFO   ] thread main starting.
[15:35:08.688] [SEVERE ] cannot read configuration file config.properties trying from resources.
[15:35:08.692] [SEVERE ] configuration file was loaded from resources directory.
[15:35:09.803] [INFO   ] thread dealer starting.
[15:35:09.808] [INFO   ] thread dealer starting.
[15:35:09.809] [INFO   ] thread player 0 starting.
[15:35:09.828] [INFO   ] thread player 1 starting.
[15:35:09.945] [SEVERE ] placing card 49 in slot 0
[15:35:10.053] [SEVERE ] placing card 3 in slot 1
[15:35:10.163] [SEVERE ] placing card 2 in slot 2
[15:35:10.272] [SEVERE ] placing card 10 in slot 3
[15:35:10.379] [SEVERE ] placing card 51 in slot 4
[15:35:10.485] [SEVERE ] placing card 37 in slot 5
[15:35:10.596] [SEVERE ] placing card 60 in slot 6
[15:35:10.706] [SEVERE ] placing card 45 in slot 7
[15:35:10.814] [SEVERE ] placing card 28 in slot 8
[15:35:10.923] [SEVERE ] placing card 79 in slot 9
[15:35:11.030] [SEVERE ] placing card 72 in slot 10
[15:35:11.139] [SEVERE ] placing card 9 in slot 11
[15:35:12.147] [SEVERE ] updating countdown to 58999
[15:35:13.163] [SEVERE ] updating countdown to 57983
[15:35:14.170] [SEVERE ] updating countdown to 56976
[15:35:15.176] [SEVERE ] updating countdown to 55970
[15:35:16.189] [SEVERE ] updating countdown to 54957
[15:35:17.199] [SEVERE ] updating countdown to 53947
[15:35:18.199] [SEVERE ] updating countdown to 52947
[15:35:19.210] [SEVERE ] updating countdown to 51936
[15:35:20.218] [SEVERE ] updating countdown to 50928
[15:35:21.226] [SEVERE ] updating countdown to 49920
[15:35:22.237] [SEVERE ] updating countdown to 48909
[15:35:23.252] [SEVERE ] updating countdown to 47894
[15:35:24.254] [SEVERE ] updating countdown to 46892
[15:35:24.496] [SEVERE ] key 86 was pressed by player 1
[15:35:24.497] [SEVERE ] player 1 placing token on slot 11
[15:35:25.260] [SEVERE ] updating countdown to 45886
[15:35:26.271] [SEVERE ] updating countdown to 44875
[15:35:27.281] [SEVERE ] updating countdown to 43865
[15:35:28.295] [SEVERE ] updating countdown to 42851
[15:35:29.158] [SEVERE ] key 67 was pressed by player 1
[15:35:29.158] [SEVERE ] player 1 placing token on slot 10
[15:35:29.309] [SEVERE ] updating countdown to 41837
[15:35:29.631] [SEVERE ] key 67 was pressed by player 1
[15:35:29.631] [SEVERE ] removing player 1 token from slot 10
[15:35:29.894] [SEVERE ] key 88 was pressed by player 1
[15:35:29.895] [SEVERE ] player 1 placing token on slot 9
[15:35:30.320] [SEVERE ] updating countdown to 40826
[15:35:31.329] [SEVERE ] updating countdown to 39817
[15:35:32.338] [SEVERE ] updating countdown to 38808
[15:35:33.349] [SEVERE ] updating countdown to 37797
[15:35:34.359] [SEVERE ] updating countdown to 36787
[15:35:34.598] [SEVERE ] key 88 was pressed by player 1
[15:35:34.598] [SEVERE ] removing player 1 token from slot 9
[15:35:34.918] [SEVERE ] key 86 was pressed by player 1
[15:35:34.918] [SEVERE ] removing player 1 token from slot 11
[15:35:35.361] [SEVERE ] updating countdown to 35785
[15:35:36.370] [SEVERE ] updating countdown to 34776
[15:35:37.251] [SEVERE ] exit button pressed
[15:35:37.252] [INFO   ] thread player 0 terminated.
[15:35:37.252] [INFO   ] thread player 1 terminated.
[15:35:37.381] [SEVERE ] updating countdown to 33765
[15:35:37.381] [SEVERE ] updating countdown to 60000
[15:35:37.488] [SEVERE ] removing card from slot 0
[15:35:37.597] [SEVERE ] removing card from slot 1
[15:35:37.705] [SEVERE ] removing card from slot 2
[15:35:37.814] [SEVERE ] removing card from slot 3
