[16:58:18.588] [INFO   ] thread main starting.
[16:58:18.596] [SEVERE ] cannot read configuration file config.properties trying from resources.
[16:58:18.599] [SEVERE ] configuration file was loaded from resources directory.
[16:58:19.134] [INFO   ] thread dealer starting.
[16:58:19.135] [INFO   ] thread dealer starting.
[16:58:19.135] [INFO   ] thread player 0 starting.
[16:58:19.136] [INFO   ] thread player 1 starting.
[16:58:19.247] [SEVERE ] placing card 37 in slot 0
[16:58:19.356] [SEVERE ] placing card 33 in slot 1
[16:58:19.464] [SEVERE ] placing card 66 in slot 2
[16:58:19.575] [SEVERE ] placing card 22 in slot 3
[16:58:19.684] [SEVERE ] placing card 24 in slot 4
[16:58:19.793] [SEVERE ] placing card 74 in slot 5
[16:58:19.904] [SEVERE ] placing card 28 in slot 6
[16:58:20.014] [SEVERE ] placing card 26 in slot 7
[16:58:20.122] [SEVERE ] placing card 1 in slot 8
[16:58:20.231] [SEVERE ] placing card 27 in slot 9
[16:58:20.339] [SEVERE ] placing card 31 in slot 10
[16:58:20.448] [SEVERE ] placing card 56 in slot 11
[16:58:21.462] [SEVERE ] updating countdown to 58994
[16:58:22.465] [SEVERE ] updating countdown to 57991
[16:58:23.479] [SEVERE ] updating countdown to 56977
