[15:40:13.459] [INFO   ] thread main starting.
[15:40:13.469] [SEVERE ] cannot read configuration file config.properties trying from resources.
[15:40:13.471] [SEVERE ] configuration file was loaded from resources directory.
[15:40:14.499] [INFO   ] thread dealer starting.
[15:40:14.503] [INFO   ] thread dealer starting.
[15:40:14.505] [INFO   ] thread player 0 starting.
[15:40:14.505] [INFO   ] thread player 1 starting.
[15:40:14.633] [SEVERE ] placing card 37 in slot 0
[15:40:14.740] [SEVERE ] placing card 60 in slot 1
[15:40:14.850] [SEVERE ] placing card 56 in slot 2
[15:40:14.958] [SEVERE ] placing card 54 in slot 3
[15:40:15.066] [SEVERE ] placing card 61 in slot 4
[15:40:15.176] [SEVERE ] placing card 38 in slot 5
[15:40:15.285] [SEVERE ] placing card 65 in slot 6
[15:40:15.393] [SEVERE ] placing card 0 in slot 7
[15:40:15.502] [SEVERE ] placing card 27 in slot 8
[15:40:15.611] [SEVERE ] placing card 40 in slot 9
[15:40:15.721] [SEVERE ] placing card 21 in slot 10
[15:40:15.829] [SEVERE ] placing card 36 in slot 11
[15:40:16.842] [SEVERE ] updating countdown to 58994
[15:40:17.853] [SEVERE ] updating countdown to 57983
[15:40:18.868] [SEVERE ] updating countdown to 56968
[15:40:19.877] [SEVERE ] updating countdown to 55959
[15:40:20.887] [SEVERE ] updating countdown to 54949
[15:40:21.534] [SEVERE ] key 86 was pressed by player 1
[15:40:21.534] [SEVERE ] player 1 placing token on slot 11
[15:40:21.900] [SEVERE ] updating countdown to 53936
[15:40:22.911] [SEVERE ] updating countdown to 52925
[15:40:23.084] [SEVERE ] key 67 was pressed by player 1
[15:40:23.086] [SEVERE ] player 1 placing token on slot 10
[15:40:23.922] [SEVERE ] updating countdown to 51914
[15:40:24.931] [SEVERE ] updating countdown to 50905
[15:40:25.938] [SEVERE ] updating countdown to 49898
[15:40:26.124] [SEVERE ] key 87 was pressed by player 1
[15:40:26.124] [SEVERE ] player 1 placing token on slot 1
[15:40:31.559] [SEVERE ] updating countdown to 44277
[15:41:04.780] [SEVERE ] removing player 1 token from slot 11
[15:41:05.682] [SEVERE ] removing card from slot 11
[15:41:07.077] [SEVERE ] removing player 1 token from slot 10
[15:41:07.641] [SEVERE ] removing card from slot 10
[15:41:08.586] [SEVERE ] removing player 1 token from slot 1
[15:41:09.243] [SEVERE ] removing card from slot 1
[15:41:33.472] [SEVERE ] placing card 44 in slot 1
[15:41:33.472] [SEVERE ] setting player 1 score to 1
[15:41:34.158] [SEVERE ] placing card 59 in slot 10
[15:41:37.034] [SEVERE ] setting player 1 freeze to 1000
[15:41:37.971] [SEVERE ] placing card 3 in slot 11
[15:41:37.972] [SEVERE ] updating countdown to 60000
[15:41:38.079] [SEVERE ] removing card from slot 0
[15:41:38.187] [SEVERE ] removing card from slot 1
[15:41:38.295] [SEVERE ] removing card from slot 2
[15:41:38.405] [SEVERE ] removing card from slot 3
[15:41:38.515] [SEVERE ] removing card from slot 4
[15:41:38.623] [SEVERE ] removing card from slot 5
[15:41:38.731] [SEVERE ] removing card from slot 6
[15:41:38.840] [SEVERE ] removing card from slot 7
[15:41:38.947] [SEVERE ] removing card from slot 8
[15:41:39.873] [SEVERE ] removing card from slot 9
[15:41:43.054] [SEVERE ] removing card from slot 10
[15:41:49.550] [SEVERE ] setting player 1 freeze to 0
[15:41:57.236] [SEVERE ] removing card from slot 11
[15:42:38.276] [SEVERE ] placing card 1 in slot 0
[15:42:40.582] [SEVERE ] placing card 72 in slot 1
[15:42:40.690] [SEVERE ] placing card 75 in slot 2
[15:42:40.797] [SEVERE ] placing card 18 in slot 3
[15:42:40.906] [SEVERE ] placing card 66 in slot 4
[15:42:41.014] [SEVERE ] placing card 69 in slot 5
[15:42:41.123] [SEVERE ] placing card 52 in slot 6
[15:42:41.232] [SEVERE ] placing card 65 in slot 7
[15:42:41.341] [SEVERE ] placing card 79 in slot 8
[15:42:41.449] [SEVERE ] placing card 20 in slot 9
[15:42:41.558] [SEVERE ] placing card 5 in slot 10
[15:42:41.666] [SEVERE ] placing card 19 in slot 11
[15:42:42.677] [SEVERE ] updating countdown to 58994
[15:42:43.682] [SEVERE ] updating countdown to 57989
[15:42:44.685] [SEVERE ] updating countdown to 56986
[15:42:45.695] [SEVERE ] updating countdown to 55976
[15:42:46.700] [SEVERE ] updating countdown to 54971
[15:42:46.932] [SEVERE ] key 86 was pressed by player 1
[15:42:46.932] [SEVERE ] player 1 placing token on slot 11
[15:42:47.707] [SEVERE ] updating countdown to 53964
[15:42:48.715] [SEVERE ] updating countdown to 52956
[15:42:49.108] [SEVERE ] key 88 was pressed by player 1
[15:42:49.108] [SEVERE ] player 1 placing token on slot 9
[15:42:49.722] [SEVERE ] updating countdown to 51949
[15:42:50.725] [SEVERE ] updating countdown to 50946
[15:42:51.738] [SEVERE ] updating countdown to 49933
[15:42:52.747] [SEVERE ] updating countdown to 48924
[15:42:53.753] [SEVERE ] updating countdown to 47918
[15:42:54.762] [SEVERE ] updating countdown to 46909
[15:42:54.852] [SEVERE ] key 69 was pressed by player 1
[15:42:54.852] [SEVERE ] player 1 placing token on slot 2
[15:42:54.853] [SEVERE ] setting player 1 freeze to 3000
[15:42:55.775] [SEVERE ] updating countdown to 45896
[15:42:55.868] [SEVERE ] setting player 1 freeze to 2000
[15:42:56.780] [SEVERE ] updating countdown to 44891
[15:42:56.873] [SEVERE ] setting player 1 freeze to 1000
[15:42:57.787] [SEVERE ] updating countdown to 43884
[15:42:57.882] [SEVERE ] setting player 1 freeze to 0
[15:42:58.798] [SEVERE ] updating countdown to 42873
[15:42:59.284] [SEVERE ] key 67 was pressed by player 1
[15:42:59.636] [SEVERE ] key 88 was pressed by player 1
[15:42:59.636] [SEVERE ] removing player 1 token from slot 9
[15:42:59.806] [SEVERE ] updating countdown to 41865
[15:43:00.452] [SEVERE ] key 90 was pressed by player 1
[15:43:00.453] [SEVERE ] player 1 placing token on slot 8
[15:43:00.454] [SEVERE ] setting player 1 freeze to 3000
[15:43:00.810] [SEVERE ] updating countdown to 40861
[15:43:01.463] [SEVERE ] setting player 1 freeze to 2000
[15:43:01.819] [SEVERE ] updating countdown to 39852
[15:43:02.465] [SEVERE ] setting player 1 freeze to 1000
[15:43:02.824] [SEVERE ] updating countdown to 38847
[15:43:03.473] [SEVERE ] setting player 1 freeze to 0
[15:43:03.831] [SEVERE ] updating countdown to 37840
[15:43:04.842] [SEVERE ] updating countdown to 36829
[15:43:05.851] [SEVERE ] updating countdown to 35820
[15:43:06.855] [SEVERE ] updating countdown to 34816
[15:43:07.316] [SEVERE ] key 90 was pressed by player 1
[15:43:07.317] [SEVERE ] removing player 1 token from slot 8
[15:43:07.676] [SEVERE ] key 90 was pressed by player 1
[15:43:07.676] [SEVERE ] player 1 placing token on slot 8
[15:43:07.678] [SEVERE ] setting player 1 freeze to 3000
[15:43:07.865] [SEVERE ] updating countdown to 33806
[15:43:08.100] [SEVERE ] key 90 was pressed by player 1
[15:43:08.563] [SEVERE ] key 90 was pressed by player 1
[15:43:08.690] [SEVERE ] setting player 1 freeze to 2000
[15:43:08.875] [SEVERE ] updating countdown to 32796
[15:43:09.204] [SEVERE ] key 90 was pressed by player 1
[15:43:09.436] [SEVERE ] key 88 was pressed by player 1
[15:43:09.706] [SEVERE ] setting player 1 freeze to 1000
[15:43:09.796] [SEVERE ] key 67 was pressed by player 1
[15:43:09.878] [SEVERE ] updating countdown to 31793
[15:43:10.260] [SEVERE ] key 68 was pressed by player 1
[15:43:10.717] [SEVERE ] setting player 1 freeze to 0
[15:43:10.887] [SEVERE ] updating countdown to 30784
[15:43:11.897] [SEVERE ] updating countdown to 29774
[15:43:12.906] [SEVERE ] updating countdown to 28765
[15:43:13.913] [SEVERE ] updating countdown to 27758
[15:43:14.244] [SEVERE ] key 90 was pressed by player 1
[15:43:14.244] [SEVERE ] removing player 1 token from slot 8
[15:43:14.603] [SEVERE ] key 67 was pressed by player 1
[15:43:14.603] [SEVERE ] player 1 placing token on slot 10
[15:43:14.605] [SEVERE ] setting player 1 freeze to 3000
[15:43:14.915] [SEVERE ] updating countdown to 26756
[15:43:15.316] [SEVERE ] key 88 was pressed by player 1
[15:43:15.548] [SEVERE ] key 90 was pressed by player 1
[15:43:15.615] [SEVERE ] setting player 1 freeze to 2000
[15:43:15.926] [SEVERE ] updating countdown to 25745
[15:43:16.356] [SEVERE ] key 68 was pressed by player 1
[15:43:16.356] [SEVERE ] key 70 was pressed by player 1
[15:43:16.625] [SEVERE ] setting player 1 freeze to 1000
[15:43:16.684] [SEVERE ] key 68 was pressed by player 1
[15:43:16.723] [SEVERE ] key 70 was pressed by player 1
[15:43:16.934] [SEVERE ] updating countdown to 24737
[15:43:17.500] [SEVERE ] key 70 was pressed by player 1
[15:43:17.631] [SEVERE ] setting player 1 freeze to 0
[15:43:17.939] [SEVERE ] updating countdown to 23732
[15:43:18.941] [SEVERE ] updating countdown to 22730
[15:43:19.946] [SEVERE ] updating countdown to 21725
[15:43:20.283] [SEVERE ] key 67 was pressed by player 1
[15:43:20.285] [SEVERE ] removing player 1 token from slot 10
[15:43:20.812] [SEVERE ] key 86 was pressed by player 1
[15:43:20.813] [SEVERE ] removing player 1 token from slot 11
[15:43:20.950] [SEVERE ] updating countdown to 20721
[15:43:21.961] [SEVERE ] updating countdown to 19710
[15:43:22.012] [SEVERE ] key 82 was pressed by player 1
[15:43:22.013] [SEVERE ] player 1 placing token on slot 3
[15:43:22.563] [SEVERE ] key 82 was pressed by player 1
[15:43:22.565] [SEVERE ] removing player 1 token from slot 3
[15:43:22.859] [SEVERE ] key 69 was pressed by player 1
[15:43:22.860] [SEVERE ] removing player 1 token from slot 2
[15:43:22.966] [SEVERE ] updating countdown to 18705
[15:43:23.974] [SEVERE ] updating countdown to 17697
[15:43:24.978] [SEVERE ] updating countdown to 16693
[15:43:25.983] [SEVERE ] updating countdown to 15688
[15:43:26.989] [SEVERE ] updating countdown to 14682
[15:43:27.995] [SEVERE ] updating countdown to 13676
[15:43:29.004] [SEVERE ] updating countdown to 12667
[15:43:30.013] [SEVERE ] updating countdown to 11658
[15:43:30.492] [SEVERE ] key 74 was pressed by player 2
[15:43:30.492] [SEVERE ] player 2 placing token on slot 4
[15:43:30.660] [SEVERE ] key 75 was pressed by player 2
[15:43:30.660] [SEVERE ] player 2 placing token on slot 5
[15:43:30.828] [SEVERE ] key 76 was pressed by player 2
[15:43:30.828] [SEVERE ] player 2 placing token on slot 6
[15:43:30.828] [SEVERE ] setting player 2 freeze to 3000
[15:43:31.019] [SEVERE ] updating countdown to 10652
[15:43:31.844] [SEVERE ] setting player 2 freeze to 2000
[15:43:32.027] [SEVERE ] updating countdown to 9644
[15:43:32.668] [SEVERE ] key 44 was pressed by player 2
[15:43:32.845] [SEVERE ] setting player 2 freeze to 1000
[15:43:33.030] [SEVERE ] updating countdown to 8641
[15:43:33.076] [SEVERE ] key 74 was pressed by player 2
[15:43:33.357] [SEVERE ] key 77 was pressed by player 2
[15:43:33.856] [SEVERE ] setting player 2 freeze to 0
[15:43:34.040] [SEVERE ] updating countdown to 7631
[15:43:34.140] [SEVERE ] key 73 was pressed by player 2
[15:43:35.049] [SEVERE ] updating countdown to 6622
[15:43:36.051] [SEVERE ] updating countdown to 5620
[15:43:36.659] [SEVERE ] key 74 was pressed by player 2
[15:43:36.660] [SEVERE ] removing player 2 token from slot 4
[15:43:36.820] [SEVERE ] key 75 was pressed by player 2
[15:43:36.821] [SEVERE ] removing player 2 token from slot 5
[15:43:38.004] [SEVERE ] key 74 was pressed by player 2
[15:43:38.004] [SEVERE ] player 2 placing token on slot 4
[15:43:38.564] [SEVERE ] key 74 was pressed by player 2
[15:43:38.564] [SEVERE ] removing player 2 token from slot 4
[15:43:39.140] [SEVERE ] key 74 was pressed by player 2
[15:43:39.140] [SEVERE ] player 2 placing token on slot 4
[15:43:39.420] [SEVERE ] key 76 was pressed by player 2
[15:43:39.420] [SEVERE ] removing player 2 token from slot 6
[15:43:39.948] [SEVERE ] key 76 was pressed by player 2
[15:43:39.948] [SEVERE ] player 2 placing token on slot 6
[15:43:40.588] [SEVERE ] key 75 was pressed by player 2
[15:43:40.588] [SEVERE ] player 2 placing token on slot 5
[15:43:40.589] [SEVERE ] setting player 2 freeze to 3000
[15:43:41.590] [SEVERE ] setting player 2 freeze to 2000
[15:43:42.101] [SEVERE ] updating countdown to 60000
[15:43:42.211] [SEVERE ] removing card from slot 0
[15:43:42.321] [SEVERE ] removing card from slot 1
[15:43:42.428] [SEVERE ] removing card from slot 2
[15:43:42.536] [SEVERE ] removing card from slot 3
[15:43:42.598] [SEVERE ] setting player 2 freeze to 1000
[15:43:42.644] [SEVERE ] removing card from slot 4
[15:43:42.752] [SEVERE ] removing card from slot 5
[15:43:42.863] [SEVERE ] removing card from slot 6
[15:43:42.971] [SEVERE ] removing card from slot 7
[15:43:43.080] [SEVERE ] removing card from slot 8
[15:43:43.189] [SEVERE ] removing card from slot 9
[15:43:43.299] [SEVERE ] removing card from slot 10
[15:43:43.406] [SEVERE ] removing card from slot 11
[15:43:43.512] [SEVERE ] placing card 42 in slot 0
[15:43:43.606] [SEVERE ] setting player 2 freeze to 0
[15:43:43.622] [SEVERE ] placing card 69 in slot 1
[15:43:43.731] [SEVERE ] placing card 53 in slot 2
[15:43:43.840] [SEVERE ] placing card 24 in slot 3
[15:43:43.948] [SEVERE ] placing card 35 in slot 4
[15:43:44.056] [SEVERE ] placing card 54 in slot 5
[15:43:44.164] [SEVERE ] placing card 10 in slot 6
[15:43:44.274] [SEVERE ] placing card 49 in slot 7
[15:43:44.383] [SEVERE ] placing card 32 in slot 8
[15:43:44.492] [SEVERE ] placing card 40 in slot 9
[15:43:44.599] [SEVERE ] placing card 52 in slot 10
[15:43:44.709] [SEVERE ] placing card 65 in slot 11
[15:43:45.721] [SEVERE ] updating countdown to 58989
[15:43:46.730] [SEVERE ] updating countdown to 57980
[15:43:47.736] [SEVERE ] updating countdown to 56974
[15:43:48.746] [SEVERE ] updating countdown to 55964
[15:43:49.748] [SEVERE ] updating countdown to 54962
[15:43:50.739] [SEVERE ] key 81 was pressed by player 1
[15:43:50.740] [SEVERE ] player 1 placing token on slot 0
[15:43:50.753] [SEVERE ] updating countdown to 53957
[15:43:51.761] [SEVERE ] updating countdown to 52949
[15:43:52.332] [SEVERE ] key 65 was pressed by player 1
[15:43:52.332] [SEVERE ] player 1 placing token on slot 4
[15:43:52.771] [SEVERE ] updating countdown to 51939
[15:43:53.775] [SEVERE ] updating countdown to 50935
[15:43:54.782] [SEVERE ] updating countdown to 49928
[15:43:55.332] [SEVERE ] key 67 was pressed by player 1
[15:43:55.332] [SEVERE ] player 1 placing token on slot 10
[15:44:03.779] [SEVERE ] updating countdown to 40931
[15:44:05.639] [SEVERE ] removing player 1 token from slot 0
[15:44:05.640] [SEVERE ] removing card from slot 0
[15:44:05.640] [SEVERE ] removing player 1 token from slot 4
[15:44:05.747] [SEVERE ] removing card from slot 4
[15:44:05.747] [SEVERE ] removing player 1 token from slot 10
[15:44:05.853] [SEVERE ] removing card from slot 10
[15:44:06.962] [SEVERE ] placing card 33 in slot 0
[15:44:06.965] [SEVERE ] setting player 1 score to 2
[15:44:06.966] [SEVERE ] setting player 1 freeze to 1000
[15:44:07.068] [SEVERE ] placing card 43 in slot 4
[15:44:07.176] [SEVERE ] placing card 4 in slot 10
[15:44:07.973] [SEVERE ] setting player 1 freeze to 0
[15:44:08.188] [SEVERE ] updating countdown to 36522
[15:44:09.193] [SEVERE ] updating countdown to 35517
[15:44:10.206] [SEVERE ] updating countdown to 34504
[15:44:11.217] [SEVERE ] updating countdown to 33493
[15:44:12.222] [SEVERE ] updating countdown to 32488
[15:44:13.225] [SEVERE ] updating countdown to 31485
[15:44:14.239] [SEVERE ] updating countdown to 30471
[15:44:15.249] [SEVERE ] updating countdown to 29461
[15:44:16.258] [SEVERE ] updating countdown to 28452
[15:44:17.265] [SEVERE ] updating countdown to 27445
[15:44:18.271] [SEVERE ] updating countdown to 26439
[15:44:19.283] [SEVERE ] updating countdown to 25427
[15:44:19.380] [SEVERE ] key 83 was pressed by player 1
[15:44:19.380] [SEVERE ] player 1 placing token on slot 5
[15:44:20.083] [SEVERE ] key 68 was pressed by player 1
[15:44:20.085] [SEVERE ] player 1 placing token on slot 6
[15:44:20.296] [SEVERE ] updating countdown to 24414
[15:44:20.419] [SEVERE ] key 65 was pressed by player 1
[15:44:20.419] [SEVERE ] player 1 placing token on slot 4
[15:44:20.420] [SEVERE ] setting player 1 freeze to 3000
[15:44:21.300] [SEVERE ] updating countdown to 23410
[15:44:21.427] [SEVERE ] setting player 1 freeze to 2000
[15:44:22.131] [SEVERE ] key 75 was pressed by player 2
[15:44:22.131] [SEVERE ] removing player 2 token from slot 5
[15:44:22.252] [SEVERE ] key 74 was pressed by player 2
[15:44:22.252] [SEVERE ] removing player 2 token from slot 4
[15:44:22.314] [SEVERE ] updating countdown to 22396
[15:44:22.436] [SEVERE ] setting player 1 freeze to 1000
[15:44:22.556] [SEVERE ] key 75 was pressed by player 2
[15:44:22.556] [SEVERE ] player 2 placing token on slot 5
[15:44:22.692] [SEVERE ] key 74 was pressed by player 2
[15:44:22.692] [SEVERE ] player 2 placing token on slot 4
[15:44:22.692] [SEVERE ] setting player 2 freeze to 3000
[15:44:22.908] [SEVERE ] key 77 was pressed by player 2
[15:44:23.325] [SEVERE ] updating countdown to 21385
[15:44:23.449] [SEVERE ] setting player 1 freeze to 0
[15:44:23.696] [SEVERE ] setting player 2 freeze to 2000
[15:44:24.332] [SEVERE ] updating countdown to 20378
[15:44:24.705] [SEVERE ] setting player 2 freeze to 1000
[15:44:25.339] [SEVERE ] updating countdown to 19371
[15:44:25.708] [SEVERE ] setting player 2 freeze to 0
[15:44:26.341] [SEVERE ] updating countdown to 18369
[15:44:27.351] [SEVERE ] updating countdown to 17359
[15:44:28.352] [SEVERE ] updating countdown to 16358
[15:44:29.363] [SEVERE ] updating countdown to 15347
[15:44:29.443] [SEVERE ] key 65 was pressed by player 1
[15:44:29.443] [SEVERE ] removing player 1 token from slot 4
[15:44:30.004] [SEVERE ] key 83 was pressed by player 1
[15:44:30.004] [SEVERE ] removing player 1 token from slot 5
[15:44:30.308] [SEVERE ] key 68 was pressed by player 1
[15:44:30.308] [SEVERE ] removing player 1 token from slot 6
[15:44:30.366] [SEVERE ] updating countdown to 14344
[15:44:31.370] [SEVERE ] updating countdown to 13340
[15:44:32.384] [SEVERE ] updating countdown to 12326
[15:44:33.386] [SEVERE ] updating countdown to 11324
[15:44:34.388] [SEVERE ] updating countdown to 10322
[15:44:35.395] [SEVERE ] updating countdown to 9315
[15:44:35.708] [SEVERE ] key 75 was pressed by player 2
[15:44:35.708] [SEVERE ] removing player 2 token from slot 5
[15:44:35.980] [SEVERE ] key 74 was pressed by player 2
[15:44:35.980] [SEVERE ] removing player 2 token from slot 4
[15:44:36.401] [SEVERE ] updating countdown to 8309
[15:44:37.388] [SEVERE ] key 76 was pressed by player 2
[15:44:37.388] [SEVERE ] removing player 2 token from slot 6
[15:44:37.411] [SEVERE ] updating countdown to 7299
[15:44:38.083] [SEVERE ] key 76 was pressed by player 2
[15:44:38.083] [SEVERE ] player 2 placing token on slot 6
[15:44:38.315] [SEVERE ] key 75 was pressed by player 2
[15:44:38.315] [SEVERE ] player 2 placing token on slot 5
[15:44:38.415] [SEVERE ] updating countdown to 6295
[15:44:38.563] [SEVERE ] key 74 was pressed by player 2
[15:44:38.563] [SEVERE ] player 2 placing token on slot 4
[15:44:38.563] [SEVERE ] setting player 2 freeze to 3000
[15:44:39.292] [SEVERE ] key 76 was pressed by player 2
[15:44:39.419] [SEVERE ] updating countdown to 5291
[15:44:39.532] [SEVERE ] key 75 was pressed by player 2
[15:44:39.574] [SEVERE ] setting player 2 freeze to 2000
[15:44:39.803] [SEVERE ] key 74 was pressed by player 2
[15:44:40.586] [SEVERE ] setting player 2 freeze to 1000
[15:44:41.600] [SEVERE ] setting player 2 freeze to 0
[15:44:45.484] [SEVERE ] updating countdown to 60000
[15:44:45.589] [SEVERE ] removing card from slot 0
[15:44:45.697] [SEVERE ] removing card from slot 1
[15:44:45.805] [SEVERE ] removing card from slot 2
[15:44:45.913] [SEVERE ] removing card from slot 3
[15:44:46.022] [SEVERE ] removing card from slot 4
[15:44:46.129] [SEVERE ] removing card from slot 5
[15:44:46.237] [SEVERE ] removing card from slot 6
[15:44:46.344] [SEVERE ] removing card from slot 7
[15:44:46.451] [SEVERE ] removing card from slot 8
[15:44:46.560] [SEVERE ] removing card from slot 9
[15:44:46.668] [SEVERE ] removing card from slot 10
[15:44:46.775] [SEVERE ] removing card from slot 11
[15:44:46.885] [SEVERE ] placing card 59 in slot 0
[15:44:46.993] [SEVERE ] placing card 55 in slot 1
[15:44:47.101] [SEVERE ] placing card 2 in slot 2
[15:44:47.210] [SEVERE ] placing card 63 in slot 3
[15:44:47.317] [SEVERE ] placing card 6 in slot 4
[15:44:47.427] [SEVERE ] placing card 69 in slot 5
[15:44:47.536] [SEVERE ] placing card 30 in slot 6
[15:44:47.645] [SEVERE ] placing card 50 in slot 7
[15:44:47.752] [SEVERE ] placing card 48 in slot 8
[15:44:47.862] [SEVERE ] placing card 19 in slot 9
[15:44:47.970] [SEVERE ] placing card 13 in slot 10
[15:44:48.077] [SEVERE ] placing card 10 in slot 11
[15:44:49.083] [SEVERE ] updating countdown to 58995
[15:44:50.093] [SEVERE ] updating countdown to 57985
[15:44:51.108] [SEVERE ] updating countdown to 56970
[15:44:52.112] [SEVERE ] updating countdown to 55966
[15:44:53.114] [SEVERE ] updating countdown to 54964
[15:44:54.119] [SEVERE ] updating countdown to 53959
[15:44:55.123] [SEVERE ] updating countdown to 52955
[15:44:56.124] [SEVERE ] updating countdown to 51954
[15:44:57.128] [SEVERE ] updating countdown to 50950
[15:44:58.132] [SEVERE ] updating countdown to 49946
[15:44:59.140] [SEVERE ] updating countdown to 48938
[15:45:00.151] [SEVERE ] updating countdown to 47927
[15:45:01.159] [SEVERE ] updating countdown to 46919
[15:45:02.167] [SEVERE ] updating countdown to 45911
[15:45:03.176] [SEVERE ] updating countdown to 44902
[15:45:04.179] [SEVERE ] updating countdown to 43899
[15:45:05.184] [SEVERE ] updating countdown to 42894
[15:45:06.190] [SEVERE ] updating countdown to 41888
[15:45:07.196] [SEVERE ] updating countdown to 40882
[15:45:08.205] [SEVERE ] updating countdown to 39873
[15:45:09.206] [SEVERE ] updating countdown to 38872
[15:45:10.215] [SEVERE ] updating countdown to 37863
[15:45:11.228] [SEVERE ] updating countdown to 36850
[15:45:12.239] [SEVERE ] updating countdown to 35839
[15:45:13.250] [SEVERE ] updating countdown to 34828
[15:45:14.265] [SEVERE ] updating countdown to 33813
[15:45:15.271] [SEVERE ] updating countdown to 32807
