[12:31:52.454] [INFO   ] thread main starting.
[12:31:52.462] [SEVERE ] cannot read configuration file config.properties trying from resources.
[12:31:52.465] [SEVERE ] configuration file was loaded from resources directory.
[12:31:53.078] [INFO   ] thread dealer starting.
[12:31:53.079] [INFO   ] thread dealer starting.
[12:31:53.080] [INFO   ] thread player 0 starting.
[12:31:53.080] [INFO   ] thread player 1 starting.
[12:31:53.191] [SEVERE ] placing card 35 in slot 0
[12:31:53.298] [SEVERE ] placing card 5 in slot 1
[12:31:53.405] [SEVERE ] placing card 3 in slot 2
[12:31:53.514] [SEVERE ] placing card 16 in slot 3
[12:31:53.624] [SEVERE ] placing card 40 in slot 4
[12:31:53.731] [SEVERE ] placing card 64 in slot 5
[12:31:53.840] [SEVERE ] placing card 68 in slot 6
[12:31:53.947] [SEVERE ] placing card 14 in slot 7
[12:31:54.056] [SEVERE ] placing card 12 in slot 8
[12:31:54.166] [SEVERE ] placing card 9 in slot 9
[12:31:54.275] [SEVERE ] placing card 74 in slot 10
[12:31:54.383] [SEVERE ] placing card 57 in slot 11
[12:31:55.395] [SEVERE ] updating countdown to 58993
[12:31:56.409] [SEVERE ] updating countdown to 57979
[12:31:57.423] [SEVERE ] updating countdown to 56965
[12:31:58.425] [SEVERE ] updating countdown to 55963
[12:31:59.439] [SEVERE ] updating countdown to 54949
[12:31:59.808] [SEVERE ] key 65 was pressed by player 1
[12:31:59.808] [SEVERE ] player 1 placing token on slot 4
[12:32:00.442] [SEVERE ] updating countdown to 53946
[12:32:01.111] [SEVERE ] key 68 was pressed by player 1
[12:32:01.112] [SEVERE ] player 1 placing token on slot 6
[12:32:01.456] [SEVERE ] updating countdown to 52932
[12:32:02.470] [SEVERE ] updating countdown to 51918
[12:32:03.485] [SEVERE ] updating countdown to 50903
[12:32:03.967] [SEVERE ] key 90 was pressed by player 1
[12:32:03.967] [SEVERE ] player 1 placing token on slot 8
[12:32:03.969] [SEVERE ] updating countdown to 50420
[12:32:04.974] [SEVERE ] updating countdown to 49414
[12:32:05.976] [SEVERE ] updating countdown to 48412
[12:32:06.655] [SEVERE ] key 90 was pressed by player 1
[12:32:06.656] [SEVERE ] removing player 1 token from slot 8
[12:32:06.978] [SEVERE ] updating countdown to 47410
[12:32:07.206] [SEVERE ] key 65 was pressed by player 1
[12:32:07.207] [SEVERE ] removing player 1 token from slot 4
[12:32:07.984] [SEVERE ] updating countdown to 46404
[12:32:08.111] [SEVERE ] key 68 was pressed by player 1
[12:32:08.111] [SEVERE ] removing player 1 token from slot 6
[12:32:08.996] [SEVERE ] updating countdown to 45392
[12:32:09.998] [SEVERE ] updating countdown to 44390
[12:32:11.012] [SEVERE ] updating countdown to 43376
[12:32:12.021] [SEVERE ] updating countdown to 42367
[12:32:13.034] [SEVERE ] updating countdown to 41354
[12:32:13.847] [SEVERE ] key 69 was pressed by player 1
[12:32:13.847] [SEVERE ] player 1 placing token on slot 2
[12:32:14.037] [SEVERE ] updating countdown to 40351
[12:32:14.278] [SEVERE ] key 69 was pressed by player 1
[12:32:14.279] [SEVERE ] removing player 1 token from slot 2
[12:32:14.519] [SEVERE ] key 82 was pressed by player 1
[12:32:14.520] [SEVERE ] player 1 placing token on slot 3
[12:32:15.040] [SEVERE ] updating countdown to 39348
[12:32:16.041] [SEVERE ] updating countdown to 38347
[12:32:17.053] [SEVERE ] updating countdown to 37335
[12:32:18.065] [SEVERE ] updating countdown to 36323
[12:32:18.703] [SEVERE ] key 82 was pressed by player 1
[12:32:18.703] [SEVERE ] removing player 1 token from slot 3
[12:32:19.068] [SEVERE ] updating countdown to 35320
[12:32:20.069] [SEVERE ] updating countdown to 34319
[12:32:21.076] [SEVERE ] updating countdown to 33312
[12:32:22.080] [SEVERE ] updating countdown to 32308
[12:32:23.092] [SEVERE ] updating countdown to 31296
[12:32:24.094] [SEVERE ] updating countdown to 30294
[12:32:25.096] [SEVERE ] updating countdown to 29292
[12:32:26.111] [SEVERE ] updating countdown to 28277
[12:32:27.114] [SEVERE ] updating countdown to 27274
[12:32:28.115] [SEVERE ] updating countdown to 26273
[12:32:29.120] [SEVERE ] updating countdown to 25268
[12:32:30.134] [SEVERE ] updating countdown to 24254
[12:32:31.143] [SEVERE ] updating countdown to 23245
[12:32:31.318] [SEVERE ] key 82 was pressed by player 1
[12:32:31.319] [SEVERE ] player 1 placing token on slot 3
[12:32:32.156] [SEVERE ] updating countdown to 22232
[12:32:33.157] [SEVERE ] updating countdown to 21231
[12:32:34.159] [SEVERE ] updating countdown to 20229
[12:32:34.655] [SEVERE ] key 82 was pressed by player 1
[12:32:34.655] [SEVERE ] removing player 1 token from slot 3
[12:32:35.169] [SEVERE ] updating countdown to 19219
[12:32:36.185] [SEVERE ] updating countdown to 18203
[12:32:37.195] [SEVERE ] updating countdown to 17193
[12:32:37.471] [SEVERE ] key 81 was pressed by player 1
[12:32:37.471] [SEVERE ] player 1 placing token on slot 0
[12:32:38.203] [SEVERE ] updating countdown to 16185
[12:32:39.213] [SEVERE ] updating countdown to 15175
[12:32:40.087] [SEVERE ] key 86 was pressed by player 1
[12:32:40.087] [SEVERE ] player 1 placing token on slot 11
[12:32:40.223] [SEVERE ] updating countdown to 14165
[12:32:40.615] [SEVERE ] key 86 was pressed by player 1
[12:32:40.615] [SEVERE ] removing player 1 token from slot 11
[12:32:40.951] [SEVERE ] key 67 was pressed by player 1
[12:32:40.951] [SEVERE ] player 1 placing token on slot 10
[12:32:41.226] [SEVERE ] updating countdown to 13162
[12:32:42.242] [SEVERE ] updating countdown to 12146
[12:32:43.255] [SEVERE ] updating countdown to 11133
[12:32:44.266] [SEVERE ] updating countdown to 10122
[12:32:45.279] [SEVERE ] updating countdown to 9109
[12:32:45.991] [SEVERE ] key 70 was pressed by player 1
[12:32:45.991] [SEVERE ] player 1 placing token on slot 7
[12:32:46.281] [SEVERE ] updating countdown to 8107
[12:32:47.293] [SEVERE ] updating countdown to 7095
[12:32:48.299] [SEVERE ] updating countdown to 6089
[12:32:49.313] [SEVERE ] updating countdown to 5075
[12:32:51.623] [SEVERE ] key 81 was pressed by player 1
[12:32:51.623] [SEVERE ] removing player 1 token from slot 0
[12:32:52.566] [SEVERE ] key 70 was pressed by player 1
[12:32:52.567] [SEVERE ] removing player 1 token from slot 7
[12:32:53.047] [SEVERE ] key 67 was pressed by player 1
[12:32:53.047] [SEVERE ] removing player 1 token from slot 10
[12:32:55.374] [SEVERE ] updating countdown to 60000
[12:32:55.483] [SEVERE ] removing card from slot 0
[12:32:55.592] [SEVERE ] removing card from slot 1
[12:32:55.699] [SEVERE ] removing card from slot 2
[12:32:55.811] [SEVERE ] removing card from slot 3
[12:32:55.919] [SEVERE ] removing card from slot 4
[12:32:56.029] [SEVERE ] removing card from slot 5
[12:32:56.137] [SEVERE ] removing card from slot 6
[12:32:56.247] [SEVERE ] removing card from slot 7
[12:32:56.355] [SEVERE ] removing card from slot 8
[12:32:56.464] [SEVERE ] removing card from slot 9
[12:32:56.573] [SEVERE ] removing card from slot 10
[12:32:56.683] [SEVERE ] removing card from slot 11
[12:32:56.792] [SEVERE ] placing card 5 in slot 0
[12:32:56.901] [SEVERE ] placing card 24 in slot 1
[12:32:57.010] [SEVERE ] placing card 73 in slot 2
[12:32:57.118] [SEVERE ] placing card 0 in slot 3
[12:32:57.225] [SEVERE ] placing card 71 in slot 4
[12:32:57.335] [SEVERE ] placing card 20 in slot 5
[12:32:57.444] [SEVERE ] placing card 38 in slot 6
[12:32:57.554] [SEVERE ] placing card 21 in slot 7
[12:32:57.662] [SEVERE ] placing card 42 in slot 8
[12:32:57.771] [SEVERE ] placing card 22 in slot 9
[12:32:57.879] [SEVERE ] placing card 75 in slot 10
[12:32:57.989] [SEVERE ] placing card 48 in slot 11
[12:32:59.004] [SEVERE ] updating countdown to 58988
[12:33:00.005] [SEVERE ] updating countdown to 57987
[12:33:01.011] [SEVERE ] updating countdown to 56981
[12:33:02.014] [SEVERE ] updating countdown to 55978
[12:33:03.028] [SEVERE ] updating countdown to 54964
[12:33:04.039] [SEVERE ] updating countdown to 53953
[12:33:05.054] [SEVERE ] updating countdown to 52938
[12:33:06.069] [SEVERE ] updating countdown to 51923
[12:33:07.069] [SEVERE ] updating countdown to 50923
[12:33:08.070] [SEVERE ] updating countdown to 49922
[12:33:09.075] [SEVERE ] updating countdown to 48917
[12:33:10.089] [SEVERE ] updating countdown to 47903
[12:33:11.097] [SEVERE ] updating countdown to 46895
[12:33:12.099] [SEVERE ] updating countdown to 45893
[12:33:13.105] [SEVERE ] updating countdown to 44887
[12:33:14.119] [SEVERE ] updating countdown to 43873
[12:33:15.122] [SEVERE ] updating countdown to 42870
[12:33:16.132] [SEVERE ] updating countdown to 41860
[12:33:16.239] [SEVERE ] key 69 was pressed by player 1
[12:33:16.239] [SEVERE ] player 1 placing token on slot 2
[12:33:16.622] [SEVERE ] key 69 was pressed by player 1
[12:33:16.623] [SEVERE ] removing player 1 token from slot 2
[12:33:16.895] [SEVERE ] key 82 was pressed by player 1
[12:33:16.895] [SEVERE ] player 1 placing token on slot 3
[12:33:17.142] [SEVERE ] updating countdown to 40850
[12:33:18.156] [SEVERE ] updating countdown to 39836
[12:33:18.422] [SEVERE ] key 90 was pressed by player 1
[12:33:18.422] [SEVERE ] player 1 placing token on slot 8
[12:33:19.170] [SEVERE ] updating countdown to 38822
[12:33:20.171] [SEVERE ] updating countdown to 37821
[12:33:21.176] [SEVERE ] updating countdown to 36816
[12:33:21.470] [SEVERE ] key 88 was pressed by player 1
[12:33:21.471] [SEVERE ] player 1 placing token on slot 9
[12:33:22.007] [SEVERE ] key 88 was pressed by player 1
[12:33:22.007] [SEVERE ] removing player 1 token from slot 9
[12:33:22.190] [SEVERE ] updating countdown to 35802
[12:33:22.454] [SEVERE ] key 67 was pressed by player 1
[12:33:22.454] [SEVERE ] player 1 placing token on slot 10
[12:33:23.193] [SEVERE ] updating countdown to 34799
[12:33:24.196] [SEVERE ] updating countdown to 33796
[12:33:25.205] [SEVERE ] updating countdown to 32787
[12:33:26.218] [SEVERE ] updating countdown to 31774
[12:33:27.230] [SEVERE ] updating countdown to 30762
[12:33:28.233] [SEVERE ] updating countdown to 29759
[12:33:29.236] [SEVERE ] updating countdown to 28756
[12:33:30.246] [SEVERE ] updating countdown to 27746
[12:33:31.251] [SEVERE ] updating countdown to 26741
[12:33:32.256] [SEVERE ] updating countdown to 25736
[12:33:33.259] [SEVERE ] updating countdown to 24733
[12:33:34.274] [SEVERE ] updating countdown to 23718
[12:33:35.276] [SEVERE ] updating countdown to 22716
[12:33:36.277] [SEVERE ] updating countdown to 21715
[12:33:36.659] [SEVERE ] exit button pressed
[12:33:36.660] [INFO   ] thread player 1 terminated.
[12:33:37.294] [SEVERE ] updating countdown to 20698
[12:33:37.294] [SEVERE ] updating countdown to 60000
[12:33:37.401] [SEVERE ] removing card from slot 0
[12:33:37.510] [SEVERE ] removing card from slot 1
[12:33:37.617] [SEVERE ] removing card from slot 2
[12:33:37.727] [SEVERE ] removing card from slot 3
[12:33:37.837] [SEVERE ] removing card from slot 4
[12:33:37.945] [SEVERE ] removing card from slot 5
[12:33:38.053] [SEVERE ] removing card from slot 6
[12:33:38.161] [SEVERE ] removing card from slot 7
[12:33:38.270] [SEVERE ] removing card from slot 8
[12:33:38.378] [SEVERE ] removing card from slot 9
[12:33:38.487] [SEVERE ] removing card from slot 10
