[12:35:21.814] [INFO   ] thread main starting.
[12:35:21.823] [SEVERE ] cannot read configuration file config.properties trying from resources.
[12:35:21.825] [SEVERE ] configuration file was loaded from resources directory.
[12:35:22.626] [INFO   ] thread dealer starting.
[12:35:22.627] [INFO   ] thread dealer starting.
[12:35:22.629] [INFO   ] thread player 1 starting.
[12:35:22.635] [INFO   ] thread player 0 starting.
[12:35:22.745] [SEVERE ] placing card 73 in slot 0
[12:35:22.854] [SEVERE ] placing card 3 in slot 1
[12:35:22.964] [SEVERE ] placing card 77 in slot 2
[12:35:23.072] [SEVERE ] placing card 27 in slot 3
[12:35:23.181] [SEVERE ] placing card 43 in slot 4
[12:35:23.289] [SEVERE ] placing card 18 in slot 5
[12:35:23.396] [SEVERE ] placing card 69 in slot 6
[12:35:23.506] [SEVERE ] placing card 33 in slot 7
[12:35:23.614] [SEVERE ] placing card 45 in slot 8
[12:35:23.722] [SEVERE ] placing card 5 in slot 9
[12:35:23.830] [SEVERE ] placing card 78 in slot 10
[12:35:23.936] [SEVERE ] placing card 28 in slot 11
[12:35:24.948] [SEVERE ] updating countdown to 58994
[12:35:25.954] [SEVERE ] updating countdown to 57988
[12:35:26.968] [SEVERE ] updating countdown to 56974
[12:35:27.976] [SEVERE ] updating countdown to 55966
[12:35:28.918] [SEVERE ] key 81 was pressed by player 1
[12:35:28.919] [SEVERE ] player 1 placing token on slot 0
[12:35:28.980] [SEVERE ] updating countdown to 54962
[12:35:29.985] [SEVERE ] updating countdown to 53957
[12:35:30.990] [SEVERE ] updating countdown to 52952
[12:35:31.181] [SEVERE ] key 69 was pressed by player 1
[12:35:31.183] [SEVERE ] player 1 placing token on slot 2
[12:35:31.996] [SEVERE ] updating countdown to 51946
[12:35:33.006] [SEVERE ] updating countdown to 50936
[12:35:34.020] [SEVERE ] updating countdown to 49922
[12:35:35.029] [SEVERE ] updating countdown to 48913
[12:35:36.030] [SEVERE ] updating countdown to 47912
[12:35:37.032] [SEVERE ] updating countdown to 46910
[12:35:37.070] [SEVERE ] key 86 was pressed by player 1
[12:35:37.070] [SEVERE ] player 1 placing token on slot 11
[12:35:37.072] [SEVERE ] setting player 1 freeze to 3000
[12:35:37.630] [SEVERE ] key 86 was pressed by player 1
[12:35:37.630] [SEVERE ] removing player 1 token from slot 11
[12:35:38.041] [SEVERE ] updating countdown to 45901
[12:35:38.088] [SEVERE ] setting player 1 freeze to 2000
[12:35:39.051] [SEVERE ] updating countdown to 44891
[12:35:39.097] [SEVERE ] setting player 1 freeze to 1000
[12:35:40.065] [SEVERE ] updating countdown to 43877
[12:35:40.111] [SEVERE ] setting player 1 freeze to 0
[12:35:41.080] [SEVERE ] updating countdown to 42862
[12:35:42.085] [SEVERE ] updating countdown to 41857
[12:35:43.093] [SEVERE ] updating countdown to 40849
[12:35:44.100] [SEVERE ] updating countdown to 39842
[12:35:45.111] [SEVERE ] updating countdown to 38831
[12:35:46.119] [SEVERE ] updating countdown to 37823
[12:35:47.129] [SEVERE ] updating countdown to 36813
[12:35:48.135] [SEVERE ] updating countdown to 35807
[12:35:49.144] [SEVERE ] updating countdown to 34798
[12:35:50.156] [SEVERE ] updating countdown to 33786
[12:35:51.159] [SEVERE ] updating countdown to 32783
[12:35:51.797] [SEVERE ] key 81 was pressed by player 1
[12:35:51.798] [SEVERE ] removing player 1 token from slot 0
[12:35:52.030] [SEVERE ] key 87 was pressed by player 1
[12:35:52.030] [SEVERE ] player 1 placing token on slot 1
[12:35:52.172] [SEVERE ] updating countdown to 31770
[12:35:52.374] [SEVERE ] key 68 was pressed by player 1
[12:35:52.374] [SEVERE ] player 1 placing token on slot 6
[12:35:52.375] [SEVERE ] setting player 1 freeze to 3000
[12:35:53.186] [SEVERE ] updating countdown to 30756
[12:35:53.390] [SEVERE ] setting player 1 freeze to 2000
[12:35:54.201] [SEVERE ] updating countdown to 29741
[12:35:54.391] [SEVERE ] setting player 1 freeze to 1000
[12:35:55.158] [SEVERE ] key 68 was pressed by player 1
[12:35:55.158] [SEVERE ] removing player 1 token from slot 6
[12:35:55.213] [SEVERE ] updating countdown to 28729
[12:35:55.401] [SEVERE ] setting player 1 freeze to 0
[12:35:55.630] [SEVERE ] key 69 was pressed by player 1
[12:35:55.630] [SEVERE ] removing player 1 token from slot 2
[12:35:55.982] [SEVERE ] key 87 was pressed by player 1
[12:35:55.982] [SEVERE ] removing player 1 token from slot 1
[12:35:56.222] [SEVERE ] updating countdown to 27720
[12:35:56.310] [SEVERE ] key 83 was pressed by player 1
[12:35:56.310] [SEVERE ] player 1 placing token on slot 5
[12:35:56.654] [SEVERE ] key 68 was pressed by player 1
[12:35:56.654] [SEVERE ] player 1 placing token on slot 6
[12:35:56.966] [SEVERE ] key 70 was pressed by player 1
[12:35:56.966] [SEVERE ] player 1 placing token on slot 7
[12:35:56.966] [SEVERE ] setting player 1 freeze to 3000
[12:35:57.235] [SEVERE ] updating countdown to 26707
[12:35:57.710] [SEVERE ] key 70 was pressed by player 1
[12:35:57.710] [SEVERE ] removing player 1 token from slot 7
[12:35:57.980] [SEVERE ] setting player 1 freeze to 2000
[12:35:58.078] [SEVERE ] key 68 was pressed by player 1
[12:35:58.078] [SEVERE ] removing player 1 token from slot 6
[12:35:58.244] [SEVERE ] updating countdown to 25698
[12:35:58.494] [SEVERE ] key 83 was pressed by player 1
[12:35:58.494] [SEVERE ] removing player 1 token from slot 5
[12:35:58.989] [SEVERE ] setting player 1 freeze to 1000
[12:35:59.253] [SEVERE ] updating countdown to 24689
[12:36:00.000] [SEVERE ] setting player 1 freeze to 0
[12:36:00.263] [SEVERE ] updating countdown to 23679
