[16:16:43.638] [INFO   ] thread main starting.
[16:16:43.647] [SEVERE ] cannot read configuration file config.properties trying from resources.
[16:16:43.649] [SEVERE ] configuration file was loaded from resources directory.
[16:16:44.338] [INFO   ] thread dealer starting.
[16:16:44.338] [INFO   ] thread dealer starting.
[16:16:44.340] [INFO   ] thread player 1 starting.
[16:16:44.340] [INFO   ] thread player 0 starting.
[16:16:44.450] [SEVERE ] placing card 63 in slot 0
[16:16:44.560] [SEVERE ] placing card 50 in slot 1
[16:16:44.667] [SEVERE ] placing card 3 in slot 2
[16:16:44.777] [SEVERE ] placing card 56 in slot 3
[16:16:44.886] [SEVERE ] placing card 53 in slot 4
[16:16:44.995] [SEVERE ] placing card 38 in slot 5
[16:16:45.104] [SEVERE ] placing card 22 in slot 6
[16:16:45.213] [SEVERE ] placing card 6 in slot 7
[16:16:45.324] [SEVERE ] placing card 36 in slot 8
[16:16:45.431] [SEVERE ] placing card 71 in slot 9
[16:16:45.539] [SEVERE ] placing card 61 in slot 10
[16:16:45.649] [SEVERE ] placing card 1 in slot 11
[16:16:46.659] [SEVERE ] updating countdown to 58994
[16:16:47.674] [SEVERE ] updating countdown to 57979
[16:16:48.679] [SEVERE ] updating countdown to 56974
[16:16:49.690] [SEVERE ] updating countdown to 55963
[16:16:50.700] [SEVERE ] updating countdown to 54953
[16:16:51.715] [SEVERE ] updating countdown to 53938
[16:16:52.728] [SEVERE ] updating countdown to 52925
[16:16:53.737] [SEVERE ] updating countdown to 51916
[16:16:54.742] [SEVERE ] updating countdown to 50911
[16:16:55.755] [SEVERE ] updating countdown to 49898
[16:16:56.762] [SEVERE ] updating countdown to 48891
[16:16:57.768] [SEVERE ] updating countdown to 47885
[16:16:58.771] [SEVERE ] updating countdown to 46882
[16:16:59.147] [SEVERE ] key 83 was pressed by player 1
[16:16:59.147] [SEVERE ] player 1 placing token on slot 5
[16:16:59.578] [SEVERE ] key 68 was pressed by player 1
[16:16:59.578] [SEVERE ] player 1 placing token on slot 6
[16:16:59.772] [SEVERE ] updating countdown to 45881
[16:17:00.781] [SEVERE ] updating countdown to 44872
