[12:33:53.284] [INFO   ] thread main starting.
[12:33:53.297] [SEVERE ] cannot read configuration file config.properties trying from resources.
[12:33:53.300] [SEVERE ] configuration file was loaded from resources directory.
[12:33:53.989] [INFO   ] thread dealer starting.
[12:33:53.991] [INFO   ] thread dealer starting.
[12:33:53.992] [INFO   ] thread player 0 starting.
[12:33:53.999] [INFO   ] thread player 1 starting.
[12:33:54.108] [SEVERE ] placing card 11 in slot 0
[12:33:54.210] [SEVERE ] placing card 57 in slot 1
[12:33:54.310] [SEVERE ] placing card 41 in slot 2
[12:33:54.412] [SEVERE ] placing card 34 in slot 3
[12:33:54.514] [SEVERE ] placing card 49 in slot 4
[12:33:54.617] [SEVERE ] placing card 60 in slot 5
[12:33:54.719] [SEVERE ] placing card 14 in slot 6
[12:33:54.820] [SEVERE ] placing card 27 in slot 7
[12:33:54.922] [SEVERE ] placing card 9 in slot 8
[12:33:55.023] [SEVERE ] placing card 73 in slot 9
[12:33:55.124] [SEVERE ] placing card 51 in slot 10
[12:33:55.225] [SEVERE ] placing card 32 in slot 11
[12:33:56.233] [SEVERE ] updating countdown to 58998
[12:33:57.235] [SEVERE ] updating countdown to 57996
[12:33:58.235] [SEVERE ] updating countdown to 56996
[12:33:59.236] [SEVERE ] updating countdown to 55995
[12:33:59.313] [SEVERE ] key 82 was pressed by player 1
[12:33:59.313] [SEVERE ] player 1 placing token on slot 3
[12:34:00.239] [SEVERE ] updating countdown to 54992
[12:34:01.249] [SEVERE ] updating countdown to 53982
[12:34:02.264] [SEVERE ] updating countdown to 52967
[12:34:03.274] [SEVERE ] updating countdown to 51957
[12:34:04.280] [SEVERE ] updating countdown to 50951
[12:34:05.295] [SEVERE ] updating countdown to 49936
[12:34:05.726] [SEVERE ] key 70 was pressed by player 1
[12:34:05.726] [SEVERE ] player 1 placing token on slot 7
[12:34:06.301] [SEVERE ] updating countdown to 48930
[12:34:07.308] [SEVERE ] updating countdown to 47923
[12:34:08.320] [SEVERE ] updating countdown to 46911
[12:34:09.332] [SEVERE ] updating countdown to 45899
[12:34:10.344] [SEVERE ] updating countdown to 44887
[12:34:11.318] [SEVERE ] key 86 was pressed by player 1
[12:34:11.318] [SEVERE ] player 1 placing token on slot 11
[12:34:35.256] [SEVERE ] updating countdown to 19975
[12:34:38.323] [SEVERE ] removing player 1 token from slot 3
[12:34:38.323] [SEVERE ] removing card from slot 3
[12:34:38.323] [SEVERE ] removing player 1 token from slot 7
[12:34:38.436] [SEVERE ] removing card from slot 7
[12:34:38.436] [SEVERE ] removing player 1 token from slot 11
[12:34:38.546] [SEVERE ] removing card from slot 11
[12:34:43.077] [SEVERE ] placing card 16 in slot 3
[12:34:46.640] [SEVERE ] setting player 1 score to 1
[12:34:46.641] [SEVERE ] setting player 1 freeze to 1000
