[16:17:05.990] [INFO   ] thread main starting.
[16:17:05.999] [SEVERE ] cannot read configuration file config.properties trying from resources.
[16:17:06.001] [SEVERE ] configuration file was loaded from resources directory.
[16:17:06.665] [INFO   ] thread dealer starting.
[16:17:06.666] [INFO   ] thread dealer starting.
[16:17:06.666] [INFO   ] thread player 0 starting.
[16:17:06.666] [INFO   ] thread player 1 starting.
[16:17:06.785] [SEVERE ] placing card 58 in slot 0
[16:17:06.893] [SEVERE ] placing card 53 in slot 1
[16:17:06.999] [SEVERE ] placing card 35 in slot 2
[16:17:07.105] [SEVERE ] placing card 51 in slot 3
[16:17:07.215] [SEVERE ] placing card 45 in slot 4
[16:17:07.322] [SEVERE ] placing card 9 in slot 5
[16:17:07.429] [SEVERE ] placing card 74 in slot 6
[16:17:07.537] [SEVERE ] placing card 2 in slot 7
[16:17:07.647] [SEVERE ] placing card 15 in slot 8
[16:17:07.754] [SEVERE ] placing card 13 in slot 9
[16:17:07.865] [SEVERE ] placing card 42 in slot 10
[16:17:07.973] [SEVERE ] placing card 34 in slot 11
[16:17:08.989] [SEVERE ] updating countdown to 58991
[16:17:09.992] [SEVERE ] updating countdown to 57988
[16:17:11.002] [SEVERE ] updating countdown to 56978
[16:17:12.003] [SEVERE ] updating countdown to 55977
[16:17:12.922] [SEVERE ] key 81 was pressed by player 1
[16:17:12.922] [SEVERE ] player 1 placing token on slot 0
[16:17:13.013] [SEVERE ] updating countdown to 54967
[16:17:13.378] [SEVERE ] key 85 was pressed by player 2
[16:17:13.378] [SEVERE ] player 2 placing token on slot 0
[16:17:14.018] [SEVERE ] updating countdown to 53962
[16:17:15.023] [SEVERE ] updating countdown to 52957
[16:17:16.024] [SEVERE ] updating countdown to 51956
[16:17:16.170] [SEVERE ] key 87 was pressed by player 1
[16:17:16.170] [SEVERE ] player 1 placing token on slot 1
[16:17:16.186] [SEVERE ] key 73 was pressed by player 2
[16:17:16.186] [SEVERE ] player 2 placing token on slot 1
[16:17:17.032] [SEVERE ] updating countdown to 50948
[16:17:18.046] [SEVERE ] updating countdown to 49934
[16:17:19.056] [SEVERE ] updating countdown to 48924
[16:17:20.059] [SEVERE ] updating countdown to 47921
[16:17:21.072] [SEVERE ] updating countdown to 46908
[16:17:22.075] [SEVERE ] updating countdown to 45905
[16:17:23.077] [SEVERE ] updating countdown to 44903
[16:17:24.081] [SEVERE ] updating countdown to 43899
[16:17:25.092] [SEVERE ] updating countdown to 42888
[16:17:26.102] [SEVERE ] updating countdown to 41878
[16:17:26.666] [SEVERE ] key 76 was pressed by player 2
[16:17:26.666] [SEVERE ] player 2 placing token on slot 6
[16:17:26.668] [SEVERE ] setting player 2 freeze to 3000
[16:17:27.111] [SEVERE ] updating countdown to 40869
[16:17:27.673] [SEVERE ] setting player 2 freeze to 2000
[16:17:28.124] [SEVERE ] updating countdown to 39856
[16:17:28.683] [SEVERE ] setting player 2 freeze to 1000
[16:17:29.131] [SEVERE ] updating countdown to 38849
[16:17:29.693] [SEVERE ] setting player 2 freeze to 0
[16:17:30.140] [SEVERE ] updating countdown to 37840
[16:17:30.913] [SEVERE ] key 76 was pressed by player 2
[16:17:30.913] [SEVERE ] removing player 2 token from slot 6
[16:17:31.149] [SEVERE ] updating countdown to 36831
[16:17:32.160] [SEVERE ] updating countdown to 35820
[16:17:32.682] [SEVERE ] key 83 was pressed by player 1
[16:17:32.682] [SEVERE ] player 1 placing token on slot 5
[16:17:32.683] [SEVERE ] updating countdown to 35297
[16:17:32.713] [SEVERE ] key 75 was pressed by player 2
[16:17:32.713] [SEVERE ] player 2 placing token on slot 5
[16:17:32.713] [SEVERE ] updating countdown to 35267
[16:17:33.727] [SEVERE ] updating countdown to 34253
[16:17:34.740] [SEVERE ] updating countdown to 33240
[16:17:35.750] [SEVERE ] updating countdown to 32230
[16:17:36.759] [SEVERE ] updating countdown to 31221
[16:17:37.769] [SEVERE ] updating countdown to 30211
[16:17:38.783] [SEVERE ] updating countdown to 29197
[16:17:39.791] [SEVERE ] updating countdown to 28189
[16:17:40.794] [SEVERE ] updating countdown to 27186
[16:17:41.806] [SEVERE ] updating countdown to 26174
[16:17:42.816] [SEVERE ] updating countdown to 25164
[16:17:43.828] [SEVERE ] updating countdown to 24152
[16:17:44.840] [SEVERE ] updating countdown to 23140
[16:17:45.847] [SEVERE ] updating countdown to 22133
[16:17:46.858] [SEVERE ] updating countdown to 21122
[16:17:47.862] [SEVERE ] updating countdown to 20118
[16:17:48.869] [SEVERE ] updating countdown to 19111
[16:17:49.881] [SEVERE ] updating countdown to 18099
[16:17:50.892] [SEVERE ] updating countdown to 17088
[16:17:51.903] [SEVERE ] updating countdown to 16077
[16:17:52.914] [SEVERE ] updating countdown to 15066
[16:17:53.929] [SEVERE ] updating countdown to 14051
[16:17:54.935] [SEVERE ] updating countdown to 13045
[16:17:55.943] [SEVERE ] updating countdown to 12037
[16:17:56.956] [SEVERE ] updating countdown to 11024
[16:17:57.966] [SEVERE ] updating countdown to 10014
[16:17:58.975] [SEVERE ] updating countdown to 9005
[16:17:59.984] [SEVERE ] updating countdown to 7996
[16:18:00.993] [SEVERE ] updating countdown to 6987
[16:18:01.998] [SEVERE ] updating countdown to 5982
[16:18:08.056] [SEVERE ] updating countdown to 60000
[16:18:08.162] [SEVERE ] removing card from slot 0
[16:18:08.162] [SEVERE ] removing player 1 token from slot 0
[16:18:08.162] [SEVERE ] removing player 1 token from slot 1
[16:18:08.162] [SEVERE ] removing player 1 token from slot 5
[16:18:08.162] [SEVERE ] removing player 2 token from slot 0
[16:18:08.163] [SEVERE ] removing player 2 token from slot 1
[16:18:08.163] [SEVERE ] removing player 2 token from slot 5
[16:18:08.271] [SEVERE ] removing card from slot 1
[16:18:08.380] [SEVERE ] removing card from slot 2
[16:18:08.488] [SEVERE ] removing card from slot 3
[16:18:08.598] [SEVERE ] removing card from slot 4
[16:18:08.708] [SEVERE ] removing card from slot 5
[16:18:08.818] [SEVERE ] removing card from slot 6
[16:18:08.927] [SEVERE ] removing card from slot 7
[16:18:09.035] [SEVERE ] removing card from slot 8
[16:18:09.144] [SEVERE ] removing card from slot 9
[16:18:09.252] [SEVERE ] removing card from slot 10
[16:18:09.363] [SEVERE ] removing card from slot 11
[16:18:09.472] [SEVERE ] placing card 47 in slot 0
[16:18:09.579] [SEVERE ] placing card 35 in slot 1
[16:18:09.690] [SEVERE ] placing card 29 in slot 2
[16:18:09.798] [SEVERE ] placing card 16 in slot 3
[16:18:09.905] [SEVERE ] placing card 27 in slot 4
[16:18:10.013] [SEVERE ] placing card 59 in slot 5
[16:18:10.121] [SEVERE ] placing card 38 in slot 6
[16:18:10.230] [SEVERE ] placing card 19 in slot 7
[16:18:10.336] [SEVERE ] placing card 17 in slot 8
[16:18:10.445] [SEVERE ] placing card 11 in slot 9
[16:18:10.553] [SEVERE ] placing card 5 in slot 10
[16:18:10.660] [SEVERE ] placing card 58 in slot 11
[16:18:11.667] [SEVERE ] updating countdown to 58996
[16:18:12.680] [SEVERE ] updating countdown to 57983
[16:18:13.692] [SEVERE ] updating countdown to 56971
[16:18:14.706] [SEVERE ] updating countdown to 55957
[16:18:15.718] [SEVERE ] updating countdown to 54945
[16:18:16.727] [SEVERE ] updating countdown to 53936
[16:18:17.736] [SEVERE ] updating countdown to 52927
[16:18:18.744] [SEVERE ] updating countdown to 51919
[16:18:19.758] [SEVERE ] updating countdown to 50905
[16:18:19.857] [SEVERE ] key 85 was pressed by player 2
[16:18:20.569] [SEVERE ] key 73 was pressed by player 2
[16:18:20.762] [SEVERE ] updating countdown to 49901
[16:18:20.873] [SEVERE ] key 79 was pressed by player 2
[16:18:21.202] [SEVERE ] key 80 was pressed by player 2
[16:18:21.489] [SEVERE ] key 76 was pressed by player 2
[16:18:21.774] [SEVERE ] updating countdown to 48889
[16:18:22.780] [SEVERE ] updating countdown to 47883
[16:18:23.790] [SEVERE ] updating countdown to 46873
[16:18:23.905] [SEVERE ] key 81 was pressed by player 1
[16:18:24.265] [SEVERE ] key 87 was pressed by player 1
[16:18:24.585] [SEVERE ] key 69 was pressed by player 1
[16:18:24.805] [SEVERE ] updating countdown to 45858
[16:18:25.025] [SEVERE ] key 68 was pressed by player 1
[16:18:25.820] [SEVERE ] updating countdown to 44843
[16:18:26.105] [SEVERE ] key 83 was pressed by player 1
[16:18:26.831] [SEVERE ] updating countdown to 43832
[16:18:27.392] [SEVERE ] key 67 was pressed by player 1
[16:18:27.777] [SEVERE ] key 90 was pressed by player 1
[16:18:27.834] [SEVERE ] updating countdown to 42829
[16:18:28.249] [SEVERE ] key 65 was pressed by player 1
[16:18:28.841] [SEVERE ] updating countdown to 41822
[16:18:29.583] [SEVERE ] exit button pressed
[16:18:29.846] [SEVERE ] updating countdown to 40817
[16:18:29.846] [SEVERE ] updating countdown to 60000
[16:18:29.956] [SEVERE ] removing card from slot 0
[16:18:30.064] [SEVERE ] removing card from slot 1
[16:18:30.172] [SEVERE ] removing card from slot 2
[16:18:30.280] [SEVERE ] removing card from slot 3
[16:18:30.389] [SEVERE ] removing card from slot 4
