[17:39:01.120] [INFO   ] thread main starting.
[17:39:01.129] [SEVERE ] cannot read configuration file config.properties trying from resources.
[17:39:01.131] [SEVERE ] configuration file was loaded from resources directory.
[17:39:02.104] [INFO   ] thread dealer starting.
[17:39:02.106] [INFO   ] thread dealer starting.
[17:39:02.107] [INFO   ] thread player 0 starting.
[17:39:02.109] [INFO   ] thread player 1 starting.
[17:39:02.221] [SEVERE ] placing card 18 in slot 0
[17:39:02.330] [SEVERE ] placing card 72 in slot 1
[17:39:02.439] [SEVERE ] placing card 76 in slot 2
[17:39:02.550] [SEVERE ] placing card 4 in slot 3
[17:39:02.659] [SEVERE ] placing card 51 in slot 4
[17:39:02.767] [SEVERE ] placing card 23 in slot 5
[17:39:02.873] [SEVERE ] placing card 65 in slot 6
[17:39:02.980] [SEVERE ] placing card 70 in slot 7
[17:39:03.088] [SEVERE ] placing card 48 in slot 8
[17:39:03.195] [SEVERE ] placing card 74 in slot 9
[17:39:03.302] [SEVERE ] placing card 36 in slot 10
[17:39:03.412] [SEVERE ] placing card 28 in slot 11
[17:39:04.424] [SEVERE ] updating countdown to 58998
[17:39:05.430] [SEVERE ] updating countdown to 57992
[17:39:06.439] [SEVERE ] updating countdown to 56983
[17:39:07.453] [SEVERE ] updating countdown to 55969
[17:39:08.455] [SEVERE ] updating countdown to 54967
[17:39:08.729] [SEVERE ] key 81 was pressed by player 1
[17:39:08.730] [SEVERE ] player 1 placing token on slot 0
[17:39:08.732] [SEVERE ] key 85 was pressed by player 2
[17:39:08.733] [SEVERE ] player 2 placing token on slot 0
[17:39:09.466] [SEVERE ] updating countdown to 53956
[17:39:10.475] [SEVERE ] updating countdown to 52947
[17:39:11.487] [SEVERE ] updating countdown to 51935
[17:39:12.304] [SEVERE ] key 68 was pressed by player 1
[17:39:12.305] [SEVERE ] player 1 placing token on slot 6
[17:39:12.305] [SEVERE ] key 76 was pressed by player 2
[17:39:12.305] [SEVERE ] player 2 placing token on slot 6
[17:39:12.496] [SEVERE ] updating countdown to 50926
[17:39:13.510] [SEVERE ] updating countdown to 49912
[17:39:14.525] [SEVERE ] updating countdown to 48897
[17:39:15.536] [SEVERE ] updating countdown to 47886
[17:39:16.550] [SEVERE ] updating countdown to 46872
[17:39:16.721] [SEVERE ] key 86 was pressed by player 1
[17:39:16.721] [SEVERE ] player 1 placing token on slot 11
[17:39:28.633] [SEVERE ] updating countdown to 34789
[17:39:28.634] [SEVERE ] key 47 was pressed by player 2
[17:39:28.634] [SEVERE ] player 2 placing token on slot 11
[17:39:28.635] [SEVERE ] updating countdown to 34787
[17:40:32.311] [SEVERE ] updating countdown to 60000
[17:40:32.951] [SEVERE ] removing card from slot 0
[17:40:32.952] [SEVERE ] removing player 1 token from slot 0
[17:40:32.952] [SEVERE ] removing player 1 token from slot 6
[17:40:32.952] [SEVERE ] removing player 1 token from slot 11
[17:40:32.952] [SEVERE ] removing player 2 token from slot 0
[17:40:32.953] [SEVERE ] removing player 2 token from slot 6
[17:40:32.953] [SEVERE ] removing player 2 token from slot 11
[17:40:33.063] [SEVERE ] removing card from slot 1
[17:40:33.171] [SEVERE ] removing card from slot 2
[17:40:33.280] [SEVERE ] removing card from slot 3
[17:40:33.405] [SEVERE ] removing card from slot 4
[17:40:33.537] [SEVERE ] removing card from slot 5
[17:40:33.652] [SEVERE ] removing card from slot 6
[17:40:33.759] [SEVERE ] removing card from slot 7
[17:40:33.868] [SEVERE ] removing card from slot 8
[17:40:33.976] [SEVERE ] removing card from slot 9
[17:40:34.085] [SEVERE ] removing card from slot 10
[17:40:34.195] [SEVERE ] removing card from slot 11
[17:40:34.303] [SEVERE ] placing card 8 in slot 0
[17:40:34.411] [SEVERE ] placing card 52 in slot 1
[17:40:34.520] [SEVERE ] placing card 78 in slot 2
[17:40:34.631] [SEVERE ] placing card 61 in slot 3
[17:40:34.740] [SEVERE ] placing card 60 in slot 4
[17:40:34.850] [SEVERE ] placing card 75 in slot 5
[17:40:34.960] [SEVERE ] placing card 35 in slot 6
[17:40:35.067] [SEVERE ] placing card 56 in slot 7
[17:40:35.176] [SEVERE ] placing card 74 in slot 8
[17:40:35.284] [SEVERE ] placing card 37 in slot 9
[17:40:35.393] [SEVERE ] placing card 7 in slot 10
[17:40:35.502] [SEVERE ] placing card 5 in slot 11
[17:40:36.508] [SEVERE ] updating countdown to 58997
[17:40:37.514] [SEVERE ] updating countdown to 57991
[17:40:38.529] [SEVERE ] updating countdown to 56976
[17:40:39.541] [SEVERE ] updating countdown to 55964
[17:40:40.550] [SEVERE ] updating countdown to 54955
[17:40:41.563] [SEVERE ] updating countdown to 53942
[17:40:42.579] [SEVERE ] updating countdown to 52926
[17:40:43.590] [SEVERE ] updating countdown to 51915
[17:40:44.603] [SEVERE ] updating countdown to 50902
[17:40:45.611] [SEVERE ] updating countdown to 49894
[17:40:46.626] [SEVERE ] updating countdown to 48879
[17:40:47.634] [SEVERE ] updating countdown to 47871
[17:40:48.647] [SEVERE ] updating countdown to 46858
[17:40:49.658] [SEVERE ] updating countdown to 45847
[17:40:50.672] [SEVERE ] updating countdown to 44833
[17:40:51.683] [SEVERE ] updating countdown to 43822
[17:40:52.697] [SEVERE ] updating countdown to 42808
[17:40:53.708] [SEVERE ] updating countdown to 41797
[17:40:54.721] [SEVERE ] updating countdown to 40784
[17:40:55.727] [SEVERE ] updating countdown to 39778
[17:40:56.738] [SEVERE ] updating countdown to 38767
[17:40:57.749] [SEVERE ] updating countdown to 37756
[17:40:58.761] [SEVERE ] updating countdown to 36744
[17:40:59.771] [SEVERE ] updating countdown to 35734
[17:41:00.780] [SEVERE ] updating countdown to 34725
[17:41:01.784] [SEVERE ] updating countdown to 33721
[17:41:02.795] [SEVERE ] updating countdown to 32710
[17:41:03.804] [SEVERE ] updating countdown to 31701
[17:41:04.807] [SEVERE ] updating countdown to 30698
[17:41:05.820] [SEVERE ] updating countdown to 29685
[17:41:06.833] [SEVERE ] updating countdown to 28672
[17:41:07.842] [SEVERE ] updating countdown to 27663
[17:41:08.853] [SEVERE ] updating countdown to 26652
[17:41:09.865] [SEVERE ] updating countdown to 25640
[17:41:10.878] [SEVERE ] updating countdown to 24627
[17:41:11.886] [SEVERE ] updating countdown to 23619
[17:41:12.898] [SEVERE ] updating countdown to 22607
[17:41:13.907] [SEVERE ] updating countdown to 21598
[17:41:14.916] [SEVERE ] updating countdown to 20589
[17:41:15.923] [SEVERE ] updating countdown to 19582
[17:41:16.934] [SEVERE ] updating countdown to 18571
[17:41:17.936] [SEVERE ] updating countdown to 17569
[17:41:18.943] [SEVERE ] updating countdown to 16562
[17:41:19.958] [SEVERE ] updating countdown to 15547
[17:41:20.969] [SEVERE ] updating countdown to 14536
[17:41:21.981] [SEVERE ] updating countdown to 13524
[17:41:22.993] [SEVERE ] updating countdown to 12512
[17:41:24.006] [SEVERE ] updating countdown to 11499
[17:41:25.020] [SEVERE ] updating countdown to 10485
[17:41:26.029] [SEVERE ] updating countdown to 9476
[17:41:27.031] [SEVERE ] updating countdown to 8474
[17:41:28.037] [SEVERE ] updating countdown to 7468
[17:41:29.049] [SEVERE ] updating countdown to 6456
[17:41:30.060] [SEVERE ] updating countdown to 5445
[17:41:36.121] [SEVERE ] updating countdown to 60000
[17:41:36.229] [SEVERE ] removing card from slot 0
[17:41:36.338] [SEVERE ] removing card from slot 1
[17:41:36.448] [SEVERE ] removing card from slot 2
[17:41:36.556] [SEVERE ] removing card from slot 3
[17:41:36.665] [SEVERE ] removing card from slot 4
[17:41:36.773] [SEVERE ] removing card from slot 5
[17:41:36.881] [SEVERE ] removing card from slot 6
[17:41:36.990] [SEVERE ] removing card from slot 7
[17:41:37.100] [SEVERE ] removing card from slot 8
[17:41:37.209] [SEVERE ] removing card from slot 9
[17:41:37.317] [SEVERE ] removing card from slot 10
[17:41:37.426] [SEVERE ] removing card from slot 11
[17:41:37.534] [SEVERE ] placing card 3 in slot 0
[17:41:37.645] [SEVERE ] placing card 56 in slot 1
[17:41:37.754] [SEVERE ] placing card 17 in slot 2
[17:41:37.863] [SEVERE ] placing card 51 in slot 3
[17:41:37.972] [SEVERE ] placing card 20 in slot 4
[17:41:38.081] [SEVERE ] placing card 9 in slot 5
[17:41:38.191] [SEVERE ] placing card 33 in slot 6
[17:41:38.298] [SEVERE ] placing card 65 in slot 7
[17:41:38.408] [SEVERE ] placing card 15 in slot 8
[17:41:38.517] [SEVERE ] placing card 34 in slot 9
[17:41:38.624] [SEVERE ] placing card 62 in slot 10
[17:41:38.734] [SEVERE ] placing card 26 in slot 11
[17:41:39.750] [SEVERE ] updating countdown to 58987
[17:41:40.755] [SEVERE ] updating countdown to 57982
[17:41:41.766] [SEVERE ] updating countdown to 56971
[17:41:42.776] [SEVERE ] updating countdown to 55961
[17:41:43.785] [SEVERE ] updating countdown to 54952
[17:41:44.799] [SEVERE ] updating countdown to 53938
[17:41:45.809] [SEVERE ] updating countdown to 52928
[17:41:46.821] [SEVERE ] updating countdown to 51916
[17:41:47.834] [SEVERE ] updating countdown to 50903
[17:41:48.845] [SEVERE ] updating countdown to 49892
[17:41:49.860] [SEVERE ] updating countdown to 48877
[17:41:50.870] [SEVERE ] updating countdown to 47867
[17:41:51.883] [SEVERE ] updating countdown to 46854
[17:41:52.891] [SEVERE ] updating countdown to 45846
[17:41:53.903] [SEVERE ] updating countdown to 44834
[17:41:54.910] [SEVERE ] updating countdown to 43827
[17:41:55.921] [SEVERE ] updating countdown to 42816
[17:41:56.943] [SEVERE ] updating countdown to 41794
[17:41:57.952] [SEVERE ] updating countdown to 40785
[17:41:58.958] [SEVERE ] updating countdown to 39779
[17:41:59.970] [SEVERE ] updating countdown to 38767
[17:42:00.975] [SEVERE ] updating countdown to 37762
[17:42:01.985] [SEVERE ] updating countdown to 36752
[17:42:02.994] [SEVERE ] updating countdown to 35743
[17:42:04.000] [SEVERE ] updating countdown to 34737
[17:42:05.008] [SEVERE ] updating countdown to 33729
[17:42:06.016] [SEVERE ] updating countdown to 32721
[17:42:07.025] [SEVERE ] updating countdown to 31712
[17:42:08.034] [SEVERE ] updating countdown to 30703
[17:42:09.042] [SEVERE ] updating countdown to 29695
[17:42:10.058] [SEVERE ] updating countdown to 28679
[17:42:11.067] [SEVERE ] updating countdown to 27670
[17:42:12.073] [SEVERE ] updating countdown to 26664
[17:42:13.080] [SEVERE ] updating countdown to 25657
[17:42:14.094] [SEVERE ] updating countdown to 24643
[17:42:15.095] [SEVERE ] updating countdown to 23642
[17:42:16.105] [SEVERE ] updating countdown to 22632
[17:42:17.119] [SEVERE ] updating countdown to 21618
[17:42:18.134] [SEVERE ] updating countdown to 20603
[17:42:19.143] [SEVERE ] updating countdown to 19594
[17:42:20.156] [SEVERE ] updating countdown to 18581
[17:42:21.165] [SEVERE ] updating countdown to 17572
[17:42:22.169] [SEVERE ] updating countdown to 16568
[17:42:23.175] [SEVERE ] updating countdown to 15562
[17:42:24.188] [SEVERE ] updating countdown to 14549
[17:42:25.190] [SEVERE ] updating countdown to 13547
[17:42:26.199] [SEVERE ] updating countdown to 12538
[17:42:27.202] [SEVERE ] updating countdown to 11535
[17:42:28.207] [SEVERE ] updating countdown to 10530
[17:42:29.212] [SEVERE ] updating countdown to 9525
[17:42:30.217] [SEVERE ] updating countdown to 8520
[17:42:31.224] [SEVERE ] updating countdown to 7513
[17:42:32.234] [SEVERE ] updating countdown to 6503
[17:42:33.249] [SEVERE ] updating countdown to 5488
[17:42:39.289] [SEVERE ] updating countdown to 60000
[17:42:39.398] [SEVERE ] removing card from slot 0
[17:42:39.506] [SEVERE ] removing card from slot 1
[17:42:39.613] [SEVERE ] removing card from slot 2
[17:42:39.719] [SEVERE ] removing card from slot 3
[17:42:39.828] [SEVERE ] removing card from slot 4
[17:42:39.937] [SEVERE ] removing card from slot 5
[17:42:40.046] [SEVERE ] removing card from slot 6
[17:42:40.154] [SEVERE ] removing card from slot 7
[17:42:40.262] [SEVERE ] removing card from slot 8
[17:42:40.372] [SEVERE ] removing card from slot 9
[17:42:40.480] [SEVERE ] removing card from slot 10
[17:42:40.588] [SEVERE ] removing card from slot 11
[17:42:40.698] [SEVERE ] placing card 65 in slot 0
[17:42:40.807] [SEVERE ] placing card 46 in slot 1
[17:42:40.916] [SEVERE ] placing card 58 in slot 2
[17:42:41.024] [SEVERE ] placing card 51 in slot 3
[17:42:41.132] [SEVERE ] placing card 54 in slot 4
[17:42:41.240] [SEVERE ] placing card 45 in slot 5
[17:42:41.348] [SEVERE ] placing card 7 in slot 6
[17:42:41.456] [SEVERE ] placing card 60 in slot 7
[17:42:41.565] [SEVERE ] placing card 38 in slot 8
[17:42:41.672] [SEVERE ] placing card 47 in slot 9
[17:42:41.780] [SEVERE ] placing card 77 in slot 10
[17:42:41.888] [SEVERE ] placing card 71 in slot 11
[17:42:42.904] [SEVERE ] updating countdown to 58985
[17:42:43.905] [SEVERE ] updating countdown to 57984
[17:42:44.919] [SEVERE ] updating countdown to 56970
[17:42:45.923] [SEVERE ] updating countdown to 55966
[17:42:46.936] [SEVERE ] updating countdown to 54953
[17:42:47.945] [SEVERE ] updating countdown to 53944
[17:42:48.945] [SEVERE ] updating countdown to 52944
[17:42:49.957] [SEVERE ] updating countdown to 51932
[17:42:50.967] [SEVERE ] updating countdown to 50922
[17:42:51.972] [SEVERE ] updating countdown to 49917
[17:42:52.978] [SEVERE ] updating countdown to 48911
[17:42:53.983] [SEVERE ] updating countdown to 47906
[17:42:54.991] [SEVERE ] updating countdown to 46898
[17:42:55.995] [SEVERE ] updating countdown to 45894
[17:42:57.001] [SEVERE ] updating countdown to 44888
[17:42:58.007] [SEVERE ] updating countdown to 43882
[17:42:59.018] [SEVERE ] updating countdown to 42871
[17:43:00.030] [SEVERE ] updating countdown to 41859
[17:43:01.036] [SEVERE ] updating countdown to 40853
[17:43:02.044] [SEVERE ] updating countdown to 39845
[17:43:03.046] [SEVERE ] updating countdown to 38843
[17:43:04.054] [SEVERE ] updating countdown to 37835
[17:43:05.062] [SEVERE ] updating countdown to 36827
[17:43:06.072] [SEVERE ] updating countdown to 35817
[17:43:07.075] [SEVERE ] updating countdown to 34814
[17:43:08.078] [SEVERE ] updating countdown to 33811
[17:43:09.090] [SEVERE ] updating countdown to 32799
[17:43:10.092] [SEVERE ] updating countdown to 31797
[17:43:11.107] [SEVERE ] updating countdown to 30782
[17:43:12.114] [SEVERE ] updating countdown to 29775
[17:43:13.121] [SEVERE ] updating countdown to 28768
[17:43:14.128] [SEVERE ] updating countdown to 27761
[17:43:15.141] [SEVERE ] updating countdown to 26748
[17:43:16.149] [SEVERE ] updating countdown to 25740
[17:43:17.161] [SEVERE ] updating countdown to 24728
[17:43:18.169] [SEVERE ] updating countdown to 23720
[17:43:19.173] [SEVERE ] updating countdown to 22716
[17:43:20.179] [SEVERE ] updating countdown to 21710
[17:43:21.191] [SEVERE ] updating countdown to 20698
[17:43:22.198] [SEVERE ] updating countdown to 19691
[17:43:23.205] [SEVERE ] updating countdown to 18684
[17:43:24.215] [SEVERE ] updating countdown to 17674
[17:43:25.225] [SEVERE ] updating countdown to 16664
[17:43:26.225] [SEVERE ] updating countdown to 15664
[17:43:27.232] [SEVERE ] updating countdown to 14657
[17:43:28.234] [SEVERE ] updating countdown to 13655
[17:43:29.249] [SEVERE ] updating countdown to 12640
[17:43:30.260] [SEVERE ] updating countdown to 11629
[17:43:31.269] [SEVERE ] updating countdown to 10620
[17:43:32.282] [SEVERE ] updating countdown to 9607
[17:43:33.292] [SEVERE ] updating countdown to 8597
[17:43:34.299] [SEVERE ] updating countdown to 7590
[17:43:35.308] [SEVERE ] updating countdown to 6581
[17:43:36.314] [SEVERE ] updating countdown to 5575
[17:43:42.359] [SEVERE ] updating countdown to 60000
[17:43:42.468] [SEVERE ] removing card from slot 0
[17:43:42.578] [SEVERE ] removing card from slot 1
[17:43:42.686] [SEVERE ] removing card from slot 2
[17:43:42.795] [SEVERE ] removing card from slot 3
[17:43:42.905] [SEVERE ] removing card from slot 4
[17:43:43.015] [SEVERE ] removing card from slot 5
[17:43:43.126] [SEVERE ] removing card from slot 6
[17:43:43.234] [SEVERE ] removing card from slot 7
[17:43:43.343] [SEVERE ] removing card from slot 8
[17:43:43.451] [SEVERE ] removing card from slot 9
[17:43:43.559] [SEVERE ] removing card from slot 10
[17:43:43.666] [SEVERE ] removing card from slot 11
[17:43:43.774] [SEVERE ] placing card 11 in slot 0
[17:43:43.883] [SEVERE ] placing card 3 in slot 1
[17:43:43.992] [SEVERE ] placing card 38 in slot 2
[17:43:44.099] [SEVERE ] placing card 71 in slot 3
[17:43:44.206] [SEVERE ] placing card 18 in slot 4
[17:43:44.314] [SEVERE ] placing card 76 in slot 5
[17:43:44.425] [SEVERE ] placing card 49 in slot 6
[17:43:44.532] [SEVERE ] placing card 21 in slot 7
[17:43:44.642] [SEVERE ] placing card 46 in slot 8
[17:43:44.751] [SEVERE ] placing card 8 in slot 9
[17:43:44.860] [SEVERE ] placing card 37 in slot 10
[17:43:44.972] [SEVERE ] placing card 15 in slot 11
[17:43:45.985] [SEVERE ] updating countdown to 58988
[17:43:46.995] [SEVERE ] updating countdown to 57978
[17:43:48.007] [SEVERE ] updating countdown to 56966
[17:43:49.011] [SEVERE ] updating countdown to 55962
[17:43:50.020] [SEVERE ] updating countdown to 54953
[17:43:51.021] [SEVERE ] updating countdown to 53952
[17:43:52.030] [SEVERE ] updating countdown to 52943
[17:43:53.043] [SEVERE ] updating countdown to 51930
[17:43:54.055] [SEVERE ] updating countdown to 50918
[17:43:55.064] [SEVERE ] updating countdown to 49909
[17:43:56.072] [SEVERE ] updating countdown to 48901
[17:43:57.087] [SEVERE ] updating countdown to 47886
[17:43:58.101] [SEVERE ] updating countdown to 46872
[17:43:59.110] [SEVERE ] updating countdown to 45863
[17:44:00.120] [SEVERE ] updating countdown to 44853
[17:44:01.132] [SEVERE ] updating countdown to 43841
[17:44:02.145] [SEVERE ] updating countdown to 42828
[17:44:03.150] [SEVERE ] updating countdown to 41823
[17:44:04.153] [SEVERE ] updating countdown to 40820
[17:44:05.158] [SEVERE ] updating countdown to 39815
[17:44:06.167] [SEVERE ] updating countdown to 38806
[17:44:07.172] [SEVERE ] updating countdown to 37801
[17:44:08.184] [SEVERE ] updating countdown to 36789
[17:44:09.187] [SEVERE ] updating countdown to 35786
[17:44:10.196] [SEVERE ] updating countdown to 34777
[17:44:11.204] [SEVERE ] updating countdown to 33769
[17:44:12.210] [SEVERE ] updating countdown to 32763
[17:44:13.221] [SEVERE ] updating countdown to 31752
[17:44:14.224] [SEVERE ] updating countdown to 30749
[17:44:15.236] [SEVERE ] updating countdown to 29737
[17:44:16.242] [SEVERE ] updating countdown to 28731
[17:44:17.248] [SEVERE ] updating countdown to 27725
[17:44:18.256] [SEVERE ] updating countdown to 26717
[17:44:19.263] [SEVERE ] updating countdown to 25710
[17:44:20.271] [SEVERE ] updating countdown to 24702
[17:44:21.284] [SEVERE ] updating countdown to 23689
[17:44:22.285] [SEVERE ] updating countdown to 22688
[17:44:23.299] [SEVERE ] updating countdown to 21674
[17:44:24.309] [SEVERE ] updating countdown to 20664
[17:44:25.320] [SEVERE ] updating countdown to 19653
[17:44:26.330] [SEVERE ] updating countdown to 18643
[17:44:27.339] [SEVERE ] updating countdown to 17634
[17:44:28.343] [SEVERE ] updating countdown to 16630
[17:44:29.358] [SEVERE ] updating countdown to 15615
[17:44:30.367] [SEVERE ] updating countdown to 14606
[17:44:31.375] [SEVERE ] updating countdown to 13598
[17:44:32.389] [SEVERE ] updating countdown to 12584
[17:44:33.397] [SEVERE ] updating countdown to 11576
[17:44:34.403] [SEVERE ] updating countdown to 10570
[17:44:35.414] [SEVERE ] updating countdown to 9559
[17:44:36.426] [SEVERE ] updating countdown to 8547
[17:44:37.433] [SEVERE ] updating countdown to 7540
[17:44:38.443] [SEVERE ] updating countdown to 6530
[17:44:39.452] [SEVERE ] updating countdown to 5521
[17:44:45.492] [SEVERE ] updating countdown to 60000
[17:44:45.601] [SEVERE ] removing card from slot 0
[17:44:45.710] [SEVERE ] removing card from slot 1
[17:44:45.819] [SEVERE ] removing card from slot 2
[17:44:45.926] [SEVERE ] removing card from slot 3
[17:44:46.036] [SEVERE ] removing card from slot 4
[17:44:46.143] [SEVERE ] removing card from slot 5
[17:44:46.250] [SEVERE ] removing card from slot 6
[17:44:46.357] [SEVERE ] removing card from slot 7
[17:44:46.466] [SEVERE ] removing card from slot 8
[17:44:46.575] [SEVERE ] removing card from slot 9
[17:44:46.721] [SEVERE ] removing card from slot 10
[17:44:46.824] [SEVERE ] removing card from slot 11
[17:44:46.934] [SEVERE ] placing card 67 in slot 0
[17:44:47.043] [SEVERE ] placing card 32 in slot 1
[17:44:47.152] [SEVERE ] placing card 12 in slot 2
[17:44:47.261] [SEVERE ] placing card 27 in slot 3
[17:44:47.369] [SEVERE ] placing card 76 in slot 4
[17:44:47.477] [SEVERE ] placing card 36 in slot 5
[17:44:47.587] [SEVERE ] placing card 28 in slot 6
[17:44:47.697] [SEVERE ] placing card 61 in slot 7
[17:44:47.805] [SEVERE ] placing card 5 in slot 8
[17:44:47.914] [SEVERE ] placing card 55 in slot 9
[17:44:48.023] [SEVERE ] placing card 46 in slot 10
[17:44:48.132] [SEVERE ] placing card 4 in slot 11
[17:44:49.140] [SEVERE ] updating countdown to 58993
[17:44:50.151] [SEVERE ] updating countdown to 57982
[17:44:51.164] [SEVERE ] updating countdown to 56969
[17:44:52.173] [SEVERE ] updating countdown to 55960
[17:44:53.181] [SEVERE ] updating countdown to 54952
[17:44:54.192] [SEVERE ] updating countdown to 53941
[17:44:55.200] [SEVERE ] updating countdown to 52933
[17:44:56.210] [SEVERE ] updating countdown to 51923
[17:44:57.220] [SEVERE ] updating countdown to 50913
[17:44:58.229] [SEVERE ] updating countdown to 49904
[17:44:59.237] [SEVERE ] updating countdown to 48896
[17:45:00.244] [SEVERE ] updating countdown to 47889
[17:45:01.256] [SEVERE ] updating countdown to 46877
[17:45:02.263] [SEVERE ] updating countdown to 45870
[17:45:03.276] [SEVERE ] updating countdown to 44857
[17:45:04.286] [SEVERE ] updating countdown to 43847
[17:45:05.300] [SEVERE ] updating countdown to 42833
[17:45:06.304] [SEVERE ] updating countdown to 41829
[17:45:07.318] [SEVERE ] updating countdown to 40815
[17:45:08.333] [SEVERE ] updating countdown to 39800
[17:45:09.340] [SEVERE ] updating countdown to 38793
[17:45:10.352] [SEVERE ] updating countdown to 37781
[17:45:11.364] [SEVERE ] updating countdown to 36769
[17:45:12.375] [SEVERE ] updating countdown to 35758
[17:45:13.391] [SEVERE ] updating countdown to 34742
[17:45:14.400] [SEVERE ] updating countdown to 33733
[17:45:15.402] [SEVERE ] updating countdown to 32731
[17:45:16.417] [SEVERE ] updating countdown to 31716
[17:45:17.429] [SEVERE ] updating countdown to 30704
[17:45:18.440] [SEVERE ] updating countdown to 29693
[17:45:19.452] [SEVERE ] updating countdown to 28681
[17:45:20.466] [SEVERE ] updating countdown to 27667
[17:45:21.475] [SEVERE ] updating countdown to 26658
[17:45:22.477] [SEVERE ] updating countdown to 25656
[17:45:23.488] [SEVERE ] updating countdown to 24645
[17:45:24.499] [SEVERE ] updating countdown to 23634
[17:45:25.510] [SEVERE ] updating countdown to 22623
[17:45:26.522] [SEVERE ] updating countdown to 21611
[17:45:27.533] [SEVERE ] updating countdown to 20600
[17:45:28.541] [SEVERE ] updating countdown to 19592
[17:45:29.552] [SEVERE ] updating countdown to 18581
[17:45:30.564] [SEVERE ] updating countdown to 17569
[17:45:31.576] [SEVERE ] updating countdown to 16557
[17:45:32.583] [SEVERE ] updating countdown to 15550
[17:45:33.596] [SEVERE ] updating countdown to 14537
[17:45:34.604] [SEVERE ] updating countdown to 13529
[17:45:35.610] [SEVERE ] updating countdown to 12523
[17:45:36.616] [SEVERE ] updating countdown to 11517
[17:45:37.620] [SEVERE ] updating countdown to 10513
[17:45:38.635] [SEVERE ] updating countdown to 9498
[17:45:39.645] [SEVERE ] updating countdown to 8488
[17:45:40.650] [SEVERE ] updating countdown to 7483
[17:45:41.655] [SEVERE ] updating countdown to 6478
[17:45:42.664] [SEVERE ] updating countdown to 5469
[17:45:48.701] [SEVERE ] updating countdown to 60000
[17:45:48.810] [SEVERE ] removing card from slot 0
[17:45:48.917] [SEVERE ] removing card from slot 1
[17:45:49.026] [SEVERE ] removing card from slot 2
[17:45:49.133] [SEVERE ] removing card from slot 3
[17:45:49.242] [SEVERE ] removing card from slot 4
[17:45:49.349] [SEVERE ] removing card from slot 5
[17:45:49.457] [SEVERE ] removing card from slot 6
[17:45:49.567] [SEVERE ] removing card from slot 7
[17:45:49.675] [SEVERE ] removing card from slot 8
[17:45:49.784] [SEVERE ] removing card from slot 9
[17:45:49.893] [SEVERE ] removing card from slot 10
[17:45:50.003] [SEVERE ] removing card from slot 11
[17:45:50.110] [SEVERE ] placing card 30 in slot 0
[17:45:50.218] [SEVERE ] placing card 58 in slot 1
[17:45:50.326] [SEVERE ] placing card 43 in slot 2
[17:45:50.435] [SEVERE ] placing card 17 in slot 3
[17:45:50.546] [SEVERE ] placing card 41 in slot 4
[17:45:50.657] [SEVERE ] placing card 69 in slot 5
[17:45:50.765] [SEVERE ] placing card 51 in slot 6
[17:45:50.874] [SEVERE ] placing card 31 in slot 7
[17:45:50.980] [SEVERE ] placing card 38 in slot 8
[17:45:51.090] [SEVERE ] placing card 70 in slot 9
[17:45:51.198] [SEVERE ] placing card 79 in slot 10
[17:45:51.306] [SEVERE ] placing card 35 in slot 11
[17:45:52.318] [SEVERE ] updating countdown to 58988
[17:45:53.323] [SEVERE ] updating countdown to 57983
[17:45:54.337] [SEVERE ] updating countdown to 56969
[17:45:55.346] [SEVERE ] updating countdown to 55960
[17:45:56.355] [SEVERE ] updating countdown to 54951
[17:45:57.365] [SEVERE ] updating countdown to 53941
[17:45:58.371] [SEVERE ] updating countdown to 52935
[17:45:59.374] [SEVERE ] updating countdown to 51932
[17:46:00.376] [SEVERE ] updating countdown to 50930
[17:46:01.387] [SEVERE ] updating countdown to 49919
[17:46:02.402] [SEVERE ] updating countdown to 48904
[17:46:03.416] [SEVERE ] updating countdown to 47890
[17:46:04.421] [SEVERE ] updating countdown to 46885
[17:46:05.434] [SEVERE ] updating countdown to 45872
[17:46:06.447] [SEVERE ] updating countdown to 44859
[17:46:07.456] [SEVERE ] updating countdown to 43850
[17:46:08.463] [SEVERE ] updating countdown to 42843
[17:46:09.473] [SEVERE ] updating countdown to 41833
[17:46:10.487] [SEVERE ] updating countdown to 40819
[17:46:11.502] [SEVERE ] updating countdown to 39804
[17:46:12.511] [SEVERE ] updating countdown to 38795
[17:46:13.518] [SEVERE ] updating countdown to 37788
[17:46:14.532] [SEVERE ] updating countdown to 36774
[17:46:15.541] [SEVERE ] updating countdown to 35765
[17:46:16.549] [SEVERE ] updating countdown to 34757
[17:46:17.563] [SEVERE ] updating countdown to 33743
[17:46:18.577] [SEVERE ] updating countdown to 32729
[17:46:19.587] [SEVERE ] updating countdown to 31719
[17:46:20.598] [SEVERE ] updating countdown to 30708
[17:46:21.609] [SEVERE ] updating countdown to 29697
[17:46:22.619] [SEVERE ] updating countdown to 28687
[17:46:23.628] [SEVERE ] updating countdown to 27678
[17:46:24.629] [SEVERE ] updating countdown to 26677
[17:46:25.638] [SEVERE ] updating countdown to 25668
[17:46:26.650] [SEVERE ] updating countdown to 24656
[17:46:27.658] [SEVERE ] updating countdown to 23648
[17:46:28.668] [SEVERE ] updating countdown to 22638
[17:46:29.680] [SEVERE ] updating countdown to 21626
[17:46:30.695] [SEVERE ] updating countdown to 20611
[17:46:31.706] [SEVERE ] updating countdown to 19600
[17:46:32.719] [SEVERE ] updating countdown to 18587
[17:46:33.725] [SEVERE ] updating countdown to 17581
[17:46:34.731] [SEVERE ] updating countdown to 16575
[17:46:35.739] [SEVERE ] updating countdown to 15567
[17:46:36.752] [SEVERE ] updating countdown to 14554
[17:46:37.753] [SEVERE ] updating countdown to 13553
[17:46:38.762] [SEVERE ] updating countdown to 12544
[17:46:39.772] [SEVERE ] updating countdown to 11534
[17:46:40.785] [SEVERE ] updating countdown to 10521
[17:46:41.796] [SEVERE ] updating countdown to 9510
[17:46:42.807] [SEVERE ] updating countdown to 8499
[17:46:43.819] [SEVERE ] updating countdown to 7487
[17:46:44.833] [SEVERE ] updating countdown to 6473
[17:46:45.844] [SEVERE ] updating countdown to 5462
[17:46:51.900] [SEVERE ] updating countdown to 60000
[17:46:52.009] [SEVERE ] removing card from slot 0
[17:46:52.119] [SEVERE ] removing card from slot 1
[17:46:52.228] [SEVERE ] removing card from slot 2
[17:46:52.338] [SEVERE ] removing card from slot 3
[17:46:52.444] [SEVERE ] removing card from slot 4
[17:46:52.553] [SEVERE ] removing card from slot 5
[17:46:52.663] [SEVERE ] removing card from slot 6
[17:46:52.771] [SEVERE ] removing card from slot 7
[17:46:52.879] [SEVERE ] removing card from slot 8
[17:46:52.989] [SEVERE ] removing card from slot 9
[17:46:53.099] [SEVERE ] removing card from slot 10
[17:46:53.207] [SEVERE ] removing card from slot 11
[17:46:53.315] [SEVERE ] placing card 40 in slot 0
[17:46:53.422] [SEVERE ] placing card 12 in slot 1
[17:46:53.530] [SEVERE ] placing card 0 in slot 2
[17:46:53.639] [SEVERE ] placing card 47 in slot 3
[17:46:53.748] [SEVERE ] placing card 3 in slot 4
[17:46:53.858] [SEVERE ] placing card 61 in slot 5
[17:46:53.969] [SEVERE ] placing card 8 in slot 6
[17:46:54.077] [SEVERE ] placing card 19 in slot 7
[17:46:54.185] [SEVERE ] placing card 57 in slot 8
[17:46:54.293] [SEVERE ] placing card 65 in slot 9
[17:46:54.403] [SEVERE ] placing card 78 in slot 10
[17:46:54.513] [SEVERE ] placing card 41 in slot 11
[17:46:55.525] [SEVERE ] updating countdown to 58989
[17:46:56.538] [SEVERE ] updating countdown to 57976
[17:46:57.550] [SEVERE ] updating countdown to 56964
[17:46:58.560] [SEVERE ] updating countdown to 55954
[17:46:59.571] [SEVERE ] updating countdown to 54943
[17:47:00.572] [SEVERE ] updating countdown to 53942
[17:47:01.585] [SEVERE ] updating countdown to 52929
[17:47:02.593] [SEVERE ] updating countdown to 51921
[17:47:03.603] [SEVERE ] updating countdown to 50911
[17:47:04.612] [SEVERE ] updating countdown to 49902
[17:47:05.622] [SEVERE ] updating countdown to 48892
[17:47:06.637] [SEVERE ] updating countdown to 47877
[17:47:07.643] [SEVERE ] updating countdown to 46871
[17:47:08.644] [SEVERE ] updating countdown to 45870
[17:47:09.652] [SEVERE ] updating countdown to 44862
[17:47:10.662] [SEVERE ] updating countdown to 43852
[17:47:11.667] [SEVERE ] updating countdown to 42847
[17:47:12.673] [SEVERE ] updating countdown to 41841
[17:47:13.683] [SEVERE ] updating countdown to 40831
[17:47:14.696] [SEVERE ] updating countdown to 39818
[17:47:15.710] [SEVERE ] updating countdown to 38804
[17:47:16.718] [SEVERE ] updating countdown to 37796
[17:47:17.727] [SEVERE ] updating countdown to 36787
[17:47:18.734] [SEVERE ] updating countdown to 35780
[17:47:19.748] [SEVERE ] updating countdown to 34766
[17:47:20.759] [SEVERE ] updating countdown to 33755
[17:47:21.769] [SEVERE ] updating countdown to 32745
[17:47:22.783] [SEVERE ] updating countdown to 31731
[17:47:23.795] [SEVERE ] updating countdown to 30719
[17:47:24.810] [SEVERE ] updating countdown to 29704
[17:47:25.824] [SEVERE ] updating countdown to 28690
[17:47:26.828] [SEVERE ] updating countdown to 27686
[17:47:27.837] [SEVERE ] updating countdown to 26677
[17:47:28.850] [SEVERE ] updating countdown to 25664
[17:47:29.861] [SEVERE ] updating countdown to 24653
[17:47:30.961] [SEVERE ] updating countdown to 23553
[17:47:31.965] [SEVERE ] updating countdown to 22549
[17:47:32.975] [SEVERE ] updating countdown to 21539
[17:47:33.989] [SEVERE ] updating countdown to 20525
[17:47:34.999] [SEVERE ] updating countdown to 19515
[17:47:36.001] [SEVERE ] updating countdown to 18513
[17:47:37.012] [SEVERE ] updating countdown to 17502
[17:47:38.020] [SEVERE ] updating countdown to 16494
[17:47:39.029] [SEVERE ] updating countdown to 15485
[17:47:40.035] [SEVERE ] updating countdown to 14479
[17:47:41.047] [SEVERE ] updating countdown to 13467
[17:47:42.056] [SEVERE ] updating countdown to 12458
[17:47:43.067] [SEVERE ] updating countdown to 11447
