[18:15:10.308] [INFO   ] thread main starting.
[18:15:10.316] [SEVERE ] cannot read configuration file config.properties trying from resources.
[18:15:10.320] [SEVERE ] configuration file was loaded from resources directory.
[18:15:11.249] [INFO   ] thread dealer starting.
[18:15:11.250] [INFO   ] thread dealer starting.
[18:15:11.251] [INFO   ] thread player 0 starting.
[18:15:11.255] [INFO   ] thread player 1 starting.
[18:15:11.370] [SEVERE ] placing card 3 in slot 0
[18:15:11.478] [SEVERE ] placing card 45 in slot 1
[18:15:11.589] [SEVERE ] placing card 74 in slot 2
[18:15:11.697] [SEVERE ] placing card 61 in slot 3
[18:15:11.810] [SEVERE ] placing card 70 in slot 4
[18:15:11.919] [SEVERE ] placing card 75 in slot 5
[18:15:12.028] [SEVERE ] placing card 12 in slot 6
[18:15:12.137] [SEVERE ] placing card 64 in slot 7
[18:15:12.244] [SEVERE ] placing card 51 in slot 8
[18:15:12.352] [SEVERE ] placing card 66 in slot 9
[18:15:12.459] [SEVERE ] placing card 78 in slot 10
[18:15:12.568] [SEVERE ] placing card 7 in slot 11
[18:15:13.588] [SEVERE ] updating countdown to 58987
[18:15:14.599] [SEVERE ] updating countdown to 57976
[18:15:15.611] [SEVERE ] updating countdown to 56964
[18:15:16.625] [SEVERE ] updating countdown to 55950
[18:15:17.640] [SEVERE ] updating countdown to 54935
[18:15:18.526] [SEVERE ] key 69 was pressed by player 1
[18:15:18.526] [SEVERE ] player 1 placing token on slot 2
[18:15:18.527] [SEVERE ] key 79 was pressed by player 2
[18:15:18.527] [SEVERE ] player 2 placing token on slot 2
[18:15:18.653] [SEVERE ] updating countdown to 53922
[18:15:19.325] [SEVERE ] key 82 was pressed by player 1
[18:15:19.325] [SEVERE ] player 1 placing token on slot 3
[18:15:19.325] [SEVERE ] key 80 was pressed by player 2
[18:15:19.325] [SEVERE ] player 2 placing token on slot 3
[18:15:19.660] [SEVERE ] updating countdown to 52915
[18:15:20.673] [SEVERE ] updating countdown to 51902
[18:15:21.680] [SEVERE ] updating countdown to 50895
[18:15:22.687] [SEVERE ] updating countdown to 49888
[18:15:22.813] [SEVERE ] key 88 was pressed by player 1
[18:15:22.813] [SEVERE ] player 1 placing token on slot 9
[18:15:22.814] [SEVERE ] key 44 was pressed by player 2
[18:15:22.814] [SEVERE ] player 2 placing token on slot 9
[18:15:29.289] [SEVERE ] updating countdown to 43286
[18:18:15.118] [SEVERE ] removing player 1 token from slot 2
[18:18:15.119] [SEVERE ] removing card from slot 2
[18:18:15.120] [SEVERE ] removing player 1 token from slot 3
[18:18:15.227] [SEVERE ] removing card from slot 3
[18:18:15.227] [SEVERE ] removing player 1 token from slot 9
[18:18:15.337] [SEVERE ] removing card from slot 9
[18:18:15.337] [SEVERE ] removing player 2 token from slot 2
[18:18:15.337] [SEVERE ] removing player 2 token from slot 3
[18:18:15.337] [SEVERE ] removing player 2 token from slot 9
[18:18:15.340] [INFO   ] thread dealer terminated.
[18:18:20.347] [SEVERE ] thanks for playing... it was fun!
[18:18:20.347] [INFO   ] thread main terminated.
[18:18:20.347] [SEVERE ] disposing of user interface elements
