[21:43:41.651] [INFO   ] thread main starting.
[21:43:41.657] [SEVERE ] cannot read configuration file config.properties trying from resources.
[21:43:41.659] [SEVERE ] configuration file was loaded from resources directory.
[21:43:42.086] [INFO   ] thread dealer starting.
[21:43:42.086] [INFO   ] thread dealer starting.
[21:43:42.088] [INFO   ] thread player 0 starting.
[21:43:42.088] [INFO   ] thread player 1 starting.
[21:43:42.193] [SEVERE ] placing card 7 in slot 0
[21:43:42.303] [SEVERE ] placing card 50 in slot 1
[21:43:42.413] [SEVERE ] placing card 55 in slot 2
[21:43:42.522] [SEVERE ] placing card 5 in slot 3
[21:43:42.633] [SEVERE ] placing card 6 in slot 4
[21:43:42.741] [SEVERE ] placing card 39 in slot 5
[21:43:42.851] [SEVERE ] placing card 34 in slot 6
[21:43:42.960] [SEVERE ] placing card 24 in slot 7
[21:43:43.067] [SEVERE ] placing card 69 in slot 8
[21:43:43.177] [SEVERE ] placing card 78 in slot 9
[21:43:43.287] [SEVERE ] placing card 11 in slot 10
[21:43:43.398] [SEVERE ] placing card 29 in slot 11
[21:43:44.405] [SEVERE ] updating countdown to 58997
[21:43:45.418] [SEVERE ] updating countdown to 57984
[21:43:46.431] [SEVERE ] updating countdown to 56971
[21:43:47.442] [SEVERE ] updating countdown to 55960
[21:43:48.451] [SEVERE ] updating countdown to 54951
[21:43:49.454] [SEVERE ] updating countdown to 53948
[21:43:50.468] [SEVERE ] updating countdown to 52934
[21:43:51.476] [SEVERE ] updating countdown to 51926
[21:43:52.487] [SEVERE ] updating countdown to 50915
[21:43:53.501] [SEVERE ] updating countdown to 49901
[21:43:54.514] [SEVERE ] updating countdown to 48888
[21:43:55.523] [SEVERE ] updating countdown to 47879
[21:43:56.535] [SEVERE ] updating countdown to 46867
[21:43:57.546] [SEVERE ] updating countdown to 45856
[21:43:58.556] [SEVERE ] updating countdown to 44846
[21:43:59.210] [SEVERE ] exit button pressed
[21:43:59.211] [INFO   ] thread player 0 terminated.
[21:43:59.211] [INFO   ] thread player 1 terminated.
[21:43:59.566] [SEVERE ] updating countdown to 43836
[21:43:59.566] [SEVERE ] updating countdown to 60000
[21:43:59.677] [SEVERE ] removing card from slot 0
[21:43:59.787] [SEVERE ] removing card from slot 1
[21:43:59.897] [SEVERE ] removing card from slot 2
[21:44:00.008] [SEVERE ] removing card from slot 3
[21:44:00.118] [SEVERE ] removing card from slot 4
[21:44:00.226] [SEVERE ] removing card from slot 5
[21:44:00.336] [SEVERE ] removing card from slot 6
[21:44:00.444] [SEVERE ] removing card from slot 7
[21:44:00.554] [SEVERE ] removing card from slot 8
[21:44:00.663] [SEVERE ] removing card from slot 9
