[15:39:00.276] [INFO   ] thread main starting.
[15:39:00.288] [SEVERE ] cannot read configuration file config.properties trying from resources.
[15:39:00.290] [SEVERE ] configuration file was loaded from resources directory.
[15:39:01.369] [INFO   ] thread dealer starting.
[15:39:01.370] [INFO   ] thread dealer starting.
[15:39:01.372] [INFO   ] thread player 1 starting.
[15:39:01.386] [INFO   ] thread player 0 starting.
[15:39:01.501] [SEVERE ] placing card 22 in slot 0
[15:39:01.609] [SEVERE ] placing card 28 in slot 1
[15:39:01.718] [SEVERE ] placing card 20 in slot 2
[15:39:01.826] [SEVERE ] placing card 7 in slot 3
[15:39:01.934] [SEVERE ] placing card 11 in slot 4
[15:39:02.043] [SEVERE ] placing card 24 in slot 5
[15:39:02.152] [SEVERE ] placing card 76 in slot 6
[15:39:02.261] [SEVERE ] placing card 60 in slot 7
[15:39:02.368] [SEVERE ] placing card 77 in slot 8
[15:39:02.475] [SEVERE ] placing card 47 in slot 9
[15:39:02.582] [SEVERE ] placing card 49 in slot 10
[15:39:02.690] [SEVERE ] placing card 50 in slot 11
[15:39:03.710] [SEVERE ] updating countdown to 58986
[15:39:04.723] [SEVERE ] updating countdown to 57973
[15:39:05.732] [SEVERE ] updating countdown to 56964
[15:39:06.744] [SEVERE ] updating countdown to 55952
[15:39:06.951] [SEVERE ] key 81 was pressed by player 1
[15:39:06.951] [SEVERE ] player 1 placing token on slot 0
[15:39:07.754] [SEVERE ] updating countdown to 54942
[15:39:08.028] [SEVERE ] key 69 was pressed by player 1
[15:39:08.030] [SEVERE ] player 1 placing token on slot 2
[15:39:08.762] [SEVERE ] updating countdown to 53934
[15:39:09.763] [SEVERE ] updating countdown to 52933
[15:39:10.221] [SEVERE ] key 83 was pressed by player 1
[15:39:10.221] [SEVERE ] player 1 placing token on slot 5
[15:39:29.600] [SEVERE ] updating countdown to 33096
[15:39:55.099] [SEVERE ] removing player 1 token from slot 0
[15:39:55.100] [SEVERE ] removing card from slot 0
[15:39:55.100] [SEVERE ] removing player 1 token from slot 2
[15:39:55.215] [SEVERE ] removing card from slot 2
[15:39:55.215] [SEVERE ] removing player 1 token from slot 5
[15:39:55.324] [SEVERE ] removing card from slot 5
[15:39:56.867] [SEVERE ] placing card 1 in slot 0
[15:39:56.868] [SEVERE ] setting player 1 score to 1
[15:39:56.869] [SEVERE ] setting player 1 freeze to 1000
[15:39:56.982] [SEVERE ] placing card 57 in slot 2
[15:39:57.090] [SEVERE ] placing card 79 in slot 5
[15:39:57.871] [SEVERE ] setting player 1 freeze to 0
