[16:18:34.600] [INFO   ] thread main starting.
[16:18:34.606] [SEVERE ] cannot read configuration file config.properties trying from resources.
[16:18:34.610] [SEVERE ] configuration file was loaded from resources directory.
[16:18:35.236] [INFO   ] thread dealer starting.
[16:18:35.238] [INFO   ] thread dealer starting.
[16:18:35.238] [INFO   ] thread player 0 starting.
[16:18:35.238] [INFO   ] thread player 1 starting.
[16:18:35.358] [SEVERE ] placing card 75 in slot 0
[16:18:35.465] [SEVERE ] placing card 77 in slot 1
[16:18:35.573] [SEVERE ] placing card 58 in slot 2
[16:18:35.682] [SEVERE ] placing card 43 in slot 3
[16:18:35.791] [SEVERE ] placing card 32 in slot 4
[16:18:35.900] [SEVERE ] placing card 45 in slot 5
[16:18:36.009] [SEVERE ] placing card 36 in slot 6
[16:18:36.117] [SEVERE ] placing card 74 in slot 7
[16:18:36.226] [SEVERE ] placing card 41 in slot 8
[16:18:36.336] [SEVERE ] placing card 52 in slot 9
[16:18:36.444] [SEVERE ] placing card 7 in slot 10
[16:18:36.553] [SEVERE ] placing card 5 in slot 11
[16:18:37.562] [SEVERE ] updating countdown to 58997
[16:18:38.575] [SEVERE ] updating countdown to 57984
[16:18:39.588] [SEVERE ] updating countdown to 56971
[16:18:40.590] [SEVERE ] updating countdown to 55969
[16:18:41.596] [SEVERE ] updating countdown to 54963
[16:18:42.606] [SEVERE ] updating countdown to 53953
[16:18:43.418] [SEVERE ] key 82 was pressed by player 1
[16:18:43.418] [SEVERE ] player 1 placing token on slot 3
[16:18:43.620] [SEVERE ] updating countdown to 52939
[16:18:44.630] [SEVERE ] updating countdown to 51929
[16:18:45.265] [SEVERE ] key 80 was pressed by player 2
[16:18:45.265] [SEVERE ] player 2 placing token on slot 3
[16:18:45.640] [SEVERE ] updating countdown to 50919
[16:18:46.642] [SEVERE ] updating countdown to 49917
[16:18:47.656] [SEVERE ] updating countdown to 48903
[16:18:48.666] [SEVERE ] updating countdown to 47893
[16:18:49.417] [SEVERE ] key 75 was pressed by player 2
[16:18:49.417] [SEVERE ] player 2 placing token on slot 5
[16:18:49.678] [SEVERE ] updating countdown to 46881
[16:18:50.690] [SEVERE ] updating countdown to 45869
[16:18:51.698] [SEVERE ] updating countdown to 44861
[16:18:51.737] [SEVERE ] key 83 was pressed by player 1
[16:18:51.737] [SEVERE ] player 1 placing token on slot 5
[16:18:52.712] [SEVERE ] updating countdown to 43847
[16:18:53.725] [SEVERE ] updating countdown to 42834
[16:18:54.741] [SEVERE ] updating countdown to 41818
[16:18:55.747] [SEVERE ] updating countdown to 40812
[16:18:56.761] [SEVERE ] updating countdown to 39798
[16:18:57.764] [SEVERE ] updating countdown to 38795
[16:18:58.774] [SEVERE ] updating countdown to 37785
[16:18:58.842] [SEVERE ] key 77 was pressed by player 2
[16:18:58.842] [SEVERE ] player 2 placing token on slot 8
[16:18:58.846] [SEVERE ] setting player 2 freeze to 3000
[16:18:59.782] [SEVERE ] updating countdown to 36777
[16:18:59.859] [SEVERE ] setting player 2 freeze to 2000
[16:19:00.797] [SEVERE ] updating countdown to 35762
[16:19:00.862] [SEVERE ] setting player 2 freeze to 1000
[16:19:01.806] [SEVERE ] updating countdown to 34753
[16:19:01.868] [SEVERE ] setting player 2 freeze to 0
[16:19:02.815] [SEVERE ] updating countdown to 33744
[16:19:03.827] [SEVERE ] updating countdown to 32732
[16:19:04.842] [SEVERE ] updating countdown to 31717
[16:19:05.854] [SEVERE ] updating countdown to 30705
[16:19:06.857] [SEVERE ] updating countdown to 29702
[16:19:07.871] [SEVERE ] updating countdown to 28688
[16:19:08.880] [SEVERE ] updating countdown to 27679
[16:19:09.892] [SEVERE ] updating countdown to 26667
[16:19:10.649] [SEVERE ] key 77 was pressed by player 2
[16:19:10.649] [SEVERE ] removing player 2 token from slot 8
[16:19:10.894] [SEVERE ] updating countdown to 25665
[16:19:11.900] [SEVERE ] updating countdown to 24659
[16:19:12.911] [SEVERE ] updating countdown to 23648
[16:19:13.926] [SEVERE ] updating countdown to 22633
[16:19:14.937] [SEVERE ] updating countdown to 21622
[16:19:15.939] [SEVERE ] updating countdown to 20620
[16:19:16.955] [SEVERE ] updating countdown to 19604
[16:19:17.964] [SEVERE ] updating countdown to 18595
[16:19:18.975] [SEVERE ] updating countdown to 17584
[16:19:19.986] [SEVERE ] updating countdown to 16573
[16:19:20.994] [SEVERE ] updating countdown to 15565
[16:19:22.004] [SEVERE ] updating countdown to 14555
[16:19:23.017] [SEVERE ] updating countdown to 13542
[16:19:24.030] [SEVERE ] updating countdown to 12529
[16:19:25.038] [SEVERE ] updating countdown to 11521
[16:19:26.047] [SEVERE ] updating countdown to 10512
[16:19:27.060] [SEVERE ] updating countdown to 9499
[16:19:28.061] [SEVERE ] updating countdown to 8498
[16:19:29.074] [SEVERE ] updating countdown to 7485
[16:19:30.087] [SEVERE ] updating countdown to 6472
[16:19:31.089] [SEVERE ] updating countdown to 5470
[16:19:37.136] [SEVERE ] updating countdown to 60000
[16:19:37.244] [SEVERE ] removing card from slot 0
[16:19:37.244] [SEVERE ] removing player 1 token from slot 3
[16:19:37.244] [SEVERE ] removing player 1 token from slot 5
[16:19:37.244] [SEVERE ] removing player 2 token from slot 3
[16:19:37.244] [SEVERE ] removing player 2 token from slot 5
[16:19:37.352] [SEVERE ] removing card from slot 1
[16:19:37.460] [SEVERE ] removing card from slot 2
[16:19:37.571] [SEVERE ] removing card from slot 3
[16:19:37.679] [SEVERE ] removing card from slot 4
[16:19:37.788] [SEVERE ] removing card from slot 5
[16:19:37.896] [SEVERE ] removing card from slot 6
[16:19:38.005] [SEVERE ] removing card from slot 7
[16:19:38.115] [SEVERE ] removing card from slot 8
[16:19:38.225] [SEVERE ] removing card from slot 9
[16:19:38.333] [SEVERE ] removing card from slot 10
[16:19:38.441] [SEVERE ] removing card from slot 11
[16:19:38.552] [SEVERE ] placing card 22 in slot 0
[16:19:38.661] [SEVERE ] placing card 56 in slot 1
[16:19:38.770] [SEVERE ] placing card 12 in slot 2
[16:19:38.881] [SEVERE ] placing card 66 in slot 3
[16:19:38.990] [SEVERE ] placing card 20 in slot 4
[16:19:39.097] [SEVERE ] placing card 16 in slot 5
[16:19:39.206] [SEVERE ] placing card 58 in slot 6
[16:19:39.316] [SEVERE ] placing card 71 in slot 7
[16:19:39.425] [SEVERE ] placing card 29 in slot 8
[16:19:39.534] [SEVERE ] placing card 47 in slot 9
[16:19:39.643] [SEVERE ] placing card 4 in slot 10
[16:19:39.750] [SEVERE ] placing card 7 in slot 11
[16:19:40.759] [SEVERE ] updating countdown to 58993
[16:19:41.769] [SEVERE ] updating countdown to 57983
[16:19:42.781] [SEVERE ] updating countdown to 56971
[16:19:43.793] [SEVERE ] updating countdown to 55959
[16:19:44.801] [SEVERE ] updating countdown to 54951
[16:19:45.806] [SEVERE ] updating countdown to 53946
[16:19:46.592] [SEVERE ] key 46 was pressed by player 2
[16:19:46.592] [SEVERE ] player 2 placing token on slot 10
[16:19:46.816] [SEVERE ] updating countdown to 52936
[16:19:47.256] [SEVERE ] key 46 was pressed by player 2
[16:19:47.257] [SEVERE ] removing player 2 token from slot 10
[16:19:47.649] [SEVERE ] key 47 was pressed by player 2
[16:19:47.650] [SEVERE ] player 2 placing token on slot 11
[16:19:47.817] [SEVERE ] updating countdown to 51935
[16:19:48.656] [SEVERE ] key 86 was pressed by player 1
[16:19:48.657] [SEVERE ] player 1 placing token on slot 11
[16:19:48.818] [SEVERE ] updating countdown to 50934
[16:19:49.834] [SEVERE ] updating countdown to 49918
[16:19:50.845] [SEVERE ] updating countdown to 48907
[16:19:51.800] [SEVERE ] key 88 was pressed by player 1
[16:19:51.801] [SEVERE ] player 1 placing token on slot 9
[16:19:51.810] [SEVERE ] key 44 was pressed by player 2
[16:19:51.811] [SEVERE ] player 2 placing token on slot 9
[16:19:51.860] [SEVERE ] updating countdown to 47892
[16:19:52.872] [SEVERE ] updating countdown to 46880
[16:19:53.886] [SEVERE ] updating countdown to 45866
[16:19:54.899] [SEVERE ] updating countdown to 44853
[16:19:55.911] [SEVERE ] updating countdown to 43841
[16:19:56.920] [SEVERE ] updating countdown to 42832
[16:19:57.921] [SEVERE ] updating countdown to 41831
[16:19:58.935] [SEVERE ] updating countdown to 40817
[16:19:59.946] [SEVERE ] updating countdown to 39806
[16:20:00.952] [SEVERE ] updating countdown to 38800
[16:20:01.964] [SEVERE ] updating countdown to 37788
[16:20:02.965] [SEVERE ] updating countdown to 36787
[16:20:03.972] [SEVERE ] updating countdown to 35780
[16:20:04.981] [SEVERE ] updating countdown to 34771
[16:20:05.991] [SEVERE ] updating countdown to 33761
[16:20:06.993] [SEVERE ] updating countdown to 32759
[16:20:07.600] [SEVERE ] key 46 was pressed by player 2
[16:20:07.601] [SEVERE ] player 2 placing token on slot 10
[16:20:07.601] [SEVERE ] setting player 2 freeze to 3000
[16:20:08.007] [SEVERE ] updating countdown to 31745
[16:20:08.614] [SEVERE ] setting player 2 freeze to 2000
[16:20:08.824] [SEVERE ] key 77 was pressed by player 2
[16:20:08.826] [SEVERE ] key 75 was pressed by player 2
[16:20:09.022] [SEVERE ] updating countdown to 30730
[16:20:09.104] [SEVERE ] key 65 was pressed by player 1
[16:20:09.104] [SEVERE ] player 1 placing token on slot 4
[16:20:09.104] [SEVERE ] key 87 was pressed by player 1
[16:20:09.104] [SEVERE ] setting player 1 freeze to 3000
[16:20:09.106] [SEVERE ] key 69 was pressed by player 1
[16:20:09.106] [SEVERE ] key 70 was pressed by player 1
[16:20:09.225] [SEVERE ] key 59 was pressed by player 2
[16:20:09.248] [SEVERE ] key 76 was pressed by player 2
[16:20:09.322] [SEVERE ] key 77 was pressed by player 2
[16:20:09.506] [SEVERE ] key 68 was pressed by player 1
[16:20:09.546] [SEVERE ] key 70 was pressed by player 1
[16:20:09.627] [SEVERE ] setting player 2 freeze to 1000
[16:20:09.867] [SEVERE ] key 80 was pressed by player 2
[16:20:09.868] [SEVERE ] key 59 was pressed by player 2
[16:20:10.031] [SEVERE ] updating countdown to 29721
[16:20:10.108] [SEVERE ] setting player 1 freeze to 2000
[16:20:10.243] [SEVERE ] key 82 was pressed by player 1
[16:20:10.243] [SEVERE ] key 70 was pressed by player 1
[16:20:10.634] [SEVERE ] setting player 2 freeze to 0
[16:20:11.035] [SEVERE ] updating countdown to 28717
[16:20:11.112] [SEVERE ] setting player 1 freeze to 1000
[16:20:12.050] [SEVERE ] updating countdown to 27702
[16:20:12.127] [SEVERE ] setting player 1 freeze to 0
[16:20:13.057] [SEVERE ] updating countdown to 26695
[16:20:13.680] [SEVERE ] key 83 was pressed by player 1
[16:20:14.063] [SEVERE ] updating countdown to 25689
[16:20:14.442] [SEVERE ] key 68 was pressed by player 1
[16:20:15.074] [SEVERE ] updating countdown to 24678
[16:20:15.288] [SEVERE ] key 88 was pressed by player 1
[16:20:15.289] [SEVERE ] removing player 1 token from slot 9
[16:20:16.079] [SEVERE ] updating countdown to 23673
[16:20:17.092] [SEVERE ] updating countdown to 22660
[16:20:17.457] [SEVERE ] key 65 was pressed by player 1
[16:20:17.457] [SEVERE ] removing player 1 token from slot 4
[16:20:18.102] [SEVERE ] updating countdown to 21650
[16:20:18.832] [SEVERE ] key 86 was pressed by player 1
[16:20:18.833] [SEVERE ] removing player 1 token from slot 11
[16:20:19.105] [SEVERE ] updating countdown to 20647
[16:20:20.112] [SEVERE ] updating countdown to 19640
[16:20:20.121] [SEVERE ] key 67 was pressed by player 1
[16:20:20.121] [SEVERE ] player 1 placing token on slot 10
[16:20:20.561] [SEVERE ] key 67 was pressed by player 1
[16:20:20.561] [SEVERE ] removing player 1 token from slot 10
[16:20:21.121] [SEVERE ] updating countdown to 18631
[16:20:21.744] [SEVERE ] key 44 was pressed by player 2
[16:20:21.745] [SEVERE ] removing player 2 token from slot 9
[16:20:22.136] [SEVERE ] updating countdown to 17616
[16:20:22.424] [SEVERE ] key 46 was pressed by player 2
[16:20:22.425] [SEVERE ] removing player 2 token from slot 10
[16:20:22.936] [SEVERE ] key 47 was pressed by player 2
[16:20:22.937] [SEVERE ] removing player 2 token from slot 11
[16:20:23.148] [SEVERE ] updating countdown to 16604
[16:20:24.154] [SEVERE ] updating countdown to 15598
[16:20:25.159] [SEVERE ] updating countdown to 14593
[16:20:26.166] [SEVERE ] updating countdown to 13586
[16:20:27.177] [SEVERE ] updating countdown to 12575
[16:20:28.191] [SEVERE ] updating countdown to 11561
[16:20:29.203] [SEVERE ] updating countdown to 10549
[16:20:30.213] [SEVERE ] updating countdown to 9539
[16:20:31.219] [SEVERE ] updating countdown to 8533
[16:20:32.226] [SEVERE ] updating countdown to 7526
[16:20:33.239] [SEVERE ] updating countdown to 6513
[16:20:34.251] [SEVERE ] updating countdown to 5501
[16:20:40.311] [SEVERE ] updating countdown to 60000
[16:20:40.420] [SEVERE ] removing card from slot 0
[16:20:40.528] [SEVERE ] removing card from slot 1
[16:20:40.638] [SEVERE ] removing card from slot 2
[16:20:40.746] [SEVERE ] removing card from slot 3
[16:20:40.856] [SEVERE ] removing card from slot 4
[16:20:40.965] [SEVERE ] removing card from slot 5
[16:20:41.072] [SEVERE ] removing card from slot 6
[16:20:41.178] [SEVERE ] removing card from slot 7
[16:20:41.287] [SEVERE ] removing card from slot 8
[16:20:41.397] [SEVERE ] removing card from slot 9
[16:20:41.505] [SEVERE ] removing card from slot 10
[16:20:41.615] [SEVERE ] removing card from slot 11
[16:20:41.722] [SEVERE ] placing card 64 in slot 0
[16:20:41.832] [SEVERE ] placing card 15 in slot 1
[16:20:41.940] [SEVERE ] placing card 34 in slot 2
[16:20:42.049] [SEVERE ] placing card 13 in slot 3
[16:20:42.155] [SEVERE ] placing card 28 in slot 4
[16:20:42.262] [SEVERE ] placing card 44 in slot 5
[16:20:42.371] [SEVERE ] placing card 24 in slot 6
[16:20:42.482] [SEVERE ] placing card 55 in slot 7
[16:20:42.591] [SEVERE ] placing card 21 in slot 8
[16:20:42.700] [SEVERE ] placing card 41 in slot 9
[16:20:42.809] [SEVERE ] placing card 50 in slot 10
[16:20:42.918] [SEVERE ] placing card 68 in slot 11
[16:20:43.927] [SEVERE ] updating countdown to 58992
[16:20:44.942] [SEVERE ] updating countdown to 57977
[16:20:45.943] [SEVERE ] updating countdown to 56976
[16:20:46.949] [SEVERE ] updating countdown to 55970
[16:20:47.955] [SEVERE ] updating countdown to 54964
[16:20:48.960] [SEVERE ] updating countdown to 53959
[16:20:49.937] [SEVERE ] key 83 was pressed by player 1
[16:20:49.937] [SEVERE ] player 1 placing token on slot 5
[16:20:49.972] [SEVERE ] updating countdown to 52947
[16:20:50.982] [SEVERE ] updating countdown to 51937
[16:20:51.376] [SEVERE ] key 68 was pressed by player 1
[16:20:51.376] [SEVERE ] player 1 placing token on slot 6
[16:20:51.990] [SEVERE ] updating countdown to 50929
[16:20:53.002] [SEVERE ] updating countdown to 49917
[16:20:54.013] [SEVERE ] updating countdown to 48906
[16:20:55.025] [SEVERE ] updating countdown to 47894
[16:20:56.027] [SEVERE ] updating countdown to 46892
[16:20:57.037] [SEVERE ] updating countdown to 45882
[16:20:58.038] [SEVERE ] updating countdown to 44881
[16:20:59.050] [SEVERE ] updating countdown to 43869
[16:21:00.052] [SEVERE ] updating countdown to 42867
[16:21:01.065] [SEVERE ] updating countdown to 41854
[16:21:02.072] [SEVERE ] updating countdown to 40847
[16:21:03.082] [SEVERE ] updating countdown to 39837
[16:21:04.091] [SEVERE ] updating countdown to 38828
[16:21:05.093] [SEVERE ] updating countdown to 37826
[16:21:06.097] [SEVERE ] updating countdown to 36822
[16:21:07.109] [SEVERE ] updating countdown to 35810
[16:21:08.121] [SEVERE ] updating countdown to 34798
[16:21:08.152] [SEVERE ] key 68 was pressed by player 1
[16:21:08.152] [SEVERE ] removing player 1 token from slot 6
[16:21:08.480] [SEVERE ] key 83 was pressed by player 1
[16:21:08.481] [SEVERE ] removing player 1 token from slot 5
[16:21:09.130] [SEVERE ] updating countdown to 33789
[16:21:10.132] [SEVERE ] updating countdown to 32787
[16:21:11.137] [SEVERE ] updating countdown to 31782
[16:21:12.150] [SEVERE ] updating countdown to 30769
[16:21:13.159] [SEVERE ] updating countdown to 29760
[16:21:14.160] [SEVERE ] updating countdown to 28759
