[20:24:21.895] [INFO   ] thread main starting.
[20:24:21.902] [SEVERE ] cannot read configuration file config.properties trying from resources.
[20:24:21.903] [SEVERE ] configuration file was loaded from resources directory.
[20:24:22.365] [INFO   ] thread dealer starting.
[20:24:22.366] [INFO   ] thread dealer starting.
[20:24:22.369] [INFO   ] thread player 0 starting.
[20:24:22.369] [INFO   ] thread player 1 starting.
[20:24:22.479] [SEVERE ] placing card 20 in slot 0
[20:24:22.587] [SEVERE ] placing card 71 in slot 1
[20:24:22.699] [SEVERE ] placing card 64 in slot 2
[20:24:22.807] [SEVERE ] placing card 6 in slot 3
[20:24:22.918] [SEVERE ] placing card 4 in slot 4
[20:24:23.027] [SEVERE ] placing card 55 in slot 5
[20:24:23.136] [SEVERE ] placing card 49 in slot 6
[20:24:23.247] [SEVERE ] placing card 35 in slot 7
[20:24:23.359] [SEVERE ] placing card 52 in slot 8
[20:24:23.468] [SEVERE ] placing card 38 in slot 9
[20:24:23.580] [SEVERE ] placing card 18 in slot 10
[20:24:23.692] [SEVERE ] placing card 21 in slot 11
[20:24:24.698] [SEVERE ] updating countdown to 59000
[20:24:25.700] [SEVERE ] updating countdown to 57998
[20:24:26.701] [SEVERE ] updating countdown to 56997
[20:24:27.704] [SEVERE ] updating countdown to 55994
[20:24:28.707] [SEVERE ] updating countdown to 54991
[20:24:29.721] [SEVERE ] updating countdown to 53977
[20:24:30.723] [SEVERE ] updating countdown to 52975
[20:24:31.730] [SEVERE ] updating countdown to 51968
[20:24:32.736] [SEVERE ] updating countdown to 50962
[20:24:32.907] [SEVERE ] key 75 was pressed by player 2
[20:24:32.908] [SEVERE ] player 2 placing token on slot 5
[20:24:32.922] [SEVERE ] key 83 was pressed by player 1
[20:24:32.922] [SEVERE ] player 1 placing token on slot 5
[20:24:33.743] [SEVERE ] updating countdown to 49955
[20:24:34.746] [SEVERE ] updating countdown to 48952
[20:24:35.466] [SEVERE ] key 44 was pressed by player 2
[20:24:35.466] [SEVERE ] player 2 placing token on slot 9
[20:24:35.482] [SEVERE ] key 88 was pressed by player 1
[20:24:35.482] [SEVERE ] player 1 placing token on slot 9
[20:24:35.752] [SEVERE ] updating countdown to 47946
[20:24:36.322] [SEVERE ] key 46 was pressed by player 2
[20:24:36.322] [SEVERE ] player 2 placing token on slot 10
[20:24:55.236] [SEVERE ] updating countdown to 28463
[20:24:55.236] [SEVERE ] key 67 was pressed by player 1
[20:24:55.236] [SEVERE ] player 1 placing token on slot 10
[20:24:55.237] [SEVERE ] removing player 1 token from slot 5
[20:24:55.237] [SEVERE ] removing player 1 token from slot 9
[20:24:55.237] [SEVERE ] removing player 1 token from slot 10
[20:24:55.238] [SEVERE ] removing player 2 token from slot 5
[20:24:55.338] [SEVERE ] removing card from slot 5
[20:24:55.339] [SEVERE ] removing player 2 token from slot 9
[20:24:55.440] [SEVERE ] removing card from slot 9
[20:24:55.440] [SEVERE ] removing player 2 token from slot 10
[20:24:55.542] [SEVERE ] removing card from slot 10
[20:24:55.543] [SEVERE ] setting player 2 score to 1
[20:24:55.543] [SEVERE ] setting player 2 freeze to 1000
[20:24:55.646] [SEVERE ] placing card 72 in slot 5
[20:24:55.747] [SEVERE ] placing card 31 in slot 9
[20:24:55.849] [SEVERE ] placing card 74 in slot 10
[20:24:56.544] [SEVERE ] setting player 2 freeze to 0
[20:24:56.855] [SEVERE ] updating countdown to 26843
[20:24:57.865] [SEVERE ] updating countdown to 25833
[20:24:58.869] [SEVERE ] updating countdown to 24829
[20:24:59.875] [SEVERE ] updating countdown to 23823
[20:25:00.886] [SEVERE ] updating countdown to 22812
[20:25:01.891] [SEVERE ] updating countdown to 21807
