[09:40:14.240] [INFO   ] thread main starting.
[09:40:14.248] [SEVERE ] cannot read configuration file config.properties trying from resources.
[09:40:14.251] [SEVERE ] configuration file was loaded from resources directory.
[09:40:14.828] [INFO   ] thread dealer starting.
[09:40:14.828] [INFO   ] thread dealer starting.
[09:40:14.829] [INFO   ] thread player 0 starting.
[09:40:14.829] [INFO   ] thread player 1 starting.
[09:40:14.951] [SEVERE ] placing card 14 in slot 0
[09:40:15.060] [SEVERE ] placing card 59 in slot 1
[09:40:15.168] [SEVERE ] placing card 7 in slot 2
[09:40:15.278] [SEVERE ] placing card 21 in slot 3
[09:40:15.386] [SEVERE ] placing card 79 in slot 4
[09:40:15.495] [SEVERE ] placing card 42 in slot 5
[09:40:15.603] [SEVERE ] placing card 38 in slot 6
[09:40:15.713] [SEVERE ] placing card 37 in slot 7
[09:40:15.823] [SEVERE ] placing card 56 in slot 8
[09:40:15.930] [SEVERE ] placing card 9 in slot 9
[09:40:16.039] [SEVERE ] placing card 15 in slot 10
[09:40:16.146] [SEVERE ] placing card 35 in slot 11
[09:40:17.160] [SEVERE ] updating countdown to 58991
[09:40:18.166] [SEVERE ] updating countdown to 57985
[09:40:19.171] [SEVERE ] updating countdown to 56980
[09:40:20.186] [SEVERE ] updating countdown to 55965
[09:40:21.195] [SEVERE ] updating countdown to 54956
[09:40:21.711] [SEVERE ] key 74 was pressed by player 2
[09:40:21.713] [SEVERE ] player 2 placing token on slot 4
[09:40:21.742] [SEVERE ] key 65 was pressed by player 1
[09:40:21.743] [SEVERE ] player 1 placing token on slot 4
[09:40:22.205] [SEVERE ] updating countdown to 53946
[09:40:23.219] [SEVERE ] updating countdown to 52932
[09:40:23.415] [SEVERE ] key 67 was pressed by player 1
[09:40:23.416] [SEVERE ] player 1 placing token on slot 10
[09:40:23.416] [SEVERE ] key 46 was pressed by player 2
[09:40:23.416] [SEVERE ] player 2 placing token on slot 10
[09:40:24.102] [SEVERE ] key 86 was pressed by player 1
[09:40:24.102] [SEVERE ] player 1 placing token on slot 11
[09:40:24.104] [SEVERE ] key 47 was pressed by player 2
[09:40:24.104] [SEVERE ] player 2 placing token on slot 11
[09:40:24.227] [SEVERE ] updating countdown to 51924
[09:40:24.228] [SEVERE ] removing player 1 token from slot 4
[09:40:24.228] [SEVERE ] removing card from slot 4
[09:40:24.228] [SEVERE ] removing player 1 token from slot 10
[09:40:24.330] [SEVERE ] removing card from slot 10
[09:40:24.330] [SEVERE ] removing player 1 token from slot 11
[09:40:24.431] [SEVERE ] removing card from slot 11
[09:40:24.431] [SEVERE ] removing player 2 token from slot 4
[09:40:24.431] [SEVERE ] removing player 2 token from slot 10
[09:40:24.431] [SEVERE ] removing player 2 token from slot 11
[09:40:24.431] [SEVERE ] setting player 1 score to 1
[09:40:24.432] [SEVERE ] setting player 1 freeze to 1000
[09:40:24.533] [SEVERE ] placing card 55 in slot 4
[09:40:24.634] [SEVERE ] placing card 6 in slot 10
[09:40:24.734] [SEVERE ] placing card 31 in slot 11
[09:40:25.434] [SEVERE ] setting player 1 freeze to 0
[09:40:25.736] [SEVERE ] updating countdown to 50415
[09:40:26.747] [SEVERE ] updating countdown to 49404
[09:40:27.760] [SEVERE ] updating countdown to 48391
[09:40:28.766] [SEVERE ] updating countdown to 47385
[09:40:29.775] [SEVERE ] updating countdown to 46376
[09:40:30.782] [SEVERE ] updating countdown to 45369
[09:40:31.783] [SEVERE ] updating countdown to 44368
[09:40:32.794] [SEVERE ] updating countdown to 43357
[09:40:33.804] [SEVERE ] updating countdown to 42347
[09:40:34.810] [SEVERE ] updating countdown to 41341
[09:40:35.820] [SEVERE ] updating countdown to 40331
[09:40:35.830] [SEVERE ] key 80 was pressed by player 2
[09:40:35.831] [SEVERE ] player 2 placing token on slot 3
[09:40:36.367] [SEVERE ] key 79 was pressed by player 2
[09:40:36.367] [SEVERE ] player 2 placing token on slot 2
[09:40:36.830] [SEVERE ] updating countdown to 39321
[09:40:37.519] [SEVERE ] key 77 was pressed by player 2
[09:40:37.519] [SEVERE ] player 2 placing token on slot 8
[09:40:37.519] [SEVERE ] setting player 2 freeze to 3000
[09:40:37.839] [SEVERE ] updating countdown to 38312
[09:40:38.526] [SEVERE ] setting player 2 freeze to 2000
[09:40:38.853] [SEVERE ] updating countdown to 37298
[09:40:39.537] [SEVERE ] setting player 2 freeze to 1000
[09:40:39.863] [SEVERE ] updating countdown to 36288
[09:40:40.545] [SEVERE ] setting player 2 freeze to 0
[09:40:40.872] [SEVERE ] updating countdown to 35279
[09:40:41.543] [SEVERE ] key 77 was pressed by player 2
[09:40:41.544] [SEVERE ] removing player 2 token from slot 8
[09:40:41.885] [SEVERE ] updating countdown to 34266
[09:40:41.999] [SEVERE ] key 44 was pressed by player 2
[09:40:41.999] [SEVERE ] player 2 placing token on slot 9
[09:40:41.999] [SEVERE ] setting player 2 freeze to 3000
[09:40:42.900] [SEVERE ] updating countdown to 33251
[09:40:43.010] [SEVERE ] setting player 2 freeze to 2000
[09:40:43.911] [SEVERE ] updating countdown to 32240
[09:40:44.018] [SEVERE ] setting player 2 freeze to 1000
[09:40:44.921] [SEVERE ] updating countdown to 31230
[09:40:45.030] [SEVERE ] setting player 2 freeze to 0
[09:40:45.931] [SEVERE ] updating countdown to 30220
[09:40:46.945] [SEVERE ] updating countdown to 29206
[09:40:47.950] [SEVERE ] updating countdown to 28201
[09:40:48.962] [SEVERE ] updating countdown to 27189
[09:40:49.023] [SEVERE ] key 44 was pressed by player 2
[09:40:49.023] [SEVERE ] removing player 2 token from slot 9
[09:40:49.359] [SEVERE ] key 44 was pressed by player 2
[09:40:49.359] [SEVERE ] player 2 placing token on slot 9
[09:40:49.360] [SEVERE ] setting player 2 freeze to 3000
[09:40:49.971] [SEVERE ] updating countdown to 26180
[09:40:50.376] [SEVERE ] setting player 2 freeze to 2000
[09:40:50.985] [SEVERE ] updating countdown to 25166
[09:40:51.376] [SEVERE ] setting player 2 freeze to 1000
[09:40:52.000] [SEVERE ] updating countdown to 24151
[09:40:52.389] [SEVERE ] setting player 2 freeze to 0
[09:40:53.012] [SEVERE ] updating countdown to 23139
[09:40:54.016] [SEVERE ] updating countdown to 22135
[09:40:55.025] [SEVERE ] updating countdown to 21126
[09:40:56.038] [SEVERE ] updating countdown to 20113
[09:40:57.040] [SEVERE ] updating countdown to 19111
[09:40:58.052] [SEVERE ] updating countdown to 18099
[09:40:59.054] [SEVERE ] updating countdown to 17097
[09:41:00.060] [SEVERE ] updating countdown to 16091
[09:41:01.062] [SEVERE ] updating countdown to 15089
[09:41:02.074] [SEVERE ] updating countdown to 14077
[09:41:02.639] [SEVERE ] key 80 was pressed by player 2
[09:41:02.640] [SEVERE ] removing player 2 token from slot 3
[09:41:02.942] [SEVERE ] key 79 was pressed by player 2
[09:41:02.943] [SEVERE ] removing player 2 token from slot 2
[09:41:03.088] [SEVERE ] updating countdown to 13063
[09:41:04.103] [SEVERE ] updating countdown to 12048
[09:41:04.319] [SEVERE ] key 90 was pressed by player 1
[09:41:04.319] [SEVERE ] player 1 placing token on slot 8
[09:41:04.590] [SEVERE ] key 88 was pressed by player 1
[09:41:04.590] [SEVERE ] player 1 placing token on slot 9
[09:41:04.903] [SEVERE ] key 67 was pressed by player 1
[09:41:04.903] [SEVERE ] player 1 placing token on slot 10
[09:41:04.903] [SEVERE ] setting player 1 freeze to 3000
[09:41:05.114] [SEVERE ] updating countdown to 11037
[09:41:05.487] [SEVERE ] key 76 was pressed by player 2
[09:41:05.487] [SEVERE ] player 2 placing token on slot 6
[09:41:05.703] [SEVERE ] key 75 was pressed by player 2
[09:41:05.703] [SEVERE ] player 2 placing token on slot 5
[09:41:05.895] [SEVERE ] key 74 was pressed by player 2
[09:41:05.906] [SEVERE ] setting player 1 freeze to 2000
[09:41:06.122] [SEVERE ] updating countdown to 10029
[09:41:06.907] [SEVERE ] setting player 1 freeze to 1000
[09:41:07.124] [SEVERE ] updating countdown to 9027
[09:41:07.910] [SEVERE ] setting player 1 freeze to 0
[09:41:07.910] [SEVERE ] setting player 2 freeze to 3000
[09:41:08.130] [SEVERE ] updating countdown to 8021
[09:41:08.920] [SEVERE ] setting player 2 freeze to 2000
[09:41:09.137] [SEVERE ] updating countdown to 7014
[09:41:09.926] [SEVERE ] setting player 2 freeze to 1000
[09:41:10.145] [SEVERE ] updating countdown to 6006
[09:41:10.940] [SEVERE ] setting player 2 freeze to 0
[09:41:16.202] [SEVERE ] updating countdown to 60000
[09:41:16.310] [SEVERE ] removing card from slot 0
[09:41:16.310] [SEVERE ] removing player 1 token from slot 8
[09:41:16.310] [SEVERE ] removing player 1 token from slot 9
[09:41:16.310] [SEVERE ] removing player 1 token from slot 10
[09:41:16.310] [SEVERE ] removing player 2 token from slot 5
[09:41:16.310] [SEVERE ] removing player 2 token from slot 6
[09:41:16.310] [SEVERE ] removing player 2 token from slot 9
[09:41:16.419] [SEVERE ] removing card from slot 1
[09:41:16.527] [SEVERE ] removing card from slot 2
[09:41:16.635] [SEVERE ] removing card from slot 3
[09:41:16.745] [SEVERE ] removing card from slot 4
[09:41:16.849] [SEVERE ] removing card from slot 5
[09:41:16.957] [SEVERE ] removing card from slot 6
[09:41:17.066] [SEVERE ] removing card from slot 7
[09:41:17.175] [SEVERE ] removing card from slot 8
[09:41:17.284] [SEVERE ] removing card from slot 9
[09:41:17.393] [SEVERE ] removing card from slot 10
[09:41:17.500] [SEVERE ] removing card from slot 11
[09:41:17.609] [SEVERE ] placing card 39 in slot 0
[09:41:17.717] [SEVERE ] placing card 71 in slot 1
[09:41:17.825] [SEVERE ] placing card 61 in slot 2
[09:41:17.933] [SEVERE ] placing card 62 in slot 3
[09:41:18.042] [SEVERE ] placing card 22 in slot 4
[09:41:18.150] [SEVERE ] placing card 66 in slot 5
[09:41:18.260] [SEVERE ] placing card 12 in slot 6
[09:41:18.368] [SEVERE ] placing card 64 in slot 7
[09:41:18.477] [SEVERE ] placing card 34 in slot 8
[09:41:18.586] [SEVERE ] placing card 75 in slot 9
[09:41:18.695] [SEVERE ] placing card 19 in slot 10
[09:41:18.803] [SEVERE ] placing card 51 in slot 11
[09:41:19.816] [SEVERE ] updating countdown to 58990
[09:41:20.822] [SEVERE ] updating countdown to 57984
[09:41:21.837] [SEVERE ] updating countdown to 56969
[09:41:22.846] [SEVERE ] updating countdown to 55960
[09:41:23.856] [SEVERE ] updating countdown to 54950
[09:41:24.860] [SEVERE ] updating countdown to 53946
[09:41:25.118] [SEVERE ] key 85 was pressed by player 2
[09:41:25.119] [SEVERE ] player 2 placing token on slot 0
[09:41:25.151] [SEVERE ] key 81 was pressed by player 1
[09:41:25.151] [SEVERE ] player 1 placing token on slot 0
[09:41:25.867] [SEVERE ] updating countdown to 52939
[09:41:26.422] [SEVERE ] key 83 was pressed by player 1
[09:41:26.422] [SEVERE ] player 1 placing token on slot 5
[09:41:26.423] [SEVERE ] key 75 was pressed by player 2
[09:41:26.423] [SEVERE ] player 2 placing token on slot 5
[09:41:26.881] [SEVERE ] updating countdown to 51925
[09:41:27.286] [SEVERE ] key 68 was pressed by player 1
[09:41:27.286] [SEVERE ] player 1 placing token on slot 6
[09:41:27.286] [SEVERE ] key 76 was pressed by player 2
[09:41:27.286] [SEVERE ] player 2 placing token on slot 6
[09:41:27.888] [SEVERE ] updating countdown to 50918
[09:41:27.888] [SEVERE ] removing player 1 token from slot 0
[09:41:27.888] [SEVERE ] removing player 1 token from slot 5
[09:41:27.888] [SEVERE ] removing player 1 token from slot 6
[09:41:27.888] [SEVERE ] removing player 2 token from slot 0
[09:41:27.888] [SEVERE ] removing card from slot 0
[09:41:27.888] [SEVERE ] removing player 2 token from slot 5
[09:41:27.997] [SEVERE ] removing card from slot 5
[09:41:27.997] [SEVERE ] removing player 2 token from slot 6
[09:41:28.106] [SEVERE ] removing card from slot 6
[09:41:28.106] [SEVERE ] setting player 1 score to 2
[09:41:28.106] [SEVERE ] setting player 1 freeze to 1000
[09:41:28.215] [SEVERE ] placing card 70 in slot 0
[09:41:28.325] [SEVERE ] placing card 57 in slot 5
[09:41:28.434] [SEVERE ] placing card 65 in slot 6
[09:41:29.114] [SEVERE ] setting player 1 freeze to 0
[09:41:29.442] [SEVERE ] updating countdown to 49364
[09:41:30.452] [SEVERE ] updating countdown to 48354
[09:41:31.463] [SEVERE ] updating countdown to 47343
[09:41:32.472] [SEVERE ] updating countdown to 46334
[09:41:33.481] [SEVERE ] updating countdown to 45325
[09:41:34.489] [SEVERE ] updating countdown to 44317
[09:41:35.502] [SEVERE ] updating countdown to 43304
[09:41:36.517] [SEVERE ] updating countdown to 42289
[09:41:37.530] [SEVERE ] updating countdown to 41276
[09:41:38.537] [SEVERE ] updating countdown to 40269
[09:41:39.547] [SEVERE ] updating countdown to 39259
[09:41:40.549] [SEVERE ] updating countdown to 38257
[09:41:41.560] [SEVERE ] updating countdown to 37246
[09:41:42.574] [SEVERE ] updating countdown to 36232
[09:41:43.588] [SEVERE ] updating countdown to 35218
[09:41:44.596] [SEVERE ] updating countdown to 34210
[09:41:45.608] [SEVERE ] updating countdown to 33198
[09:41:46.618] [SEVERE ] updating countdown to 32188
[09:41:47.614] [SEVERE ] key 79 was pressed by player 2
[09:41:47.614] [SEVERE ] player 2 placing token on slot 2
[09:41:47.625] [SEVERE ] updating countdown to 31181
[09:41:48.626] [SEVERE ] updating countdown to 30180
[09:41:49.641] [SEVERE ] updating countdown to 29165
[09:41:50.302] [SEVERE ] key 59 was pressed by player 2
[09:41:50.302] [SEVERE ] player 2 placing token on slot 7
[09:41:50.655] [SEVERE ] updating countdown to 28151
[09:41:51.663] [SEVERE ] updating countdown to 27143
[09:41:52.674] [SEVERE ] updating countdown to 26132
[09:41:53.676] [SEVERE ] updating countdown to 25130
[09:41:54.691] [SEVERE ] updating countdown to 24115
[09:41:55.704] [SEVERE ] updating countdown to 23102
[09:41:56.718] [SEVERE ] updating countdown to 22088
[09:41:57.726] [SEVERE ] updating countdown to 21080
[09:41:58.736] [SEVERE ] updating countdown to 20070
[09:41:59.739] [SEVERE ] updating countdown to 19067
[09:42:00.751] [SEVERE ] updating countdown to 18055
[09:42:00.878] [SEVERE ] key 65 was pressed by player 1
[09:42:00.879] [SEVERE ] player 1 placing token on slot 4
[09:42:01.762] [SEVERE ] updating countdown to 17044
[09:42:02.776] [SEVERE ] updating countdown to 16030
[09:42:03.398] [SEVERE ] key 70 was pressed by player 1
[09:42:03.399] [SEVERE ] player 1 placing token on slot 7
[09:42:03.782] [SEVERE ] updating countdown to 15024
[09:42:04.791] [SEVERE ] updating countdown to 14015
[09:42:05.799] [SEVERE ] updating countdown to 13007
[09:42:06.631] [SEVERE ] key 90 was pressed by player 1
[09:42:06.631] [SEVERE ] player 1 placing token on slot 8
[09:42:06.632] [SEVERE ] key 44 was pressed by player 2
[09:42:06.632] [SEVERE ] player 2 placing token on slot 9
[09:42:06.808] [SEVERE ] updating countdown to 11998
[09:42:06.808] [SEVERE ] removing player 1 token from slot 4
[09:42:06.808] [SEVERE ] removing card from slot 4
[09:42:06.808] [SEVERE ] removing player 1 token from slot 7
[09:42:06.910] [SEVERE ] removing card from slot 7
[09:42:06.910] [SEVERE ] removing player 1 token from slot 8
[09:42:07.011] [SEVERE ] removing card from slot 8
[09:42:07.011] [SEVERE ] removing player 2 token from slot 7
[09:42:07.011] [SEVERE ] setting player 1 score to 3
[09:42:07.011] [SEVERE ] setting player 1 freeze to 1000
[09:42:07.112] [SEVERE ] placing card 26 in slot 4
[09:42:07.214] [SEVERE ] placing card 29 in slot 7
[09:42:07.315] [SEVERE ] placing card 16 in slot 8
[09:42:08.012] [SEVERE ] setting player 1 freeze to 0
[09:42:08.317] [SEVERE ] updating countdown to 10489
[09:42:09.326] [SEVERE ] updating countdown to 9480
[09:42:10.330] [SEVERE ] updating countdown to 8476
[09:42:11.343] [SEVERE ] updating countdown to 7463
[09:42:12.356] [SEVERE ] updating countdown to 6450
[09:42:13.370] [SEVERE ] updating countdown to 5436
[09:42:17.110] [SEVERE ] key 44 was pressed by player 2
[09:42:17.110] [SEVERE ] removing player 2 token from slot 9
[09:42:17.686] [SEVERE ] key 73 was pressed by player 2
[09:42:17.686] [SEVERE ] player 2 placing token on slot 1
[09:42:18.142] [SEVERE ] key 73 was pressed by player 2
[09:42:18.142] [SEVERE ] removing player 2 token from slot 1
[09:42:18.582] [SEVERE ] key 79 was pressed by player 2
[09:42:18.582] [SEVERE ] removing player 2 token from slot 2
[09:42:19.431] [SEVERE ] updating countdown to 60000
[09:42:19.539] [SEVERE ] removing card from slot 0
[09:42:19.646] [SEVERE ] removing card from slot 1
[09:42:19.753] [SEVERE ] removing card from slot 2
[09:42:19.859] [SEVERE ] removing card from slot 3
[09:42:19.968] [SEVERE ] removing card from slot 4
[09:42:20.077] [SEVERE ] removing card from slot 5
[09:42:20.187] [SEVERE ] removing card from slot 6
[09:42:20.298] [SEVERE ] removing card from slot 7
[09:42:20.408] [SEVERE ] removing card from slot 8
[09:42:20.517] [SEVERE ] removing card from slot 9
[09:42:20.626] [SEVERE ] removing card from slot 10
[09:42:20.734] [SEVERE ] removing card from slot 11
[09:42:20.843] [SEVERE ] placing card 61 in slot 0
[09:42:20.950] [SEVERE ] placing card 59 in slot 1
[09:42:21.058] [SEVERE ] placing card 65 in slot 2
[09:42:21.167] [SEVERE ] placing card 46 in slot 3
[09:42:21.276] [SEVERE ] placing card 32 in slot 4
[09:42:21.387] [SEVERE ] placing card 48 in slot 5
[09:42:21.495] [SEVERE ] placing card 60 in slot 6
[09:42:21.603] [SEVERE ] placing card 36 in slot 7
[09:42:21.713] [SEVERE ] placing card 38 in slot 8
[09:42:21.822] [SEVERE ] placing card 21 in slot 9
[09:42:21.933] [SEVERE ] placing card 6 in slot 10
[09:42:22.039] [SEVERE ] placing card 72 in slot 11
[09:42:23.045] [SEVERE ] updating countdown to 58996
[09:42:24.055] [SEVERE ] updating countdown to 57986
[09:42:25.067] [SEVERE ] updating countdown to 56974
[09:42:26.069] [SEVERE ] updating countdown to 55972
[09:42:27.062] [SEVERE ] key 81 was pressed by player 1
[09:42:27.062] [SEVERE ] player 1 placing token on slot 0
[09:42:27.074] [SEVERE ] updating countdown to 54967
[09:42:28.089] [SEVERE ] updating countdown to 53952
[09:42:29.104] [SEVERE ] updating countdown to 52937
[09:42:29.879] [SEVERE ] key 90 was pressed by player 1
[09:42:29.879] [SEVERE ] player 1 placing token on slot 8
[09:42:30.105] [SEVERE ] updating countdown to 51936
[09:42:31.117] [SEVERE ] updating countdown to 50924
[09:42:32.120] [SEVERE ] updating countdown to 49921
[09:42:33.132] [SEVERE ] updating countdown to 48909
[09:42:34.137] [SEVERE ] updating countdown to 47904
[09:42:35.141] [SEVERE ] updating countdown to 46900
[09:42:35.942] [SEVERE ] key 76 was pressed by player 2
[09:42:35.942] [SEVERE ] player 2 placing token on slot 6
[09:42:36.155] [SEVERE ] updating countdown to 45886
[09:42:36.958] [SEVERE ] key 59 was pressed by player 2
[09:42:36.958] [SEVERE ] player 2 placing token on slot 7
[09:42:37.164] [SEVERE ] updating countdown to 44877
[09:42:38.177] [SEVERE ] updating countdown to 43864
[09:42:39.190] [SEVERE ] updating countdown to 42851
[09:42:40.192] [SEVERE ] updating countdown to 41849
[09:42:41.205] [SEVERE ] updating countdown to 40836
[09:42:42.213] [SEVERE ] updating countdown to 39828
[09:42:43.225] [SEVERE ] updating countdown to 38816
[09:42:43.366] [SEVERE ] key 88 was pressed by player 1
[09:42:43.366] [SEVERE ] player 1 placing token on slot 9
[09:42:43.366] [SEVERE ] key 44 was pressed by player 2
[09:42:43.366] [SEVERE ] player 2 placing token on slot 9
[09:42:44.234] [SEVERE ] updating countdown to 37807
[09:42:44.234] [SEVERE ] removing player 1 token from slot 9
[09:42:44.234] [SEVERE ] removing player 2 token from slot 6
[09:42:44.234] [SEVERE ] removing card from slot 6
[09:42:44.234] [SEVERE ] removing player 2 token from slot 7
[09:42:44.343] [SEVERE ] removing card from slot 7
[09:42:44.343] [SEVERE ] removing player 2 token from slot 9
[09:42:44.450] [SEVERE ] removing card from slot 9
[09:42:44.450] [SEVERE ] setting player 1 score to 4
[09:42:44.450] [SEVERE ] setting player 1 freeze to 1000
[09:42:44.559] [SEVERE ] placing card 24 in slot 6
[09:42:44.670] [SEVERE ] placing card 71 in slot 7
[09:42:44.780] [SEVERE ] placing card 49 in slot 9
[09:42:45.465] [SEVERE ] setting player 1 freeze to 0
[09:42:45.789] [SEVERE ] updating countdown to 36252
[09:42:46.797] [SEVERE ] updating countdown to 35244
[09:42:47.809] [SEVERE ] updating countdown to 34232
[09:42:48.812] [SEVERE ] updating countdown to 33229
[09:42:49.820] [SEVERE ] updating countdown to 32221
[09:42:50.830] [SEVERE ] updating countdown to 31211
[09:42:51.839] [SEVERE ] updating countdown to 30202
[09:42:52.844] [SEVERE ] updating countdown to 29197
[09:42:53.855] [SEVERE ] updating countdown to 28186
[09:42:54.861] [SEVERE ] updating countdown to 27180
[09:42:55.875] [SEVERE ] updating countdown to 26166
[09:42:56.882] [SEVERE ] updating countdown to 25159
[09:42:57.894] [SEVERE ] updating countdown to 24147
[09:42:58.909] [SEVERE ] updating countdown to 23132
[09:42:59.914] [SEVERE ] updating countdown to 22127
[09:43:00.928] [SEVERE ] updating countdown to 21113
[09:43:01.937] [SEVERE ] updating countdown to 20104
[09:43:02.950] [SEVERE ] updating countdown to 19091
[09:43:03.962] [SEVERE ] updating countdown to 18079
[09:43:04.966] [SEVERE ] updating countdown to 17075
[09:43:05.977] [SEVERE ] updating countdown to 16064
[09:43:06.987] [SEVERE ] updating countdown to 15054
[09:43:07.278] [SEVERE ] key 88 was pressed by player 1
[09:43:07.278] [SEVERE ] player 1 placing token on slot 9
[09:43:07.995] [SEVERE ] updating countdown to 14046
[09:43:09.005] [SEVERE ] updating countdown to 13036
[09:43:10.014] [SEVERE ] updating countdown to 12027
[09:43:11.023] [SEVERE ] updating countdown to 11018
[09:43:11.143] [SEVERE ] key 67 was pressed by player 1
[09:43:11.143] [SEVERE ] player 1 placing token on slot 10
[09:43:11.374] [SEVERE ] key 88 was pressed by player 1
[09:43:11.374] [SEVERE ] removing player 1 token from slot 9
[09:43:11.806] [SEVERE ] key 67 was pressed by player 1
[09:43:11.807] [SEVERE ] removing player 1 token from slot 10
[09:43:12.033] [SEVERE ] updating countdown to 10008
[09:43:12.230] [SEVERE ] key 88 was pressed by player 1
[09:43:12.230] [SEVERE ] player 1 placing token on slot 9
[09:43:12.774] [SEVERE ] key 67 was pressed by player 1
[09:43:12.774] [SEVERE ] player 1 placing token on slot 10
[09:43:13.043] [SEVERE ] updating countdown to 8998
[09:43:13.175] [SEVERE ] key 86 was pressed by player 1
[09:43:13.175] [SEVERE ] player 1 placing token on slot 11
[09:43:13.175] [SEVERE ] setting player 1 freeze to 3000
[09:43:14.052] [SEVERE ] updating countdown to 7989
[09:43:14.177] [SEVERE ] setting player 1 freeze to 2000
[09:43:15.058] [SEVERE ] updating countdown to 6983
[09:43:15.185] [SEVERE ] setting player 1 freeze to 1000
[09:43:16.069] [SEVERE ] updating countdown to 5972
[09:43:16.194] [SEVERE ] setting player 1 freeze to 0
[09:43:22.112] [SEVERE ] updating countdown to 60000
[09:43:22.220] [SEVERE ] removing card from slot 0
[09:43:22.220] [SEVERE ] removing player 1 token from slot 0
[09:43:22.220] [SEVERE ] removing player 1 token from slot 8
[09:43:22.220] [SEVERE ] removing player 1 token from slot 9
[09:43:22.220] [SEVERE ] removing player 1 token from slot 10
[09:43:22.220] [SEVERE ] removing player 1 token from slot 11
[09:43:22.328] [SEVERE ] removing card from slot 1
[09:43:22.438] [SEVERE ] removing card from slot 2
[09:43:22.548] [SEVERE ] removing card from slot 3
[09:43:22.656] [SEVERE ] removing card from slot 4
[09:43:22.767] [SEVERE ] removing card from slot 5
[09:43:22.876] [SEVERE ] removing card from slot 6
[09:43:22.985] [SEVERE ] removing card from slot 7
[09:43:23.095] [SEVERE ] removing card from slot 8
[09:43:23.203] [SEVERE ] removing card from slot 9
[09:43:23.312] [SEVERE ] removing card from slot 10
[09:43:23.421] [SEVERE ] removing card from slot 11
[09:43:23.530] [SEVERE ] placing card 62 in slot 0
[09:43:23.640] [SEVERE ] placing card 55 in slot 1
[09:43:23.748] [SEVERE ] placing card 13 in slot 2
[09:43:23.858] [SEVERE ] placing card 19 in slot 3
[09:43:23.968] [SEVERE ] placing card 26 in slot 4
[09:43:24.076] [SEVERE ] placing card 14 in slot 5
[09:43:24.186] [SEVERE ] placing card 37 in slot 6
[09:43:24.295] [SEVERE ] placing card 30 in slot 7
[09:43:24.404] [SEVERE ] placing card 75 in slot 8
[09:43:24.515] [SEVERE ] placing card 10 in slot 9
[09:43:24.624] [SEVERE ] placing card 2 in slot 10
[09:43:24.734] [SEVERE ] placing card 5 in slot 11
[09:43:25.748] [SEVERE ] updating countdown to 58987
[09:43:26.758] [SEVERE ] updating countdown to 57977
[09:43:27.772] [SEVERE ] updating countdown to 56963
[09:43:28.785] [SEVERE ] updating countdown to 55950
