[09:47:30.037] [INFO   ] thread main starting.
[09:47:30.046] [SEVERE ] cannot read configuration file config.properties trying from resources.
[09:47:30.049] [SEVERE ] configuration file was loaded from resources directory.
[09:47:30.716] [INFO   ] thread dealer starting.
[09:47:30.721] [INFO   ] thread dealer starting.
[09:47:30.724] [INFO   ] thread player 0 starting.
[09:47:30.726] [INFO   ] thread player 1 starting.
[09:47:30.836] [SEVERE ] placing card 31 in slot 0
[09:47:30.942] [SEVERE ] placing card 41 in slot 1
[09:47:31.052] [SEVERE ] placing card 20 in slot 2
[09:47:31.159] [SEVERE ] placing card 70 in slot 3
[09:47:31.267] [SEVERE ] placing card 48 in slot 4
[09:47:31.374] [SEVERE ] placing card 72 in slot 5
[09:47:31.480] [SEVERE ] placing card 3 in slot 6
[09:47:31.587] [SEVERE ] placing card 67 in slot 7
[09:47:31.695] [SEVERE ] placing card 54 in slot 8
[09:47:31.805] [SEVERE ] placing card 76 in slot 9
[09:47:31.912] [SEVERE ] placing card 11 in slot 10
[09:47:32.022] [SEVERE ] placing card 9 in slot 11
[09:47:33.043] [SEVERE ] updating countdown to 58987
[09:47:34.053] [SEVERE ] updating countdown to 57977
[09:47:35.063] [SEVERE ] updating countdown to 56967
[09:47:35.126] [SEVERE ] key 85 was pressed by player 2
[09:47:35.127] [SEVERE ] player 2 placing token on slot 0
[09:47:36.076] [SEVERE ] updating countdown to 55954
[09:47:36.564] [SEVERE ] key 73 was pressed by player 2
[09:47:36.565] [SEVERE ] player 2 placing token on slot 1
[09:47:37.086] [SEVERE ] updating countdown to 54944
[09:47:38.097] [SEVERE ] updating countdown to 53933
[09:47:39.109] [SEVERE ] updating countdown to 52921
[09:47:40.116] [SEVERE ] updating countdown to 51914
[09:47:41.122] [SEVERE ] updating countdown to 50908
[09:47:42.126] [SEVERE ] updating countdown to 49904
[09:47:43.137] [SEVERE ] updating countdown to 48893
[09:47:44.145] [SEVERE ] updating countdown to 47885
[09:47:45.152] [SEVERE ] updating countdown to 46878
[09:47:46.159] [SEVERE ] updating countdown to 45871
[09:47:47.169] [SEVERE ] updating countdown to 44861
[09:47:48.101] [SEVERE ] key 87 was pressed by player 1
[09:47:48.102] [SEVERE ] player 1 placing token on slot 1
[09:47:48.179] [SEVERE ] updating countdown to 43851
[09:47:49.186] [SEVERE ] updating countdown to 42844
[09:47:49.780] [SEVERE ] key 82 was pressed by player 1
[09:47:49.780] [SEVERE ] player 1 placing token on slot 3
[09:47:50.193] [SEVERE ] updating countdown to 41837
[09:47:51.208] [SEVERE ] updating countdown to 40822
[09:47:52.068] [SEVERE ] key 86 was pressed by player 1
[09:47:52.068] [SEVERE ] player 1 placing token on slot 11
[09:47:52.068] [SEVERE ] key 74 was pressed by player 2
[09:47:52.068] [SEVERE ] player 2 placing token on slot 4
[09:48:10.456] [SEVERE ] updating countdown to 21574
[09:48:11.651] [SEVERE ] updating countdown to 20379
[09:48:12.985] [SEVERE ] updating countdown to 19045
[09:48:14.876] [SEVERE ] updating countdown to 17154
[09:48:23.976] [SEVERE ] removing player 1 token from slot 1
[09:48:23.977] [SEVERE ] removing card from slot 1
[09:48:23.977] [SEVERE ] removing player 1 token from slot 3
[09:48:24.086] [SEVERE ] removing card from slot 3
[09:48:24.086] [SEVERE ] removing player 1 token from slot 11
[09:48:24.196] [SEVERE ] removing card from slot 11
[09:48:24.197] [SEVERE ] removing player 2 token from slot 1
[09:48:25.379] [SEVERE ] placing card 64 in slot 1
[09:48:48.908] [SEVERE ] setting player 1 score to 1
[09:48:48.911] [SEVERE ] setting player 1 freeze to 1000
[09:48:49.010] [SEVERE ] placing card 69 in slot 3
[09:48:49.120] [SEVERE ] placing card 39 in slot 11
[09:48:49.120] [SEVERE ] updating countdown to 60000
[09:48:49.230] [SEVERE ] removing card from slot 0
[09:48:49.230] [SEVERE ] removing player 2 token from slot 0
[09:48:49.230] [SEVERE ] removing player 2 token from slot 4
[09:48:49.338] [SEVERE ] removing card from slot 1
[09:48:49.446] [SEVERE ] removing card from slot 2
[09:48:49.554] [SEVERE ] removing card from slot 3
[09:48:49.663] [SEVERE ] removing card from slot 4
[09:48:49.770] [SEVERE ] removing card from slot 5
[09:48:49.878] [SEVERE ] removing card from slot 6
[09:48:49.925] [SEVERE ] setting player 1 freeze to 0
[09:49:28.470] [SEVERE ] removing card from slot 7
[09:49:30.129] [SEVERE ] removing card from slot 8
[09:49:33.250] [SEVERE ] removing card from slot 9
[09:49:33.359] [SEVERE ] removing card from slot 10
[09:49:33.467] [SEVERE ] removing card from slot 11
[09:49:33.576] [SEVERE ] placing card 30 in slot 0
[09:49:33.684] [SEVERE ] placing card 32 in slot 1
[09:49:33.792] [SEVERE ] placing card 75 in slot 2
[09:49:33.901] [SEVERE ] placing card 55 in slot 3
[09:49:34.010] [SEVERE ] placing card 31 in slot 4
[09:49:34.120] [SEVERE ] placing card 40 in slot 5
[09:49:34.229] [SEVERE ] placing card 20 in slot 6
[09:49:34.337] [SEVERE ] placing card 76 in slot 7
[09:49:34.446] [SEVERE ] placing card 37 in slot 8
[09:49:34.556] [SEVERE ] placing card 45 in slot 9
[09:49:34.666] [SEVERE ] placing card 68 in slot 10
[09:49:34.775] [SEVERE ] placing card 42 in slot 11
[09:49:35.789] [SEVERE ] updating countdown to 58991
[09:49:36.799] [SEVERE ] updating countdown to 57981
[09:49:37.807] [SEVERE ] updating countdown to 56973
[09:49:38.818] [SEVERE ] updating countdown to 55962
[09:49:39.829] [SEVERE ] updating countdown to 54951
