[11:46:10.601] [INFO   ] thread main starting.
[11:46:10.611] [SEVERE ] cannot read configuration file config.properties trying from resources.
[11:46:10.614] [SEVERE ] configuration file was loaded from resources directory.
[11:46:10.893] [INFO   ] thread dealer starting.
[11:46:10.893] [INFO   ] thread dealer starting.
[11:46:10.894] [INFO   ] thread player 0 starting.
[11:46:10.894] [INFO   ] thread player 1 starting.
[11:46:11.001] [SEVERE ] placing card 5 in slot 0
[11:46:11.110] [SEVERE ] placing card 0 in slot 1
[11:46:11.219] [SEVERE ] placing card 1 in slot 2
[11:46:11.330] [SEVERE ] placing card 4 in slot 3
[11:46:11.437] [SEVERE ] placing card 7 in slot 4
[11:46:11.543] [SEVERE ] placing card 6 in slot 5
[11:46:11.652] [SEVERE ] placing card 8 in slot 6
[11:46:11.760] [SEVERE ] placing card 2 in slot 7
[11:46:11.869] [SEVERE ] placing card 3 in slot 8
[11:46:12.877] [SEVERE ] updating countdown to 58997
[11:46:13.887] [SEVERE ] updating countdown to 57987
[11:46:14.892] [SEVERE ] updating countdown to 56982
[11:46:15.897] [SEVERE ] updating countdown to 55977
[11:46:16.911] [SEVERE ] updating countdown to 54963
[11:46:17.041] [SEVERE ] key 73 was pressed by player 2
[11:46:17.041] [SEVERE ] player 2 placing token on slot 1
[11:46:17.536] [SEVERE ] key 79 was pressed by player 2
[11:46:17.537] [SEVERE ] player 2 placing token on slot 2
[11:46:17.919] [SEVERE ] updating countdown to 53955
[11:46:18.696] [SEVERE ] key 73 was pressed by player 2
[11:46:18.696] [SEVERE ] removing player 2 token from slot 1
[11:46:18.926] [SEVERE ] updating countdown to 52948
[11:46:18.967] [SEVERE ] key 79 was pressed by player 2
[11:46:18.968] [SEVERE ] removing player 2 token from slot 2
[11:46:19.320] [SEVERE ] key 79 was pressed by player 2
[11:46:19.320] [SEVERE ] player 2 placing token on slot 2
[11:46:19.640] [SEVERE ] key 80 was pressed by player 2
[11:46:19.640] [SEVERE ] player 2 placing token on slot 3
[11:46:19.930] [SEVERE ] updating countdown to 51944
[11:46:20.304] [SEVERE ] key 74 was pressed by player 2
[11:46:20.304] [SEVERE ] player 2 placing token on slot 4
[11:46:20.938] [SEVERE ] updating countdown to 50936
[11:46:20.939] [SEVERE ] removing player 2 token from slot 2
[11:46:21.046] [SEVERE ] removing card from slot 2
[11:46:21.046] [SEVERE ] removing player 2 token from slot 3
[11:46:21.154] [SEVERE ] removing card from slot 3
[11:46:21.154] [SEVERE ] removing player 2 token from slot 4
[11:46:21.264] [SEVERE ] removing card from slot 4
[11:46:21.264] [SEVERE ] updating countdown to 60000
[11:46:21.264] [SEVERE ] setting player 2 score to 1
[11:46:21.264] [SEVERE ] setting player 2 freeze to 1000
[11:46:22.273] [SEVERE ] setting player 2 freeze to 0
[11:46:23.277] [SEVERE ] updating countdown to 48597
[11:46:24.088] [SEVERE ] key 79 was pressed by player 2
[11:46:24.088] [SEVERE ] player 2 placing token on slot 2
[11:46:24.282] [SEVERE ] updating countdown to 47592
[11:46:24.536] [SEVERE ] key 80 was pressed by player 2
[11:46:24.536] [SEVERE ] player 2 placing token on slot 3
[11:46:24.943] [SEVERE ] key 74 was pressed by player 2
[11:46:24.943] [SEVERE ] player 2 placing token on slot 4
[11:46:25.286] [SEVERE ] updating countdown to 46588
[11:46:26.289] [SEVERE ] updating countdown to 45585
[11:46:27.298] [SEVERE ] updating countdown to 44576
[11:46:28.305] [SEVERE ] updating countdown to 43569
[11:46:29.314] [SEVERE ] updating countdown to 42560
[11:46:30.328] [SEVERE ] updating countdown to 41546
[11:46:31.339] [SEVERE ] updating countdown to 40535
[11:46:32.342] [SEVERE ] updating countdown to 39532
[11:46:33.356] [SEVERE ] updating countdown to 38518
[11:46:34.431] [SEVERE ] updating countdown to 37443
[11:46:35.434] [SEVERE ] updating countdown to 36440
[11:46:36.442] [SEVERE ] updating countdown to 35432
[11:46:37.456] [SEVERE ] updating countdown to 34418
[11:46:38.458] [SEVERE ] updating countdown to 33416
[11:46:39.466] [SEVERE ] updating countdown to 32408
[11:46:40.477] [SEVERE ] updating countdown to 31397
