[12:56:27.450] [INFO   ] thread main starting.
[12:56:27.457] [SEVERE ] cannot read configuration file config.properties trying from resources.
[12:56:27.459] [SEVERE ] configuration file was loaded from resources directory.
[12:56:27.768] [INFO   ] thread dealer starting.
[12:56:27.769] [INFO   ] thread dealer starting.
[12:56:27.769] [INFO   ] thread player 0 starting.
[12:56:27.769] [INFO   ] thread player 1 starting.
[12:56:27.887] [SEVERE ] placing card 7 in slot 0
[12:56:27.992] [SEVERE ] placing card 5 in slot 1
[12:56:28.101] [SEVERE ] placing card 0 in slot 2
[12:56:28.210] [SEVERE ] placing card 1 in slot 3
[12:56:28.318] [SEVERE ] placing card 4 in slot 4
[12:56:28.428] [SEVERE ] placing card 8 in slot 5
[12:56:28.535] [SEVERE ] placing card 2 in slot 6
[12:56:28.644] [SEVERE ] placing card 3 in slot 7
[12:56:28.751] [SEVERE ] placing card 6 in slot 8
[12:56:29.757] [SEVERE ] updating countdown to 58994
[12:56:30.771] [SEVERE ] updating countdown to 57980
[12:56:31.782] [SEVERE ] updating countdown to 56969
[12:56:32.792] [SEVERE ] updating countdown to 55959
[12:56:33.801] [SEVERE ] updating countdown to 54950
[12:56:34.806] [SEVERE ] updating countdown to 53945
[12:56:35.814] [SEVERE ] updating countdown to 52937
[12:56:36.816] [SEVERE ] updating countdown to 51935
[12:56:37.412] [SEVERE ] key 85 was pressed by player 2
[12:56:37.412] [SEVERE ] player 2 placing token on slot 0
[12:56:37.825] [SEVERE ] updating countdown to 50926
[12:56:37.834] [SEVERE ] key 73 was pressed by player 2
[12:56:37.834] [SEVERE ] player 2 placing token on slot 1
[12:56:38.107] [SEVERE ] key 79 was pressed by player 2
[12:56:38.107] [SEVERE ] player 2 placing token on slot 2
[12:56:38.828] [SEVERE ] updating countdown to 49923
[12:56:38.828] [SEVERE ] removing player 2 token from slot 0
[12:56:38.934] [SEVERE ] removing card from slot 0
[12:56:38.935] [SEVERE ] removing player 2 token from slot 1
[12:56:39.043] [SEVERE ] removing card from slot 1
[12:56:39.043] [SEVERE ] removing player 2 token from slot 2
[12:56:39.152] [SEVERE ] removing card from slot 2
[12:56:39.153] [SEVERE ] updating countdown to 60000
[12:56:39.153] [SEVERE ] setting player 2 score to 1
[12:56:39.153] [SEVERE ] setting player 2 freeze to 1000
[12:56:40.155] [SEVERE ] setting player 2 freeze to 0
[12:56:40.394] [SEVERE ] key 80 was pressed by player 2
[12:56:40.395] [SEVERE ] player 2 placing token on slot 3
[12:56:41.050] [SEVERE ] key 59 was pressed by player 2
[12:56:41.051] [SEVERE ] player 2 placing token on slot 7
[12:56:41.161] [SEVERE ] updating countdown to 47590
[12:56:42.169] [SEVERE ] updating countdown to 46582
[12:56:43.154] [SEVERE ] key 74 was pressed by player 2
[12:56:43.155] [SEVERE ] player 2 placing token on slot 4
[12:56:43.155] [SEVERE ] setting player 2 freeze to 3000
[12:56:43.180] [SEVERE ] updating countdown to 45571
[12:56:44.170] [SEVERE ] setting player 2 freeze to 2000
[12:56:44.185] [SEVERE ] updating countdown to 44566
[12:56:45.184] [SEVERE ] setting player 2 freeze to 1000
[12:56:45.200] [SEVERE ] updating countdown to 43551
[12:56:46.197] [SEVERE ] setting player 2 freeze to 0
[12:56:46.213] [SEVERE ] updating countdown to 42538
[12:56:47.222] [SEVERE ] updating countdown to 41529
[12:56:48.223] [SEVERE ] updating countdown to 40528
[12:56:49.234] [SEVERE ] updating countdown to 39517
[12:56:49.594] [SEVERE ] key 74 was pressed by player 2
[12:56:49.594] [SEVERE ] removing player 2 token from slot 4
[12:56:50.042] [SEVERE ] key 75 was pressed by player 2
[12:56:50.043] [SEVERE ] player 2 placing token on slot 5
[12:56:50.244] [SEVERE ] updating countdown to 38507
[12:56:50.244] [SEVERE ] removing player 2 token from slot 3
[12:56:50.353] [SEVERE ] removing card from slot 3
[12:56:50.353] [SEVERE ] removing player 2 token from slot 7
[12:56:50.461] [SEVERE ] removing card from slot 7
[12:56:50.461] [SEVERE ] removing player 2 token from slot 5
[12:56:50.568] [SEVERE ] removing card from slot 5
[12:56:50.568] [SEVERE ] updating countdown to 60000
[12:56:50.568] [SEVERE ] setting player 2 score to 2
[12:56:50.568] [SEVERE ] setting player 2 freeze to 1000
[12:56:51.546] [SEVERE ] key 76 was pressed by player 2
[12:56:51.570] [SEVERE ] setting player 2 freeze to 0
[12:56:52.577] [SEVERE ] updating countdown to 36174
[12:56:53.570] [SEVERE ] key 76 was pressed by player 2
[12:56:53.570] [SEVERE ] player 2 placing token on slot 6
[12:56:53.585] [SEVERE ] updating countdown to 35166
[12:56:54.090] [SEVERE ] key 74 was pressed by player 2
[12:56:54.090] [SEVERE ] player 2 placing token on slot 4
[12:56:54.590] [SEVERE ] updating countdown to 34161
[12:56:54.602] [SEVERE ] key 77 was pressed by player 2
[12:56:54.603] [SEVERE ] player 2 placing token on slot 8
[12:56:55.592] [SEVERE ] updating countdown to 33159
[12:56:55.592] [SEVERE ] removing player 2 token from slot 6
[12:56:55.701] [SEVERE ] removing card from slot 6
[12:56:55.701] [SEVERE ] removing player 2 token from slot 4
[12:56:55.811] [SEVERE ] removing card from slot 4
[12:56:55.811] [SEVERE ] removing player 2 token from slot 8
[12:56:55.921] [SEVERE ] removing card from slot 8
[12:56:55.921] [SEVERE ] updating countdown to 60000
[12:56:55.921] [SEVERE ] setting player 2 score to 3
[12:56:55.921] [SEVERE ] setting player 2 freeze to 1000
[12:56:56.922] [SEVERE ] setting player 2 freeze to 0
[12:56:57.926] [SEVERE ] updating countdown to 30825
[12:56:58.940] [SEVERE ] updating countdown to 29811
[12:56:59.954] [SEVERE ] updating countdown to 28797
[12:57:00.967] [SEVERE ] updating countdown to 27784
[12:57:01.973] [SEVERE ] updating countdown to 26778
[12:57:02.985] [SEVERE ] updating countdown to 25766
[12:57:03.993] [SEVERE ] updating countdown to 24758
[12:57:05.002] [SEVERE ] updating countdown to 23749
[12:57:06.015] [SEVERE ] updating countdown to 22736
[12:57:07.028] [SEVERE ] updating countdown to 21723
[12:57:08.038] [SEVERE ] updating countdown to 20713
[12:57:09.045] [SEVERE ] updating countdown to 19706
[12:57:10.047] [SEVERE ] updating countdown to 18704
[12:57:11.056] [SEVERE ] updating countdown to 17695
[12:57:12.069] [SEVERE ] updating countdown to 16682
[12:57:13.078] [SEVERE ] updating countdown to 15673
[12:57:14.086] [SEVERE ] updating countdown to 14665
[12:57:15.094] [SEVERE ] updating countdown to 13657
[12:57:16.109] [SEVERE ] updating countdown to 12642
[12:57:17.121] [SEVERE ] updating countdown to 11630
[12:57:18.135] [SEVERE ] updating countdown to 10616
[12:57:19.150] [SEVERE ] updating countdown to 9601
[12:57:20.163] [SEVERE ] updating countdown to 8588
[12:57:21.175] [SEVERE ] updating countdown to 7576
[12:57:22.186] [SEVERE ] updating countdown to 6565
[12:57:23.198] [SEVERE ] updating countdown to 5553
[12:57:29.259] [SEVERE ] updating countdown to 60000
[12:57:30.579] [SEVERE ] announcing winner(s): player 2
[12:57:30.582] [INFO   ] thread dealer terminated.
[12:57:30.582] [INFO   ] thread dealer terminated.
[12:57:35.587] [SEVERE ] thanks for playing... it was fun!
[12:57:35.587] [INFO   ] thread main terminated.
[12:57:35.587] [SEVERE ] disposing of user interface elements
