[12:44:01.395] [INFO   ] thread main starting.
[12:44:01.404] [SEVERE ] cannot read configuration file config.properties trying from resources.
[12:44:01.407] [SEVERE ] configuration file was loaded from resources directory.
[12:44:01.746] [INFO   ] thread dealer starting.
[12:44:01.746] [INFO   ] thread dealer starting.
[12:44:01.747] [INFO   ] thread player 0 starting.
[12:44:01.748] [INFO   ] thread player 1 starting.
[12:44:01.866] [SEVERE ] placing card 3 in slot 0
[12:44:01.975] [SEVERE ] placing card 2 in slot 1
[12:44:02.085] [SEVERE ] placing card 7 in slot 2
[12:44:02.194] [SEVERE ] placing card 5 in slot 3
[12:44:02.303] [SEVERE ] placing card 8 in slot 4
[12:44:02.414] [SEVERE ] placing card 1 in slot 5
[12:44:02.523] [SEVERE ] placing card 4 in slot 6
[12:44:02.630] [SEVERE ] placing card 6 in slot 7
[12:44:02.738] [SEVERE ] placing card 0 in slot 8
[12:44:03.754] [SEVERE ] updating countdown to 58990
[12:44:04.759] [SEVERE ] updating countdown to 57985
[12:44:05.774] [SEVERE ] updating countdown to 56970
[12:44:06.775] [SEVERE ] updating countdown to 55969
[12:44:07.207] [SEVERE ] key 74 was pressed by player 2
[12:44:07.208] [SEVERE ] player 2 placing token on slot 4
[12:44:07.782] [SEVERE ] updating countdown to 54962
[12:44:07.789] [SEVERE ] key 76 was pressed by player 2
[12:44:07.791] [SEVERE ] player 2 placing token on slot 6
[12:44:08.350] [SEVERE ] key 77 was pressed by player 2
[12:44:08.351] [SEVERE ] player 2 placing token on slot 8
[12:44:08.794] [SEVERE ] updating countdown to 53950
[12:44:08.795] [SEVERE ] removing player 2 token from slot 4
[12:44:08.902] [SEVERE ] removing card from slot 4
[12:44:08.902] [SEVERE ] removing player 2 token from slot 6
[12:44:09.011] [SEVERE ] removing card from slot 6
[12:44:09.011] [SEVERE ] removing player 2 token from slot 8
[12:44:09.120] [SEVERE ] removing card from slot 8
[12:44:09.120] [SEVERE ] updating countdown to 60000
[12:44:09.120] [SEVERE ] setting player 2 score to 1
[12:44:09.121] [SEVERE ] setting player 2 freeze to 1000
[12:44:10.132] [SEVERE ] setting player 2 freeze to 0
[12:44:11.139] [SEVERE ] updating countdown to 51605
[12:44:12.148] [SEVERE ] updating countdown to 50596
[12:44:13.153] [SEVERE ] updating countdown to 49591
[12:44:14.165] [SEVERE ] updating countdown to 48579
[12:44:15.170] [SEVERE ] updating countdown to 47574
[12:44:16.176] [SEVERE ] updating countdown to 46568
[12:44:17.189] [SEVERE ] updating countdown to 45555
[12:44:18.199] [SEVERE ] updating countdown to 44545
[12:44:19.204] [SEVERE ] updating countdown to 43540
[12:44:20.214] [SEVERE ] updating countdown to 42530
[12:44:21.219] [SEVERE ] updating countdown to 41525
[12:44:22.232] [SEVERE ] updating countdown to 40512
[12:44:23.243] [SEVERE ] updating countdown to 39501
[12:44:24.251] [SEVERE ] updating countdown to 38493
[12:44:24.719] [SEVERE ] key 85 was pressed by player 2
[12:44:24.719] [SEVERE ] player 2 placing token on slot 0
[12:44:24.966] [SEVERE ] key 73 was pressed by player 2
[12:44:24.967] [SEVERE ] player 2 placing token on slot 1
[12:44:25.238] [SEVERE ] key 79 was pressed by player 2
[12:44:25.239] [SEVERE ] player 2 placing token on slot 2
[12:44:25.255] [SEVERE ] updating countdown to 37489
[12:44:25.255] [SEVERE ] removing player 2 token from slot 0
[12:44:25.364] [SEVERE ] removing card from slot 0
[12:44:25.364] [SEVERE ] removing player 2 token from slot 1
[12:44:25.472] [SEVERE ] removing card from slot 1
[12:44:25.472] [SEVERE ] removing player 2 token from slot 2
[12:44:25.580] [SEVERE ] removing card from slot 2
[12:44:25.580] [SEVERE ] updating countdown to 60000
[12:44:25.580] [SEVERE ] setting player 2 score to 2
[12:44:25.581] [SEVERE ] setting player 2 freeze to 1000
[12:44:26.486] [SEVERE ] key 80 was pressed by player 2
[12:44:26.583] [SEVERE ] setting player 2 freeze to 0
[12:44:27.593] [SEVERE ] updating countdown to 35151
[12:44:27.934] [SEVERE ] key 80 was pressed by player 2
[12:44:27.934] [SEVERE ] player 2 placing token on slot 3
[12:44:28.606] [SEVERE ] updating countdown to 34138
[12:44:29.030] [SEVERE ] key 75 was pressed by player 2
[12:44:29.030] [SEVERE ] player 2 placing token on slot 5
[12:44:29.607] [SEVERE ] updating countdown to 33137
[12:44:29.686] [SEVERE ] key 59 was pressed by player 2
[12:44:29.686] [SEVERE ] player 2 placing token on slot 7
[12:44:30.621] [SEVERE ] updating countdown to 32123
[12:44:30.621] [SEVERE ] removing player 2 token from slot 3
[12:44:30.730] [SEVERE ] removing card from slot 3
[12:44:30.730] [SEVERE ] removing player 2 token from slot 5
[12:44:30.839] [SEVERE ] removing card from slot 5
[12:44:30.839] [SEVERE ] removing player 2 token from slot 7
[12:44:30.948] [SEVERE ] removing card from slot 7
[12:44:30.948] [SEVERE ] updating countdown to 60000
[12:44:30.948] [SEVERE ] setting player 2 score to 3
[12:44:30.949] [SEVERE ] setting player 2 freeze to 1000
[12:44:31.950] [SEVERE ] setting player 2 freeze to 0
[12:44:32.961] [SEVERE ] updating countdown to 29783
[12:44:33.974] [SEVERE ] updating countdown to 28770
[12:44:34.981] [SEVERE ] updating countdown to 27763
[12:44:35.984] [SEVERE ] updating countdown to 26760
[12:44:36.991] [SEVERE ] updating countdown to 25753
[12:44:38.005] [SEVERE ] updating countdown to 24739
[12:44:39.020] [SEVERE ] updating countdown to 23724
[12:44:40.030] [SEVERE ] updating countdown to 22714
[12:44:41.035] [SEVERE ] updating countdown to 21709
[12:44:42.044] [SEVERE ] updating countdown to 20700
[12:44:43.053] [SEVERE ] updating countdown to 19691
[12:44:44.065] [SEVERE ] updating countdown to 18679
[12:44:45.079] [SEVERE ] updating countdown to 17665
[12:44:46.086] [SEVERE ] updating countdown to 16658
[12:44:47.096] [SEVERE ] updating countdown to 15648
[12:44:48.106] [SEVERE ] updating countdown to 14638
[12:44:49.116] [SEVERE ] updating countdown to 13628
[12:44:50.126] [SEVERE ] updating countdown to 12618
[12:44:51.134] [SEVERE ] updating countdown to 11610
[12:44:52.148] [SEVERE ] updating countdown to 10596
[12:44:53.158] [SEVERE ] updating countdown to 9586
[12:44:54.168] [SEVERE ] updating countdown to 8576
[12:44:55.180] [SEVERE ] updating countdown to 7564
[12:44:56.187] [SEVERE ] updating countdown to 6557
[12:44:57.195] [SEVERE ] updating countdown to 5549
[12:45:03.253] [SEVERE ] updating countdown to 60000
[12:45:04.562] [INFO   ] thread dealer terminated.
[12:45:09.750] [SEVERE ] thanks for playing... it was fun!
[12:45:09.750] [INFO   ] thread main terminated.
[12:45:09.750] [SEVERE ] disposing of user interface elements
