[09:39:27.803] [INFO   ] thread main starting.
[09:39:27.812] [SEVERE ] cannot read configuration file config.properties trying from resources.
[09:39:27.815] [SEVERE ] configuration file was loaded from resources directory.
[09:39:28.535] [INFO   ] thread dealer starting.
[09:39:28.536] [INFO   ] thread dealer starting.
[09:39:28.538] [INFO   ] thread player 1 starting.
[09:39:28.540] [INFO   ] thread player 0 starting.
[09:39:28.656] [SEVERE ] placing card 27 in slot 0
[09:39:28.765] [SEVERE ] placing card 49 in slot 1
[09:39:28.875] [SEVERE ] placing card 73 in slot 2
[09:39:28.984] [SEVERE ] placing card 80 in slot 3
[09:39:29.092] [SEVERE ] placing card 79 in slot 4
[09:39:29.201] [SEVERE ] placing card 19 in slot 5
[09:39:29.310] [SEVERE ] placing card 20 in slot 6
[09:39:29.417] [SEVERE ] placing card 35 in slot 7
[09:39:29.525] [SEVERE ] placing card 58 in slot 8
[09:39:29.634] [SEVERE ] placing card 25 in slot 9
[09:39:29.742] [SEVERE ] placing card 42 in slot 10
[09:39:29.851] [SEVERE ] placing card 22 in slot 11
[09:39:30.870] [SEVERE ] updating countdown to 58989
[09:39:31.880] [SEVERE ] updating countdown to 57979
[09:39:32.887] [SEVERE ] updating countdown to 56972
[09:39:33.903] [SEVERE ] updating countdown to 55956
[09:39:34.905] [SEVERE ] updating countdown to 54954
[09:39:35.915] [SEVERE ] updating countdown to 53944
[09:39:36.921] [SEVERE ] updating countdown to 52938
