[11:55:10.961] [INFO   ] thread main starting.
[11:55:10.968] [SEVERE ] cannot read configuration file config.properties trying from resources.
[11:55:10.971] [SEVERE ] configuration file was loaded from resources directory.
[11:55:11.254] [INFO   ] thread dealer starting.
[11:55:11.255] [INFO   ] thread dealer starting.
[11:55:11.257] [INFO   ] thread player 0 starting.
[11:55:11.258] [INFO   ] thread player 1 starting.
[11:55:11.380] [SEVERE ] placing card 5 in slot 0
[11:55:11.488] [SEVERE ] placing card 0 in slot 1
[11:55:11.598] [SEVERE ] placing card 6 in slot 2
[11:55:11.705] [SEVERE ] placing card 3 in slot 3
[11:55:11.813] [SEVERE ] placing card 4 in slot 4
[11:55:11.921] [SEVERE ] placing card 1 in slot 5
[11:55:12.030] [SEVERE ] placing card 2 in slot 6
[11:55:12.137] [SEVERE ] placing card 7 in slot 7
[11:55:12.248] [SEVERE ] placing card 8 in slot 8
[11:55:13.263] [SEVERE ] updating countdown to 58990
[11:55:14.271] [SEVERE ] updating countdown to 57982
[11:55:15.273] [SEVERE ] updating countdown to 56980
[11:55:16.282] [SEVERE ] updating countdown to 55971
[11:55:16.663] [SEVERE ] key 73 was pressed by player 2
[11:55:16.663] [SEVERE ] player 2 placing token on slot 1
[11:55:17.289] [SEVERE ] updating countdown to 54964
[11:55:17.540] [SEVERE ] key 75 was pressed by player 2
[11:55:17.542] [SEVERE ] player 2 placing token on slot 5
[11:55:17.805] [SEVERE ] key 76 was pressed by player 2
[11:55:17.805] [SEVERE ] player 2 placing token on slot 6
[11:55:18.299] [SEVERE ] updating countdown to 53954
[11:55:18.300] [SEVERE ] removing player 2 token from slot 1
[11:55:18.406] [SEVERE ] removing card from slot 1
[11:55:18.406] [SEVERE ] removing player 2 token from slot 5
[11:55:18.517] [SEVERE ] removing card from slot 5
[11:55:18.517] [SEVERE ] removing player 2 token from slot 6
[11:55:18.626] [SEVERE ] removing card from slot 6
[11:55:18.626] [SEVERE ] updating countdown to 60000
[11:55:18.626] [SEVERE ] setting player 2 score to 1
[11:55:18.626] [SEVERE ] setting player 2 freeze to 1000
[11:55:19.627] [SEVERE ] setting player 2 freeze to 0
[11:55:20.636] [SEVERE ] updating countdown to 51617
[11:55:20.669] [SEVERE ] key 85 was pressed by player 2
[11:55:20.670] [SEVERE ] player 2 placing token on slot 0
[11:55:21.101] [SEVERE ] key 80 was pressed by player 2
[11:55:21.101] [SEVERE ] player 2 placing token on slot 3
[11:55:21.485] [SEVERE ] key 74 was pressed by player 2
[11:55:21.485] [SEVERE ] player 2 placing token on slot 4
[11:55:21.638] [SEVERE ] updating countdown to 50615
[11:55:21.639] [SEVERE ] removing player 2 token from slot 0
[11:55:21.747] [SEVERE ] removing card from slot 0
[11:55:21.747] [SEVERE ] removing player 2 token from slot 3
[11:55:21.856] [SEVERE ] removing card from slot 3
[11:55:21.856] [SEVERE ] removing player 2 token from slot 4
[11:55:21.966] [SEVERE ] removing card from slot 4
[11:55:21.966] [SEVERE ] updating countdown to 60000
[11:55:21.966] [SEVERE ] setting player 2 score to 2
[11:55:21.967] [SEVERE ] setting player 2 freeze to 1000
[11:55:22.968] [SEVERE ] setting player 2 freeze to 0
[11:55:23.780] [SEVERE ] key 79 was pressed by player 2
[11:55:23.781] [SEVERE ] player 2 placing token on slot 2
[11:55:23.981] [SEVERE ] updating countdown to 48272
[11:55:24.661] [SEVERE ] key 59 was pressed by player 2
[11:55:24.661] [SEVERE ] player 2 placing token on slot 7
[11:55:24.991] [SEVERE ] updating countdown to 47262
[11:55:25.573] [SEVERE ] key 77 was pressed by player 2
[11:55:25.574] [SEVERE ] player 2 placing token on slot 8
[11:55:26.006] [SEVERE ] updating countdown to 46247
[11:55:26.006] [SEVERE ] removing player 2 token from slot 2
[11:55:26.115] [SEVERE ] removing card from slot 2
[11:55:26.115] [SEVERE ] removing player 2 token from slot 7
[11:55:26.224] [SEVERE ] removing card from slot 7
[11:55:26.224] [SEVERE ] removing player 2 token from slot 8
[11:55:26.329] [SEVERE ] removing card from slot 8
[11:55:26.329] [SEVERE ] updating countdown to 60000
[11:55:26.329] [SEVERE ] setting player 2 score to 3
[11:55:26.329] [SEVERE ] setting player 2 freeze to 1000
[11:55:27.330] [SEVERE ] setting player 2 freeze to 0
[11:55:28.340] [SEVERE ] updating countdown to 43913
[11:55:29.346] [SEVERE ] updating countdown to 42907
[11:55:30.359] [SEVERE ] updating countdown to 41894
[11:55:31.369] [SEVERE ] updating countdown to 40884
[11:55:32.373] [SEVERE ] updating countdown to 39880
[11:55:33.386] [SEVERE ] updating countdown to 38867
[11:55:34.390] [SEVERE ] updating countdown to 37863
[11:55:35.403] [SEVERE ] updating countdown to 36850
[11:55:36.405] [SEVERE ] updating countdown to 35848
[11:55:37.411] [SEVERE ] updating countdown to 34842
[11:55:38.417] [SEVERE ] updating countdown to 33836
[11:55:39.424] [SEVERE ] updating countdown to 32829
[11:55:40.435] [SEVERE ] updating countdown to 31818
[11:55:41.437] [SEVERE ] updating countdown to 30816
[11:55:42.450] [SEVERE ] updating countdown to 29803
[11:55:43.465] [SEVERE ] updating countdown to 28788
[11:55:44.475] [SEVERE ] updating countdown to 27778
[11:55:45.488] [SEVERE ] updating countdown to 26765
[11:55:46.489] [SEVERE ] updating countdown to 25764
[11:55:47.503] [SEVERE ] updating countdown to 24750
[11:55:48.511] [SEVERE ] updating countdown to 23742
[11:55:49.513] [SEVERE ] updating countdown to 22740
[11:55:50.525] [SEVERE ] updating countdown to 21728
[11:55:51.538] [SEVERE ] updating countdown to 20715
[11:55:52.539] [SEVERE ] updating countdown to 19714
[11:55:53.550] [SEVERE ] updating countdown to 18703
[11:55:54.555] [SEVERE ] updating countdown to 17698
[11:55:55.566] [SEVERE ] updating countdown to 16687
[11:55:56.577] [SEVERE ] updating countdown to 15676
[11:55:57.584] [SEVERE ] updating countdown to 14669
[11:55:58.595] [SEVERE ] updating countdown to 13658
[11:55:59.598] [SEVERE ] updating countdown to 12655
[11:56:00.609] [SEVERE ] updating countdown to 11644
[11:56:01.624] [SEVERE ] updating countdown to 10629
[11:56:02.627] [SEVERE ] updating countdown to 9626
[11:56:03.641] [SEVERE ] updating countdown to 8612
[11:56:04.649] [SEVERE ] updating countdown to 7604
[11:56:05.659] [SEVERE ] updating countdown to 6594
[11:56:06.669] [SEVERE ] updating countdown to 5584
[11:56:12.729] [SEVERE ] updating countdown to 60000
[11:56:14.034] [INFO   ] thread dealer terminated.
[11:56:19.037] [SEVERE ] thanks for playing... it was fun!
[11:56:19.037] [INFO   ] thread main terminated.
[11:56:19.038] [SEVERE ] disposing of user interface elements
