[09:49:45.962] [INFO   ] thread main starting.
[09:49:45.970] [SEVERE ] cannot read configuration file config.properties trying from resources.
[09:49:45.973] [SEVERE ] configuration file was loaded from resources directory.
[09:49:46.603] [INFO   ] thread dealer starting.
[09:49:46.603] [INFO   ] thread dealer starting.
[09:49:46.605] [INFO   ] thread player 0 starting.
[09:49:46.605] [INFO   ] thread player 1 starting.
[09:49:46.710] [SEVERE ] placing card 35 in slot 0
[09:49:46.819] [SEVERE ] placing card 46 in slot 1
[09:49:46.927] [SEVERE ] placing card 59 in slot 2
[09:49:47.034] [SEVERE ] placing card 72 in slot 3
[09:49:47.141] [SEVERE ] placing card 79 in slot 4
[09:49:47.250] [SEVERE ] placing card 29 in slot 5
[09:49:47.358] [SEVERE ] placing card 40 in slot 6
[09:49:47.466] [SEVERE ] placing card 69 in slot 7
[09:49:47.574] [SEVERE ] placing card 15 in slot 8
[09:49:47.683] [SEVERE ] placing card 31 in slot 9
[09:49:47.794] [SEVERE ] placing card 67 in slot 10
[09:49:47.901] [SEVERE ] placing card 76 in slot 11
[09:49:48.918] [SEVERE ] updating countdown to 58989
[09:49:49.930] [SEVERE ] updating countdown to 57977
[09:49:50.942] [SEVERE ] updating countdown to 56965
[09:49:51.958] [SEVERE ] updating countdown to 55949
[09:49:52.062] [SEVERE ] key 85 was pressed by player 2
[09:49:52.063] [SEVERE ] player 2 placing token on slot 0
[09:49:52.970] [SEVERE ] updating countdown to 54937
[09:49:53.268] [SEVERE ] key 80 was pressed by player 2
[09:49:53.268] [SEVERE ] player 2 placing token on slot 3
[09:49:53.972] [SEVERE ] key 80 was pressed by player 2
[09:49:53.972] [SEVERE ] removing player 2 token from slot 3
[09:49:53.984] [SEVERE ] updating countdown to 53923
[09:49:54.580] [SEVERE ] key 74 was pressed by player 2
[09:49:54.581] [SEVERE ] player 2 placing token on slot 4
[09:49:54.998] [SEVERE ] updating countdown to 52909
[09:49:56.010] [SEVERE ] updating countdown to 51897
[09:49:57.022] [SEVERE ] updating countdown to 50885
[09:49:58.012] [SEVERE ] key 87 was pressed by player 1
[09:49:58.012] [SEVERE ] player 1 placing token on slot 1
[09:49:58.037] [SEVERE ] updating countdown to 49870
[09:49:59.038] [SEVERE ] updating countdown to 48869
[09:49:59.636] [SEVERE ] key 69 was pressed by player 1
[09:49:59.637] [SEVERE ] player 1 placing token on slot 2
[09:50:00.043] [SEVERE ] updating countdown to 47864
[09:50:01.048] [SEVERE ] updating countdown to 46859
[09:50:02.060] [SEVERE ] updating countdown to 45847
[09:50:03.075] [SEVERE ] updating countdown to 44832
[09:50:03.348] [SEVERE ] key 90 was pressed by player 1
[09:50:03.348] [SEVERE ] player 1 placing token on slot 8
[09:50:03.348] [SEVERE ] key 77 was pressed by player 2
[09:50:03.349] [SEVERE ] player 2 placing token on slot 8
[09:50:04.085] [SEVERE ] updating countdown to 43822
[09:50:04.086] [SEVERE ] removing player 1 token from slot 1
[09:50:04.086] [SEVERE ] removing card from slot 1
[09:50:04.086] [SEVERE ] removing player 1 token from slot 2
[09:50:04.193] [SEVERE ] removing card from slot 2
[09:50:04.193] [SEVERE ] removing player 1 token from slot 8
[09:50:04.299] [SEVERE ] removing card from slot 8
[09:50:04.299] [SEVERE ] removing player 2 token from slot 8
[09:50:04.299] [SEVERE ] setting player 1 score to 1
[09:50:04.300] [SEVERE ] setting player 1 freeze to 1000
[09:50:04.409] [SEVERE ] placing card 50 in slot 1
[09:50:04.517] [SEVERE ] placing card 23 in slot 2
[09:50:04.627] [SEVERE ] placing card 27 in slot 8
[09:50:05.315] [SEVERE ] setting player 1 freeze to 0
[09:50:05.630] [SEVERE ] updating countdown to 42277
[09:50:06.643] [SEVERE ] updating countdown to 41264
[09:50:07.656] [SEVERE ] updating countdown to 40251
[09:50:08.668] [SEVERE ] updating countdown to 39239
[09:50:09.672] [SEVERE ] updating countdown to 38235
[09:50:10.686] [SEVERE ] updating countdown to 37221
[09:50:11.697] [SEVERE ] updating countdown to 36210
[09:50:12.706] [SEVERE ] updating countdown to 35201
[09:50:12.907] [SEVERE ] key 46 was pressed by player 2
[09:50:12.907] [SEVERE ] player 2 placing token on slot 10
[09:50:12.908] [SEVERE ] setting player 2 freeze to 3000
[09:50:13.709] [SEVERE ] updating countdown to 34198
[09:50:13.911] [SEVERE ] setting player 2 freeze to 2000
[09:50:14.715] [SEVERE ] updating countdown to 33192
[09:50:14.916] [SEVERE ] setting player 2 freeze to 1000
[09:50:15.728] [SEVERE ] updating countdown to 32179
[09:50:15.927] [SEVERE ] setting player 2 freeze to 0
[09:50:16.742] [SEVERE ] updating countdown to 31165
[09:50:17.747] [SEVERE ] updating countdown to 30160
[09:50:18.753] [SEVERE ] updating countdown to 29154
[09:50:19.760] [SEVERE ] updating countdown to 28147
[09:50:19.812] [SEVERE ] key 77 was pressed by player 2
[09:50:20.775] [SEVERE ] updating countdown to 27132
[09:50:21.789] [SEVERE ] updating countdown to 26118
[09:50:22.801] [SEVERE ] updating countdown to 25106
[09:50:22.876] [SEVERE ] key 76 was pressed by player 2
[09:50:23.195] [SEVERE ] key 75 was pressed by player 2
[09:50:23.668] [SEVERE ] key 74 was pressed by player 2
[09:50:23.668] [SEVERE ] removing player 2 token from slot 4
[09:50:23.816] [SEVERE ] updating countdown to 24091
[09:50:24.292] [SEVERE ] key 77 was pressed by player 2
[09:50:24.292] [SEVERE ] player 2 placing token on slot 8
[09:50:24.292] [SEVERE ] setting player 2 freeze to 3000
[09:50:24.830] [SEVERE ] updating countdown to 23077
[09:50:25.220] [SEVERE ] key 77 was pressed by player 2
[09:50:25.297] [SEVERE ] setting player 2 freeze to 2000
[09:50:25.636] [SEVERE ] key 44 was pressed by player 2
[09:50:25.842] [SEVERE ] updating countdown to 22065
[09:50:26.310] [SEVERE ] setting player 2 freeze to 1000
[09:50:26.854] [SEVERE ] updating countdown to 21053
[09:50:27.317] [SEVERE ] setting player 2 freeze to 0
[09:50:27.862] [SEVERE ] updating countdown to 20045
[09:50:28.571] [SEVERE ] key 44 was pressed by player 2
[09:50:28.872] [SEVERE ] updating countdown to 19035
[09:50:29.100] [SEVERE ] key 77 was pressed by player 2
[09:50:29.100] [SEVERE ] removing player 2 token from slot 8
[09:50:29.885] [SEVERE ] updating countdown to 18022
[09:50:30.284] [SEVERE ] key 46 was pressed by player 2
[09:50:30.284] [SEVERE ] removing player 2 token from slot 10
[09:50:30.899] [SEVERE ] updating countdown to 17008
[09:50:31.905] [SEVERE ] updating countdown to 16002
[09:50:32.918] [SEVERE ] updating countdown to 14989
[09:50:33.204] [SEVERE ] key 85 was pressed by player 2
[09:50:33.204] [SEVERE ] removing player 2 token from slot 0
[09:50:33.927] [SEVERE ] updating countdown to 13980
[09:50:34.938] [SEVERE ] updating countdown to 12969
[09:50:35.940] [SEVERE ] updating countdown to 11967
[09:50:36.946] [SEVERE ] updating countdown to 10961
[09:50:37.959] [SEVERE ] updating countdown to 9948
[09:50:38.969] [SEVERE ] updating countdown to 8938
[09:50:39.980] [SEVERE ] updating countdown to 7927
[09:50:40.992] [SEVERE ] updating countdown to 6915
[09:50:42.000] [SEVERE ] updating countdown to 5907
[09:50:48.055] [SEVERE ] updating countdown to 60000
[09:50:48.166] [SEVERE ] removing card from slot 0
[09:50:48.273] [SEVERE ] removing card from slot 1
[09:50:48.380] [SEVERE ] removing card from slot 2
[09:50:48.490] [SEVERE ] removing card from slot 3
[09:50:48.600] [SEVERE ] removing card from slot 4
[09:50:48.709] [SEVERE ] removing card from slot 5
[09:50:48.820] [SEVERE ] removing card from slot 6
[09:50:48.929] [SEVERE ] removing card from slot 7
[09:50:49.037] [SEVERE ] removing card from slot 8
[09:50:49.146] [SEVERE ] removing card from slot 9
[09:50:49.255] [SEVERE ] removing card from slot 10
[09:50:49.363] [SEVERE ] removing card from slot 11
[09:50:49.471] [SEVERE ] placing card 53 in slot 0
[09:50:49.581] [SEVERE ] placing card 63 in slot 1
[09:50:49.691] [SEVERE ] placing card 4 in slot 2
[09:50:49.800] [SEVERE ] placing card 62 in slot 3
[09:50:49.908] [SEVERE ] placing card 25 in slot 4
[09:50:50.018] [SEVERE ] placing card 20 in slot 5
[09:50:50.128] [SEVERE ] placing card 58 in slot 6
[09:50:50.237] [SEVERE ] placing card 9 in slot 7
[09:50:50.345] [SEVERE ] placing card 3 in slot 8
[09:50:50.454] [SEVERE ] placing card 38 in slot 9
[09:50:50.564] [SEVERE ] placing card 60 in slot 10
[09:50:50.673] [SEVERE ] placing card 5 in slot 11
[09:50:51.686] [SEVERE ] updating countdown to 58988
[09:50:52.508] [SEVERE ] key 81 was pressed by player 1
[09:50:52.508] [SEVERE ] player 1 placing token on slot 0
[09:50:52.697] [SEVERE ] updating countdown to 57977
[09:50:53.300] [SEVERE ] key 87 was pressed by player 1
[09:50:53.300] [SEVERE ] player 1 placing token on slot 1
[09:50:53.704] [SEVERE ] updating countdown to 56970
[09:50:54.715] [SEVERE ] updating countdown to 55959
[09:50:55.722] [SEVERE ] updating countdown to 54952
[09:50:56.733] [SEVERE ] updating countdown to 53941
[09:50:57.739] [SEVERE ] updating countdown to 52935
[09:50:58.745] [SEVERE ] updating countdown to 51929
[09:50:59.323] [SEVERE ] key 74 was pressed by player 2
[09:50:59.323] [SEVERE ] player 2 placing token on slot 4
[09:50:59.752] [SEVERE ] updating countdown to 50922
[09:51:00.761] [SEVERE ] updating countdown to 49913
[09:51:01.772] [SEVERE ] updating countdown to 48902
[09:51:02.783] [SEVERE ] updating countdown to 47891
[09:51:02.844] [SEVERE ] key 59 was pressed by player 2
[09:51:02.844] [SEVERE ] player 2 placing token on slot 7
[09:51:03.789] [SEVERE ] updating countdown to 46885
[09:51:04.799] [SEVERE ] updating countdown to 45875
[09:51:05.811] [SEVERE ] updating countdown to 44863
[09:51:05.988] [SEVERE ] key 69 was pressed by player 1
[09:51:05.988] [SEVERE ] player 1 placing token on slot 2
[09:51:05.988] [SEVERE ] key 47 was pressed by player 2
[09:51:05.988] [SEVERE ] player 2 placing token on slot 11
[09:51:06.824] [SEVERE ] updating countdown to 43850
[09:51:06.824] [SEVERE ] removing player 2 token from slot 4
[09:51:06.824] [SEVERE ] removing card from slot 4
[09:51:06.824] [SEVERE ] removing player 2 token from slot 7
[09:51:06.932] [SEVERE ] removing card from slot 7
[09:51:06.932] [SEVERE ] removing player 2 token from slot 11
[09:51:07.043] [SEVERE ] removing card from slot 11
[09:51:07.043] [SEVERE ] setting player 1 score to 2
[09:51:07.043] [SEVERE ] setting player 1 freeze to 1000
[09:51:07.151] [SEVERE ] placing card 7 in slot 4
[09:51:07.261] [SEVERE ] placing card 8 in slot 7
[09:51:07.371] [SEVERE ] placing card 36 in slot 11
[09:51:08.055] [SEVERE ] setting player 1 freeze to 0
[09:51:08.384] [SEVERE ] updating countdown to 42290
[09:51:09.391] [SEVERE ] updating countdown to 41283
[09:51:10.392] [SEVERE ] updating countdown to 40282
[09:51:11.399] [SEVERE ] updating countdown to 39275
[09:51:12.411] [SEVERE ] updating countdown to 38263
[09:51:13.424] [SEVERE ] updating countdown to 37250
[09:51:14.430] [SEVERE ] updating countdown to 36244
[09:51:15.440] [SEVERE ] updating countdown to 35234
[09:51:16.450] [SEVERE ] updating countdown to 34224
[09:51:17.457] [SEVERE ] updating countdown to 33217
[09:51:18.471] [SEVERE ] updating countdown to 32203
[09:51:19.472] [SEVERE ] updating countdown to 31202
[09:51:20.482] [SEVERE ] updating countdown to 30192
[09:51:21.495] [SEVERE ] updating countdown to 29179
[09:51:22.505] [SEVERE ] updating countdown to 28169
[09:51:23.513] [SEVERE ] updating countdown to 27161
[09:51:24.523] [SEVERE ] updating countdown to 26151
[09:51:25.533] [SEVERE ] updating countdown to 25141
[09:51:26.548] [SEVERE ] updating countdown to 24126
[09:51:27.554] [SEVERE ] updating countdown to 23120
[09:51:28.560] [SEVERE ] updating countdown to 22114
[09:51:29.569] [SEVERE ] updating countdown to 21105
[09:51:30.581] [SEVERE ] updating countdown to 20093
[09:51:31.591] [SEVERE ] updating countdown to 19083
[09:51:32.603] [SEVERE ] updating countdown to 18071
[09:51:33.604] [SEVERE ] updating countdown to 17070
[09:51:34.613] [SEVERE ] updating countdown to 16061
[09:51:35.628] [SEVERE ] updating countdown to 15046
[09:51:36.643] [SEVERE ] updating countdown to 14031
[09:51:37.656] [SEVERE ] updating countdown to 13018
[09:51:38.661] [SEVERE ] updating countdown to 12013
[09:51:39.669] [SEVERE ] updating countdown to 11005
[09:51:40.678] [SEVERE ] updating countdown to 9996
[09:51:41.693] [SEVERE ] updating countdown to 8981
[09:51:42.701] [SEVERE ] updating countdown to 7973
[09:51:43.714] [SEVERE ] updating countdown to 6960
[09:51:44.728] [SEVERE ] updating countdown to 5946
[09:51:50.789] [SEVERE ] updating countdown to 60000
[09:51:50.900] [SEVERE ] removing card from slot 0
[09:51:50.900] [SEVERE ] removing player 1 token from slot 0
[09:51:50.900] [SEVERE ] removing player 1 token from slot 1
[09:51:50.900] [SEVERE ] removing player 1 token from slot 2
[09:51:51.007] [SEVERE ] removing card from slot 1
[09:51:51.117] [SEVERE ] removing card from slot 2
[09:51:51.225] [SEVERE ] removing card from slot 3
[09:51:51.336] [SEVERE ] removing card from slot 4
[09:51:51.443] [SEVERE ] removing card from slot 5
[09:51:51.551] [SEVERE ] removing card from slot 6
[09:51:51.659] [SEVERE ] removing card from slot 7
[09:51:51.769] [SEVERE ] removing card from slot 8
[09:51:51.876] [SEVERE ] removing card from slot 9
[09:51:51.987] [SEVERE ] removing card from slot 10
[09:51:52.096] [SEVERE ] removing card from slot 11
[09:51:52.205] [SEVERE ] placing card 47 in slot 0
[09:51:52.313] [SEVERE ] placing card 54 in slot 1
[09:51:52.423] [SEVERE ] placing card 42 in slot 2
[09:51:52.533] [SEVERE ] placing card 31 in slot 3
[09:51:52.640] [SEVERE ] placing card 76 in slot 4
[09:51:52.748] [SEVERE ] placing card 39 in slot 5
[09:51:52.857] [SEVERE ] placing card 21 in slot 6
[09:51:52.967] [SEVERE ] placing card 50 in slot 7
[09:51:53.076] [SEVERE ] placing card 70 in slot 8
[09:51:53.186] [SEVERE ] placing card 0 in slot 9
[09:51:53.294] [SEVERE ] placing card 16 in slot 10
[09:51:53.403] [SEVERE ] placing card 7 in slot 11
[09:51:54.413] [SEVERE ] updating countdown to 58992
[09:51:55.417] [SEVERE ] updating countdown to 57988
[09:51:56.430] [SEVERE ] updating countdown to 56975
[09:51:57.441] [SEVERE ] updating countdown to 55964
[09:51:58.449] [SEVERE ] updating countdown to 54956
[09:51:58.475] [SEVERE ] key 85 was pressed by player 2
[09:51:58.475] [SEVERE ] player 2 placing token on slot 0
[09:51:59.156] [SEVERE ] key 79 was pressed by player 2
[09:51:59.156] [SEVERE ] player 2 placing token on slot 2
[09:51:59.460] [SEVERE ] updating countdown to 53945
[09:52:00.463] [SEVERE ] updating countdown to 52942
[09:52:01.466] [SEVERE ] updating countdown to 51939
[09:52:02.474] [SEVERE ] updating countdown to 50931
[09:52:03.485] [SEVERE ] updating countdown to 49920
[09:52:04.494] [SEVERE ] updating countdown to 48911
[09:52:05.502] [SEVERE ] updating countdown to 47903
[09:52:06.419] [SEVERE ] key 70 was pressed by player 1
[09:52:06.419] [SEVERE ] player 1 placing token on slot 7
[09:52:06.509] [SEVERE ] updating countdown to 46896
[09:52:07.524] [SEVERE ] updating countdown to 45881
[09:52:07.658] [SEVERE ] key 90 was pressed by player 1
[09:52:07.659] [SEVERE ] player 1 placing token on slot 8
[09:52:08.535] [SEVERE ] updating countdown to 44870
[09:52:08.892] [SEVERE ] key 88 was pressed by player 1
[09:52:08.892] [SEVERE ] player 1 placing token on slot 9
[09:52:08.892] [SEVERE ] key 80 was pressed by player 2
[09:52:08.892] [SEVERE ] player 2 placing token on slot 3
[09:52:09.546] [SEVERE ] updating countdown to 43859
[09:52:09.546] [SEVERE ] removing player 1 token from slot 7
[09:52:09.546] [SEVERE ] removing card from slot 7
[09:52:09.546] [SEVERE ] removing player 1 token from slot 8
[09:52:09.655] [SEVERE ] removing card from slot 8
[09:52:09.656] [SEVERE ] removing player 1 token from slot 9
[09:52:09.763] [SEVERE ] removing card from slot 9
[09:52:09.763] [SEVERE ] setting player 1 score to 3
[09:52:09.763] [SEVERE ] setting player 1 freeze to 1000
[09:52:09.871] [SEVERE ] placing card 74 in slot 7
[09:52:09.980] [SEVERE ] placing card 26 in slot 8
[09:52:10.087] [SEVERE ] placing card 67 in slot 9
[09:52:10.771] [SEVERE ] setting player 1 freeze to 0
[09:52:11.098] [SEVERE ] updating countdown to 42307
[09:52:11.098] [SEVERE ] removing player 2 token from slot 0
[09:52:11.098] [SEVERE ] removing card from slot 0
[09:52:11.098] [SEVERE ] removing player 2 token from slot 2
[09:52:11.206] [SEVERE ] removing card from slot 2
[09:52:11.206] [SEVERE ] removing player 2 token from slot 3
[09:52:11.315] [SEVERE ] removing card from slot 3
[09:52:11.315] [SEVERE ] setting player 2 score to 1
[09:52:11.315] [SEVERE ] setting player 2 freeze to 1000
[09:52:11.423] [SEVERE ] placing card 68 in slot 0
[09:52:11.534] [SEVERE ] placing card 27 in slot 2
[09:52:11.642] [SEVERE ] placing card 44 in slot 3
[09:52:12.329] [SEVERE ] setting player 2 freeze to 0
[09:52:12.656] [SEVERE ] updating countdown to 40749
[09:52:13.666] [SEVERE ] updating countdown to 39739
[09:52:14.670] [SEVERE ] updating countdown to 38735
[09:52:15.682] [SEVERE ] updating countdown to 37723
[09:52:16.695] [SEVERE ] updating countdown to 36710
[09:52:17.709] [SEVERE ] updating countdown to 35696
[09:52:18.721] [SEVERE ] updating countdown to 34684
[09:52:19.729] [SEVERE ] updating countdown to 33676
[09:52:20.740] [SEVERE ] updating countdown to 32665
[09:52:21.744] [SEVERE ] updating countdown to 31661
[09:52:22.757] [SEVERE ] updating countdown to 30648
[09:52:23.763] [SEVERE ] updating countdown to 29642
[09:52:24.772] [SEVERE ] updating countdown to 28633
[09:52:25.779] [SEVERE ] updating countdown to 27626
[09:52:26.785] [SEVERE ] updating countdown to 26620
[09:52:27.797] [SEVERE ] updating countdown to 25608
[09:52:27.939] [SEVERE ] key 76 was pressed by player 2
[09:52:27.939] [SEVERE ] player 2 placing token on slot 6
[09:52:28.267] [SEVERE ] key 75 was pressed by player 2
[09:52:28.267] [SEVERE ] player 2 placing token on slot 5
[09:52:28.667] [SEVERE ] key 74 was pressed by player 2
[09:52:28.667] [SEVERE ] player 2 placing token on slot 4
[09:52:28.668] [SEVERE ] setting player 2 freeze to 3000
[09:52:28.803] [SEVERE ] updating countdown to 24602
[09:52:29.670] [SEVERE ] setting player 2 freeze to 2000
[09:52:29.811] [SEVERE ] updating countdown to 23594
[09:52:29.876] [SEVERE ] key 81 was pressed by player 1
[09:52:29.876] [SEVERE ] player 1 placing token on slot 0
[09:52:30.259] [SEVERE ] key 87 was pressed by player 1
[09:52:30.259] [SEVERE ] player 1 placing token on slot 1
[09:52:30.563] [SEVERE ] key 69 was pressed by player 1
[09:52:30.563] [SEVERE ] player 1 placing token on slot 2
[09:52:30.684] [SEVERE ] setting player 2 freeze to 1000
[09:52:30.825] [SEVERE ] updating countdown to 22580
[09:52:31.685] [SEVERE ] setting player 2 freeze to 0
[09:52:31.685] [SEVERE ] setting player 1 freeze to 3000
[09:52:31.826] [SEVERE ] updating countdown to 21579
[09:52:32.699] [SEVERE ] setting player 1 freeze to 2000
[09:52:32.836] [SEVERE ] updating countdown to 20569
[09:52:33.635] [SEVERE ] key 74 was pressed by player 2
[09:52:33.635] [SEVERE ] removing player 2 token from slot 4
[09:52:33.713] [SEVERE ] setting player 1 freeze to 1000
[09:52:33.838] [SEVERE ] updating countdown to 19567
[09:52:33.939] [SEVERE ] key 75 was pressed by player 2
[09:52:33.939] [SEVERE ] removing player 2 token from slot 5
[09:52:34.292] [SEVERE ] key 76 was pressed by player 2
[09:52:34.292] [SEVERE ] removing player 2 token from slot 6
[09:52:34.724] [SEVERE ] setting player 1 freeze to 0
[09:52:34.847] [SEVERE ] updating countdown to 18558
[09:52:35.147] [SEVERE ] key 81 was pressed by player 1
[09:52:35.147] [SEVERE ] removing player 1 token from slot 0
[09:52:35.523] [SEVERE ] key 87 was pressed by player 1
[09:52:35.523] [SEVERE ] removing player 1 token from slot 1
[09:52:35.772] [SEVERE ] key 69 was pressed by player 1
[09:52:35.772] [SEVERE ] removing player 1 token from slot 2
[09:52:35.854] [SEVERE ] updating countdown to 17551
[09:52:36.203] [SEVERE ] key 69 was pressed by player 1
[09:52:36.203] [SEVERE ] player 1 placing token on slot 2
[09:52:36.395] [SEVERE ] key 87 was pressed by player 1
[09:52:36.395] [SEVERE ] player 1 placing token on slot 1
[09:52:36.675] [SEVERE ] key 81 was pressed by player 1
[09:52:36.675] [SEVERE ] player 1 placing token on slot 0
[09:52:36.675] [SEVERE ] setting player 1 freeze to 3000
[09:52:36.855] [SEVERE ] updating countdown to 16550
[09:52:37.019] [SEVERE ] key 81 was pressed by player 1
[09:52:37.219] [SEVERE ] key 87 was pressed by player 1
[09:52:37.491] [SEVERE ] key 69 was pressed by player 1
[09:52:37.676] [SEVERE ] setting player 1 freeze to 2000
[09:52:37.864] [SEVERE ] updating countdown to 15541
[09:52:38.687] [SEVERE ] setting player 1 freeze to 1000
[09:52:38.873] [SEVERE ] updating countdown to 14532
[09:52:39.696] [SEVERE ] setting player 1 freeze to 0
[09:52:39.885] [SEVERE ] updating countdown to 13520
[09:52:40.819] [SEVERE ] key 76 was pressed by player 2
[09:52:40.819] [SEVERE ] player 2 placing token on slot 6
[09:52:40.895] [SEVERE ] updating countdown to 12510
[09:52:41.052] [SEVERE ] key 75 was pressed by player 2
[09:52:41.052] [SEVERE ] player 2 placing token on slot 5
[09:52:41.901] [SEVERE ] updating countdown to 11504
[09:52:41.907] [SEVERE ] key 81 was pressed by player 1
[09:52:41.908] [SEVERE ] removing player 1 token from slot 0
[09:52:41.908] [SEVERE ] key 74 was pressed by player 2
[09:52:41.908] [SEVERE ] player 2 placing token on slot 4
[09:52:41.908] [SEVERE ] setting player 2 freeze to 3000
[09:52:42.235] [SEVERE ] key 87 was pressed by player 1
[09:52:42.236] [SEVERE ] removing player 1 token from slot 1
[09:52:42.572] [SEVERE ] key 69 was pressed by player 1
[09:52:42.572] [SEVERE ] removing player 1 token from slot 2
[09:52:42.912] [SEVERE ] setting player 2 freeze to 2000
[09:52:42.912] [SEVERE ] updating countdown to 10493
[09:52:43.927] [SEVERE ] updating countdown to 9478
[09:52:43.927] [SEVERE ] setting player 2 freeze to 1000
[09:52:44.938] [SEVERE ] updating countdown to 8467
[09:52:44.938] [SEVERE ] setting player 2 freeze to 0
[09:52:45.363] [SEVERE ] key 74 was pressed by player 2
[09:52:45.363] [SEVERE ] removing player 2 token from slot 4
[09:52:45.603] [SEVERE ] key 75 was pressed by player 2
[09:52:45.603] [SEVERE ] removing player 2 token from slot 5
[09:52:45.951] [SEVERE ] updating countdown to 7454
[09:52:46.003] [SEVERE ] key 76 was pressed by player 2
[09:52:46.003] [SEVERE ] removing player 2 token from slot 6
[09:52:46.953] [SEVERE ] updating countdown to 6452
[09:52:47.961] [SEVERE ] updating countdown to 5444
[09:52:53.989] [SEVERE ] updating countdown to 60000
[09:52:54.097] [SEVERE ] removing card from slot 0
[09:52:54.206] [SEVERE ] removing card from slot 1
[09:52:54.315] [SEVERE ] removing card from slot 2
[09:52:54.424] [SEVERE ] removing card from slot 3
[09:52:54.533] [SEVERE ] removing card from slot 4
[09:52:54.640] [SEVERE ] removing card from slot 5
[09:52:54.749] [SEVERE ] removing card from slot 6
[09:52:54.858] [SEVERE ] removing card from slot 7
[09:52:54.967] [SEVERE ] removing card from slot 8
[09:52:55.078] [SEVERE ] removing card from slot 9
[09:52:55.187] [SEVERE ] removing card from slot 10
[09:52:55.294] [SEVERE ] removing card from slot 11
[09:52:55.402] [SEVERE ] placing card 61 in slot 0
[09:52:55.512] [SEVERE ] placing card 75 in slot 1
[09:52:55.621] [SEVERE ] placing card 60 in slot 2
[09:52:55.728] [SEVERE ] placing card 34 in slot 3
[09:52:55.837] [SEVERE ] placing card 78 in slot 4
[09:52:55.946] [SEVERE ] placing card 2 in slot 5
[09:52:56.057] [SEVERE ] placing card 23 in slot 6
[09:52:56.165] [SEVERE ] placing card 11 in slot 7
[09:52:56.274] [SEVERE ] placing card 51 in slot 8
[09:52:56.383] [SEVERE ] placing card 71 in slot 9
[09:52:56.492] [SEVERE ] placing card 54 in slot 10
[09:52:56.601] [SEVERE ] placing card 4 in slot 11
[09:52:57.615] [SEVERE ] updating countdown to 58987
[09:52:58.626] [SEVERE ] updating countdown to 57976
[09:52:59.638] [SEVERE ] updating countdown to 56964
[09:53:00.651] [SEVERE ] updating countdown to 55951
[09:53:00.892] [SEVERE ] key 85 was pressed by player 2
[09:53:00.892] [SEVERE ] player 2 placing token on slot 0
[09:53:01.666] [SEVERE ] updating countdown to 54936
[09:53:02.227] [SEVERE ] key 74 was pressed by player 2
[09:53:02.227] [SEVERE ] player 2 placing token on slot 4
[09:53:02.680] [SEVERE ] updating countdown to 53922
[09:53:03.689] [SEVERE ] updating countdown to 52913
[09:53:04.683] [SEVERE ] key 87 was pressed by player 1
[09:53:04.683] [SEVERE ] player 1 placing token on slot 1
[09:53:04.701] [SEVERE ] updating countdown to 51901
[09:53:05.709] [SEVERE ] updating countdown to 50893
[09:53:05.995] [SEVERE ] key 82 was pressed by player 1
[09:53:05.995] [SEVERE ] player 1 placing token on slot 3
[09:53:06.724] [SEVERE ] updating countdown to 49878
[09:53:07.734] [SEVERE ] updating countdown to 48868
[09:53:08.619] [SEVERE ] key 70 was pressed by player 1
[09:53:08.619] [SEVERE ] player 1 placing token on slot 7
[09:53:08.620] [SEVERE ] key 44 was pressed by player 2
[09:53:08.620] [SEVERE ] player 2 placing token on slot 9
[09:53:08.738] [SEVERE ] updating countdown to 47864
[09:53:08.738] [SEVERE ] removing player 1 token from slot 1
[09:53:08.738] [SEVERE ] removing card from slot 1
[09:53:08.738] [SEVERE ] removing player 1 token from slot 3
[09:53:08.841] [SEVERE ] removing card from slot 3
[09:53:08.841] [SEVERE ] removing player 1 token from slot 7
[09:53:08.942] [SEVERE ] removing card from slot 7
[09:53:08.942] [SEVERE ] setting player 1 score to 4
[09:53:08.942] [SEVERE ] setting player 1 freeze to 1000
[09:53:09.042] [SEVERE ] placing card 57 in slot 1
[09:53:09.143] [SEVERE ] placing card 56 in slot 3
[09:53:09.244] [SEVERE ] placing card 44 in slot 7
[09:53:09.943] [SEVERE ] setting player 1 freeze to 0
[09:53:10.256] [SEVERE ] updating countdown to 46346
[09:53:10.256] [SEVERE ] removing player 2 token from slot 0
[09:53:10.256] [SEVERE ] removing card from slot 0
[09:53:10.256] [SEVERE ] removing player 2 token from slot 4
[09:53:10.366] [SEVERE ] removing card from slot 4
[09:53:10.366] [SEVERE ] removing player 2 token from slot 9
[09:53:10.474] [SEVERE ] removing card from slot 9
[09:53:10.474] [SEVERE ] setting player 2 score to 2
[09:53:10.474] [SEVERE ] setting player 2 freeze to 1000
[09:53:10.583] [SEVERE ] placing card 35 in slot 0
[09:53:10.692] [SEVERE ] placing card 18 in slot 4
[09:53:10.802] [SEVERE ] placing card 6 in slot 9
[09:53:11.475] [SEVERE ] setting player 2 freeze to 0
[09:53:11.815] [SEVERE ] updating countdown to 44787
[09:53:12.827] [SEVERE ] updating countdown to 43775
[09:53:13.828] [SEVERE ] updating countdown to 42774
[09:53:14.839] [SEVERE ] updating countdown to 41763
[09:53:15.851] [SEVERE ] updating countdown to 40751
[09:53:16.855] [SEVERE ] updating countdown to 39747
[09:53:17.857] [SEVERE ] updating countdown to 38745
[09:53:18.861] [SEVERE ] updating countdown to 37741
[09:53:19.864] [SEVERE ] updating countdown to 36738
[09:53:20.871] [SEVERE ] updating countdown to 35731
[09:53:21.881] [SEVERE ] updating countdown to 34721
[09:53:22.881] [SEVERE ] updating countdown to 33721
[09:53:23.886] [SEVERE ] updating countdown to 32716
[09:53:24.889] [SEVERE ] updating countdown to 31713
[09:53:25.899] [SEVERE ] updating countdown to 30703
[09:53:26.906] [SEVERE ] updating countdown to 29696
[09:53:27.916] [SEVERE ] updating countdown to 28686
[09:53:28.931] [SEVERE ] updating countdown to 27671
[09:53:29.941] [SEVERE ] updating countdown to 26661
[09:53:30.953] [SEVERE ] updating countdown to 25649
[09:53:31.962] [SEVERE ] updating countdown to 24640
[09:53:32.971] [SEVERE ] updating countdown to 23631
[09:53:33.984] [SEVERE ] updating countdown to 22618
[09:53:34.997] [SEVERE ] updating countdown to 21605
[09:53:35.466] [SEVERE ] key 80 was pressed by player 2
[09:53:35.467] [SEVERE ] player 2 placing token on slot 3
[09:53:35.690] [SEVERE ] key 79 was pressed by player 2
[09:53:35.691] [SEVERE ] player 2 placing token on slot 2
[09:53:35.915] [SEVERE ] key 73 was pressed by player 2
[09:53:35.915] [SEVERE ] player 2 placing token on slot 1
[09:53:35.915] [SEVERE ] setting player 2 freeze to 3000
[09:53:36.011] [SEVERE ] updating countdown to 20591
[09:53:36.091] [SEVERE ] key 85 was pressed by player 2
[09:53:36.451] [SEVERE ] key 81 was pressed by player 1
[09:53:36.451] [SEVERE ] player 1 placing token on slot 0
[09:53:36.611] [SEVERE ] key 87 was pressed by player 1
[09:53:36.611] [SEVERE ] player 1 placing token on slot 1
[09:53:36.762] [SEVERE ] key 69 was pressed by player 1
[09:53:36.763] [SEVERE ] player 1 placing token on slot 2
[09:53:36.925] [SEVERE ] setting player 2 freeze to 2000
[09:53:36.957] [SEVERE ] key 82 was pressed by player 1
[09:53:37.019] [SEVERE ] updating countdown to 19583
[09:53:37.926] [SEVERE ] setting player 2 freeze to 1000
[09:53:38.021] [SEVERE ] updating countdown to 18581
[09:53:38.941] [SEVERE ] setting player 2 freeze to 0
[09:53:38.941] [SEVERE ] setting player 1 freeze to 3000
[09:53:39.034] [SEVERE ] updating countdown to 17568
[09:53:39.443] [SEVERE ] key 80 was pressed by player 2
[09:53:39.443] [SEVERE ] removing player 2 token from slot 3
[09:53:39.674] [SEVERE ] key 79 was pressed by player 2
[09:53:39.675] [SEVERE ] removing player 2 token from slot 2
[09:53:39.899] [SEVERE ] key 73 was pressed by player 2
[09:53:39.899] [SEVERE ] removing player 2 token from slot 1
[09:53:39.955] [SEVERE ] setting player 1 freeze to 2000
[09:53:40.047] [SEVERE ] updating countdown to 16555
[09:53:40.315] [SEVERE ] key 81 was pressed by player 1
[09:53:40.539] [SEVERE ] key 87 was pressed by player 1
[09:53:40.803] [SEVERE ] key 69 was pressed by player 1
[09:53:40.962] [SEVERE ] setting player 1 freeze to 1000
[09:53:41.055] [SEVERE ] updating countdown to 15547
[09:53:41.163] [SEVERE ] key 82 was pressed by player 1
[09:53:41.347] [SEVERE ] key 69 was pressed by player 1
[09:53:41.740] [SEVERE ] key 81 was pressed by player 1
[09:53:41.971] [SEVERE ] setting player 1 freeze to 0
[09:53:42.065] [SEVERE ] updating countdown to 14537
[09:53:43.071] [SEVERE ] updating countdown to 13531
