[11:25:02.912] [INFO   ] thread main starting.
[11:25:02.923] [SEVERE ] cannot read configuration file config.properties trying from resources.
[11:25:02.926] [SEVERE ] configuration file was loaded from resources directory.
[11:25:03.800] [INFO   ] thread dealer starting.
[11:25:03.806] [INFO   ] thread dealer starting.
[11:25:03.810] [INFO   ] thread player 1 starting.
[11:25:03.810] [INFO   ] thread player 0 starting.
[11:25:03.916] [SEVERE ] placing card 6 in slot 0
[11:25:04.025] [SEVERE ] placing card 55 in slot 1
[11:25:04.134] [SEVERE ] placing card 11 in slot 2
[11:25:04.241] [SEVERE ] placing card 58 in slot 3
[11:25:04.349] [SEVERE ] placing card 52 in slot 4
[11:25:04.457] [SEVERE ] placing card 14 in slot 5
[11:25:04.564] [SEVERE ] placing card 41 in slot 6
[11:25:04.674] [SEVERE ] placing card 66 in slot 7
[11:25:04.783] [SEVERE ] placing card 74 in slot 8
[11:25:04.892] [SEVERE ] placing card 34 in slot 9
[11:25:05.000] [SEVERE ] placing card 79 in slot 10
[11:25:05.109] [SEVERE ] placing card 73 in slot 11
[11:25:06.118] [SEVERE ] updating countdown to 58998
[11:25:07.122] [SEVERE ] updating countdown to 57994
[11:25:08.127] [SEVERE ] updating countdown to 56989
[11:25:09.129] [SEVERE ] updating countdown to 55987
[11:25:10.135] [SEVERE ] updating countdown to 54981
[11:25:11.139] [SEVERE ] updating countdown to 53977
[11:25:12.149] [SEVERE ] updating countdown to 52967
[11:25:13.153] [SEVERE ] updating countdown to 51963
[11:25:14.160] [SEVERE ] updating countdown to 50956
[11:25:15.164] [SEVERE ] updating countdown to 49952
[11:25:15.280] [SEVERE ] key 85 was pressed by player 2
[11:25:15.280] [SEVERE ] player 2 placing token on slot 0
[11:25:16.172] [SEVERE ] updating countdown to 48944
[11:25:17.175] [SEVERE ] updating countdown to 47941
[11:25:17.262] [SEVERE ] key 76 was pressed by player 2
[11:25:17.262] [SEVERE ] player 2 placing token on slot 6
[11:25:17.878] [SEVERE ] key 47 was pressed by player 2
[11:25:17.879] [SEVERE ] player 2 placing token on slot 11
[11:25:23.057] [SEVERE ] updating countdown to 42059
[11:25:23.058] [SEVERE ] removing player 2 token from slot 0
