[10:46:12.474] [INFO   ] thread main starting.
[10:46:12.485] [SEVERE ] cannot read configuration file config.properties trying from resources.
[10:46:12.488] [SEVERE ] configuration file was loaded from resources directory.
[10:46:13.588] [INFO   ] thread dealer starting.
[10:46:13.589] [INFO   ] thread dealer starting.
[10:46:13.590] [INFO   ] thread player 1 starting.
[10:46:13.594] [INFO   ] thread player 0 starting.
[10:46:13.708] [SEVERE ] placing card 42 in slot 0
[10:46:13.817] [SEVERE ] placing card 34 in slot 1
[10:46:13.927] [SEVERE ] placing card 45 in slot 2
[10:46:14.035] [SEVERE ] placing card 72 in slot 3
[10:46:14.144] [SEVERE ] placing card 24 in slot 4
[10:46:14.253] [SEVERE ] placing card 54 in slot 5
[10:46:14.361] [SEVERE ] placing card 51 in slot 6
[10:46:14.470] [SEVERE ] placing card 44 in slot 7
[10:46:14.577] [SEVERE ] placing card 75 in slot 8
[10:46:14.684] [SEVERE ] placing card 69 in slot 9
[10:46:14.791] [SEVERE ] placing card 12 in slot 10
[10:46:14.898] [SEVERE ] placing card 48 in slot 11
[10:46:15.916] [SEVERE ] updating countdown to 58988
[10:46:16.929] [SEVERE ] updating countdown to 57975
[10:46:17.936] [SEVERE ] updating countdown to 56968
[10:46:18.945] [SEVERE ] updating countdown to 55959
[10:46:19.220] [SEVERE ] key 73 was pressed by player 2
[10:46:19.220] [SEVERE ] player 2 placing token on slot 1
[10:46:19.950] [SEVERE ] updating countdown to 54954
[10:46:20.956] [SEVERE ] updating countdown to 53948
[10:46:21.275] [SEVERE ] key 76 was pressed by player 2
[10:46:21.275] [SEVERE ] player 2 placing token on slot 6
[10:46:21.960] [SEVERE ] updating countdown to 52944
[10:46:22.970] [SEVERE ] updating countdown to 51934
[10:46:23.978] [SEVERE ] updating countdown to 50926
[10:46:24.981] [SEVERE ] updating countdown to 49923
[10:46:25.991] [SEVERE ] updating countdown to 48913
[10:46:27.003] [SEVERE ] updating countdown to 47901
[10:46:28.018] [SEVERE ] updating countdown to 46886
[10:46:29.020] [SEVERE ] updating countdown to 45884
[10:46:30.026] [SEVERE ] updating countdown to 44878
[10:46:31.028] [SEVERE ] updating countdown to 43876
[10:46:32.043] [SEVERE ] updating countdown to 42861
[10:46:33.051] [SEVERE ] updating countdown to 41853
[10:46:33.466] [SEVERE ] key 69 was pressed by player 1
[10:46:33.467] [SEVERE ] player 1 placing token on slot 2
[10:46:34.066] [SEVERE ] updating countdown to 40838
[10:46:35.076] [SEVERE ] updating countdown to 39828
[10:46:35.394] [SEVERE ] key 65 was pressed by player 1
[10:46:35.394] [SEVERE ] player 1 placing token on slot 4
[10:46:36.084] [SEVERE ] updating countdown to 38820
[10:46:37.092] [SEVERE ] updating countdown to 37812
[10:46:37.162] [SEVERE ] key 90 was pressed by player 1
[10:46:37.163] [SEVERE ] player 1 placing token on slot 8
[10:46:42.331] [SEVERE ] updating countdown to 32574
[10:46:43.152] [SEVERE ] key 59 was pressed by player 2
[10:46:43.554] [SEVERE ] updating countdown to 31350
[10:46:43.555] [SEVERE ] player 2 placing token on slot 7
[10:46:44.850] [SEVERE ] updating countdown to 30054
[10:46:47.493] [SEVERE ] updating countdown to 27411
[10:46:53.559] [SEVERE ] removing player 1 token from slot 2
[10:46:53.670] [SEVERE ] removing card from slot 2
[10:46:53.671] [SEVERE ] removing player 1 token from slot 4
[10:46:53.777] [SEVERE ] removing card from slot 4
[10:46:53.777] [SEVERE ] removing player 1 token from slot 8
[10:46:53.882] [SEVERE ] removing card from slot 8
[10:46:55.879] [SEVERE ] placing card 26 in slot 2
[10:47:28.172] [SEVERE ] placing card 68 in slot 4
[10:47:28.172] [SEVERE ] setting player 1 score to 1
[10:47:28.173] [SEVERE ] setting player 1 freeze to 1000
[10:47:28.274] [SEVERE ] placing card 37 in slot 8
[10:47:28.274] [SEVERE ] updating countdown to 60000
[10:47:28.389] [SEVERE ] removing card from slot 0
[10:47:28.389] [SEVERE ] removing player 2 token from slot 1
[10:47:28.389] [SEVERE ] removing player 2 token from slot 6
[10:47:28.389] [SEVERE ] removing player 2 token from slot 7
[10:47:28.499] [SEVERE ] removing card from slot 1
[10:47:28.609] [SEVERE ] removing card from slot 2
[10:47:28.718] [SEVERE ] removing card from slot 3
[10:47:28.827] [SEVERE ] removing card from slot 4
[10:47:28.936] [SEVERE ] removing card from slot 5
[10:47:29.045] [SEVERE ] removing card from slot 6
[10:47:29.154] [SEVERE ] removing card from slot 7
[10:47:29.184] [SEVERE ] setting player 1 freeze to 0
[10:47:29.259] [SEVERE ] removing card from slot 8
[10:47:29.366] [SEVERE ] removing card from slot 9
[10:47:29.475] [SEVERE ] removing card from slot 10
[10:47:29.584] [SEVERE ] removing card from slot 11
[10:47:29.691] [SEVERE ] placing card 2 in slot 0
[10:47:29.799] [SEVERE ] placing card 46 in slot 1
[10:47:29.908] [SEVERE ] placing card 19 in slot 2
[10:47:30.017] [SEVERE ] placing card 52 in slot 3
[10:47:30.125] [SEVERE ] placing card 26 in slot 4
[10:47:30.235] [SEVERE ] placing card 13 in slot 5
[10:47:30.345] [SEVERE ] placing card 34 in slot 6
[10:47:30.455] [SEVERE ] placing card 3 in slot 7
[10:47:30.562] [SEVERE ] placing card 38 in slot 8
[10:47:30.669] [SEVERE ] placing card 56 in slot 9
[10:47:30.777] [SEVERE ] placing card 64 in slot 10
[10:47:30.888] [SEVERE ] placing card 31 in slot 11
[10:47:31.896] [SEVERE ] updating countdown to 58996
[10:47:32.902] [SEVERE ] updating countdown to 57990
[10:47:33.914] [SEVERE ] updating countdown to 56978
[10:47:34.925] [SEVERE ] updating countdown to 55967
[10:47:35.935] [SEVERE ] updating countdown to 54957
[10:47:36.946] [SEVERE ] updating countdown to 53946
[10:47:37.952] [SEVERE ] updating countdown to 52940
[10:47:38.957] [SEVERE ] updating countdown to 51935
[10:47:39.962] [SEVERE ] updating countdown to 50930
[10:47:40.971] [SEVERE ] updating countdown to 49921
[10:47:41.983] [SEVERE ] updating countdown to 48909
