[11:08:58.897] [INFO   ] thread main starting.
[11:08:58.908] [SEVERE ] cannot read configuration file config.properties trying from resources.
[11:08:58.912] [SEVERE ] configuration file was loaded from resources directory.
[11:08:59.772] [INFO   ] thread dealer starting.
[11:08:59.773] [INFO   ] thread dealer starting.
[11:08:59.774] [INFO   ] thread player 0 starting.
[11:08:59.774] [INFO   ] thread player 1 starting.
[11:08:59.886] [SEVERE ] placing card 43 in slot 0
[11:08:59.994] [SEVERE ] placing card 9 in slot 1
[11:09:00.102] [SEVERE ] placing card 38 in slot 2
[11:09:00.211] [SEVERE ] placing card 27 in slot 3
[11:09:00.321] [SEVERE ] placing card 30 in slot 4
[11:09:00.432] [SEVERE ] placing card 77 in slot 5
[11:09:00.537] [SEVERE ] placing card 52 in slot 6
[11:09:00.645] [SEVERE ] placing card 35 in slot 7
[11:09:00.753] [SEVERE ] placing card 59 in slot 8
[11:09:00.863] [SEVERE ] placing card 41 in slot 9
[11:09:00.973] [SEVERE ] placing card 57 in slot 10
[11:09:01.081] [SEVERE ] placing card 10 in slot 11
[11:09:02.089] [SEVERE ] updating countdown to 58998
[11:09:03.100] [SEVERE ] updating countdown to 57987
[11:09:04.111] [SEVERE ] updating countdown to 56976
[11:09:05.120] [SEVERE ] updating countdown to 55967
[11:09:06.128] [SEVERE ] updating countdown to 54959
