[11:12:14.314] [INFO   ] thread main starting.
[11:12:14.322] [SEVERE ] cannot read configuration file config.properties trying from resources.
[11:12:14.324] [SEVERE ] configuration file was loaded from resources directory.
[11:12:15.193] [INFO   ] thread dealer starting.
[11:12:15.193] [INFO   ] thread dealer starting.
[11:12:15.195] [INFO   ] thread player 0 starting.
[11:12:15.195] [INFO   ] thread player 1 starting.
[11:12:15.318] [SEVERE ] placing card 58 in slot 0
[11:12:15.426] [SEVERE ] placing card 60 in slot 1
[11:12:15.535] [SEVERE ] placing card 43 in slot 2
[11:12:15.642] [SEVERE ] placing card 13 in slot 3
[11:12:15.752] [SEVERE ] placing card 46 in slot 4
[11:12:15.861] [SEVERE ] placing card 12 in slot 5
[11:12:15.967] [SEVERE ] placing card 36 in slot 6
[11:12:16.076] [SEVERE ] placing card 79 in slot 7
[11:12:16.185] [SEVERE ] placing card 71 in slot 8
[11:12:16.290] [SEVERE ] placing card 9 in slot 9
[11:12:16.399] [SEVERE ] placing card 54 in slot 10
[11:12:16.506] [SEVERE ] placing card 76 in slot 11
[11:12:17.518] [SEVERE ] updating countdown to 58995
[11:12:18.528] [SEVERE ] updating countdown to 57985
[11:12:19.541] [SEVERE ] updating countdown to 56972
[11:12:20.553] [SEVERE ] updating countdown to 55960
[11:12:21.562] [SEVERE ] updating countdown to 54951
[11:12:22.574] [SEVERE ] updating countdown to 53939
[11:12:23.588] [SEVERE ] updating countdown to 52925
[11:12:24.602] [SEVERE ] updating countdown to 51911
[11:12:25.611] [SEVERE ] updating countdown to 50902
[11:12:26.622] [SEVERE ] updating countdown to 49891
[11:12:27.631] [SEVERE ] updating countdown to 48882
[11:12:28.639] [SEVERE ] updating countdown to 47874
[11:12:28.707] [SEVERE ] key 73 was pressed by player 2
[11:12:28.708] [SEVERE ] player 2 placing token on slot 1
[11:12:29.653] [SEVERE ] updating countdown to 46860
[11:12:30.218] [SEVERE ] key 59 was pressed by player 2
[11:12:30.218] [SEVERE ] player 2 placing token on slot 7
[11:12:30.663] [SEVERE ] updating countdown to 45850
[11:12:31.666] [SEVERE ] updating countdown to 44847
[11:12:32.679] [SEVERE ] updating countdown to 43834
[11:12:33.689] [SEVERE ] updating countdown to 42824
[11:12:34.701] [SEVERE ] updating countdown to 41812
[11:12:35.711] [SEVERE ] updating countdown to 40802
[11:12:36.315] [SEVERE ] key 82 was pressed by player 1
[11:12:36.315] [SEVERE ] player 1 placing token on slot 3
[11:12:36.720] [SEVERE ] updating countdown to 39793
[11:12:37.729] [SEVERE ] updating countdown to 38784
[11:12:38.743] [SEVERE ] updating countdown to 37770
[11:12:39.106] [SEVERE ] key 68 was pressed by player 1
[11:12:39.107] [SEVERE ] player 1 placing token on slot 6
[11:12:39.758] [SEVERE ] updating countdown to 36755
[11:12:40.768] [SEVERE ] updating countdown to 35745
[11:12:41.275] [SEVERE ] key 90 was pressed by player 1
[11:12:41.275] [SEVERE ] player 1 placing token on slot 8
[11:12:41.275] [SEVERE ] key 77 was pressed by player 2
[11:12:41.275] [SEVERE ] player 2 placing token on slot 8
[11:12:41.772] [SEVERE ] updating countdown to 34741
[11:12:41.773] [SEVERE ] removing player 1 token from slot 3
[11:12:41.774] [SEVERE ] removing card from slot 3
[11:12:41.774] [SEVERE ] removing player 1 token from slot 6
[11:12:41.880] [SEVERE ] removing card from slot 6
[11:12:41.880] [SEVERE ] removing player 1 token from slot 8
[11:12:41.991] [SEVERE ] removing card from slot 8
[11:12:41.991] [SEVERE ] removing player 2 token from slot 8
[11:12:41.991] [SEVERE ] setting player 1 score to 1
[11:12:41.992] [SEVERE ] setting player 1 freeze to 1000
[11:12:42.099] [SEVERE ] placing card 2 in slot 3
[11:12:42.207] [SEVERE ] placing card 62 in slot 6
[11:12:42.316] [SEVERE ] placing card 45 in slot 8
[11:12:43.000] [SEVERE ] setting player 1 freeze to 0
[11:12:44.016] [SEVERE ] updating countdown to 32497
[11:12:45.018] [SEVERE ] updating countdown to 31495
[11:12:46.029] [SEVERE ] updating countdown to 30484
[11:12:47.039] [SEVERE ] updating countdown to 29474
[11:12:48.046] [SEVERE ] updating countdown to 28467
[11:12:49.056] [SEVERE ] updating countdown to 27457
[11:12:50.071] [SEVERE ] updating countdown to 26442
[11:12:51.083] [SEVERE ] updating countdown to 25430
[11:12:52.091] [SEVERE ] updating countdown to 24422
[11:12:53.102] [SEVERE ] updating countdown to 23411
[11:12:54.112] [SEVERE ] updating countdown to 22401
[11:12:55.119] [SEVERE ] updating countdown to 21394
[11:12:56.125] [SEVERE ] updating countdown to 20388
[11:12:57.136] [SEVERE ] updating countdown to 19377
[11:12:58.150] [SEVERE ] updating countdown to 18363
[11:12:59.155] [SEVERE ] updating countdown to 17358
[11:13:00.160] [SEVERE ] updating countdown to 16353
[11:13:01.173] [SEVERE ] updating countdown to 15340
[11:13:01.778] [SEVERE ] key 75 was pressed by player 2
[11:13:01.778] [SEVERE ] player 2 placing token on slot 5
[11:13:02.186] [SEVERE ] updating countdown to 14327
[11:13:03.196] [SEVERE ] updating countdown to 13317
[11:13:04.206] [SEVERE ] updating countdown to 12307
[11:13:05.213] [SEVERE ] updating countdown to 11300
[11:13:06.090] [SEVERE ] key 76 was pressed by player 2
[11:13:06.214] [SEVERE ] updating countdown to 10299
[11:13:06.715] [SEVERE ] key 74 was pressed by player 2
[11:13:07.222] [SEVERE ] updating countdown to 9291
[11:13:07.314] [SEVERE ] key 75 was pressed by player 2
[11:13:08.228] [SEVERE ] updating countdown to 8285
[11:13:09.240] [SEVERE ] updating countdown to 7273
[11:13:10.240] [SEVERE ] updating countdown to 6273
[11:13:10.906] [SEVERE ] key 75 was pressed by player 2
[11:13:11.249] [SEVERE ] updating countdown to 5264
[11:13:11.314] [SEVERE ] key 76 was pressed by player 2
[11:13:12.115] [SEVERE ] key 80 was pressed by player 2
[11:13:12.386] [SEVERE ] key 79 was pressed by player 2
[11:13:12.698] [SEVERE ] key 73 was pressed by player 2
[11:13:13.154] [SEVERE ] key 85 was pressed by player 2
[11:13:17.315] [SEVERE ] updating countdown to 60000
[11:13:17.424] [SEVERE ] removing card from slot 0
[11:13:17.424] [SEVERE ] removing player 2 token from slot 1
[11:13:17.424] [SEVERE ] removing player 2 token from slot 5
[11:13:17.424] [SEVERE ] removing player 2 token from slot 7
[11:13:17.532] [SEVERE ] removing card from slot 1
[11:13:17.640] [SEVERE ] removing card from slot 2
[11:13:17.750] [SEVERE ] removing card from slot 3
[11:13:17.859] [SEVERE ] removing card from slot 4
[11:13:17.968] [SEVERE ] removing card from slot 5
[11:13:18.076] [SEVERE ] removing card from slot 6
[11:13:18.185] [SEVERE ] removing card from slot 7
[11:13:18.293] [SEVERE ] removing card from slot 8
[11:13:18.402] [SEVERE ] removing card from slot 9
[11:13:18.510] [SEVERE ] removing card from slot 10
[11:13:18.619] [SEVERE ] removing card from slot 11
[11:13:18.729] [SEVERE ] placing card 32 in slot 0
[11:13:18.838] [SEVERE ] placing card 35 in slot 1
[11:13:18.947] [SEVERE ] placing card 23 in slot 2
[11:13:19.054] [SEVERE ] placing card 52 in slot 3
[11:13:19.162] [SEVERE ] placing card 31 in slot 4
[11:13:19.270] [SEVERE ] placing card 73 in slot 5
[11:13:19.379] [SEVERE ] placing card 29 in slot 6
[11:13:19.487] [SEVERE ] placing card 5 in slot 7
[11:13:19.595] [SEVERE ] placing card 64 in slot 8
[11:13:19.703] [SEVERE ] placing card 43 in slot 9
[11:13:19.814] [SEVERE ] placing card 10 in slot 10
[11:13:19.922] [SEVERE ] placing card 63 in slot 11
[11:13:20.937] [SEVERE ] updating countdown to 58986
[11:13:21.947] [SEVERE ] updating countdown to 57976
[11:13:22.956] [SEVERE ] updating countdown to 56967
[11:13:23.959] [SEVERE ] updating countdown to 55964
[11:13:24.968] [SEVERE ] updating countdown to 54955
[11:13:25.969] [SEVERE ] updating countdown to 53954
