[11:47:14.955] [INFO   ] thread main starting.
[11:47:14.964] [SEVERE ] cannot read configuration file config.properties trying from resources.
[11:47:14.968] [SEVERE ] configuration file was loaded from resources directory.
[11:47:15.271] [INFO   ] thread dealer starting.
[11:47:15.272] [INFO   ] thread dealer starting.
[11:47:15.273] [INFO   ] thread player 0 starting.
[11:47:15.273] [INFO   ] thread player 1 starting.
[11:47:15.389] [SEVERE ] placing card 1 in slot 0
[11:47:15.497] [SEVERE ] placing card 7 in slot 1
[11:47:15.606] [SEVERE ] placing card 3 in slot 2
[11:47:15.717] [SEVERE ] placing card 6 in slot 3
[11:47:15.824] [SEVERE ] placing card 5 in slot 4
[11:47:15.931] [SEVERE ] placing card 2 in slot 5
[11:47:16.038] [SEVERE ] placing card 4 in slot 6
[11:47:16.145] [SEVERE ] placing card 0 in slot 7
[11:47:16.253] [SEVERE ] placing card 8 in slot 8
[11:47:17.260] [SEVERE ] updating countdown to 58996
[11:47:18.263] [SEVERE ] updating countdown to 57993
[11:47:19.275] [SEVERE ] updating countdown to 56981
[11:47:19.697] [SEVERE ] key 79 was pressed by player 2
[11:47:19.697] [SEVERE ] player 2 placing token on slot 2
[11:47:20.255] [SEVERE ] key 80 was pressed by player 2
[11:47:20.255] [SEVERE ] player 2 placing token on slot 3
[11:47:20.281] [SEVERE ] updating countdown to 55975
[11:47:21.289] [SEVERE ] updating countdown to 54967
[11:47:21.799] [SEVERE ] key 59 was pressed by player 2
[11:47:21.800] [SEVERE ] player 2 placing token on slot 7
[11:47:22.298] [SEVERE ] updating countdown to 53958
[11:47:22.298] [SEVERE ] removing player 2 token from slot 2
[11:47:22.408] [SEVERE ] removing card from slot 2
[11:47:22.408] [SEVERE ] removing player 2 token from slot 3
[11:47:22.518] [SEVERE ] removing card from slot 3
[11:47:22.518] [SEVERE ] removing player 2 token from slot 7
[11:47:22.627] [SEVERE ] removing card from slot 7
[11:47:22.627] [SEVERE ] updating countdown to 60000
[11:47:22.627] [SEVERE ] setting player 2 score to 1
[11:47:22.627] [SEVERE ] setting player 2 freeze to 1000
[11:47:23.637] [SEVERE ] setting player 2 freeze to 0
[11:47:24.568] [SEVERE ] key 85 was pressed by player 2
[11:47:24.568] [SEVERE ] player 2 placing token on slot 0
[11:47:24.648] [SEVERE ] updating countdown to 51608
[11:47:25.079] [SEVERE ] key 73 was pressed by player 2
[11:47:25.079] [SEVERE ] player 2 placing token on slot 1
[11:47:25.657] [SEVERE ] updating countdown to 50599
[11:47:26.431] [SEVERE ] key 76 was pressed by player 2
[11:47:26.432] [SEVERE ] player 2 placing token on slot 6
[11:47:26.665] [SEVERE ] updating countdown to 49591
[11:47:26.665] [SEVERE ] removing player 2 token from slot 0
[11:47:26.772] [SEVERE ] removing card from slot 0
[11:47:26.772] [SEVERE ] removing player 2 token from slot 1
[11:47:26.882] [SEVERE ] removing card from slot 1
[11:47:26.882] [SEVERE ] removing player 2 token from slot 6
[11:47:26.991] [SEVERE ] removing card from slot 6
[11:47:26.991] [SEVERE ] updating countdown to 60000
[11:47:26.991] [SEVERE ] setting player 2 score to 2
[11:47:26.992] [SEVERE ] setting player 2 freeze to 1000
[11:47:27.994] [SEVERE ] setting player 2 freeze to 0
[11:47:29.009] [SEVERE ] updating countdown to 47247
[11:47:29.488] [SEVERE ] key 74 was pressed by player 2
[11:47:29.488] [SEVERE ] player 2 placing token on slot 4
[11:47:29.895] [SEVERE ] key 75 was pressed by player 2
[11:47:29.896] [SEVERE ] player 2 placing token on slot 5
[11:47:30.016] [SEVERE ] updating countdown to 46240
[11:47:30.279] [SEVERE ] key 77 was pressed by player 2
[11:47:30.279] [SEVERE ] player 2 placing token on slot 8
[11:47:31.027] [SEVERE ] updating countdown to 45229
[11:47:31.027] [SEVERE ] removing player 2 token from slot 4
[11:47:31.136] [SEVERE ] removing card from slot 4
[11:47:31.136] [SEVERE ] removing player 2 token from slot 5
[11:47:31.245] [SEVERE ] removing card from slot 5
[11:47:31.245] [SEVERE ] removing player 2 token from slot 8
[11:47:31.353] [SEVERE ] removing card from slot 8
[11:47:31.353] [SEVERE ] updating countdown to 60000
[11:47:31.353] [SEVERE ] setting player 2 score to 3
[11:47:31.353] [SEVERE ] setting player 2 freeze to 1000
[11:47:32.355] [SEVERE ] setting player 2 freeze to 0
[11:47:33.365] [SEVERE ] updating countdown to 42891
[11:47:34.376] [SEVERE ] updating countdown to 41880
[11:47:35.390] [SEVERE ] updating countdown to 40866
[11:47:36.403] [SEVERE ] updating countdown to 39853
[11:47:37.416] [SEVERE ] updating countdown to 38840
[11:47:38.426] [SEVERE ] updating countdown to 37830
[11:47:39.434] [SEVERE ] updating countdown to 36822
[11:47:40.446] [SEVERE ] updating countdown to 35810
[11:47:41.456] [SEVERE ] updating countdown to 34800
[11:47:42.468] [SEVERE ] updating countdown to 33788
[11:47:43.482] [SEVERE ] updating countdown to 32774
[11:47:44.493] [SEVERE ] updating countdown to 31763
[11:47:45.508] [SEVERE ] updating countdown to 30748
[11:47:46.514] [SEVERE ] updating countdown to 29742
[11:47:47.529] [SEVERE ] updating countdown to 28727
[11:47:48.532] [SEVERE ] updating countdown to 27724
[11:47:49.545] [SEVERE ] updating countdown to 26711
[11:47:50.548] [SEVERE ] updating countdown to 25708
[11:47:51.553] [SEVERE ] updating countdown to 24703
[11:47:52.555] [SEVERE ] updating countdown to 23701
[11:47:53.564] [SEVERE ] updating countdown to 22692
[11:47:54.576] [SEVERE ] updating countdown to 21680
[11:47:55.585] [SEVERE ] updating countdown to 20671
[11:47:56.597] [SEVERE ] updating countdown to 19659
[11:47:57.606] [SEVERE ] updating countdown to 18650
[11:47:58.617] [SEVERE ] updating countdown to 17639
[11:47:59.628] [SEVERE ] updating countdown to 16628
[11:48:00.631] [SEVERE ] updating countdown to 15625
[11:48:01.638] [SEVERE ] updating countdown to 14618
[11:48:02.648] [SEVERE ] updating countdown to 13608
[11:48:03.660] [SEVERE ] updating countdown to 12596
[11:48:04.668] [SEVERE ] updating countdown to 11588
[11:48:05.674] [SEVERE ] updating countdown to 10582
[11:48:06.676] [SEVERE ] updating countdown to 9580
[11:48:07.683] [SEVERE ] updating countdown to 8573
[11:48:08.686] [SEVERE ] updating countdown to 7570
[11:48:09.692] [SEVERE ] updating countdown to 6564
[11:48:10.696] [SEVERE ] updating countdown to 5560
[11:48:16.737] [SEVERE ] updating countdown to 60000
[11:48:18.045] [INFO   ] thread dealer terminated.
[11:48:23.055] [SEVERE ] thanks for playing... it was fun!
[11:48:23.055] [INFO   ] thread main terminated.
[11:48:23.055] [SEVERE ] disposing of user interface elements
